<html>
<head><style type="text/css">h1 {background-color:#9999CC}
h2 {background-color:#BBBBCC}
h3 {background-color:#DDDDFF}
th {border:1px solid black;background-color:#CCCCDD;}
td{border:1px solid black;}
table {border:1px solid black;border-collapse: collapse;}
.chart {border:0px none black;border-collapse: collapse;background-color: none;}
.passed {background-color:lightgreen;font-weight:bold;color:darkgreen}
.failed {background-color:tomato;font-weight:bold;color:darkred}
.undefined {background-color:gold;font-weight:bold;color:goldenrod}
.skipped {background-color:silver;font-weight:bold;color:darkgray}
.passed_description {background-color:#D0FFD0;font-weight:bold;font-style:italic;color:black}
.failed_description {background-color:#FFA898;font-weight:bold;font-style:italic;color:black}
OL { counter-reset: item }
OL>LI { display: block }
OL>LI:before { content: counters(item, ".") " "; counter-increment: item }
</style>
<title>Detailed Results Report</title>
  </head>
  <body>
  <h1>Overview</h1>
<table><tr><th></th><th>Passed</th><th>Failed</th><th>Undefined</th><th>%Passed</th></tr><tr><th>Features</th><td class="passed">10</td><td class="failed">12</td><td class="undefined">1</td><td>43.48</td></tr><tr><th>Scenarios</th><td class="passed">11</td><td class="failed">13</td><td class="undefined">1</td><td>44.00</td></tr><tr><th>Steps</th><td class="passed">181</td><td class="failed">13</td><td class="undefined">65</td><td>69.88</td></tr></table><div><b>Overall Duration: 0h 00m 00s</b></div>
<a id="top"></a><h1>Table of Contents</h1><ol><li> <span class="undefined"><a href="#feature-agent-paym-phones-home-delivery-e2e-journey">Agent PayM Phones Home delivery E2E journey</a></span><ol><li> <span class="undefined"><a href="#sc-agent-paym-phones-home-delivery-e2e-journey;agent-paym-phones-home-delivery-e2e-journey">Agent PayM Phones Home delivery E2E journey</a></span></li></ol></li><li> <span class="failed"><a href="#feature-accessories-only-e2e-journey">Accessories only E2E journey</a></span><ol><li> <span class="failed"><a href="#sc-accessories-only-e2e-journey;accessories-only-e2e-journey;;2">Accessories only E2E journey</a></span></li></ol></li><li> <span class="failed"><a href="#feature-payg-mbb-only-e2e-journey">PAYG MBB only E2E journey</a></span><ol><li> <span class="failed"><a href="#sc-payg-mbb-only-e2e-journey;payg-mbb-only-e2e-journey;;2">PAYG MBB only E2E journey</a></span></li></ol></li><li> <span class="passed"><a href="#feature-cfu-saved-basket-feature-validation---this-feature-is-not-automated-due-to-presence-of-captcha">CFU Saved Basket Feature Validation - This feature is not automated due to presence of Captcha</a></span><ol><li> <span class="passed"><a href="#sc-cfu-saved-basket-feature-validation---this-feature-is-not-automated-due-to-presence-of-captcha;cfu-to-verify-is-user-can-upgrade-phone-to-refresh-tariff;;2">CFU to Verify is user can upgrade phone to refresh Tariff</a></span></li></ol></li><li> <span class="failed"><a href="#feature-fitness-trackers-only-e2e-journey">Fitness Trackers only E2E journey</a></span><ol><li> <span class="failed"><a href="#sc-fitness-trackers-only-e2e-journey;fitness-trackers-only-e2e-journey;;2">Fitness Trackers only E2E journey</a></span></li></ol></li><li> <span class="passed"><a href="#feature-ipad-simo-only-payg-e2e-validation">Ipad SimO Only PAYG E2E validation</a></span><ol><li> <span class="passed"><a href="#sc-ipad-simo-only-payg-e2e-validation;ipad-simo-only-payg-e2e-validation;;2">Ipad SimO Only PAYG E2E validation</a></span></li></ol></li><li> <span class="passed"><a href="#feature-tablets-simo-only-e2e-validation">Tablets SimO Only E2E validation</a></span><ol><li> <span class="passed"><a href="#sc-tablets-simo-only-e2e-validation;tablet-simo-only-payg-e2e-validation;;2">Tablet SimO Only PAYG E2E validation</a></span></li></ol></li><li> <span class="failed"><a href="#feature-cfa-payg-phones-home-delivery-e2e-journey">CFA PayG Phones Home delivery E2E journey</a></span><ol><li> <span class="failed"><a href="#sc-cfa-payg-phones-home-delivery-e2e-journey;cfa-payg-phones-home-delivery-e2e-journey;;2">CFA PayG Phones Home delivery E2E journey</a></span></li></ol></li><li> <span class="failed"><a href="#feature-cfa-paym-phones-home-delivery-e2e-journey-with-accessory">CFA PayM Phones Home delivery E2E journey with Accessory</a></span><ol><li> <span class="failed"><a href="#sc-cfa-paym-phones-home-delivery-e2e-journey-with-accessory;cfa-paym-phones-home-delivery-e2e-journey-with-accessory;;2">CFA PayM Phones Home delivery E2E journey with Accessory</a></span></li></ol></li><li> <span class="passed"><a href="#feature-cfa-paym-phones-home-delivery-e2e-journey">CFA PayM Phones Home delivery E2E journey</a></span><ol><li> <span class="passed"><a href="#sc-cfa-paym-phones-home-delivery-e2e-journey;cfa-paym-phones-home-delivery-e2e-journey;;2">CFA PayM Phones Home delivery E2E journey</a></span></li></ol></li><li> <span class="passed"><a href="#feature-sim-only-paym-12months-e2e-validation">Sim Only PayM 12Months E2E validation</a></span><ol><li> <span class="passed"><a href="#sc-sim-only-paym-12months-e2e-validation;sim-only-paym-12months-e2e-validation;;2">Sim Only PayM 12Months E2E validation</a></span></li><li> <span class="passed"><a href="#sc-sim-only-paym-12months-e2e-validation;sim-only-paym-12months-e2e-validation;;3">Sim Only PayM 12Months E2E validation</a></span></li></ol></li><li> <span class="failed"><a href="#feature-sim-only-paym-recommended-tariff-selection-e2e-validation">Sim Only PayM Recommended Tariff selection E2E validation</a></span><ol><li> <span class="failed"><a href="#sc-sim-only-paym-recommended-tariff-selection-e2e-validation;sim-only-paym-recommended-tariff-selection-e2e-validation;;2">Sim Only PayM Recommended Tariff selection E2E validation</a></span></li><li> <span class="failed"><a href="#sc-sim-only-paym-recommended-tariff-selection-e2e-validation;sim-only-paym-recommended-tariff-selection-e2e-validation;;3">Sim Only PayM Recommended Tariff selection E2E validation</a></span></li></ol></li><li> <span class="failed"><a href="#feature-smart-watches-only-e2e-journey">Smart Watches only E2E journey</a></span><ol><li> <span class="failed"><a href="#sc-smart-watches-only-e2e-journey;smart-watches-only-e2e-journey;;2">Smart Watches only E2E journey</a></span></li></ol></li><li> <span class="passed"><a href="#feature-cfa-paym-phones-click-and-collect-scenario-with-e2e-journey">CFA PayM Phones Click and collect scenario with E2E journey</a></span><ol><li> <span class="passed"><a href="#sc-cfa-paym-phones-click-and-collect-scenario-with-e2e-journey;cfa-paym-phones-click-and-collect-scenario-with-e2e-journey;;2">CFA PayM Phones Click and collect scenario with E2E journey</a></span></li></ol></li><li> <span class="failed"><a href="#feature-fnt-cfa-paym-phones-click-and-collect-scenario-for-more-than-max-transaction">FNT CFA PayM Phones Click and collect scenario for More than Max Transaction</a></span><ol><li> <span class="failed"><a href="#sc-fnt-cfa-paym-phones-click-and-collect-scenario-for-more-than-max-transaction;fnt-cfa-paym-phones-click-and-collect-scenario-for-more-than-max-transaction;;2">FNT CFA PayM Phones Click and collect scenario for More than Max Transaction</a></span></li></ol></li><li> <span class="failed"><a href="#feature-cfa-paym-phones-additional-information-and-order-confired">CFA PayM phones Additional information and Order confired</a></span><ol><li> <span class="failed"><a href="#sc-cfa-paym-phones-additional-information-and-order-confired;cfa-paym-phones-additional-information-and-order-confirmed;;2">CFA PayM phones Additional information and Order confirmed</a></span></li></ol></li><li> <span class="passed"><a href="#feature-cfa-paym-phones-click-and-collect-scenario-with-e2e-journey">CFA PayM Phones Click and collect scenario with E2E journey</a></span><ol><li> <span class="passed"><a href="#sc-cfa-paym-phones-click-and-collect-scenario-with-e2e-journey;cfa-paym-phones-click-and-collect-scenario-with-e2e-journey;;2">CFA PayM Phones Click and collect scenario with E2E journey</a></span></li></ol></li><li> <span class="passed"><a href="#feature-cfa-paym-phones-straight-order-declined">CFA PayM phones Straight Order Declined</a></span><ol><li> <span class="passed"><a href="#sc-cfa-paym-phones-straight-order-declined;cfa-paym-phones-straight-order-declined;;2">CFA PayM phones Straight Order Declined</a></span></li></ol></li><li> <span class="passed"><a href="#feature-cfa-paym-phones-home-delivery-e2e-journey-with-accessory">CFA PayM Phones Home delivery E2E journey with Accessory</a></span><ol><li> <span class="passed"><a href="#sc-cfa-paym-phones-home-delivery-e2e-journey-with-accessory;cfa-paym-phones-home-delivery-e2e-journey-with-accessory;;2">CFA PayM Phones Home delivery E2E journey with Accessory</a></span></li></ol></li><li> <span class="passed"><a href="#feature-cfa-paym-phones-home-delivery-e2e-journey">CFA PayM Phones Home delivery E2E journey</a></span><ol><li> <span class="passed"><a href="#sc-cfa-paym-phones-home-delivery-e2e-journey;cfa-paym-phones-home-delivery-e2e-journey;;2">CFA PayM Phones Home delivery E2E journey</a></span></li></ol></li><li> <span class="failed"><a href="#feature-volte-paym-phones-click-and-collect-scenario-with-e2e-journey">Volte PayM Phones Click and collect scenario with E2E journey</a></span><ol><li> <span class="failed"><a href="#sc-volte-paym-phones-click-and-collect-scenario-with-e2e-journey;volte-paym-phones-click-and-collect-scenario-with-e2e-journey;;2">Volte PayM Phones Click and collect scenario with E2E journey</a></span></li></ol></li><li> <span class="failed"><a href="#feature-cfa-paym-phones-home-delivery-e2e-journey-with-accessory">CFA PayM Phones Home delivery E2E journey with Accessory</a></span><ol><li> <span class="failed"><a href="#sc-cfa-paym-phones-home-delivery-e2e-journey-with-accessory;cfa-paym-phones-home-delivery-e2e-journey-with-accessory;;2">CFA PayM Phones Home delivery E2E journey with Accessory</a></span></li></ol></li><li> <span class="failed"><a href="#feature-cfa-paym-phones-home-delivery-e2e-journey">CFA PayM Phones Home delivery E2E journey</a></span><ol><li> <span class="failed"><a href="#sc-cfa-paym-phones-home-delivery-e2e-journey;cfa-paym-phones-home-delivery-e2e-journey;;2">CFA PayM Phones Home delivery E2E journey</a></span></li></ol></li></ol><h1>Detailed Results Report</h1><table width="700px"><tr class="undefined"><td colspan="4"><b>Feature:</b> <a id="feature-agent-paym-phones-home-delivery-e2e-journey">Agent PayM Phones Home delivery E2E journey</a></td></tr><tr class="undefined_description"><td colspan="4"><br></br></td></tr><tr class="undefined"><td><small><b>Passed:</b> 0</small></td><td><small><b>Failed:</b> 0</small></td><td><small><b>Undefined:</b> 1</small></td><td><small>Duration: 41.52s</small></td></tr><tr class="undefined"><td colspan="4" style="padding-left:20px"> <table width="100%"><tr class="undefined"><td colspan="4"><b>Scenario:</b> <a id="sc-agent-paym-phones-home-delivery-e2e-journey;agent-paym-phones-home-delivery-e2e-journey">Agent PayM Phones Home delivery E2E journey</a></td></tr><tr class="undefined_description"><td colspan="4"><br></br></td></tr><tr class="undefined"><td><small><b>Passed:</b> 0</small></td><td><small><b>Failed:</b> 0</small></td><td><small><b>Undefined:</b> 2</small></td><td><small>Duration: 41.52s</small></td></tr><tr class="passed"><td>Before</td><td colspan="2"></td><td width="100">36.98s</td></tr><tr class="passed"><td colspan="4"><br></br></td></tr><tr class="undefined"><td colspan="4" style="padding-left:20px"> <table width="100%"><tr class="undefined"><td><b>Given </b> I am an Agent user and Lands on shop page</td><td width="100">0.00s</td></tr><tr class="undefined"><td><b>And </b> performs new user new connection</td><td width="100">0.00s</td></tr></table></td></tr><tr class="passed"><td>After</td><td colspan="2"></td><td width="100">4.54s</td></tr><tr class="passed"><td colspan="4"><br></br></td></tr><tr><td colspan="5"><sup><a href="#top">Back to Table of Contents</a></sup></td></tr></table></td></tr><tr><td colspan="5"></td></tr><tr class="failed"><td colspan="4"><b>Feature:</b> <a id="feature-accessories-only-e2e-journey">Accessories only E2E journey</a></td></tr><tr class="failed_description"><td colspan="4"><br></br></td></tr><tr class="failed"><td><small><b>Passed:</b> 0</small></td><td><small><b>Failed:</b> 1</small></td><td><small><b>Undefined:</b> 0</small></td><td><small>Duration: 63.15s</small></td></tr><tr class="failed"><td colspan="4" style="padding-left:20px"> <table width="100%"><tr class="failed"><td colspan="4"><b>Scenario Outline:</b> <a id="sc-accessories-only-e2e-journey;accessories-only-e2e-journey;;2">Accessories only E2E journey</a></td></tr><tr class="failed_description"><td colspan="4"><br></br></td></tr><tr class="failed"><td><small><b>Passed:</b> 2</small></td><td><small><b>Failed:</b> 1</small></td><td><small><b>Undefined:</b> 7</small></td><td><small>Duration: 63.15s</small></td></tr><tr class="passed"><td>Before</td><td colspan="2"></td><td width="100">14.87s</td></tr><tr class="passed"><td colspan="4"><br></br></td></tr><tr class="failed"><td colspan="4" style="padding-left:20px"> <table width="100%"><tr class="passed"><td><b>Given </b> I am an CFA user and Lands on shop page</td><td width="100">0.58s</td></tr><tr class="passed"><td><b>And </b> Navigate to Accessories</td><td width="100">24.77s</td></tr><tr class="failed"><td><b>And </b> select an Accessory</td><td width="100">18.38s</td></tr><tr class="failed"><td colspan="2"><div><br>org.openqa.selenium.NoSuchElementException: no such element: Unable to locate element: {&quot;method&quot;:&quot;xpath&quot;,&quot;selector&quot;:&quot;//*[@id='o2-page-wrapper']/div[2]/div[3]/div[1]/div[1]/div/div/div/div/a&quot;}
  (Session info: chrome=57.0.2987.133)
  (Driver info: chromedriver=2.28.455520 (cc17746adff54984afff480136733114c6b3704b),platform=Windows NT 6.1.7601 SP1 x86) (WARNING: The server did not provide any stacktrace information)
Command duration or timeout: 17.01 seconds
For documentation on this error, please visit: http://seleniumhq.org/exceptions/no_such_element.html
Build info: version: '3.0.1', revision: '1969d75', time: '2016-10-18 09:49:13 -0700'
System info: host: 'LASST266393', ip: '10.172.59.171', os.name: 'Windows 7', os.arch: 'x86', os.version: '6.1', java.version: '1.8.0_121'
Driver info: org.openqa.selenium.chrome.ChromeDriver
Capabilities [{applicationCacheEnabled=false, rotatable=false, mobileEmulationEnabled=false, networkConnectionEnabled=false, chrome={chromedriverVersion=2.28.455520 (cc17746adff54984afff480136733114c6b3704b), userDataDir=C:UsersvMalalu1AppDataLocalTempscoped_dir8012_15709}, takesHeapSnapshot=true, pageLoadStrategy=normal, databaseEnabled=false, handlesAlerts=true, hasTouchScreen=false, version=57.0.2987.133, platform=XP, browserConnectionEnabled=false, nativeEvents=true, acceptSslCerts=true, locationContextEnabled=true, webStorageEnabled=true, browserName=chrome, takesScreenshot=true, javascriptEnabled=true, cssSelectorsEnabled=true, unexpectedAlertBehaviour=}]
Session ID: 0110f79d9a2d26d5ee87fe46e5f40e80
*** Element info: {Using=xpath, value=//*[@id='o2-page-wrapper']/div[2]/div[3]/div[1]/div[1]/div/div/div/div/a}</br><br>
	at sun.reflect.NativeConstructorAccessorImpl.newInstance0(Native Method)</br><br>
	at sun.reflect.NativeConstructorAccessorImpl.newInstance(NativeConstructorAccessorImpl.java:62)</br><br>
	at sun.reflect.DelegatingConstructorAccessorImpl.newInstance(DelegatingConstructorAccessorImpl.java:45)</br><br>
	at java.lang.reflect.Constructor.newInstance(Constructor.java:423)</br><br>
	at org.openqa.selenium.remote.ErrorHandler.createThrowable(ErrorHandler.java:216)</br><br>
	at org.openqa.selenium.remote.ErrorHandler.throwIfResponseFailed(ErrorHandler.java:168)</br><br>
	at org.openqa.selenium.remote.RemoteWebDriver.execute(RemoteWebDriver.java:635)</br><br>
	at org.openqa.selenium.remote.RemoteWebDriver.findElement(RemoteWebDriver.java:368)</br><br>
	at org.openqa.selenium.remote.RemoteWebDriver.findElementByXPath(RemoteWebDriver.java:473)</br><br>
	at org.openqa.selenium.By&#36;ByXPath.findElement(By.java:361)</br><br>
	at org.openqa.selenium.remote.RemoteWebDriver.findElement(RemoteWebDriver.java:360)</br><br>
	at org.openqa.selenium.support.pagefactory.DefaultElementLocator.findElement(DefaultElementLocator.java:69)</br><br>
	at org.openqa.selenium.support.pagefactory.internal.LocatingElementHandler.invoke(LocatingElementHandler.java:38)</br><br>
	at com.sun.proxy.&#36;Proxy17.getText(Unknown Source)</br><br>
	at actionsPerformed.AccessoryPageActions.SelectAnyAccessory(AccessoryPageActions.java:89)</br><br>
	at steps.E2EOrderPlaced_Steps.select_an_Accessory(E2EOrderPlaced_Steps.java:212)</br><br>
	at &#10045;.And select an Accessory(CS_AccessoriesOnly.feature:7)</br><br>
</br></div></td></tr><tr class="skipped"><td><b>And </b> add Accessories to basket within limit in details page and navigate to basket</td><td width="100">0.00s</td></tr><tr class="skipped"><td><b>And </b> I Land on the Non Phone related basket page and choose home delivery option</td><td width="100">0.00s</td></tr><tr class="skipped"><td><b>And </b> click on &quot;go to checkout&quot; button</td><td width="100">0.00s</td></tr><tr class="skipped"><td><b>And </b> input TEST and ACCEPTA and other valid details in Delivery page and Click on the 'Continue button'</td><td width="100">0.00s</td></tr><tr class="skipped"><td><b>And </b> land on the Non Credit check payment page and input TEST ACCEPTA and other details and click 'Continue on next step'</td><td width="100">0.00s</td></tr><tr class="skipped"><td><b>And </b> Continue to Review page and review the order</td><td width="100">0.00s</td></tr><tr class="skipped"><td><b>Then </b> order confirmation is displayed</td><td width="100">0.00s</td></tr></table></td></tr><tr class="passed"><td>After</td><td colspan="2"></td><td width="100">4.56s</td></tr><tr class="passed"><td colspan="4"><br></br></td></tr><tr><td colspan="5"><sup><a href="#top">Back to Table of Contents</a></sup></td></tr></table></td></tr><tr><td colspan="5"></td></tr><tr class="failed"><td colspan="4"><b>Feature:</b> <a id="feature-payg-mbb-only-e2e-journey">PAYG MBB only E2E journey</a></td></tr><tr class="failed_description"><td colspan="4"><br></br></td></tr><tr class="failed"><td><small><b>Passed:</b> 0</small></td><td><small><b>Failed:</b> 1</small></td><td><small><b>Undefined:</b> 0</small></td><td><small>Duration: 92.69s</small></td></tr><tr class="failed"><td colspan="4" style="padding-left:20px"> <table width="100%"><tr class="failed"><td colspan="4"><b>Scenario Outline:</b> <a id="sc-payg-mbb-only-e2e-journey;payg-mbb-only-e2e-journey;;2">PAYG MBB only E2E journey</a></td></tr><tr class="failed_description"><td colspan="4"><br></br></td></tr><tr class="failed"><td><small><b>Passed:</b> 2</small></td><td><small><b>Failed:</b> 1</small></td><td><small><b>Undefined:</b> 8</small></td><td><small>Duration: 92.69s</small></td></tr><tr class="passed"><td>Before</td><td colspan="2"></td><td width="100">33.32s</td></tr><tr class="passed"><td colspan="4"><br></br></td></tr><tr class="failed"><td colspan="4" style="padding-left:20px"> <table width="100%"><tr class="passed"><td><b>Given </b> I am an CFA user and Lands on shop page</td><td width="100">0.04s</td></tr><tr class="passed"><td><b>And </b> Navigate to PayG MBB page</td><td width="100">31.64s</td></tr><tr class="failed"><td><b>And </b> I choose MBB PayG &quot;Random Device&quot;</td><td width="100">16.76s</td></tr><tr class="failed"><td colspan="2"><div><br>org.openqa.selenium.NoSuchElementException: no such element: Unable to locate element: {&quot;method&quot;:&quot;xpath&quot;,&quot;selector&quot;:&quot;//*[@id='o2-page-wrapper']/div[2]/div[3]/div[1]/div[1]/div/div/div/div/a&quot;}
  (Session info: chrome=57.0.2987.133)
  (Driver info: chromedriver=2.28.455520 (cc17746adff54984afff480136733114c6b3704b),platform=Windows NT 6.1.7601 SP1 x86) (WARNING: The server did not provide any stacktrace information)
Command duration or timeout: 15.15 seconds
For documentation on this error, please visit: http://seleniumhq.org/exceptions/no_such_element.html
Build info: version: '3.0.1', revision: '1969d75', time: '2016-10-18 09:49:13 -0700'
System info: host: 'LASST266393', ip: '10.172.59.171', os.name: 'Windows 7', os.arch: 'x86', os.version: '6.1', java.version: '1.8.0_121'
Driver info: org.openqa.selenium.chrome.ChromeDriver
Capabilities [{applicationCacheEnabled=false, rotatable=false, mobileEmulationEnabled=false, networkConnectionEnabled=false, chrome={chromedriverVersion=2.28.455520 (cc17746adff54984afff480136733114c6b3704b), userDataDir=C:UsersvMalalu1AppDataLocalTempscoped_dir6728_7462}, takesHeapSnapshot=true, pageLoadStrategy=normal, databaseEnabled=false, handlesAlerts=true, hasTouchScreen=false, version=57.0.2987.133, platform=XP, browserConnectionEnabled=false, nativeEvents=true, acceptSslCerts=true, locationContextEnabled=true, webStorageEnabled=true, browserName=chrome, takesScreenshot=true, javascriptEnabled=true, cssSelectorsEnabled=true, unexpectedAlertBehaviour=}]
Session ID: 27741d0b169c6660165e39d233e710b5
*** Element info: {Using=xpath, value=//*[@id='o2-page-wrapper']/div[2]/div[3]/div[1]/div[1]/div/div/div/div/a}</br><br>
	at sun.reflect.NativeConstructorAccessorImpl.newInstance0(Native Method)</br><br>
	at sun.reflect.NativeConstructorAccessorImpl.newInstance(NativeConstructorAccessorImpl.java:62)</br><br>
	at sun.reflect.DelegatingConstructorAccessorImpl.newInstance(DelegatingConstructorAccessorImpl.java:45)</br><br>
	at java.lang.reflect.Constructor.newInstance(Constructor.java:423)</br><br>
	at org.openqa.selenium.remote.ErrorHandler.createThrowable(ErrorHandler.java:216)</br><br>
	at org.openqa.selenium.remote.ErrorHandler.throwIfResponseFailed(ErrorHandler.java:168)</br><br>
	at org.openqa.selenium.remote.RemoteWebDriver.execute(RemoteWebDriver.java:635)</br><br>
	at org.openqa.selenium.remote.RemoteWebDriver.findElement(RemoteWebDriver.java:368)</br><br>
	at org.openqa.selenium.remote.RemoteWebDriver.findElementByXPath(RemoteWebDriver.java:473)</br><br>
	at org.openqa.selenium.By&#36;ByXPath.findElement(By.java:361)</br><br>
	at org.openqa.selenium.remote.RemoteWebDriver.findElement(RemoteWebDriver.java:360)</br><br>
	at org.openqa.selenium.support.pagefactory.DefaultElementLocator.findElement(DefaultElementLocator.java:69)</br><br>
	at org.openqa.selenium.support.pagefactory.internal.LocatingElementHandler.invoke(LocatingElementHandler.java:38)</br><br>
	at com.sun.proxy.&#36;Proxy17.click(Unknown Source)</br><br>
	at actionsPerformed.MobileBroadBandPageActions.DeviceSelect(MobileBroadBandPageActions.java:17)</br><br>
	at steps.E2EOrderPlaced_Steps.i_choose_MBB_PayG(E2EOrderPlaced_Steps.java:176)</br><br>
	at &#10045;.And I choose MBB PayG &quot;Random Device&quot;(CS_CFA_MBBPayG.feature:7)</br><br>
</br></div></td></tr><tr class="skipped"><td><b>And </b> Navigate to device details page</td><td width="100">0.00s</td></tr><tr class="skipped"><td><b>And </b> Land on the 'Tariffs and extra' page</td><td width="100">0.00s</td></tr><tr class="skipped"><td><b>And </b> I Land on the basket page and choose home delivery option</td><td width="100">0.00s</td></tr><tr class="skipped"><td><b>And </b> click on &quot;go to checkout&quot; button</td><td width="100">0.00s</td></tr><tr class="skipped"><td><b>And </b> input TEST and ACCEPTA and other valid details in Delivery page and Click on the 'Continue button'</td><td width="100">0.00s</td></tr><tr class="skipped"><td><b>And </b> land on the Non Credit check payment page and input TEST ACCEPTA and other details and click 'Continue on next step'</td><td width="100">0.00s</td></tr><tr class="skipped"><td><b>And </b> Continue to Review page and review the order</td><td width="100">0.00s</td></tr><tr class="skipped"><td><b>Then </b> order confirmation is displayed</td><td width="100">0.00s</td></tr></table></td></tr><tr class="passed"><td>After</td><td colspan="2"></td><td width="100">10.93s</td></tr><tr class="passed"><td colspan="4"><br></br></td></tr><tr><td colspan="5"><sup><a href="#top">Back to Table of Contents</a></sup></td></tr></table></td></tr><tr><td colspan="5"></td></tr><tr class="passed"><td colspan="4"><b>Feature:</b> <a id="feature-cfu-saved-basket-feature-validation---this-feature-is-not-automated-due-to-presence-of-captcha">CFU Saved Basket Feature Validation - This feature is not automated due to presence of Captcha</a></td></tr><tr class="passed_description"><td colspan="4"><br></br></td></tr><tr class="passed"><td><small><b>Passed:</b> 1</small></td><td><small><b>Failed:</b> 0</small></td><td><small><b>Undefined:</b> 0</small></td><td><small>Duration: 64.73s</small></td></tr><tr class="passed"><td colspan="4" style="padding-left:20px"> <table width="100%"><tr class="passed"><td colspan="4"><b>Scenario Outline:</b> <a id="sc-cfu-saved-basket-feature-validation---this-feature-is-not-automated-due-to-presence-of-captcha;cfu-to-verify-is-user-can-upgrade-phone-to-refresh-tariff;;2">CFU to Verify is user can upgrade phone to refresh Tariff</a></td></tr><tr class="passed_description"><td colspan="4"><br></br></td></tr><tr class="passed"><td><small><b>Passed:</b> 5</small></td><td><small><b>Failed:</b> 0</small></td><td><small><b>Undefined:</b> 0</small></td><td><small>Duration: 64.73s</small></td></tr><tr class="passed"><td>Before</td><td colspan="2"></td><td width="100">24.71s</td></tr><tr class="passed"><td colspan="4"><br></br></td></tr><tr class="passed"><td colspan="4" style="padding-left:20px"> <table width="100%"><tr class="passed"><td><b>Given </b> I am an Existing user and Navigates to Signin page</td><td width="100">19.12s</td></tr><tr class="passed"><td><b>And </b> Signin using valid ink_jun9198 and test123 credentials</td><td width="100">16.63s</td></tr><tr class="passed"><td><b>And </b> choose to upgrade any Phone in My upgrade page</td><td width="100">0.00s</td></tr><tr class="passed"><td><b>And </b> Select any new Tariff and land on basket page</td><td width="100">0.00s</td></tr><tr class="passed"><td><b>And </b> Verifies the basket page for the upgrade journey</td><td width="100">0.00s</td></tr></table></td></tr><tr class="passed"><td>After</td><td colspan="2"></td><td width="100">4.27s</td></tr><tr class="passed"><td colspan="4"><br></br></td></tr><tr><td colspan="5"><sup><a href="#top">Back to Table of Contents</a></sup></td></tr></table></td></tr><tr><td colspan="5"></td></tr><tr class="failed"><td colspan="4"><b>Feature:</b> <a id="feature-fitness-trackers-only-e2e-journey">Fitness Trackers only E2E journey</a></td></tr><tr class="failed_description"><td colspan="4"><br></br></td></tr><tr class="failed"><td><small><b>Passed:</b> 0</small></td><td><small><b>Failed:</b> 1</small></td><td><small><b>Undefined:</b> 0</small></td><td><small>Duration: 66.72s</small></td></tr><tr class="failed"><td colspan="4" style="padding-left:20px"> <table width="100%"><tr class="failed"><td colspan="4"><b>Scenario Outline:</b> <a id="sc-fitness-trackers-only-e2e-journey;fitness-trackers-only-e2e-journey;;2">Fitness Trackers only E2E journey</a></td></tr><tr class="failed_description"><td colspan="4"><br></br></td></tr><tr class="failed"><td><small><b>Passed:</b> 2</small></td><td><small><b>Failed:</b> 1</small></td><td><small><b>Undefined:</b> 7</small></td><td><small>Duration: 66.72s</small></td></tr><tr class="passed"><td>Before</td><td colspan="2"></td><td width="100">17.97s</td></tr><tr class="passed"><td colspan="4"><br></br></td></tr><tr class="failed"><td colspan="4" style="padding-left:20px"> <table width="100%"><tr class="passed"><td><b>Given </b> I am an CFA user and Lands on shop page</td><td width="100">0.39s</td></tr><tr class="passed"><td><b>And </b> Navigate to Fitness Trackers</td><td width="100">24.46s</td></tr><tr class="failed"><td><b>And </b> select any available &quot;Random&quot; Fitness tracker</td><td width="100">15.82s</td></tr><tr class="failed"><td colspan="2"><div><br>org.openqa.selenium.NoSuchElementException: no such element: Unable to locate element: {&quot;method&quot;:&quot;xpath&quot;,&quot;selector&quot;:&quot;//*[@id='o2-page-wrapper']/div[2]/div[3]/div[1]/div[1]/div/div/div/div/a&quot;}
  (Session info: chrome=57.0.2987.133)
  (Driver info: chromedriver=2.28.455520 (cc17746adff54984afff480136733114c6b3704b),platform=Windows NT 6.1.7601 SP1 x86) (WARNING: The server did not provide any stacktrace information)
Command duration or timeout: 15.37 seconds
For documentation on this error, please visit: http://seleniumhq.org/exceptions/no_such_element.html
Build info: version: '3.0.1', revision: '1969d75', time: '2016-10-18 09:49:13 -0700'
System info: host: 'LASST266393', ip: '10.172.59.171', os.name: 'Windows 7', os.arch: 'x86', os.version: '6.1', java.version: '1.8.0_121'
Driver info: org.openqa.selenium.chrome.ChromeDriver
Capabilities [{applicationCacheEnabled=false, rotatable=false, mobileEmulationEnabled=false, networkConnectionEnabled=false, chrome={chromedriverVersion=2.28.455520 (cc17746adff54984afff480136733114c6b3704b), userDataDir=C:UsersvMalalu1AppDataLocalTempscoped_dir9532_9210}, takesHeapSnapshot=true, pageLoadStrategy=normal, databaseEnabled=false, handlesAlerts=true, hasTouchScreen=false, version=57.0.2987.133, platform=XP, browserConnectionEnabled=false, nativeEvents=true, acceptSslCerts=true, locationContextEnabled=true, webStorageEnabled=true, browserName=chrome, takesScreenshot=true, javascriptEnabled=true, cssSelectorsEnabled=true, unexpectedAlertBehaviour=}]
Session ID: 45f7a0d83d1761f81007fa0f8fe44ff6
*** Element info: {Using=xpath, value=//*[@id='o2-page-wrapper']/div[2]/div[3]/div[1]/div[1]/div/div/div/div/a}</br><br>
	at sun.reflect.NativeConstructorAccessorImpl.newInstance0(Native Method)</br><br>
	at sun.reflect.NativeConstructorAccessorImpl.newInstance(NativeConstructorAccessorImpl.java:62)</br><br>
	at sun.reflect.DelegatingConstructorAccessorImpl.newInstance(DelegatingConstructorAccessorImpl.java:45)</br><br>
	at java.lang.reflect.Constructor.newInstance(Constructor.java:423)</br><br>
	at org.openqa.selenium.remote.ErrorHandler.createThrowable(ErrorHandler.java:216)</br><br>
	at org.openqa.selenium.remote.ErrorHandler.throwIfResponseFailed(ErrorHandler.java:168)</br><br>
	at org.openqa.selenium.remote.RemoteWebDriver.execute(RemoteWebDriver.java:635)</br><br>
	at org.openqa.selenium.remote.RemoteWebDriver.findElement(RemoteWebDriver.java:368)</br><br>
	at org.openqa.selenium.remote.RemoteWebDriver.findElementByXPath(RemoteWebDriver.java:473)</br><br>
	at org.openqa.selenium.By&#36;ByXPath.findElement(By.java:361)</br><br>
	at org.openqa.selenium.remote.RemoteWebDriver.findElement(RemoteWebDriver.java:360)</br><br>
	at org.openqa.selenium.support.pagefactory.DefaultElementLocator.findElement(DefaultElementLocator.java:69)</br><br>
	at org.openqa.selenium.support.pagefactory.internal.LocatingElementHandler.invoke(LocatingElementHandler.java:38)</br><br>
	at com.sun.proxy.&#36;Proxy17.click(Unknown Source)</br><br>
	at actionsPerformed.FitnessTrackerPageActions.DeviceSelect(FitnessTrackerPageActions.java:76)</br><br>
	at steps.E2EOrderPlaced_Steps.select_any_available_Fitness_tracker(E2EOrderPlaced_Steps.java:159)</br><br>
	at &#10045;.And select any available &quot;Random&quot; Fitness tracker(CS_FitnessTrackers.feature:7)</br><br>
</br></div></td></tr><tr class="skipped"><td><b>And </b> add FitnessTracker to basket within limit in details page and navigate to basket</td><td width="100">0.00s</td></tr><tr class="skipped"><td><b>And </b> I Land on the Non Phone related basket page and choose home delivery option</td><td width="100">0.00s</td></tr><tr class="skipped"><td><b>And </b> click on &quot;go to checkout&quot; button</td><td width="100">0.00s</td></tr><tr class="skipped"><td><b>And </b> input TEST and ACCEPTA and other valid details in Delivery page and Click on the 'Continue button'</td><td width="100">0.00s</td></tr><tr class="skipped"><td><b>And </b> land on the Non Credit check payment page and input TEST ACCEPTA and other details and click 'Continue on next step'</td><td width="100">0.00s</td></tr><tr class="skipped"><td><b>And </b> Continue to Review page and review the order</td><td width="100">0.00s</td></tr><tr class="skipped"><td><b>Then </b> order confirmation is displayed</td><td width="100">0.00s</td></tr></table></td></tr><tr class="passed"><td>After</td><td colspan="2"></td><td width="100">8.08s</td></tr><tr class="passed"><td colspan="4"><br></br></td></tr><tr><td colspan="5"><sup><a href="#top">Back to Table of Contents</a></sup></td></tr></table></td></tr><tr><td colspan="5"></td></tr><tr class="passed"><td colspan="4"><b>Feature:</b> <a id="feature-ipad-simo-only-payg-e2e-validation">Ipad SimO Only PAYG E2E validation</a></td></tr><tr class="passed_description"><td colspan="4"><br></br></td></tr><tr class="passed"><td><small><b>Passed:</b> 1</small></td><td><small><b>Failed:</b> 0</small></td><td><small><b>Undefined:</b> 0</small></td><td><small>Duration: 276.38s</small></td></tr><tr class="passed"><td colspan="4" style="padding-left:20px"> <table width="100%"><tr class="passed"><td colspan="4"><b>Scenario Outline:</b> <a id="sc-ipad-simo-only-payg-e2e-validation;ipad-simo-only-payg-e2e-validation;;2">Ipad SimO Only PAYG E2E validation</a></td></tr><tr class="passed_description"><td colspan="4"><br></br></td></tr><tr class="passed"><td><small><b>Passed:</b> 9</small></td><td><small><b>Failed:</b> 0</small></td><td><small><b>Undefined:</b> 0</small></td><td><small>Duration: 276.38s</small></td></tr><tr class="passed"><td>Before</td><td colspan="2"></td><td width="100">74.99s</td></tr><tr class="passed"><td colspan="4"><br></br></td></tr><tr class="passed"><td colspan="4" style="padding-left:20px"> <table width="100%"><tr class="passed"><td><b>Given </b> I am an CFA user and Lands on shop page</td><td width="100">0.15s</td></tr><tr class="passed"><td><b>And </b> Navigate to sims and Ipad Sims page</td><td width="100">33.04s</td></tr><tr class="passed"><td><b>And </b> select any Ipad &quot;Random Tariff&quot; and continue</td><td width="100">11.00s</td></tr><tr class="passed"><td><b>And </b> I Land on the Non Phone related basket page and choose home delivery option</td><td width="100">13.72s</td></tr><tr class="passed"><td><b>And </b> click on &quot;go to checkout&quot; button</td><td width="100">11.58s</td></tr><tr class="passed"><td><b>And </b> input TEST and ACCEPTA and other valid details in Delivery page and Click on the 'Continue button'</td><td width="100">54.22s</td></tr><tr class="passed"><td><b>And </b> land on the Non Credit check payment page and input TEST ACCEPTA and other details and click 'Continue on next step'</td><td width="100">63.97s</td></tr><tr class="passed"><td><b>And </b> Continue to Review page and review the order</td><td width="100">7.84s</td></tr><tr class="passed"><td><b>Then </b> order confirmation is displayed</td><td width="100">1.38s</td></tr></table></td></tr><tr class="passed"><td>After</td><td colspan="2"></td><td width="100">4.48s</td></tr><tr class="passed"><td colspan="4"><br></br></td></tr><tr><td colspan="5"><sup><a href="#top">Back to Table of Contents</a></sup></td></tr></table></td></tr><tr><td colspan="5"></td></tr><tr class="passed"><td colspan="4"><b>Feature:</b> <a id="feature-tablets-simo-only-e2e-validation">Tablets SimO Only E2E validation</a></td></tr><tr class="passed_description"><td colspan="4"><br></br></td></tr><tr class="passed"><td><small><b>Passed:</b> 1</small></td><td><small><b>Failed:</b> 0</small></td><td><small><b>Undefined:</b> 0</small></td><td><small>Duration: 194.08s</small></td></tr><tr class="passed"><td colspan="4" style="padding-left:20px"> <table width="100%"><tr class="passed"><td colspan="4"><b>Scenario Outline:</b> <a id="sc-tablets-simo-only-e2e-validation;tablet-simo-only-payg-e2e-validation;;2">Tablet SimO Only PAYG E2E validation</a></td></tr><tr class="passed_description"><td colspan="4"><br></br></td></tr><tr class="passed"><td><small><b>Passed:</b> 9</small></td><td><small><b>Failed:</b> 0</small></td><td><small><b>Undefined:</b> 0</small></td><td><small>Duration: 194.08s</small></td></tr><tr class="passed"><td>Before</td><td colspan="2"></td><td width="100">30.16s</td></tr><tr class="passed"><td colspan="4"><br></br></td></tr><tr class="passed"><td colspan="4" style="padding-left:20px"> <table width="100%"><tr class="passed"><td><b>Given </b> I am an CFA user and Lands on shop page</td><td width="100">0.03s</td></tr><tr class="passed"><td><b>And </b> Navigate to sims and Tablet Sims page</td><td width="100">48.62s</td></tr><tr class="passed"><td><b>And </b> select any Tablet &quot;Random Tariff&quot; and continue</td><td width="100">9.82s</td></tr><tr class="passed"><td><b>And </b> I Land on the Non Phone related basket page and choose home delivery option</td><td width="100">10.71s</td></tr><tr class="passed"><td><b>And </b> click on &quot;go to checkout&quot; button</td><td width="100">10.44s</td></tr><tr class="passed"><td><b>And </b> input TEST and ACCEPTA and other valid details in Delivery page and Click on the 'Continue button'</td><td width="100">28.75s</td></tr><tr class="passed"><td><b>And </b> land on the Non Credit check payment page and input TEST ACCEPTA and other details and click 'Continue on next step'</td><td width="100">42.30s</td></tr><tr class="passed"><td><b>And </b> Continue to Review page and review the order</td><td width="100">8.37s</td></tr><tr class="passed"><td><b>Then </b> order confirmation is displayed</td><td width="100">0.53s</td></tr></table></td></tr><tr class="passed"><td>After</td><td colspan="2"></td><td width="100">4.34s</td></tr><tr class="passed"><td colspan="4"><br></br></td></tr><tr><td colspan="5"><sup><a href="#top">Back to Table of Contents</a></sup></td></tr></table></td></tr><tr><td colspan="5"></td></tr><tr class="failed"><td colspan="4"><b>Feature:</b> <a id="feature-cfa-payg-phones-home-delivery-e2e-journey">CFA PayG Phones Home delivery E2E journey</a></td></tr><tr class="failed_description"><td colspan="4"><br></br></td></tr><tr class="failed"><td><small><b>Passed:</b> 0</small></td><td><small><b>Failed:</b> 1</small></td><td><small><b>Undefined:</b> 0</small></td><td><small>Duration: 71.69s</small></td></tr><tr class="failed"><td colspan="4" style="padding-left:20px"> <table width="100%"><tr class="failed"><td colspan="4"><b>Scenario Outline:</b> <a id="sc-cfa-payg-phones-home-delivery-e2e-journey;cfa-payg-phones-home-delivery-e2e-journey;;2">CFA PayG Phones Home delivery E2E journey</a></td></tr><tr class="failed_description"><td colspan="4"><br></br></td></tr><tr class="failed"><td><small><b>Passed:</b> 2</small></td><td><small><b>Failed:</b> 1</small></td><td><small><b>Undefined:</b> 8</small></td><td><small>Duration: 71.69s</small></td></tr><tr class="passed"><td>Before</td><td colspan="2"></td><td width="100">18.60s</td></tr><tr class="passed"><td colspan="4"><br></br></td></tr><tr class="failed"><td colspan="4" style="padding-left:20px"> <table width="100%"><tr class="passed"><td><b>Given </b> I am an CFA user and Lands on shop page</td><td width="100">0.03s</td></tr><tr class="passed"><td><b>And </b> navigate to Pay as you Go Phones page</td><td width="100">31.28s</td></tr><tr class="failed"><td><b>And </b> I choose PayG &quot;handset&quot;</td><td width="100">16.23s</td></tr><tr class="failed"><td colspan="2"><div><br>org.openqa.selenium.NoSuchElementException: no such element: Unable to locate element: {&quot;method&quot;:&quot;xpath&quot;,&quot;selector&quot;:&quot;//*[@id='o2-page-wrapper']/div[2]/div[3]/div[1]/div[1]/div/div/div/div/a&quot;}
  (Session info: chrome=57.0.2987.133)
  (Driver info: chromedriver=2.28.455520 (cc17746adff54984afff480136733114c6b3704b),platform=Windows NT 6.1.7601 SP1 x86) (WARNING: The server did not provide any stacktrace information)
Command duration or timeout: 15.07 seconds
For documentation on this error, please visit: http://seleniumhq.org/exceptions/no_such_element.html
Build info: version: '3.0.1', revision: '1969d75', time: '2016-10-18 09:49:13 -0700'
System info: host: 'LASST266393', ip: '10.172.59.171', os.name: 'Windows 7', os.arch: 'x86', os.version: '6.1', java.version: '1.8.0_121'
Driver info: org.openqa.selenium.chrome.ChromeDriver
Capabilities [{applicationCacheEnabled=false, rotatable=false, mobileEmulationEnabled=false, networkConnectionEnabled=false, chrome={chromedriverVersion=2.28.455520 (cc17746adff54984afff480136733114c6b3704b), userDataDir=C:UsersvMalalu1AppDataLocalTempscoped_dir11040_24767}, takesHeapSnapshot=true, pageLoadStrategy=normal, databaseEnabled=false, handlesAlerts=true, hasTouchScreen=false, version=57.0.2987.133, platform=XP, browserConnectionEnabled=false, nativeEvents=true, acceptSslCerts=true, locationContextEnabled=true, webStorageEnabled=true, browserName=chrome, takesScreenshot=true, javascriptEnabled=true, cssSelectorsEnabled=true, unexpectedAlertBehaviour=}]
Session ID: 8bab95578d5d735ab30d483215ae8a15
*** Element info: {Using=xpath, value=//*[@id='o2-page-wrapper']/div[2]/div[3]/div[1]/div[1]/div/div/div/div/a}</br><br>
	at sun.reflect.NativeConstructorAccessorImpl.newInstance0(Native Method)</br><br>
	at sun.reflect.NativeConstructorAccessorImpl.newInstance(NativeConstructorAccessorImpl.java:62)</br><br>
	at sun.reflect.DelegatingConstructorAccessorImpl.newInstance(DelegatingConstructorAccessorImpl.java:45)</br><br>
	at java.lang.reflect.Constructor.newInstance(Constructor.java:423)</br><br>
	at org.openqa.selenium.remote.ErrorHandler.createThrowable(ErrorHandler.java:216)</br><br>
	at org.openqa.selenium.remote.ErrorHandler.throwIfResponseFailed(ErrorHandler.java:168)</br><br>
	at org.openqa.selenium.remote.RemoteWebDriver.execute(RemoteWebDriver.java:635)</br><br>
	at org.openqa.selenium.remote.RemoteWebDriver.findElement(RemoteWebDriver.java:368)</br><br>
	at org.openqa.selenium.remote.RemoteWebDriver.findElementByXPath(RemoteWebDriver.java:473)</br><br>
	at org.openqa.selenium.By&#36;ByXPath.findElement(By.java:361)</br><br>
	at org.openqa.selenium.remote.RemoteWebDriver.findElement(RemoteWebDriver.java:360)</br><br>
	at org.openqa.selenium.support.pagefactory.DefaultElementLocator.findElement(DefaultElementLocator.java:69)</br><br>
	at org.openqa.selenium.support.pagefactory.internal.LocatingElementHandler.invoke(LocatingElementHandler.java:38)</br><br>
	at com.sun.proxy.&#36;Proxy17.click(Unknown Source)</br><br>
	at actionsPerformed.PhonesListingPageAction.PAYGPhoneSelect(PhonesListingPageAction.java:105)</br><br>
	at steps.E2EOrderPlaced_Steps.Choose_PAYG_Handset(E2EOrderPlaced_Steps.java:142)</br><br>
	at &#10045;.And I choose PayG &quot;handset&quot;(CS_PayGPhonesHomeDeliveryWithoutAccessory.feature:7)</br><br>
</br></div></td></tr><tr class="skipped"><td><b>And </b> Navigate to device details page</td><td width="100">0.00s</td></tr><tr class="skipped"><td><b>And </b> Land on the 'Tariffs and extra' page</td><td width="100">0.00s</td></tr><tr class="skipped"><td><b>And </b> I Land on the basket page and choose home delivery option</td><td width="100">0.00s</td></tr><tr class="skipped"><td><b>And </b> click on &quot;go to checkout&quot; button</td><td width="100">0.00s</td></tr><tr class="skipped"><td><b>And </b> input TEST and ACCEPTA and other valid details in Delivery page and Click on the 'Continue button'</td><td width="100">0.00s</td></tr><tr class="skipped"><td><b>And </b> land on the Non Credit check payment page and input TEST ACCEPTA and other details and click 'Continue on next step'</td><td width="100">0.00s</td></tr><tr class="skipped"><td><b>And </b> Continue to Review page and review the order</td><td width="100">0.00s</td></tr><tr class="skipped"><td><b>Then </b> order confirmation is displayed</td><td width="100">0.00s</td></tr></table></td></tr><tr class="passed"><td>After</td><td colspan="2"></td><td width="100">5.54s</td></tr><tr class="passed"><td colspan="4"><br></br></td></tr><tr><td colspan="5"><sup><a href="#top">Back to Table of Contents</a></sup></td></tr></table></td></tr><tr><td colspan="5"></td></tr><tr class="failed"><td colspan="4"><b>Feature:</b> <a id="feature-cfa-paym-phones-home-delivery-e2e-journey-with-accessory">CFA PayM Phones Home delivery E2E journey with Accessory</a></td></tr><tr class="failed_description"><td colspan="4"><br></br></td></tr><tr class="failed"><td><small><b>Passed:</b> 0</small></td><td><small><b>Failed:</b> 1</small></td><td><small><b>Undefined:</b> 0</small></td><td><small>Duration: 80.61s</small></td></tr><tr class="failed"><td colspan="4" style="padding-left:20px"> <table width="100%"><tr class="failed"><td colspan="4"><b>Scenario Outline:</b> <a id="sc-cfa-paym-phones-home-delivery-e2e-journey-with-accessory;cfa-paym-phones-home-delivery-e2e-journey-with-accessory;;2">CFA PayM Phones Home delivery E2E journey with Accessory</a></td></tr><tr class="failed_description"><td colspan="4"><br></br></td></tr><tr class="failed"><td><small><b>Passed:</b> 2</small></td><td><small><b>Failed:</b> 1</small></td><td><small><b>Undefined:</b> 10</small></td><td><small>Duration: 80.61s</small></td></tr><tr class="passed"><td>Before</td><td colspan="2"></td><td width="100">31.19s</td></tr><tr class="passed"><td colspan="4"><br></br></td></tr><tr class="failed"><td colspan="4" style="padding-left:20px"> <table width="100%"><tr class="passed"><td><b>Given </b> I am an CFA user and Lands on shop page</td><td width="100">0.02s</td></tr><tr class="passed"><td><b>And </b> navigate to PAYM Phones page</td><td width="100">30.83s</td></tr><tr class="failed"><td><b>And </b> I choose PayM GalaxyS7</td><td width="100">15.14s</td></tr><tr class="failed"><td colspan="2"><div><br>org.openqa.selenium.NoSuchElementException: no such element: Unable to locate element: {&quot;method&quot;:&quot;xpath&quot;,&quot;selector&quot;:&quot;//a[contains(@href, '/shop/phones/samsung/galaxy-s7/#contractType=paymonthly')]&quot;}
  (Session info: chrome=57.0.2987.133)
  (Driver info: chromedriver=2.28.455520 (cc17746adff54984afff480136733114c6b3704b),platform=Windows NT 6.1.7601 SP1 x86) (WARNING: The server did not provide any stacktrace information)
Command duration or timeout: 15.08 seconds
For documentation on this error, please visit: http://seleniumhq.org/exceptions/no_such_element.html
Build info: version: '3.0.1', revision: '1969d75', time: '2016-10-18 09:49:13 -0700'
System info: host: 'LASST266393', ip: '10.172.59.171', os.name: 'Windows 7', os.arch: 'x86', os.version: '6.1', java.version: '1.8.0_121'
Driver info: org.openqa.selenium.chrome.ChromeDriver
Capabilities [{applicationCacheEnabled=false, rotatable=false, mobileEmulationEnabled=false, networkConnectionEnabled=false, chrome={chromedriverVersion=2.28.455520 (cc17746adff54984afff480136733114c6b3704b), userDataDir=C:UsersvMalalu1AppDataLocalTempscoped_dir10424_5593}, takesHeapSnapshot=true, pageLoadStrategy=normal, databaseEnabled=false, handlesAlerts=true, hasTouchScreen=false, version=57.0.2987.133, platform=XP, browserConnectionEnabled=false, nativeEvents=true, acceptSslCerts=true, locationContextEnabled=true, webStorageEnabled=true, browserName=chrome, takesScreenshot=true, javascriptEnabled=true, cssSelectorsEnabled=true, unexpectedAlertBehaviour=}]
Session ID: b80db6be9399a8a094f8c507530a4210
*** Element info: {Using=xpath, value=//a[contains(@href, '/shop/phones/samsung/galaxy-s7/#contractType=paymonthly')]}</br><br>
	at sun.reflect.NativeConstructorAccessorImpl.newInstance0(Native Method)</br><br>
	at sun.reflect.NativeConstructorAccessorImpl.newInstance(NativeConstructorAccessorImpl.java:62)</br><br>
	at sun.reflect.DelegatingConstructorAccessorImpl.newInstance(DelegatingConstructorAccessorImpl.java:45)</br><br>
	at java.lang.reflect.Constructor.newInstance(Constructor.java:423)</br><br>
	at org.openqa.selenium.remote.ErrorHandler.createThrowable(ErrorHandler.java:216)</br><br>
	at org.openqa.selenium.remote.ErrorHandler.throwIfResponseFailed(ErrorHandler.java:168)</br><br>
	at org.openqa.selenium.remote.RemoteWebDriver.execute(RemoteWebDriver.java:635)</br><br>
	at org.openqa.selenium.remote.RemoteWebDriver.findElement(RemoteWebDriver.java:368)</br><br>
	at org.openqa.selenium.remote.RemoteWebDriver.findElementByXPath(RemoteWebDriver.java:473)</br><br>
	at org.openqa.selenium.By&#36;ByXPath.findElement(By.java:361)</br><br>
	at org.openqa.selenium.remote.RemoteWebDriver.findElement(RemoteWebDriver.java:360)</br><br>
	at org.openqa.selenium.support.pagefactory.DefaultElementLocator.findElement(DefaultElementLocator.java:69)</br><br>
	at org.openqa.selenium.support.pagefactory.internal.LocatingElementHandler.invoke(LocatingElementHandler.java:38)</br><br>
	at com.sun.proxy.&#36;Proxy17.click(Unknown Source)</br><br>
	at actionsPerformed.PhonesListingPageAction.PAYMPhoneSelect(PhonesListingPageAction.java:21)</br><br>
	at steps.E2EOrderPlaced_Steps.Choose_PAYM_Handset(E2EOrderPlaced_Steps.java:135)</br><br>
	at &#10045;.And I choose PayM GalaxyS7(CS_PayMPhonesHomeDeliveryWithAccessory.feature:7)</br><br>
</br></div></td></tr><tr class="skipped"><td><b>And </b> Navigate to device details page</td><td width="100">0.00s</td></tr><tr class="skipped"><td><b>And </b> Land on the 'Tariffs and extra' page</td><td width="100">0.00s</td></tr><tr class="skipped"><td><b>And </b> Choose some Accesssory</td><td width="100">0.00s</td></tr><tr class="skipped"><td><b>And </b> I Land on the basket page and choose home delivery option</td><td width="100">0.00s</td></tr><tr class="skipped"><td><b>And </b> click on &quot;go to checkout&quot; button</td><td width="100">0.00s</td></tr><tr class="skipped"><td><b>And </b> input TEST and ACCEPTA and other valid details in Delivery page and Click on the 'Continue button'</td><td width="100">0.00s</td></tr><tr class="skipped"><td><b>And </b> land on the payment page and input TEST ACCEPTA and other details and click 'Continue on next step'</td><td width="100">0.00s</td></tr><tr class="skipped"><td><b>And </b> Continue to Agreements page and confirm all the agreement checks</td><td width="100">0.00s</td></tr><tr class="skipped"><td><b>And </b> Continue to Review page and review the order</td><td width="100">0.00s</td></tr><tr class="skipped"><td><b>Then </b> order confirmation is displayed</td><td width="100">0.00s</td></tr></table></td></tr><tr class="passed"><td>After</td><td colspan="2"></td><td width="100">3.43s</td></tr><tr class="passed"><td colspan="4"><br></br></td></tr><tr><td colspan="5"><sup><a href="#top">Back to Table of Contents</a></sup></td></tr></table></td></tr><tr><td colspan="5"></td></tr><tr class="passed"><td colspan="4"><b>Feature:</b> <a id="feature-cfa-paym-phones-home-delivery-e2e-journey">CFA PayM Phones Home delivery E2E journey</a></td></tr><tr class="passed_description"><td colspan="4"><br></br></td></tr><tr class="passed"><td><small><b>Passed:</b> 1</small></td><td><small><b>Failed:</b> 0</small></td><td><small><b>Undefined:</b> 0</small></td><td><small>Duration: 325.23s</small></td></tr><tr class="passed"><td colspan="4" style="padding-left:20px"> <table width="100%"><tr class="passed"><td colspan="4"><b>Scenario Outline:</b> <a id="sc-cfa-paym-phones-home-delivery-e2e-journey;cfa-paym-phones-home-delivery-e2e-journey;;2">CFA PayM Phones Home delivery E2E journey</a></td></tr><tr class="passed_description"><td colspan="4"><br></br></td></tr><tr class="passed"><td><small><b>Passed:</b> 12</small></td><td><small><b>Failed:</b> 0</small></td><td><small><b>Undefined:</b> 0</small></td><td><small>Duration: 325.23s</small></td></tr><tr class="passed"><td>Before</td><td colspan="2"></td><td width="100">18.08s</td></tr><tr class="passed"><td colspan="4"><br></br></td></tr><tr class="passed"><td colspan="4" style="padding-left:20px"> <table width="100%"><tr class="passed"><td><b>Given </b> I am an CFA user and Lands on shop page</td><td width="100">0.05s</td></tr><tr class="passed"><td><b>And </b> navigate to PAYM Phones page</td><td width="100">28.93s</td></tr><tr class="passed"><td><b>And </b> I choose PayM GalaxyS7</td><td width="100">2.17s</td></tr><tr class="passed"><td><b>And </b> Navigate to device details page</td><td width="100">109.13s</td></tr><tr class="passed"><td><b>And </b> Land on the 'Tariffs and extra' page</td><td width="100">1.12s</td></tr><tr class="passed"><td><b>And </b> I Land on the basket page and choose home delivery option</td><td width="100">13.48s</td></tr><tr class="passed"><td><b>And </b> click on &quot;go to checkout&quot; button</td><td width="100">11.53s</td></tr><tr class="passed"><td><b>And </b> input TEST and ACCEPTA and other valid details in Delivery page and Click on the 'Continue button'</td><td width="100">20.73s</td></tr><tr class="passed"><td><b>And </b> land on the payment page and input TEST ACCEPTA and other details and click 'Continue on next step'</td><td width="100">43.70s</td></tr><tr class="passed"><td><b>And </b> Continue to Agreements page and confirm all the agreement checks</td><td width="100">62.83s</td></tr><tr class="passed"><td><b>And </b> Continue to Review page and review the order</td><td width="100">10.67s</td></tr><tr class="passed"><td><b>Then </b> order confirmation is displayed</td><td width="100">0.31s</td></tr></table></td></tr><tr class="passed"><td>After</td><td colspan="2"></td><td width="100">2.53s</td></tr><tr class="passed"><td colspan="4"><br></br></td></tr><tr><td colspan="5"><sup><a href="#top">Back to Table of Contents</a></sup></td></tr></table></td></tr><tr><td colspan="5"></td></tr><tr class="passed"><td colspan="4"><b>Feature:</b> <a id="feature-sim-only-paym-12months-e2e-validation">Sim Only PayM 12Months E2E validation</a></td></tr><tr class="passed_description"><td colspan="4"><br></br></td></tr><tr class="passed"><td><small><b>Passed:</b> 2</small></td><td><small><b>Failed:</b> 0</small></td><td><small><b>Undefined:</b> 0</small></td><td><small>Duration: 308.36s</small></td></tr><tr class="passed"><td colspan="4" style="padding-left:20px"> <table width="100%"><tr class="passed"><td colspan="4"><b>Scenario Outline:</b> <a id="sc-sim-only-paym-12months-e2e-validation;sim-only-paym-12months-e2e-validation;;2">Sim Only PayM 12Months E2E validation</a></td></tr><tr class="passed_description"><td colspan="4"><br></br></td></tr><tr class="passed"><td><small><b>Passed:</b> 10</small></td><td><small><b>Failed:</b> 0</small></td><td><small><b>Undefined:</b> 0</small></td><td><small>Duration: 153.75s</small></td></tr><tr class="passed"><td>Before</td><td colspan="2"></td><td width="100">20.81s</td></tr><tr class="passed"><td colspan="4"><br></br></td></tr><tr class="passed"><td colspan="4" style="padding-left:20px"> <table width="100%"><tr class="passed"><td><b>Given </b> I am an CFA user and Lands on shop page</td><td width="100">0.03s</td></tr><tr class="passed"><td><b>And </b> navigate to PAYM SIMO page</td><td width="100">19.33s</td></tr><tr class="passed"><td><b>And </b> Click on different 12 Months  Months Tariff in Tab</td><td width="100">0.61s</td></tr><tr class="passed"><td><b>And </b> Select any Random Tariff in the displayed list of Tariffs under different 12 Months tab</td><td width="100">10.14s</td></tr><tr class="passed"><td><b>And </b> I Land on the Plan included basket page and choose home delivery option</td><td width="100">3.68s</td></tr><tr class="passed"><td><b>And </b> click on &quot;go to checkout&quot; button</td><td width="100">9.24s</td></tr><tr class="passed"><td><b>And </b> input TEST and ACCEPTA and other valid details in Delivery page and Click on the 'Continue button'</td><td width="100">18.69s</td></tr><tr class="passed"><td><b>And </b> land on the payment page and input TEST ACCEPTA and other details and click 'Continue on next step'</td><td width="100">36.62s</td></tr><tr class="passed"><td><b>And </b> Continue to Review page and review the order</td><td width="100">32.04s</td></tr><tr class="passed"><td><b>Then </b> order confirmation is displayed</td><td width="100">0.31s</td></tr></table></td></tr><tr class="passed"><td>After</td><td colspan="2"></td><td width="100">2.24s</td></tr><tr class="passed"><td colspan="4"><br></br></td></tr><tr><td colspan="5"><sup><a href="#top">Back to Table of Contents</a></sup></td></tr><tr class="passed"><td colspan="4"><b>Scenario Outline:</b> <a id="sc-sim-only-paym-12months-e2e-validation;sim-only-paym-12months-e2e-validation;;3">Sim Only PayM 12Months E2E validation</a></td></tr><tr class="passed_description"><td colspan="4"><br></br></td></tr><tr class="passed"><td><small><b>Passed:</b> 10</small></td><td><small><b>Failed:</b> 0</small></td><td><small><b>Undefined:</b> 0</small></td><td><small>Duration: 154.61s</small></td></tr><tr class="passed"><td>Before</td><td colspan="2"></td><td width="100">14.65s</td></tr><tr class="passed"><td colspan="4"><br></br></td></tr><tr class="passed"><td colspan="4" style="padding-left:20px"> <table width="100%"><tr class="passed"><td><b>Given </b> I am an CFA user and Lands on shop page</td><td width="100">0.05s</td></tr><tr class="passed"><td><b>And </b> navigate to PAYM SIMO page</td><td width="100">19.10s</td></tr><tr class="passed"><td><b>And </b> Click on different 30 Days  Months Tariff in Tab</td><td width="100">0.20s</td></tr><tr class="passed"><td><b>And </b> Select any Random Tariff in the displayed list of Tariffs under different 30 Days tab</td><td width="100">10.32s</td></tr><tr class="passed"><td><b>And </b> I Land on the Plan included basket page and choose home delivery option</td><td width="100">3.69s</td></tr><tr class="passed"><td><b>And </b> click on &quot;go to checkout&quot; button</td><td width="100">9.12s</td></tr><tr class="passed"><td><b>And </b> input TEST and ACCEPTA and other valid details in Delivery page and Click on the 'Continue button'</td><td width="100">18.07s</td></tr><tr class="passed"><td><b>And </b> land on the payment page and input TEST ACCEPTA and other details and click 'Continue on next step'</td><td width="100">42.45s</td></tr><tr class="passed"><td><b>And </b> Continue to Review page and review the order</td><td width="100">34.45s</td></tr><tr class="passed"><td><b>Then </b> order confirmation is displayed</td><td width="100">0.25s</td></tr></table></td></tr><tr class="passed"><td>After</td><td colspan="2"></td><td width="100">2.26s</td></tr><tr class="passed"><td colspan="4"><br></br></td></tr><tr><td colspan="5"><sup><a href="#top">Back to Table of Contents</a></sup></td></tr></table></td></tr><tr><td colspan="5"></td></tr><tr class="failed"><td colspan="4"><b>Feature:</b> <a id="feature-sim-only-paym-recommended-tariff-selection-e2e-validation">Sim Only PayM Recommended Tariff selection E2E validation</a></td></tr><tr class="failed_description"><td colspan="4"><br></br></td></tr><tr class="failed"><td><small><b>Passed:</b> 0</small></td><td><small><b>Failed:</b> 2</small></td><td><small><b>Undefined:</b> 0</small></td><td><small>Duration: 161.97s</small></td></tr><tr class="failed"><td colspan="4" style="padding-left:20px"> <table width="100%"><tr class="failed"><td colspan="4"><b>Scenario Outline:</b> <a id="sc-sim-only-paym-recommended-tariff-selection-e2e-validation;sim-only-paym-recommended-tariff-selection-e2e-validation;;2">Sim Only PayM Recommended Tariff selection E2E validation</a></td></tr><tr class="failed_description"><td colspan="4"><br></br></td></tr><tr class="failed"><td><small><b>Passed:</b> 2</small></td><td><small><b>Failed:</b> 1</small></td><td><small><b>Undefined:</b> 6</small></td><td><small>Duration: 78.92s</small></td></tr><tr class="passed"><td>Before</td><td colspan="2"></td><td width="100">13.75s</td></tr><tr class="passed"><td colspan="4"><br></br></td></tr><tr class="failed"><td colspan="4" style="padding-left:20px"> <table width="100%"><tr class="passed"><td><b>Given </b> I am an CFA user and Lands on shop page</td><td width="100">0.02s</td></tr><tr class="passed"><td><b>And </b> navigate to PAYM SIMO page</td><td width="100">19.83s</td></tr><tr class="failed"><td><b>And </b> Select &quot;Recommended&quot; Tariff in the displayed list of Tariffs under different 12 Months tab</td><td width="100">40.13s</td></tr><tr class="failed"><td colspan="2"><div><br>org.openqa.selenium.TimeoutException: Expected condition failed: waiting for element to be clickable: By.cssSelector: .col-xs-12.promotion-ribbon (tried for 40 second(s) with 500 MILLISECONDS interval)
Build info: version: '3.0.1', revision: '1969d75', time: '2016-10-18 09:49:13 -0700'
System info: host: 'LASST266393', ip: '10.172.59.171', os.name: 'Windows 7', os.arch: 'x86', os.version: '6.1', java.version: '1.8.0_121'
Driver info: org.openqa.selenium.chrome.ChromeDriver
Capabilities [{applicationCacheEnabled=false, rotatable=false, mobileEmulationEnabled=false, networkConnectionEnabled=false, chrome={chromedriverVersion=2.28.455520 (cc17746adff54984afff480136733114c6b3704b), userDataDir=C:UsersvMalalu1AppDataLocalTempscoped_dir4444_7003}, takesHeapSnapshot=true, pageLoadStrategy=normal, databaseEnabled=false, handlesAlerts=true, hasTouchScreen=false, version=57.0.2987.133, platform=XP, browserConnectionEnabled=false, nativeEvents=true, acceptSslCerts=true, locationContextEnabled=true, webStorageEnabled=true, browserName=chrome, takesScreenshot=true, javascriptEnabled=true, cssSelectorsEnabled=true, unexpectedAlertBehaviour=}]
Session ID: d2986684d3613985b00f8de9257a6e4c</br><br>
	at org.openqa.selenium.support.ui.WebDriverWait.timeoutException(WebDriverWait.java:80)</br><br>
	at org.openqa.selenium.support.ui.FluentWait.until(FluentWait.java:265)</br><br>
	at actionsPerformed.PAYMSimOPageActions.DisplayPromotionTariff(PAYMSimOPageActions.java:119)</br><br>
	at steps.E2EOrderPlaced_Steps.select_Tariff_in_the_displayed_list_of_Tariffs(E2EOrderPlaced_Steps.java:235)</br><br>
	at &#10045;.And Select &quot;Recommended&quot; Tariff in the displayed list of Tariffs under different 12 Months tab(CS_PayMSimOnlyRecommended.feature:7)</br><br>
</br></div></td></tr><tr class="skipped"><td><b>And </b> I Land on the Plan included basket page and choose home delivery option</td><td width="100">0.00s</td></tr><tr class="skipped"><td><b>And </b> click on &quot;go to checkout&quot; button</td><td width="100">0.00s</td></tr><tr class="skipped"><td><b>And </b> input TEST and ACCEPTA and other valid details in Delivery page and Click on the 'Continue button'</td><td width="100">0.00s</td></tr><tr class="skipped"><td><b>And </b> land on the payment page and input TEST ACCEPTA and other details and click 'Continue on next step'</td><td width="100">0.00s</td></tr><tr class="skipped"><td><b>And </b> Continue to Review page and review the order</td><td width="100">0.00s</td></tr><tr class="skipped"><td><b>Then </b> order confirmation is displayed</td><td width="100">0.00s</td></tr></table></td></tr><tr class="passed"><td>After</td><td colspan="2"></td><td width="100">5.20s</td></tr><tr class="passed"><td colspan="4"><br></br></td></tr><tr><td colspan="5"><sup><a href="#top">Back to Table of Contents</a></sup></td></tr><tr class="failed"><td colspan="4"><b>Scenario Outline:</b> <a id="sc-sim-only-paym-recommended-tariff-selection-e2e-validation;sim-only-paym-recommended-tariff-selection-e2e-validation;;3">Sim Only PayM Recommended Tariff selection E2E validation</a></td></tr><tr class="failed_description"><td colspan="4"><br></br></td></tr><tr class="failed"><td><small><b>Passed:</b> 2</small></td><td><small><b>Failed:</b> 1</small></td><td><small><b>Undefined:</b> 6</small></td><td><small>Duration: 83.05s</small></td></tr><tr class="passed"><td>Before</td><td colspan="2"></td><td width="100">13.57s</td></tr><tr class="passed"><td colspan="4"><br></br></td></tr><tr class="failed"><td colspan="4" style="padding-left:20px"> <table width="100%"><tr class="passed"><td><b>Given </b> I am an CFA user and Lands on shop page</td><td width="100">0.03s</td></tr><tr class="passed"><td><b>And </b> navigate to PAYM SIMO page</td><td width="100">23.89s</td></tr><tr class="failed"><td><b>And </b> Select &quot;Recommended&quot; Tariff in the displayed list of Tariffs under different 30 Days tab</td><td width="100">40.47s</td></tr><tr class="failed"><td colspan="2"><div><br>org.openqa.selenium.TimeoutException: Expected condition failed: waiting for element to be clickable: By.cssSelector: .col-xs-12.promotion-ribbon (tried for 40 second(s) with 500 MILLISECONDS interval)
Build info: version: '3.0.1', revision: '1969d75', time: '2016-10-18 09:49:13 -0700'
System info: host: 'LASST266393', ip: '10.172.59.171', os.name: 'Windows 7', os.arch: 'x86', os.version: '6.1', java.version: '1.8.0_121'
Driver info: org.openqa.selenium.chrome.ChromeDriver
Capabilities [{applicationCacheEnabled=false, rotatable=false, mobileEmulationEnabled=false, networkConnectionEnabled=false, chrome={chromedriverVersion=2.28.455520 (cc17746adff54984afff480136733114c6b3704b), userDataDir=C:UsersvMalalu1AppDataLocalTempscoped_dir11220_18950}, takesHeapSnapshot=true, pageLoadStrategy=normal, databaseEnabled=false, handlesAlerts=true, hasTouchScreen=false, version=57.0.2987.133, platform=XP, browserConnectionEnabled=false, nativeEvents=true, acceptSslCerts=true, locationContextEnabled=true, webStorageEnabled=true, browserName=chrome, takesScreenshot=true, javascriptEnabled=true, cssSelectorsEnabled=true, unexpectedAlertBehaviour=}]
Session ID: e069f3d107c994659496b94b19771cca</br><br>
	at org.openqa.selenium.support.ui.WebDriverWait.timeoutException(WebDriverWait.java:80)</br><br>
	at org.openqa.selenium.support.ui.FluentWait.until(FluentWait.java:265)</br><br>
	at actionsPerformed.PAYMSimOPageActions.DisplayPromotionTariff(PAYMSimOPageActions.java:119)</br><br>
	at steps.E2EOrderPlaced_Steps.select_Tariff_in_the_displayed_list_of_Tariffs(E2EOrderPlaced_Steps.java:235)</br><br>
	at &#10045;.And Select &quot;Recommended&quot; Tariff in the displayed list of Tariffs under different 30 Days tab(CS_PayMSimOnlyRecommended.feature:7)</br><br>
</br></div></td></tr><tr class="skipped"><td><b>And </b> I Land on the Plan included basket page and choose home delivery option</td><td width="100">0.00s</td></tr><tr class="skipped"><td><b>And </b> click on &quot;go to checkout&quot; button</td><td width="100">0.00s</td></tr><tr class="skipped"><td><b>And </b> input TEST and ACCEPTA and other valid details in Delivery page and Click on the 'Continue button'</td><td width="100">0.00s</td></tr><tr class="skipped"><td><b>And </b> land on the payment page and input TEST ACCEPTA and other details and click 'Continue on next step'</td><td width="100">0.00s</td></tr><tr class="skipped"><td><b>And </b> Continue to Review page and review the order</td><td width="100">0.00s</td></tr><tr class="skipped"><td><b>Then </b> order confirmation is displayed</td><td width="100">0.00s</td></tr></table></td></tr><tr class="passed"><td>After</td><td colspan="2"></td><td width="100">5.10s</td></tr><tr class="passed"><td colspan="4"><br></br></td></tr><tr><td colspan="5"><sup><a href="#top">Back to Table of Contents</a></sup></td></tr></table></td></tr><tr><td colspan="5"></td></tr><tr class="failed"><td colspan="4"><b>Feature:</b> <a id="feature-smart-watches-only-e2e-journey">Smart Watches only E2E journey</a></td></tr><tr class="failed_description"><td colspan="4"><br></br></td></tr><tr class="failed"><td><small><b>Passed:</b> 0</small></td><td><small><b>Failed:</b> 1</small></td><td><small><b>Undefined:</b> 0</small></td><td><small>Duration: 170.77s</small></td></tr><tr class="failed"><td colspan="4" style="padding-left:20px"> <table width="100%"><tr class="failed"><td colspan="4"><b>Scenario Outline:</b> <a id="sc-smart-watches-only-e2e-journey;smart-watches-only-e2e-journey;;2">Smart Watches only E2E journey</a></td></tr><tr class="failed_description"><td colspan="4"><br></br></td></tr><tr class="failed"><td><small><b>Passed:</b> 8</small></td><td><small><b>Failed:</b> 1</small></td><td><small><b>Undefined:</b> 1</small></td><td><small>Duration: 170.77s</small></td></tr><tr class="passed"><td>Before</td><td colspan="2"></td><td width="100">15.24s</td></tr><tr class="passed"><td colspan="4"><br></br></td></tr><tr class="failed"><td colspan="4" style="padding-left:20px"> <table width="100%"><tr class="passed"><td><b>Given </b> I am an CFA user and Lands on shop page</td><td width="100">0.02s</td></tr><tr class="passed"><td><b>And </b> Navigate to SmartWatches</td><td width="100">13.85s</td></tr><tr class="passed"><td><b>And </b> select any available &quot;Random&quot; Smartwatch</td><td width="100">11.23s</td></tr><tr class="passed"><td><b>And </b> add SmartWatch to basket within limit in details page and navigate to basket</td><td width="100">5.20s</td></tr><tr class="passed"><td><b>And </b> I Land on the Non Phone related basket page and choose home delivery option</td><td width="100">3.85s</td></tr><tr class="passed"><td><b>And </b> click on &quot;go to checkout&quot; button</td><td width="100">8.50s</td></tr><tr class="passed"><td><b>And </b> input TEST and ACCEPTA and other valid details in Delivery page and Click on the 'Continue button'</td><td width="100">18.54s</td></tr><tr class="passed"><td><b>And </b> land on the Non Credit check payment page and input TEST ACCEPTA and other details and click 'Continue on next step'</td><td width="100">29.69s</td></tr><tr class="failed"><td><b>And </b> Continue to Review page and review the order</td><td width="100">60.09s</td></tr><tr class="failed"><td colspan="2"><div><br>org.openqa.selenium.NoSuchElementException: no such element: Unable to locate element: {&quot;method&quot;:&quot;id&quot;,&quot;selector&quot;:&quot;terms&quot;}
  (Session info: chrome=57.0.2987.133)
  (Driver info: chromedriver=2.28.455520 (cc17746adff54984afff480136733114c6b3704b),platform=Windows NT 6.1.7601 SP1 x86) (WARNING: The server did not provide any stacktrace information)
Command duration or timeout: 60.06 seconds
For documentation on this error, please visit: http://seleniumhq.org/exceptions/no_such_element.html
Build info: version: '3.0.1', revision: '1969d75', time: '2016-10-18 09:49:13 -0700'
System info: host: 'LASST266393', ip: '10.172.59.171', os.name: 'Windows 7', os.arch: 'x86', os.version: '6.1', java.version: '1.8.0_121'
Driver info: org.openqa.selenium.chrome.ChromeDriver
Capabilities [{applicationCacheEnabled=false, rotatable=false, mobileEmulationEnabled=false, networkConnectionEnabled=false, chrome={chromedriverVersion=2.28.455520 (cc17746adff54984afff480136733114c6b3704b), userDataDir=C:UsersvMalalu1AppDataLocalTempscoped_dir11444_31624}, takesHeapSnapshot=true, pageLoadStrategy=normal, databaseEnabled=false, handlesAlerts=true, hasTouchScreen=false, version=57.0.2987.133, platform=XP, browserConnectionEnabled=false, nativeEvents=true, acceptSslCerts=true, locationContextEnabled=true, webStorageEnabled=true, browserName=chrome, takesScreenshot=true, javascriptEnabled=true, cssSelectorsEnabled=true, unexpectedAlertBehaviour=}]
Session ID: 573208df627e9fb901f2908fe241ac4b
*** Element info: {Using=id, value=terms}</br><br>
	at sun.reflect.NativeConstructorAccessorImpl.newInstance0(Native Method)</br><br>
	at sun.reflect.NativeConstructorAccessorImpl.newInstance(NativeConstructorAccessorImpl.java:62)</br><br>
	at sun.reflect.DelegatingConstructorAccessorImpl.newInstance(DelegatingConstructorAccessorImpl.java:45)</br><br>
	at java.lang.reflect.Constructor.newInstance(Constructor.java:423)</br><br>
	at org.openqa.selenium.remote.ErrorHandler.createThrowable(ErrorHandler.java:216)</br><br>
	at org.openqa.selenium.remote.ErrorHandler.throwIfResponseFailed(ErrorHandler.java:168)</br><br>
	at org.openqa.selenium.remote.RemoteWebDriver.execute(RemoteWebDriver.java:635)</br><br>
	at org.openqa.selenium.remote.RemoteWebDriver.findElement(RemoteWebDriver.java:368)</br><br>
	at org.openqa.selenium.remote.RemoteWebDriver.findElementById(RemoteWebDriver.java:417)</br><br>
	at org.openqa.selenium.By&#36;ById.findElement(By.java:218)</br><br>
	at org.openqa.selenium.remote.RemoteWebDriver.findElement(RemoteWebDriver.java:360)</br><br>
	at org.openqa.selenium.support.pagefactory.DefaultElementLocator.findElement(DefaultElementLocator.java:69)</br><br>
	at org.openqa.selenium.support.pagefactory.internal.LocatingElementHandler.invoke(LocatingElementHandler.java:38)</br><br>
	at com.sun.proxy.&#36;Proxy17.click(Unknown Source)</br><br>
	at actionsPerformed.ReviewPageActions.TermsCheckBox(ReviewPageActions.java:28)</br><br>
	at steps.E2EOrderPlaced_Steps.ReviewPageConfirmation(E2EOrderPlaced_Steps.java:555)</br><br>
	at &#10045;.And Continue to Review page and review the order(CS_SmartWatch.feature:13)</br><br>
</br></div></td></tr><tr class="skipped"><td><b>Then </b> order confirmation is displayed</td><td width="100">0.00s</td></tr></table></td></tr><tr class="passed"><td>After</td><td colspan="2"></td><td width="100">4.57s</td></tr><tr class="passed"><td colspan="4"><br></br></td></tr><tr><td colspan="5"><sup><a href="#top">Back to Table of Contents</a></sup></td></tr></table></td></tr><tr><td colspan="5"></td></tr><tr class="passed"><td colspan="4"><b>Feature:</b> <a id="feature-cfa-paym-phones-click-and-collect-scenario-with-e2e-journey">CFA PayM Phones Click and collect scenario with E2E journey</a></td></tr><tr class="passed_description"><td colspan="4"><br></br></td></tr><tr class="passed"><td><small><b>Passed:</b> 1</small></td><td><small><b>Failed:</b> 0</small></td><td><small><b>Undefined:</b> 0</small></td><td><small>Duration: 272.31s</small></td></tr><tr class="passed"><td colspan="4" style="padding-left:20px"> <table width="100%"><tr class="passed"><td colspan="4"><b>Scenario Outline:</b> <a id="sc-cfa-paym-phones-click-and-collect-scenario-with-e2e-journey;cfa-paym-phones-click-and-collect-scenario-with-e2e-journey;;2">CFA PayM Phones Click and collect scenario with E2E journey</a></td></tr><tr class="passed_description"><td colspan="4"><br></br></td></tr><tr class="passed"><td><small><b>Passed:</b> 12</small></td><td><small><b>Failed:</b> 0</small></td><td><small><b>Undefined:</b> 0</small></td><td><small>Duration: 272.31s</small></td></tr><tr class="passed"><td>Before</td><td colspan="2"></td><td width="100">15.80s</td></tr><tr class="passed"><td colspan="4"><br></br></td></tr><tr class="passed"><td colspan="4" style="padding-left:20px"> <table width="100%"><tr class="passed"><td><b>Given </b> I am an CFA user and Lands on shop page</td><td width="100">0.08s</td></tr><tr class="passed"><td><b>And </b> navigate to PAYM Phones page</td><td width="100">24.04s</td></tr><tr class="passed"><td><b>And </b> I choose PayM GalaxyS7</td><td width="100">0.46s</td></tr><tr class="passed"><td><b>And </b> Navigate to device details page</td><td width="100">53.27s</td></tr><tr class="passed"><td><b>And </b> Land on the 'Tariffs and extra' page</td><td width="100">0.62s</td></tr><tr class="passed"><td><b>And </b> I Land on the basket page and choose to collect from store</td><td width="100">28.91s</td></tr><tr class="passed"><td><b>And </b> click on &quot;go to checkout&quot; button</td><td width="100">18.47s</td></tr><tr class="passed"><td><b>And </b> input TEST and ACCEPTA and other valid details in Delivery page for Click and collect and Click on the 'Continue button'</td><td width="100">9.68s</td></tr><tr class="passed"><td><b>And </b> land on the payment page and input TEST ACCEPTA and other details for Click and collect order and click 'Continue on next step'</td><td width="100">53.68s</td></tr><tr class="passed"><td><b>And </b> Continue to Agreements page and confirm all the agreement checks</td><td width="100">53.27s</td></tr><tr class="passed"><td><b>And </b> Continue to Review page and review the order</td><td width="100">9.17s</td></tr><tr class="passed"><td><b>Then </b> order confirmation is displayed</td><td width="100">0.44s</td></tr></table></td></tr><tr class="passed"><td>After</td><td colspan="2"></td><td width="100">4.42s</td></tr><tr class="passed"><td colspan="4"><br></br></td></tr><tr><td colspan="5"><sup><a href="#top">Back to Table of Contents</a></sup></td></tr></table></td></tr><tr><td colspan="5"></td></tr><tr class="failed"><td colspan="4"><b>Feature:</b> <a id="feature-fnt-cfa-paym-phones-click-and-collect-scenario-for-more-than-max-transaction">FNT CFA PayM Phones Click and collect scenario for More than Max Transaction</a></td></tr><tr class="failed_description"><td colspan="4"><br></br></td></tr><tr class="failed"><td><small><b>Passed:</b> 0</small></td><td><small><b>Failed:</b> 1</small></td><td><small><b>Undefined:</b> 0</small></td><td><small>Duration: 253.98s</small></td></tr><tr class="failed"><td colspan="4" style="padding-left:20px"> <table width="100%"><tr class="failed"><td colspan="4"><b>Scenario Outline:</b> <a id="sc-fnt-cfa-paym-phones-click-and-collect-scenario-for-more-than-max-transaction;fnt-cfa-paym-phones-click-and-collect-scenario-for-more-than-max-transaction;;2">FNT CFA PayM Phones Click and collect scenario for More than Max Transaction</a></td></tr><tr class="failed_description"><td colspan="4"><br></br></td></tr><tr class="failed"><td><small><b>Passed:</b> 9</small></td><td><small><b>Failed:</b> 1</small></td><td><small><b>Undefined:</b> 2</small></td><td><small>Duration: 253.98s</small></td></tr><tr class="passed"><td>Before</td><td colspan="2"></td><td width="100">15.23s</td></tr><tr class="passed"><td colspan="4"><br></br></td></tr><tr class="failed"><td colspan="4" style="padding-left:20px"> <table width="100%"><tr class="passed"><td><b>Given </b> I am an CFA user and Lands on shop page</td><td width="100">0.03s</td></tr><tr class="passed"><td><b>And </b> navigate to PAYM Phones page</td><td width="100">22.70s</td></tr><tr class="passed"><td><b>And </b> I choose PayM Iphone7Plus</td><td width="100">13.48s</td></tr><tr class="passed"><td><b>And </b> Navigate to device details page</td><td width="100">52.24s</td></tr><tr class="passed"><td><b>And </b> Land on the 'Tariffs and extra' page selecting pay device in full</td><td width="100">1.48s</td></tr><tr class="passed"><td><b>And </b> I Land on the basket page and choose to collect from store</td><td width="100">28.37s</td></tr><tr class="passed"><td><b>And </b> click on &quot;go to checkout&quot; button</td><td width="100">17.80s</td></tr><tr class="passed"><td><b>And </b> input TEST and ACCEPTA and other valid details in Delivery page for Click and collect and Click on the 'Continue button'</td><td width="100">8.11s</td></tr><tr class="passed"><td><b>And </b> land on the payment page and input TEST ACCEPTA and other details for Click and collect order and click 'Continue on next step'</td><td width="100">52.06s</td></tr><tr class="failed"><td><b>And </b> Continue to Agreements page and confirm all the agreement checks</td><td width="100">37.46s</td></tr><tr class="failed"><td colspan="2"><div><br>org.openqa.selenium.NoSuchElementException: no such element: Unable to locate element: {&quot;method&quot;:&quot;id&quot;,&quot;selector&quot;:&quot;affordability-terms-declaration&quot;}
  (Session info: chrome=57.0.2987.133)
  (Driver info: chromedriver=2.28.455520 (cc17746adff54984afff480136733114c6b3704b),platform=Windows NT 6.1.7601 SP1 x86) (WARNING: The server did not provide any stacktrace information)
Command duration or timeout: 25.42 seconds
For documentation on this error, please visit: http://seleniumhq.org/exceptions/no_such_element.html
Build info: version: '3.0.1', revision: '1969d75', time: '2016-10-18 09:49:13 -0700'
System info: host: 'LASST266393', ip: '10.172.59.171', os.name: 'Windows 7', os.arch: 'x86', os.version: '6.1', java.version: '1.8.0_121'
Driver info: org.openqa.selenium.chrome.ChromeDriver
Capabilities [{applicationCacheEnabled=false, rotatable=false, mobileEmulationEnabled=false, networkConnectionEnabled=false, chrome={chromedriverVersion=2.28.455520 (cc17746adff54984afff480136733114c6b3704b), userDataDir=C:UsersvMalalu1AppDataLocalTempscoped_dir11288_5369}, takesHeapSnapshot=true, pageLoadStrategy=normal, databaseEnabled=false, handlesAlerts=true, hasTouchScreen=false, version=57.0.2987.133, platform=XP, browserConnectionEnabled=false, nativeEvents=true, acceptSslCerts=true, locationContextEnabled=true, webStorageEnabled=true, browserName=chrome, takesScreenshot=true, javascriptEnabled=true, cssSelectorsEnabled=true, unexpectedAlertBehaviour=}]
Session ID: fe999e66bd0a8e9e9ff843dc2f031449
*** Element info: {Using=id, value=affordability-terms-declaration}</br><br>
	at sun.reflect.NativeConstructorAccessorImpl.newInstance0(Native Method)</br><br>
	at sun.reflect.NativeConstructorAccessorImpl.newInstance(NativeConstructorAccessorImpl.java:62)</br><br>
	at sun.reflect.DelegatingConstructorAccessorImpl.newInstance(DelegatingConstructorAccessorImpl.java:45)</br><br>
	at java.lang.reflect.Constructor.newInstance(Constructor.java:423)</br><br>
	at org.openqa.selenium.remote.ErrorHandler.createThrowable(ErrorHandler.java:216)</br><br>
	at org.openqa.selenium.remote.ErrorHandler.throwIfResponseFailed(ErrorHandler.java:168)</br><br>
	at org.openqa.selenium.remote.RemoteWebDriver.execute(RemoteWebDriver.java:635)</br><br>
	at org.openqa.selenium.remote.RemoteWebDriver.findElement(RemoteWebDriver.java:368)</br><br>
	at org.openqa.selenium.remote.RemoteWebDriver.findElementById(RemoteWebDriver.java:417)</br><br>
	at org.openqa.selenium.By&#36;ById.findElement(By.java:218)</br><br>
	at org.openqa.selenium.remote.RemoteWebDriver.findElement(RemoteWebDriver.java:360)</br><br>
	at org.openqa.selenium.support.pagefactory.DefaultElementLocator.findElement(DefaultElementLocator.java:69)</br><br>
	at org.openqa.selenium.support.pagefactory.internal.LocatingElementHandler.invoke(LocatingElementHandler.java:38)</br><br>
	at com.sun.proxy.&#36;Proxy17.click(Unknown Source)</br><br>
	at actionsPerformed.AgreementPageActions.Affordability(AgreementPageActions.java:29)</br><br>
	at steps.E2EOrderPlaced_Steps.AgreementsPageConfirmation(E2EOrderPlaced_Steps.java:532)</br><br>
	at &#10045;.And Continue to Agreements page and confirm all the agreement checks(FNT_MorethanMaxTransaction_Deny.feature:16)</br><br>
</br></div></td></tr><tr class="skipped"><td><b>And </b> Continue to Review page and review the order</td><td width="100">0.00s</td></tr><tr class="skipped"><td><b>Then </b> order confirmation is displayed</td><td width="100">0.00s</td></tr></table></td></tr><tr class="passed"><td>After</td><td colspan="2"></td><td width="100">5.03s</td></tr><tr class="passed"><td colspan="4"><br></br></td></tr><tr><td colspan="5"><sup><a href="#top">Back to Table of Contents</a></sup></td></tr></table></td></tr><tr><td colspan="5"></td></tr><tr class="failed"><td colspan="4"><b>Feature:</b> <a id="feature-cfa-paym-phones-additional-information-and-order-confired">CFA PayM phones Additional information and Order confired</a></td></tr><tr class="failed_description"><td colspan="4"><br></br></td></tr><tr class="failed"><td><small><b>Passed:</b> 0</small></td><td><small><b>Failed:</b> 1</small></td><td><small><b>Undefined:</b> 0</small></td><td><small>Duration: 252.31s</small></td></tr><tr class="failed"><td colspan="4" style="padding-left:20px"> <table width="100%"><tr class="failed"><td colspan="4"><b>Scenario Outline:</b> <a id="sc-cfa-paym-phones-additional-information-and-order-confired;cfa-paym-phones-additional-information-and-order-confirmed;;2">CFA PayM phones Additional information and Order confirmed</a></td></tr><tr class="failed_description"><td colspan="4"><br></br></td></tr><tr class="failed"><td><small><b>Passed:</b> 10</small></td><td><small><b>Failed:</b> 1</small></td><td><small><b>Undefined:</b> 1</small></td><td><small>Duration: 252.31s</small></td></tr><tr class="passed"><td>Before</td><td colspan="2"></td><td width="100">13.67s</td></tr><tr class="passed"><td colspan="4"><br></br></td></tr><tr class="failed"><td colspan="4" style="padding-left:20px"> <table width="100%"><tr class="passed"><td><b>Given </b> I am an CFA user and Lands on shop page</td><td width="100">0.03s</td></tr><tr class="passed"><td><b>And </b> navigate to PAYM Phones page</td><td width="100">22.37s</td></tr><tr class="passed"><td><b>And </b> I choose PayM GalaxyS7</td><td width="100">0.65s</td></tr><tr class="passed"><td><b>And </b> Navigate to device details page</td><td width="100">19.88s</td></tr><tr class="passed"><td><b>And </b> Land on the 'Tariffs and extra' page</td><td width="100">0.66s</td></tr><tr class="passed"><td><b>And </b> I Land on the basket page and choose to collect from store</td><td width="100">28.61s</td></tr><tr class="passed"><td><b>And </b> click on &quot;go to checkout&quot; button</td><td width="100">29.69s</td></tr><tr class="passed"><td><b>And </b> input TEST and ADDINFOI and other valid details in Delivery page for Click and collect and Click on the 'Continue button'</td><td width="100">8.14s</td></tr><tr class="passed"><td><b>And </b> land on the payment page and input TEST ADDINFOI and other details for Click and collect order and click 'Continue on next step'</td><td width="100">54.29s</td></tr><tr class="passed"><td><b>Then </b> Additional information page should be displayed</td><td width="100">18.32s</td></tr><tr class="failed"><td><b>And </b> upon entering Valid details with valid new TEST ACCEPTA and card number</td><td width="100">51.38s</td></tr><tr class="failed"><td colspan="2"><div><br>org.openqa.selenium.NoSuchElementException: no such element: Unable to locate element: {&quot;method&quot;:&quot;id&quot;,&quot;selector&quot;:&quot;btnPayNow&quot;}
  (Session info: chrome=57.0.2987.133)
  (Driver info: chromedriver=2.28.455520 (cc17746adff54984afff480136733114c6b3704b),platform=Windows NT 6.1.7601 SP1 x86) (WARNING: The server did not provide any stacktrace information)
Command duration or timeout: 25.08 seconds
For documentation on this error, please visit: http://seleniumhq.org/exceptions/no_such_element.html
Build info: version: '3.0.1', revision: '1969d75', time: '2016-10-18 09:49:13 -0700'
System info: host: 'LASST266393', ip: '10.172.59.171', os.name: 'Windows 7', os.arch: 'x86', os.version: '6.1', java.version: '1.8.0_121'
Driver info: org.openqa.selenium.chrome.ChromeDriver
Capabilities [{applicationCacheEnabled=false, rotatable=false, mobileEmulationEnabled=false, networkConnectionEnabled=false, chrome={chromedriverVersion=2.28.455520 (cc17746adff54984afff480136733114c6b3704b), userDataDir=C:UsersvMalalu1AppDataLocalTempscoped_dir8964_25621}, takesHeapSnapshot=true, pageLoadStrategy=normal, databaseEnabled=false, handlesAlerts=true, hasTouchScreen=false, version=57.0.2987.133, platform=XP, browserConnectionEnabled=false, nativeEvents=true, acceptSslCerts=true, locationContextEnabled=true, webStorageEnabled=true, browserName=chrome, takesScreenshot=true, javascriptEnabled=true, cssSelectorsEnabled=true, unexpectedAlertBehaviour=}]
Session ID: fe6896fe610d91d584e70fa66e6193d3
*** Element info: {Using=id, value=btnPayNow}</br><br>
	at sun.reflect.NativeConstructorAccessorImpl.newInstance0(Native Method)</br><br>
	at sun.reflect.NativeConstructorAccessorImpl.newInstance(NativeConstructorAccessorImpl.java:62)</br><br>
	at sun.reflect.DelegatingConstructorAccessorImpl.newInstance(DelegatingConstructorAccessorImpl.java:45)</br><br>
	at java.lang.reflect.Constructor.newInstance(Constructor.java:423)</br><br>
	at org.openqa.selenium.remote.ErrorHandler.createThrowable(ErrorHandler.java:216)</br><br>
	at org.openqa.selenium.remote.ErrorHandler.throwIfResponseFailed(ErrorHandler.java:168)</br><br>
	at org.openqa.selenium.remote.RemoteWebDriver.execute(RemoteWebDriver.java:635)</br><br>
	at org.openqa.selenium.remote.RemoteWebDriver.findElement(RemoteWebDriver.java:368)</br><br>
	at org.openqa.selenium.remote.RemoteWebDriver.findElementById(RemoteWebDriver.java:417)</br><br>
	at org.openqa.selenium.By&#36;ById.findElement(By.java:218)</br><br>
	at org.openqa.selenium.remote.RemoteWebDriver.findElement(RemoteWebDriver.java:360)</br><br>
	at org.openqa.selenium.support.pagefactory.DefaultElementLocator.findElement(DefaultElementLocator.java:69)</br><br>
	at org.openqa.selenium.support.pagefactory.internal.LocatingElementHandler.invoke(LocatingElementHandler.java:38)</br><br>
	at com.sun.proxy.&#36;Proxy17.click(Unknown Source)</br><br>
	at actionsPerformed.AdditionalInformationPageActions.ClickOn(AdditionalInformationPageActions.java:83)</br><br>
	at steps.E2EOrderPlaced_Steps.EnterValidCard(E2EOrderPlaced_Steps.java:517)</br><br>
	at &#10045;.And upon entering Valid details with valid new TEST ACCEPTA and card number(FNT_PayMPhonesAdditionalDepositConfirmation.feature:15)</br><br>
</br></div></td></tr><tr class="skipped"><td><b>Then </b> order confirmation is displayed</td><td width="100">0.00s</td></tr></table></td></tr><tr class="passed"><td>After</td><td colspan="2"></td><td width="100">4.62s</td></tr><tr class="passed"><td colspan="4"><br></br></td></tr><tr><td colspan="5"><sup><a href="#top">Back to Table of Contents</a></sup></td></tr></table></td></tr><tr><td colspan="5"></td></tr><tr class="passed"><td colspan="4"><b>Feature:</b> <a id="feature-cfa-paym-phones-click-and-collect-scenario-with-e2e-journey">CFA PayM Phones Click and collect scenario with E2E journey</a></td></tr><tr class="passed_description"><td colspan="4"><br></br></td></tr><tr class="passed"><td><small><b>Passed:</b> 1</small></td><td><small><b>Failed:</b> 0</small></td><td><small><b>Undefined:</b> 0</small></td><td><small>Duration: 235.10s</small></td></tr><tr class="passed"><td colspan="4" style="padding-left:20px"> <table width="100%"><tr class="passed"><td colspan="4"><b>Scenario Outline:</b> <a id="sc-cfa-paym-phones-click-and-collect-scenario-with-e2e-journey;cfa-paym-phones-click-and-collect-scenario-with-e2e-journey;;2">CFA PayM Phones Click and collect scenario with E2E journey</a></td></tr><tr class="passed_description"><td colspan="4"><br></br></td></tr><tr class="passed"><td><small><b>Passed:</b> 12</small></td><td><small><b>Failed:</b> 0</small></td><td><small><b>Undefined:</b> 0</small></td><td><small>Duration: 235.10s</small></td></tr><tr class="passed"><td>Before</td><td colspan="2"></td><td width="100">14.83s</td></tr><tr class="passed"><td colspan="4"><br></br></td></tr><tr class="passed"><td colspan="4" style="padding-left:20px"> <table width="100%"><tr class="passed"><td><b>Given </b> I am an CFA user and Lands on shop page</td><td width="100">0.04s</td></tr><tr class="passed"><td><b>And </b> navigate to PAYM Phones page</td><td width="100">22.82s</td></tr><tr class="passed"><td><b>And </b> I choose PayM GalaxyS7</td><td width="100">0.68s</td></tr><tr class="passed"><td><b>And </b> Navigate to device details page</td><td width="100">20.30s</td></tr><tr class="passed"><td><b>And </b> Land on the 'Tariffs and extra' page</td><td width="100">0.53s</td></tr><tr class="passed"><td><b>And </b> I Land on the basket page and choose to collect from store</td><td width="100">29.51s</td></tr><tr class="passed"><td><b>And </b> click on &quot;go to checkout&quot; button</td><td width="100">17.64s</td></tr><tr class="passed"><td><b>And </b> input TEST and ACCEPTA and other valid details in Delivery page for Click and collect and Click on the 'Continue button'</td><td width="100">8.20s</td></tr><tr class="passed"><td><b>And </b> land on the payment page and input TEST ACCEPTA and other details for Click and collect order and click 'Continue on next step'</td><td width="100">54.68s</td></tr><tr class="passed"><td><b>And </b> Continue to Agreements page and confirm all the agreement checks</td><td width="100">51.72s</td></tr><tr class="passed"><td><b>And </b> Continue to Review page and review the order</td><td width="100">9.36s</td></tr><tr class="passed"><td><b>Then </b> order confirmation is displayed</td><td width="100">0.27s</td></tr></table></td></tr><tr class="passed"><td>After</td><td colspan="2"></td><td width="100">4.53s</td></tr><tr class="passed"><td colspan="4"><br></br></td></tr><tr><td colspan="5"><sup><a href="#top">Back to Table of Contents</a></sup></td></tr></table></td></tr><tr><td colspan="5"></td></tr><tr class="passed"><td colspan="4"><b>Feature:</b> <a id="feature-cfa-paym-phones-straight-order-declined">CFA PayM phones Straight Order Declined</a></td></tr><tr class="passed_description"><td colspan="4"><br></br></td></tr><tr class="passed"><td><small><b>Passed:</b> 1</small></td><td><small><b>Failed:</b> 0</small></td><td><small><b>Undefined:</b> 0</small></td><td><small>Duration: 215.40s</small></td></tr><tr class="passed"><td colspan="4" style="padding-left:20px"> <table width="100%"><tr class="passed"><td colspan="4"><b>Scenario Outline:</b> <a id="sc-cfa-paym-phones-straight-order-declined;cfa-paym-phones-straight-order-declined;;2">CFA PayM phones Straight Order Declined</a></td></tr><tr class="passed_description"><td colspan="4"><br></br></td></tr><tr class="passed"><td><small><b>Passed:</b> 10</small></td><td><small><b>Failed:</b> 0</small></td><td><small><b>Undefined:</b> 0</small></td><td><small>Duration: 215.40s</small></td></tr><tr class="passed"><td>Before</td><td colspan="2"></td><td width="100">15.49s</td></tr><tr class="passed"><td colspan="4"><br></br></td></tr><tr class="passed"><td colspan="4" style="padding-left:20px"> <table width="100%"><tr class="passed"><td><b>Given </b> I am an CFA user and Lands on shop page</td><td width="100">0.18s</td></tr><tr class="passed"><td><b>And </b> navigate to PAYM Phones page</td><td width="100">24.67s</td></tr><tr class="passed"><td><b>And </b> I choose PayM GalaxyS7</td><td width="100">0.81s</td></tr><tr class="passed"><td><b>And </b> Navigate to device details page</td><td width="100">23.63s</td></tr><tr class="passed"><td><b>And </b> Land on the 'Tariffs and extra' page</td><td width="100">0.76s</td></tr><tr class="passed"><td><b>And </b> I Land on the basket page and choose to collect from store</td><td width="100">29.20s</td></tr><tr class="passed"><td><b>And </b> click on &quot;go to checkout&quot; button</td><td width="100">31.21s</td></tr><tr class="passed"><td><b>And </b> input TEST and DECLINEA and other valid details in Delivery page for Click and collect and Click on the 'Continue button'</td><td width="100">8.72s</td></tr><tr class="passed"><td><b>And </b> land on the payment page and input TEST DECLINEA and other details for Click and collect order and click 'Continue on next step'</td><td width="100">63.05s</td></tr><tr class="passed"><td><b>Then </b> Order Decline page should be displayed</td><td width="100">15.08s</td></tr></table></td></tr><tr class="passed"><td>After</td><td colspan="2"></td><td width="100">2.59s</td></tr><tr class="passed"><td colspan="4"><br></br></td></tr><tr><td colspan="5"><sup><a href="#top">Back to Table of Contents</a></sup></td></tr></table></td></tr><tr><td colspan="5"></td></tr><tr class="passed"><td colspan="4"><b>Feature:</b> <a id="feature-cfa-paym-phones-home-delivery-e2e-journey-with-accessory">CFA PayM Phones Home delivery E2E journey with Accessory</a></td></tr><tr class="passed_description"><td colspan="4"><br></br></td></tr><tr class="passed"><td><small><b>Passed:</b> 1</small></td><td><small><b>Failed:</b> 0</small></td><td><small><b>Undefined:</b> 0</small></td><td><small>Duration: 214.16s</small></td></tr><tr class="passed"><td colspan="4" style="padding-left:20px"> <table width="100%"><tr class="passed"><td colspan="4"><b>Scenario Outline:</b> <a id="sc-cfa-paym-phones-home-delivery-e2e-journey-with-accessory;cfa-paym-phones-home-delivery-e2e-journey-with-accessory;;2">CFA PayM Phones Home delivery E2E journey with Accessory</a></td></tr><tr class="passed_description"><td colspan="4"><br></br></td></tr><tr class="passed"><td><small><b>Passed:</b> 13</small></td><td><small><b>Failed:</b> 0</small></td><td><small><b>Undefined:</b> 0</small></td><td><small>Duration: 214.16s</small></td></tr><tr class="passed"><td>Before</td><td colspan="2"></td><td width="100">15.08s</td></tr><tr class="passed"><td colspan="4"><br></br></td></tr><tr class="passed"><td colspan="4" style="padding-left:20px"> <table width="100%"><tr class="passed"><td><b>Given </b> I am an CFA user and Lands on shop page</td><td width="100">0.03s</td></tr><tr class="passed"><td><b>And </b> navigate to PAYM Phones page</td><td width="100">22.58s</td></tr><tr class="passed"><td><b>And </b> I choose PayM GalaxyS7</td><td width="100">0.76s</td></tr><tr class="passed"><td><b>And </b> Navigate to device details page</td><td width="100">19.25s</td></tr><tr class="passed"><td><b>And </b> Land on the 'Tariffs and extra' page</td><td width="100">0.58s</td></tr><tr class="passed"><td><b>And </b> Choose some Accesssory</td><td width="100">5.12s</td></tr><tr class="passed"><td><b>And </b> I Land on the basket page and choose home delivery option</td><td width="100">11.94s</td></tr><tr class="passed"><td><b>And </b> click on &quot;go to checkout&quot; button</td><td width="100">11.66s</td></tr><tr class="passed"><td><b>And </b> input TEST and ACCEPTA and other valid details in Delivery page and Click on the 'Continue button'</td><td width="100">19.22s</td></tr><tr class="passed"><td><b>And </b> land on the payment page and input TEST ACCEPTA and other details and click 'Continue on next step'</td><td width="100">41.11s</td></tr><tr class="passed"><td><b>And </b> Continue to Agreements page and confirm all the agreement checks</td><td width="100">53.41s</td></tr><tr class="passed"><td><b>And </b> Continue to Review page and review the order for Trustev details</td><td width="100">10.83s</td></tr><tr class="passed"><td><b>Then </b> order confirmation is displayed</td><td width="100">0.28s</td></tr></table></td></tr><tr class="passed"><td>After</td><td colspan="2"></td><td width="100">2.30s</td></tr><tr class="passed"><td colspan="4"><br></br></td></tr><tr><td colspan="5"><sup><a href="#top">Back to Table of Contents</a></sup></td></tr></table></td></tr><tr><td colspan="5"></td></tr><tr class="passed"><td colspan="4"><b>Feature:</b> <a id="feature-cfa-paym-phones-home-delivery-e2e-journey">CFA PayM Phones Home delivery E2E journey</a></td></tr><tr class="passed_description"><td colspan="4"><br></br></td></tr><tr class="passed"><td><small><b>Passed:</b> 1</small></td><td><small><b>Failed:</b> 0</small></td><td><small><b>Undefined:</b> 0</small></td><td><small>Duration: 226.76s</small></td></tr><tr class="passed"><td colspan="4" style="padding-left:20px"> <table width="100%"><tr class="passed"><td colspan="4"><b>Scenario Outline:</b> <a id="sc-cfa-paym-phones-home-delivery-e2e-journey;cfa-paym-phones-home-delivery-e2e-journey;;2">CFA PayM Phones Home delivery E2E journey</a></td></tr><tr class="passed_description"><td colspan="4"><br></br></td></tr><tr class="passed"><td><small><b>Passed:</b> 12</small></td><td><small><b>Failed:</b> 0</small></td><td><small><b>Undefined:</b> 0</small></td><td><small>Duration: 226.76s</small></td></tr><tr class="passed"><td>Before</td><td colspan="2"></td><td width="100">13.60s</td></tr><tr class="passed"><td colspan="4"><br></br></td></tr><tr class="passed"><td colspan="4" style="padding-left:20px"> <table width="100%"><tr class="passed"><td><b>Given </b> I am an CFA user and Lands on shop page</td><td width="100">0.03s</td></tr><tr class="passed"><td><b>And </b> navigate to PAYM Phones page</td><td width="100">22.44s</td></tr><tr class="passed"><td><b>And </b> I choose PayM GalaxyS7</td><td width="100">0.79s</td></tr><tr class="passed"><td><b>And </b> Navigate to device details page</td><td width="100">21.42s</td></tr><tr class="passed"><td><b>And </b> Land on the 'Tariffs and extra' page</td><td width="100">0.68s</td></tr><tr class="passed"><td><b>And </b> I Land on the basket page and choose home delivery option</td><td width="100">12.59s</td></tr><tr class="passed"><td><b>And </b> click on &quot;go to checkout&quot; button</td><td width="100">19.87s</td></tr><tr class="passed"><td><b>And </b> input TEST and ACCEPTA and other valid details in Delivery page and Click on the 'Continue button'</td><td width="100">18.60s</td></tr><tr class="passed"><td><b>And </b> land on the payment page and input TEST ACCEPTA and other details and click 'Continue on next step'</td><td width="100">40.42s</td></tr><tr class="passed"><td><b>And </b> Continue to Agreements page and confirm all the agreement checks</td><td width="100">62.65s</td></tr><tr class="passed"><td><b>And </b> Continue to Review page and review the order for Trustev details</td><td width="100">0.58s</td></tr><tr class="passed"><td><b>Then </b> order confirmation is displayed</td><td width="100">8.52s</td></tr></table></td></tr><tr class="passed"><td>After</td><td colspan="2"></td><td width="100">4.58s</td></tr><tr class="passed"><td colspan="4"><br></br></td></tr><tr><td colspan="5"><sup><a href="#top">Back to Table of Contents</a></sup></td></tr></table></td></tr><tr><td colspan="5"></td></tr><tr class="failed"><td colspan="4"><b>Feature:</b> <a id="feature-volte-paym-phones-click-and-collect-scenario-with-e2e-journey">Volte PayM Phones Click and collect scenario with E2E journey</a></td></tr><tr class="failed_description"><td colspan="4"><br></br></td></tr><tr class="failed"><td><small><b>Passed:</b> 0</small></td><td><small><b>Failed:</b> 1</small></td><td><small><b>Undefined:</b> 0</small></td><td><small>Duration: 285.69s</small></td></tr><tr class="failed"><td colspan="4" style="padding-left:20px"> <table width="100%"><tr class="failed"><td colspan="4"><b>Scenario Outline:</b> <a id="sc-volte-paym-phones-click-and-collect-scenario-with-e2e-journey;volte-paym-phones-click-and-collect-scenario-with-e2e-journey;;2">Volte PayM Phones Click and collect scenario with E2E journey</a></td></tr><tr class="failed_description"><td colspan="4"><br></br></td></tr><tr class="failed"><td><small><b>Passed:</b> 9</small></td><td><small><b>Failed:</b> 1</small></td><td><small><b>Undefined:</b> 1</small></td><td><small>Duration: 285.69s</small></td></tr><tr class="passed"><td>Before</td><td colspan="2"></td><td width="100">13.44s</td></tr><tr class="passed"><td colspan="4"><br></br></td></tr><tr class="failed"><td colspan="4" style="padding-left:20px"> <table width="100%"><tr class="passed"><td><b>Given </b> I am an CFA user and Lands on shop page</td><td width="100">0.08s</td></tr><tr class="passed"><td><b>And </b> navigate to PAYM Phones page</td><td width="100">21.89s</td></tr><tr class="passed"><td><b>And </b> I choose PayM Iphone7</td><td width="100">0.74s</td></tr><tr class="passed"><td><b>And </b> Navigate to device details page</td><td width="100">14.66s</td></tr><tr class="passed"><td><b>And </b> Land on the 'Tariffs and extra' page</td><td width="100">57.93s</td></tr><tr class="passed"><td><b>And </b> I Land on the basket page and choose to collect from store</td><td width="100">25.63s</td></tr><tr class="passed"><td><b>And </b> click on &quot;go to checkout&quot; button</td><td width="100">17.89s</td></tr><tr class="passed"><td><b>And </b> input TEST and ACCEPTA and other valid details in Delivery page for Click and collect and Click on the 'Continue button'</td><td width="100">10.46s</td></tr><tr class="passed"><td><b>And </b> land on the payment page and input TEST ACCEPTA and other details for Click and collect order and click 'Continue on next step'</td><td width="100">55.63s</td></tr><tr class="failed"><td><b>And </b> Continue to Review page and review the order</td><td width="100">60.59s</td></tr><tr class="failed"><td colspan="2"><div><br>org.openqa.selenium.NoSuchElementException: no such element: Unable to locate element: {&quot;method&quot;:&quot;id&quot;,&quot;selector&quot;:&quot;terms&quot;}
  (Session info: chrome=57.0.2987.133)
  (Driver info: chromedriver=2.28.455520 (cc17746adff54984afff480136733114c6b3704b),platform=Windows NT 6.1.7601 SP1 x86) (WARNING: The server did not provide any stacktrace information)
Command duration or timeout: 60.54 seconds
For documentation on this error, please visit: http://seleniumhq.org/exceptions/no_such_element.html
Build info: version: '3.0.1', revision: '1969d75', time: '2016-10-18 09:49:13 -0700'
System info: host: 'LASST266393', ip: '10.172.59.171', os.name: 'Windows 7', os.arch: 'x86', os.version: '6.1', java.version: '1.8.0_121'
Driver info: org.openqa.selenium.chrome.ChromeDriver
Capabilities [{applicationCacheEnabled=false, rotatable=false, mobileEmulationEnabled=false, networkConnectionEnabled=false, chrome={chromedriverVersion=2.28.455520 (cc17746adff54984afff480136733114c6b3704b), userDataDir=C:UsersvMalalu1AppDataLocalTempscoped_dir10068_3518}, takesHeapSnapshot=true, pageLoadStrategy=normal, databaseEnabled=false, handlesAlerts=true, hasTouchScreen=false, version=57.0.2987.133, platform=XP, browserConnectionEnabled=false, nativeEvents=true, acceptSslCerts=true, locationContextEnabled=true, webStorageEnabled=true, browserName=chrome, takesScreenshot=true, javascriptEnabled=true, cssSelectorsEnabled=true, unexpectedAlertBehaviour=}]
Session ID: 353b48e01751bda1e8736de7b6a4683a
*** Element info: {Using=id, value=terms}</br><br>
	at sun.reflect.NativeConstructorAccessorImpl.newInstance0(Native Method)</br><br>
	at sun.reflect.NativeConstructorAccessorImpl.newInstance(NativeConstructorAccessorImpl.java:62)</br><br>
	at sun.reflect.DelegatingConstructorAccessorImpl.newInstance(DelegatingConstructorAccessorImpl.java:45)</br><br>
	at java.lang.reflect.Constructor.newInstance(Constructor.java:423)</br><br>
	at org.openqa.selenium.remote.ErrorHandler.createThrowable(ErrorHandler.java:216)</br><br>
	at org.openqa.selenium.remote.ErrorHandler.throwIfResponseFailed(ErrorHandler.java:168)</br><br>
	at org.openqa.selenium.remote.RemoteWebDriver.execute(RemoteWebDriver.java:635)</br><br>
	at org.openqa.selenium.remote.RemoteWebDriver.findElement(RemoteWebDriver.java:368)</br><br>
	at org.openqa.selenium.remote.RemoteWebDriver.findElementById(RemoteWebDriver.java:417)</br><br>
	at org.openqa.selenium.By&#36;ById.findElement(By.java:218)</br><br>
	at org.openqa.selenium.remote.RemoteWebDriver.findElement(RemoteWebDriver.java:360)</br><br>
	at org.openqa.selenium.support.pagefactory.DefaultElementLocator.findElement(DefaultElementLocator.java:69)</br><br>
	at org.openqa.selenium.support.pagefactory.internal.LocatingElementHandler.invoke(LocatingElementHandler.java:38)</br><br>
	at com.sun.proxy.&#36;Proxy17.click(Unknown Source)</br><br>
	at actionsPerformed.ReviewPageActions.TermsCheckBox(ReviewPageActions.java:28)</br><br>
	at steps.E2EOrderPlaced_Steps.ReviewPageConfirmation(E2EOrderPlaced_Steps.java:555)</br><br>
	at &#10045;.And Continue to Review page and review the order(VOLTE_PayMPhonesClickAndCollect.feature:14)</br><br>
</br></div></td></tr><tr class="skipped"><td><b>Then </b> order confirmation is displayed with Volte message</td><td width="100">0.00s</td></tr></table></td></tr><tr class="passed"><td>After</td><td colspan="2"></td><td width="100">6.75s</td></tr><tr class="passed"><td colspan="4"><br></br></td></tr><tr><td colspan="5"><sup><a href="#top">Back to Table of Contents</a></sup></td></tr></table></td></tr><tr><td colspan="5"></td></tr><tr class="failed"><td colspan="4"><b>Feature:</b> <a id="feature-cfa-paym-phones-home-delivery-e2e-journey-with-accessory">CFA PayM Phones Home delivery E2E journey with Accessory</a></td></tr><tr class="failed_description"><td colspan="4"><br></br></td></tr><tr class="failed"><td><small><b>Passed:</b> 0</small></td><td><small><b>Failed:</b> 1</small></td><td><small><b>Undefined:</b> 0</small></td><td><small>Duration: 229.69s</small></td></tr><tr class="failed"><td colspan="4" style="padding-left:20px"> <table width="100%"><tr class="failed"><td colspan="4"><b>Scenario Outline:</b> <a id="sc-cfa-paym-phones-home-delivery-e2e-journey-with-accessory;cfa-paym-phones-home-delivery-e2e-journey-with-accessory;;2">CFA PayM Phones Home delivery E2E journey with Accessory</a></td></tr><tr class="failed_description"><td colspan="4"><br></br></td></tr><tr class="failed"><td><small><b>Passed:</b> 9</small></td><td><small><b>Failed:</b> 1</small></td><td><small><b>Undefined:</b> 3</small></td><td><small>Duration: 229.69s</small></td></tr><tr class="passed"><td>Before</td><td colspan="2"></td><td width="100">63.52s</td></tr><tr class="passed"><td colspan="4"><br></br></td></tr><tr class="failed"><td colspan="4" style="padding-left:20px"> <table width="100%"><tr class="passed"><td><b>Given </b> I am an CFA user and Lands on shop page</td><td width="100">0.06s</td></tr><tr class="passed"><td><b>And </b> navigate to PAYM Phones page</td><td width="100">32.77s</td></tr><tr class="passed"><td><b>And </b> I choose PayM Iphone7</td><td width="100">3.54s</td></tr><tr class="passed"><td><b>And </b> Navigate to device details page</td><td width="100">28.67s</td></tr><tr class="passed"><td><b>And </b> Land on the 'Tariffs and extra' page</td><td width="100">3.62s</td></tr><tr class="passed"><td><b>And </b> Choose some Accesssory</td><td width="100">6.10s</td></tr><tr class="passed"><td><b>And </b> I Land on the basket page and choose home delivery option</td><td width="100">21.76s</td></tr><tr class="passed"><td><b>And </b> click on &quot;go to checkout&quot; button</td><td width="100">14.29s</td></tr><tr class="passed"><td><b>And </b> input TEST and &lt;surname&gt; and other valid details in Delivery page and Click on the 'Continue button'</td><td width="100">28.46s</td></tr><tr class="failed"><td><b>And </b> land on the payment page and input &lt;username&gt; and other details and click 'Continue on next step'</td><td width="100">15.52s</td></tr><tr class="failed"><td colspan="2"><div><br>org.openqa.selenium.NoSuchElementException: no such element: Unable to locate element: {&quot;method&quot;:&quot;id&quot;,&quot;selector&quot;:&quot;accountName&quot;}
  (Session info: chrome=57.0.2987.133)
  (Driver info: chromedriver=2.28.455520 (cc17746adff54984afff480136733114c6b3704b),platform=Windows NT 6.1.7601 SP1 x86) (WARNING: The server did not provide any stacktrace information)
Command duration or timeout: 15.44 seconds
For documentation on this error, please visit: http://seleniumhq.org/exceptions/no_such_element.html
Build info: version: '3.0.1', revision: '1969d75', time: '2016-10-18 09:49:13 -0700'
System info: host: 'LASST266393', ip: '10.172.59.171', os.name: 'Windows 7', os.arch: 'x86', os.version: '6.1', java.version: '1.8.0_121'
Driver info: org.openqa.selenium.chrome.ChromeDriver
Capabilities [{applicationCacheEnabled=false, rotatable=false, mobileEmulationEnabled=false, networkConnectionEnabled=false, chrome={chromedriverVersion=2.28.455520 (cc17746adff54984afff480136733114c6b3704b), userDataDir=C:UsersvMalalu1AppDataLocalTempscoped_dir6336_30067}, takesHeapSnapshot=true, pageLoadStrategy=normal, databaseEnabled=false, handlesAlerts=true, hasTouchScreen=false, version=57.0.2987.133, platform=XP, browserConnectionEnabled=false, nativeEvents=true, acceptSslCerts=true, locationContextEnabled=true, webStorageEnabled=true, browserName=chrome, takesScreenshot=true, javascriptEnabled=true, cssSelectorsEnabled=true, unexpectedAlertBehaviour=}]
Session ID: 2ee6298cf86fcd6f1e153d428c801364
*** Element info: {Using=id, value=accountName}</br><br>
	at sun.reflect.NativeConstructorAccessorImpl.newInstance0(Native Method)</br><br>
	at sun.reflect.NativeConstructorAccessorImpl.newInstance(NativeConstructorAccessorImpl.java:62)</br><br>
	at sun.reflect.DelegatingConstructorAccessorImpl.newInstance(DelegatingConstructorAccessorImpl.java:45)</br><br>
	at java.lang.reflect.Constructor.newInstance(Constructor.java:423)</br><br>
	at org.openqa.selenium.remote.ErrorHandler.createThrowable(ErrorHandler.java:216)</br><br>
	at org.openqa.selenium.remote.ErrorHandler.throwIfResponseFailed(ErrorHandler.java:168)</br><br>
	at org.openqa.selenium.remote.RemoteWebDriver.execute(RemoteWebDriver.java:635)</br><br>
	at org.openqa.selenium.remote.RemoteWebDriver.findElement(RemoteWebDriver.java:368)</br><br>
	at org.openqa.selenium.remote.RemoteWebDriver.findElementById(RemoteWebDriver.java:417)</br><br>
	at org.openqa.selenium.By&#36;ById.findElement(By.java:218)</br><br>
	at org.openqa.selenium.remote.RemoteWebDriver.findElement(RemoteWebDriver.java:360)</br><br>
	at org.openqa.selenium.support.pagefactory.DefaultElementLocator.findElement(DefaultElementLocator.java:69)</br><br>
	at org.openqa.selenium.support.pagefactory.internal.LocatingElementHandler.invoke(LocatingElementHandler.java:38)</br><br>
	at com.sun.proxy.&#36;Proxy17.sendKeys(Unknown Source)</br><br>
	at actionsPerformed.PaymentPageActions.Set_Bank_details(PaymentPageActions.java:23)</br><br>
	at steps.E2EOrderPlaced_Steps.CreditCheckPaymentPage_HomeDelivery(E2EOrderPlaced_Steps.java:439)</br><br>
	at &#10045;.And land on the payment page and input &lt;username&gt; and other details and click 'Continue on next step'(VOLTE_PayMPhonesHomeDeliveryWithAccessory.feature:14)</br><br>
</br></div></td></tr><tr class="skipped"><td><b>And </b> Continue to Agreements page and confirm all the agreement checks</td><td width="100">0.00s</td></tr><tr class="skipped"><td><b>And </b> Continue to Review page and review the order</td><td width="100">0.00s</td></tr><tr class="skipped"><td><b>Then </b> order confirmation is displayed with Volte message</td><td width="100">0.00s</td></tr></table></td></tr><tr class="passed"><td>After</td><td colspan="2"></td><td width="100">11.39s</td></tr><tr class="passed"><td colspan="4"><br></br></td></tr><tr><td colspan="5"><sup><a href="#top">Back to Table of Contents</a></sup></td></tr></table></td></tr><tr><td colspan="5"></td></tr><tr class="failed"><td colspan="4"><b>Feature:</b> <a id="feature-cfa-paym-phones-home-delivery-e2e-journey">CFA PayM Phones Home delivery E2E journey</a></td></tr><tr class="failed_description"><td colspan="4"><br></br></td></tr><tr class="failed"><td><small><b>Passed:</b> 0</small></td><td><small><b>Failed:</b> 1</small></td><td><small><b>Undefined:</b> 0</small></td><td><small>Duration: 196.86s</small></td></tr><tr class="failed"><td colspan="4" style="padding-left:20px"> <table width="100%"><tr class="failed"><td colspan="4"><b>Scenario Outline:</b> <a id="sc-cfa-paym-phones-home-delivery-e2e-journey;cfa-paym-phones-home-delivery-e2e-journey;;2">CFA PayM Phones Home delivery E2E journey</a></td></tr><tr class="failed_description"><td colspan="4"><br></br></td></tr><tr class="failed"><td><small><b>Passed:</b> 8</small></td><td><small><b>Failed:</b> 1</small></td><td><small><b>Undefined:</b> 3</small></td><td><small>Duration: 196.86s</small></td></tr><tr class="passed"><td>Before</td><td colspan="2"></td><td width="100">73.85s</td></tr><tr class="passed"><td colspan="4"><br></br></td></tr><tr class="failed"><td colspan="4" style="padding-left:20px"> <table width="100%"><tr class="passed"><td><b>Given </b> I am an CFA user and Lands on shop page</td><td width="100">0.05s</td></tr><tr class="passed"><td><b>And </b> navigate to PAYM Phones page</td><td width="100">22.91s</td></tr><tr class="passed"><td><b>And </b> I choose PayM Iphone7</td><td width="100">2.79s</td></tr><tr class="passed"><td><b>And </b> Navigate to device details page</td><td width="100">26.05s</td></tr><tr class="passed"><td><b>And </b> Land on the 'Tariffs and extra' page</td><td width="100">0.92s</td></tr><tr class="passed"><td><b>And </b> I Land on the basket page and choose home delivery option</td><td width="100">13.52s</td></tr><tr class="passed"><td><b>And </b> click on &quot;go to checkout&quot; button</td><td width="100">12.76s</td></tr><tr class="passed"><td><b>And </b> input TEST and &lt;surname&gt; and other valid details in Delivery page and Click on the 'Continue button'</td><td width="100">23.57s</td></tr><tr class="failed"><td><b>And </b> land on the payment page and input &lt;username&gt; and other details and click 'Continue on next step'</td><td width="100">15.32s</td></tr><tr class="failed"><td colspan="2"><div><br>org.openqa.selenium.NoSuchElementException: no such element: Unable to locate element: {&quot;method&quot;:&quot;id&quot;,&quot;selector&quot;:&quot;accountName&quot;}
  (Session info: chrome=57.0.2987.133)
  (Driver info: chromedriver=2.28.455520 (cc17746adff54984afff480136733114c6b3704b),platform=Windows NT 6.1.7601 SP1 x86) (WARNING: The server did not provide any stacktrace information)
Command duration or timeout: 15.23 seconds
For documentation on this error, please visit: http://seleniumhq.org/exceptions/no_such_element.html
Build info: version: '3.0.1', revision: '1969d75', time: '2016-10-18 09:49:13 -0700'
System info: host: 'LASST266393', ip: '10.172.59.171', os.name: 'Windows 7', os.arch: 'x86', os.version: '6.1', java.version: '1.8.0_121'
Driver info: org.openqa.selenium.chrome.ChromeDriver
Capabilities [{applicationCacheEnabled=false, rotatable=false, mobileEmulationEnabled=false, networkConnectionEnabled=false, chrome={chromedriverVersion=2.28.455520 (cc17746adff54984afff480136733114c6b3704b), userDataDir=C:UsersvMalalu1AppDataLocalTempscoped_dir7852_31318}, takesHeapSnapshot=true, pageLoadStrategy=normal, databaseEnabled=false, handlesAlerts=true, hasTouchScreen=false, version=57.0.2987.133, platform=XP, browserConnectionEnabled=false, nativeEvents=true, acceptSslCerts=true, locationContextEnabled=true, webStorageEnabled=true, browserName=chrome, takesScreenshot=true, javascriptEnabled=true, cssSelectorsEnabled=true, unexpectedAlertBehaviour=}]
Session ID: 1bbb22f9ecf5f2facd22e29c968075d4
*** Element info: {Using=id, value=accountName}</br><br>
	at sun.reflect.NativeConstructorAccessorImpl.newInstance0(Native Method)</br><br>
	at sun.reflect.NativeConstructorAccessorImpl.newInstance(NativeConstructorAccessorImpl.java:62)</br><br>
	at sun.reflect.DelegatingConstructorAccessorImpl.newInstance(DelegatingConstructorAccessorImpl.java:45)</br><br>
	at java.lang.reflect.Constructor.newInstance(Constructor.java:423)</br><br>
	at org.openqa.selenium.remote.ErrorHandler.createThrowable(ErrorHandler.java:216)</br><br>
	at org.openqa.selenium.remote.ErrorHandler.throwIfResponseFailed(ErrorHandler.java:168)</br><br>
	at org.openqa.selenium.remote.RemoteWebDriver.execute(RemoteWebDriver.java:635)</br><br>
	at org.openqa.selenium.remote.RemoteWebDriver.findElement(RemoteWebDriver.java:368)</br><br>
	at org.openqa.selenium.remote.RemoteWebDriver.findElementById(RemoteWebDriver.java:417)</br><br>
	at org.openqa.selenium.By&#36;ById.findElement(By.java:218)</br><br>
	at org.openqa.selenium.remote.RemoteWebDriver.findElement(RemoteWebDriver.java:360)</br><br>
	at org.openqa.selenium.support.pagefactory.DefaultElementLocator.findElement(DefaultElementLocator.java:69)</br><br>
	at org.openqa.selenium.support.pagefactory.internal.LocatingElementHandler.invoke(LocatingElementHandler.java:38)</br><br>
	at com.sun.proxy.&#36;Proxy17.sendKeys(Unknown Source)</br><br>
	at actionsPerformed.PaymentPageActions.Set_Bank_details(PaymentPageActions.java:23)</br><br>
	at steps.E2EOrderPlaced_Steps.CreditCheckPaymentPage_HomeDelivery(E2EOrderPlaced_Steps.java:439)</br><br>
	at &#10045;.And land on the payment page and input &lt;username&gt; and other details and click 'Continue on next step'(VOLTE_PayMPhonesHomeDeliveryWithoutAccessory.feature:14)</br><br>
</br></div></td></tr><tr class="skipped"><td><b>And </b> Continue to Agreements page and confirm all the agreement checks</td><td width="100">0.00s</td></tr><tr class="skipped"><td><b>And </b> Continue to Review page and review the order</td><td width="100">0.00s</td></tr><tr class="skipped"><td><b>Then </b> order confirmation is displayed with Volte message</td><td width="100">0.00s</td></tr></table></td></tr><tr class="passed"><td>After</td><td colspan="2"></td><td width="100">5.13s</td></tr><tr class="passed"><td colspan="4"><br></br></td></tr><tr><td colspan="5"><sup><a href="#top">Back to Table of Contents</a></sup></td></tr></table></td></tr><tr><td colspan="5"></td></tr></table>	
	</body>
</html>