<html>
<head><style type="text/css">h1 {background-color:#9999CC}
h2 {background-color:#BBBBCC}
h3 {background-color:#DDDDFF}
th {border:1px solid black;background-color:#CCCCDD;}
td{border:1px solid black;}
table {border:1px solid black;border-collapse: collapse;}
.chart {border:0px none black;border-collapse: collapse;background-color: none;}
.passed {background-color:lightgreen;font-weight:bold;color:darkgreen}
.failed {background-color:tomato;font-weight:bold;color:darkred}
.undefined {background-color:gold;font-weight:bold;color:goldenrod}
.skipped {background-color:silver;font-weight:bold;color:darkgray}
.passed_description {background-color:#D0FFD0;font-weight:bold;font-style:italic;color:black}
.failed_description {background-color:#FFA898;font-weight:bold;font-style:italic;color:black}
OL { counter-reset: item }
OL>LI { display: block }
OL>LI:before { content: counters(item, ".") " "; counter-increment: item }
</style>
<title>Detailed Results Report</title>
  </head>
  <body>
  <h1>Overview</h1>
<table><tr><th></th><th>Passed</th><th>Failed</th><th>Undefined</th><th>%Passed</th></tr><tr><th>Features</th><td class="passed">0</td><td class="failed">9</td><td class="undefined">19</td><td>0.00</td></tr><tr><th>Scenarios</th><td class="passed">0</td><td class="failed">9</td><td class="undefined">19</td><td>0.00</td></tr><tr><th>Steps</th><td class="passed">58</td><td class="failed">9</td><td class="undefined">316</td><td>15.14</td></tr></table><div><b>Overall Duration: 0h 00m 00s</b></div>
<a id="top"></a><h1>Table of Contents</h1><ol><li> <span class="failed"><a href="#feature-cfa-refresh-order-basket-review-page-and-confirmation-page">CFA Refresh Order Basket Review Page and Confirmation Page</a></span><ol><li> <span class="failed"><a href="#sc-cfa-refresh-order-basket-review-page-and-confirmation-page;cfa-refresh-order-basket-review-page-and-confirmation-page;;2">CFA Refresh Order Basket Review Page and Confirmation Page</a></span></li></ol></li><li> <span class="undefined"><a href="#feature-cfa-refresh-order-delayed-delivery-phone-with-delayed-delivery-accessory-basket-review-and-confirmation-page">CFA Refresh Order Delayed delivery phone with Delayed Delivery accessory Basket Review and Confirmation Page</a></span><ol><li> <span class="undefined"><a href="#sc-cfa-refresh-order-delayed-delivery-phone-with-delayed-delivery-accessory-basket-review-and-confirmation-page;;;2"></a></span></li></ol></li><li> <span class="undefined"><a href="#feature-cfa-refresh-order-delayed-delivery-phone-with-instock-accessory-basket-review-and-confirmation-page">CFA Refresh Order Delayed delivery phone with Instock accessory Basket Review and Confirmation Page</a></span><ol><li> <span class="undefined"><a href="#sc-cfa-refresh-order-delayed-delivery-phone-with-instock-accessory-basket-review-and-confirmation-page;;;2"></a></span></li></ol></li><li> <span class="undefined"><a href="#feature-cfa-refresh-order-preorder-phone-with-instock-accessory-basket-review-and-confirmation-page">CFA Refresh Order PreOrder phone with Instock accessory Basket Review and Confirmation Page</a></span><ol><li> <span class="undefined"><a href="#sc-cfa-refresh-order-preorder-phone-with-instock-accessory-basket-review-and-confirmation-page;;;2"></a></span></li></ol></li><li> <span class="failed"><a href="#feature-cfa-standard-order-basket-review-page-and-confirmation-page">CFA Standard Order Basket Review Page and Confirmation Page</a></span><ol><li> <span class="failed"><a href="#sc-cfa-standard-order-basket-review-page-and-confirmation-page;cfa-standard-order-basket-review-page-and-confirmation-page;;2">CFA Standard Order Basket Review Page and Confirmation Page</a></span></li></ol></li><li> <span class="failed"><a href="#feature-cfa-standard-order-delayed-delivery-phone-with-instock-accessory-basket-review-and-confirmation-page">CFA Standard Order Delayed delivery phone with Instock accessory Basket Review and Confirmation Page</a></span><ol><li> <span class="failed"><a href="#sc-cfa-standard-order-delayed-delivery-phone-with-instock-accessory-basket-review-and-confirmation-page;;;2"></a></span></li></ol></li><li> <span class="undefined"><a href="#feature-cfa-standard-order-preorder-phone-with-instock-accessory-basket-review-and-confirmation-page">CFA Standard Order PreOrder phone with Instock accessory Basket Review and Confirmation Page</a></span><ol><li> <span class="undefined"><a href="#sc-cfa-standard-order-preorder-phone-with-instock-accessory-basket-review-and-confirmation-page;;;2"></a></span></li></ol></li><li> <span class="undefined"><a href="#feature-cfu-refresh-order-delayed-delivery-phone-with-instock-accessory-basket-review-and-confirmation-page">CFU Refresh Order Delayed delivery phone with InStock Accessory Basket Review and Confirmation Page</a></span><ol><li> <span class="undefined"><a href="#sc-cfu-refresh-order-delayed-delivery-phone-with-instock-accessory-basket-review-and-confirmation-page;;;2"></a></span></li></ol></li><li> <span class="undefined"><a href="#feature-cfu-refresh-order-basket-review-page-and-confirmation-page">CFU Refresh Order Basket Review Page and Confirmation Page</a></span><ol><li> <span class="undefined"><a href="#sc-cfu-refresh-order-basket-review-page-and-confirmation-page;cfu-refresh-order-basket-review-page-and-confirmation-page;;2">CFU Refresh Order Basket Review Page and Confirmation Page</a></span></li></ol></li><li> <span class="undefined"><a href="#feature-cfu-standard-order-delayed-delivery-phone-with-instock-accessory-basket-review-and-confirmation-page">CFU Standard Order Delayed delivery phone with InStock Accessory Basket Review and Confirmation Page</a></span><ol><li> <span class="undefined"><a href="#sc-cfu-standard-order-delayed-delivery-phone-with-instock-accessory-basket-review-and-confirmation-page;;;2"></a></span></li></ol></li><li> <span class="undefined"><a href="#feature-existing-customer-refresh-order-ddphone-with-ddaccessory">Existing customer Refresh Order Ddphone with DDaccessory</a></span><ol><li> <span class="undefined"><a href="#sc-existing-customer-refresh-order-ddphone-with-ddaccessory;;;2"></a></span></li></ol></li><li> <span class="undefined"><a href="#feature-existing-customer-refresh-order-delayed-delivery-phone-with-instock-accessory-basket-review-and-confirmation-page">Existing customer Refresh Order Delayed delivery phone with Instock accessory Basket Review and Confirmation Page</a></span><ol><li> <span class="undefined"><a href="#sc-existing-customer-refresh-order-delayed-delivery-phone-with-instock-accessory-basket-review-and-confirmation-page;;;2"></a></span></li></ol></li><li> <span class="undefined"><a href="#feature-existing-customer-refresh-order-preorder-phone-with-instock-accessory">Existing customer Refresh Order PreOrder phone with Instock accessory</a></span><ol><li> <span class="undefined"><a href="#sc-existing-customer-refresh-order-preorder-phone-with-instock-accessory;;;2"></a></span></li></ol></li><li> <span class="undefined"><a href="#feature-existing-customer-standard-order-delayed-delivery-phone-with-instock-accessory-basket-review-and-confirmation-page">Existing customer Standard Order Delayed delivery phone with Instock accessory Basket Review and Confirmation Page</a></span><ol><li> <span class="undefined"><a href="#sc-existing-customer-standard-order-delayed-delivery-phone-with-instock-accessory-basket-review-and-confirmation-page;;;2"></a></span></li></ol></li><li> <span class="undefined"><a href="#feature-existing-customer-standard-order-preorder-phone-with-instock-accessory">Existing customer Standard Order PreOrder phone with Instock accessory</a></span><ol><li> <span class="undefined"><a href="#sc-existing-customer-standard-order-preorder-phone-with-instock-accessory;;;2"></a></span></li></ol></li><li> <span class="undefined"><a href="#feature-existing-customer-refresh-order-review-page-and-confirmation-page">Existing customer Refresh Order Review Page and Confirmation Page</a></span><ol><li> <span class="undefined"><a href="#sc-existing-customer-refresh-order-review-page-and-confirmation-page;;;2"></a></span></li></ol></li><li> <span class="undefined"><a href="#feature-existing-customer-standard-order-review-page-and-confirmation-page">Existing customer Standard Order Review Page and Confirmation Page</a></span><ol><li> <span class="undefined"><a href="#sc-existing-customer-standard-order-review-page-and-confirmation-page;;;2"></a></span></li></ol></li><li> <span class="skipped"><a href="#feature-ftq-ecomm-11478-cfamultiplefitnestrackers-and-accessories">FTQ-Ecomm-11478-CFAMultipleFitnesTrackers-and-Accessories</a></span><ol><li> <span class="skipped"><a href="#sc-ftq-ecomm-11478-cfamultiplefitnestrackers-and-accessories;cfa-multiple-accessories-and-fitness-trackers-smarwatches-of-same-type/model;;2">CFA Multiple Accessories and Fitness Trackers Smarwatches of Same type/Model</a></span></li></ol></li><li> <span class="failed"><a href="#feature-ftq-ecomm-11478-remove">FTQ-Ecomm-11478-remove</a></span><ol><li> <span class="failed"><a href="#sc-ftq-ecomm-11478-remove;cfa-multiple-non-connected-remove-and-verify-correct-display">CFA Multiple non connected Remove and verify correct display</a></span></li></ol></li><li> <span class="failed"><a href="#feature-ftq-ecomm-11478-cfa-multipledevices">FTQ-Ecomm-11478-CFA_MultipleDevices</a></span><ol><li> <span class="failed"><a href="#sc-ftq-ecomm-11478-cfa-multipledevices;cfa-multiple-accessories/smarwatches-of-same-type/model;;2">CFA Multiple Accessories/Smarwatches of Same type/Model</a></span></li></ol></li><li> <span class="failed"><a href="#feature-ftq-ecomm-11478-cfu-multipledevices">FTQ-Ecomm-11478-CFU_MultipleDevices</a></span><ol><li> <span class="failed"><a href="#sc-ftq-ecomm-11478-cfu-multipledevices;cfu-to-validate-multiple-accessories;;2">CFU to validate multiple accessories</a></span></li></ol></li><li> <span class="failed"><a href="#feature-surface-voucher-code-test-case--wrong-voucher-code">Surface voucher code test case  wrong voucher code</a></span><ol><li> <span class="failed"><a href="#sc-surface-voucher-code-test-case--wrong-voucher-code;cfa-paym-phones-home-delivery-e2e-journey-with-accessory;;2">CFA PayM Phones Home delivery E2E journey with Accessory</a></span></li></ol></li><li> <span class="skipped"><a href="#feature-surface-voucher-code-test-case--duplicate-voucher-code">Surface voucher code test case  Duplicate voucher code</a></span><ol><li> <span class="skipped"><a href="#sc-surface-voucher-code-test-case--duplicate-voucher-code;cfa-paym-phones-home-delivery-e2e-journey-with-accessory;;2">CFA PayM Phones Home delivery E2E journey with Accessory</a></span></li></ol></li><li> <span class="failed"><a href="#feature-surface-voucher-code-test-case-valid-voucher-code">Surface voucher code test case valid voucher code</a></span><ol><li> <span class="failed"><a href="#sc-surface-voucher-code-test-case-valid-voucher-code;cfa-paym-phones-home-delivery-e2e-journey-with-accessory;;2">CFA PayM Phones Home delivery E2E journey with Accessory</a></span></li></ol></li><li> <span class="skipped"><a href="#feature-upgrade--not-eligible-customers-selects-dongle-sim">Upgrade _not eligible customers selects Dongle sim</a></span><ol><li> <span class="skipped"><a href="#sc-upgrade--not-eligible-customers-selects-dongle-sim;not-eligible-for-upgrade-customer-selects-ipad-sims;;2">Not eligible for upgrade customer selects iPad sims</a></span></li></ol></li><li> <span class="failed"><a href="#feature-upgrade--not-eligible-customers-selects-tablet-sim">Upgrade _not eligible customers selects Tablet sim</a></span><ol><li> <span class="failed"><a href="#sc-upgrade--not-eligible-customers-selects-tablet-sim;not-eligible-for-upgrade-customer-selects-ipad-sims;;2">Not eligible for upgrade customer selects iPad sims</a></span></li></ol></li><li> <span class="skipped"><a href="#feature-upgrade--not-eligible-customers-selects-and-ipad-sim">Upgrade _not eligible customers selects and iPad sim</a></span><ol><li> <span class="skipped"><a href="#sc-upgrade--not-eligible-customers-selects-and-ipad-sim;not-eligible-for-upgrade-customer-selects-ipad-sims;;2">Not eligible for upgrade customer selects iPad sims</a></span></li></ol></li><li> <span class="skipped"><a href="#feature-upgrade--not-eligible-customers">Upgrade _not eligible customers</a></span><ol><li> <span class="skipped"><a href="#sc-upgrade--not-eligible-customers;promo-tiles-for-customers-not-eligible-for-upgrade;;2">Promo tiles for customers not eligible for upgrade</a></span></li></ol></li></ol><h1>Detailed Results Report</h1><table width="700px"><tr class="failed"><td colspan="4"><b>Feature:</b> <a id="feature-cfa-refresh-order-basket-review-page-and-confirmation-page">CFA Refresh Order Basket Review Page and Confirmation Page</a></td></tr><tr class="failed_description"><td colspan="4"><br></br></td></tr><tr class="failed"><td><small><b>Passed:</b> 0</small></td><td><small><b>Failed:</b> 1</small></td><td><small><b>Undefined:</b> 0</small></td><td><small>Duration: 132.83s</small></td></tr><tr class="failed"><td colspan="4" style="padding-left:20px"> <table width="100%"><tr class="failed"><td colspan="4"><b>Scenario Outline:</b> <a id="sc-cfa-refresh-order-basket-review-page-and-confirmation-page;cfa-refresh-order-basket-review-page-and-confirmation-page;;2">CFA Refresh Order Basket Review Page and Confirmation Page</a></td></tr><tr class="failed_description"><td colspan="4"><br></br></td></tr><tr class="failed"><td><small><b>Passed:</b> 1</small></td><td><small><b>Failed:</b> 1</small></td><td><small><b>Undefined:</b> 12</small></td><td><small>Duration: 132.83s</small></td></tr><tr class="passed"><td>Before</td><td colspan="2"></td><td width="100">86.85s</td></tr><tr class="passed"><td colspan="4"><br></br></td></tr><tr class="failed"><td colspan="4" style="padding-left:20px"> <table width="100%"><tr class="passed"><td><b>Given </b> I am an CFA user and Lands on shop page</td><td width="100">1.94s</td></tr><tr class="failed"><td><b>And </b> navigate to PAYM Phones page</td><td width="100">40.93s</td></tr><tr class="failed"><td colspan="2"><div><br>org.openqa.selenium.NoSuchElementException: no such element: Unable to locate element: {&quot;method&quot;:&quot;id&quot;,&quot;selector&quot;:&quot;pn1&quot;}
  (Session info: chrome=59.0.3071.104)
  (Driver info: chromedriver=2.29.461591 (62ebf098771772160f391d75e589dc567915b233),platform=Windows NT 6.1.7601 SP1 x86) (WARNING: The server did not provide any stacktrace information)
Command duration or timeout: 40.68 seconds
For documentation on this error, please visit: http://seleniumhq.org/exceptions/no_such_element.html
Build info: version: '3.0.1', revision: '1969d75', time: '2016-10-18 09:49:13 -0700'
System info: host: 'LASST242987', ip: '192.168.0.5', os.name: 'Windows 7', os.arch: 'x86', os.version: '6.1', java.version: '1.8.0_121'
Driver info: org.openqa.selenium.chrome.ChromeDriver
Capabilities [{applicationCacheEnabled=false, rotatable=false, mobileEmulationEnabled=false, networkConnectionEnabled=false, chrome={chromedriverVersion=2.29.461591 (62ebf098771772160f391d75e589dc567915b233), userDataDir=C:Usersvarghes1AppDataLocalTempscoped_dir5652_14266}, takesHeapSnapshot=true, pageLoadStrategy=normal, databaseEnabled=false, handlesAlerts=true, hasTouchScreen=false, version=59.0.3071.104, platform=XP, browserConnectionEnabled=false, nativeEvents=true, acceptSslCerts=true, locationContextEnabled=true, webStorageEnabled=true, browserName=chrome, takesScreenshot=true, javascriptEnabled=true, cssSelectorsEnabled=true, unexpectedAlertBehaviour=}]
Session ID: 3248cedbc50438f9c19c1a8d31cc90ae
*** Element info: {Using=id, value=pn1}</br><br>
	at sun.reflect.NativeConstructorAccessorImpl.newInstance0(Native Method)</br><br>
	at sun.reflect.NativeConstructorAccessorImpl.newInstance(NativeConstructorAccessorImpl.java:62)</br><br>
	at sun.reflect.DelegatingConstructorAccessorImpl.newInstance(DelegatingConstructorAccessorImpl.java:45)</br><br>
	at java.lang.reflect.Constructor.newInstance(Constructor.java:423)</br><br>
	at org.openqa.selenium.remote.ErrorHandler.createThrowable(ErrorHandler.java:216)</br><br>
	at org.openqa.selenium.remote.ErrorHandler.throwIfResponseFailed(ErrorHandler.java:168)</br><br>
	at org.openqa.selenium.remote.RemoteWebDriver.execute(RemoteWebDriver.java:635)</br><br>
	at org.openqa.selenium.remote.RemoteWebDriver.findElement(RemoteWebDriver.java:368)</br><br>
	at org.openqa.selenium.remote.RemoteWebDriver.findElementById(RemoteWebDriver.java:417)</br><br>
	at org.openqa.selenium.By&#36;ById.findElement(By.java:218)</br><br>
	at org.openqa.selenium.remote.RemoteWebDriver.findElement(RemoteWebDriver.java:360)</br><br>
	at org.openqa.selenium.support.pagefactory.DefaultElementLocator.findElement(DefaultElementLocator.java:69)</br><br>
	at org.openqa.selenium.support.pagefactory.internal.LocatingElementHandler.invoke(LocatingElementHandler.java:38)</br><br>
	at com.sun.proxy.&#36;Proxy18.getLocation(Unknown Source)</br><br>
	at GlobalActions.MouseHoverAction.PayMPhonesLandingPage(MouseHoverAction.java:40)</br><br>
	at steps.E2EOrderPlaced_Steps.navigate_to_PAYM_Phones_page(E2EOrderPlaced_Steps.java:103)</br><br>
	at &#10045;.And navigate to PAYM Phones page(CFA_Refresh_Order_Basket_Review_Page_and_Confirmation_Page.feature:6)</br><br>
</br></div></td></tr><tr class="skipped"><td><b>And </b> I choose PayM Iphone7</td><td width="100">0.00s</td></tr><tr class="skipped"><td><b>And </b> Navigate to device details page</td><td width="100">0.00s</td></tr><tr class="skipped"><td><b>And </b> Land on the 'Tariffs and extra' page</td><td width="100">0.00s</td></tr><tr class="skipped"><td><b>And </b> I Land on the basket page and choose home delivery option</td><td width="100">0.00s</td></tr><tr class="skipped"><td><b>And </b> Check for order contract text in Basket Page</td><td width="100">0.00s</td></tr><tr class="skipped"><td><b>And </b> click on &quot;go to checkout&quot; button</td><td width="100">0.00s</td></tr><tr class="skipped"><td><b>And </b> input TEST and ACCEPTA and other valid details in Delivery page and Click on the 'Continue button'</td><td width="100">0.00s</td></tr><tr class="skipped"><td><b>And </b> land on the payment page and input TEST ACCEPTA and other details and click 'Continue on next step'</td><td width="100">0.00s</td></tr><tr class="skipped"><td><b>And </b> Continue to Agreements page and confirm all the agreement checks</td><td width="100">0.00s</td></tr><tr class="skipped"><td><b>And </b> Continue to Review page, check order contract text and review the order</td><td width="100">0.00s</td></tr><tr class="skipped"><td><b>And </b> Check order contract text in Order Confirmation page</td><td width="100">0.00s</td></tr><tr class="skipped"><td><b>Then </b> order confirmation is displayed</td><td width="100">0.00s</td></tr></table></td></tr><tr class="passed"><td>After</td><td colspan="2"></td><td width="100">3.13s</td></tr><tr class="passed"><td colspan="4"><br></br></td></tr><tr><td colspan="5"><sup><a href="#top">Back to Table of Contents</a></sup></td></tr></table></td></tr><tr><td colspan="5"></td></tr><tr class="undefined"><td colspan="4"><b>Feature:</b> <a id="feature-cfa-refresh-order-delayed-delivery-phone-with-delayed-delivery-accessory-basket-review-and-confirmation-page">CFA Refresh Order Delayed delivery phone with Delayed Delivery accessory Basket Review and Confirmation Page</a></td></tr><tr class="undefined_description"><td colspan="4"><br></br></td></tr><tr class="undefined"><td><small><b>Passed:</b> 0</small></td><td><small><b>Failed:</b> 0</small></td><td><small><b>Undefined:</b> 1</small></td><td><small>Duration: 128.67s</small></td></tr><tr class="undefined"><td colspan="4" style="padding-left:20px"> <table width="100%"><tr class="undefined"><td colspan="4"><b>Scenario Outline:</b> <a id="sc-cfa-refresh-order-delayed-delivery-phone-with-delayed-delivery-accessory-basket-review-and-confirmation-page;;;2"></a></td></tr><tr class="undefined_description"><td colspan="4"><br>CFA Refresh Order Delayed delivery phone with Delayed Delivery accessory Basket Review and Confirmation Page</br></td></tr><tr class="undefined"><td><small><b>Passed:</b> 3</small></td><td><small><b>Failed:</b> 0</small></td><td><small><b>Undefined:</b> 16</small></td><td><small>Duration: 128.67s</small></td></tr><tr class="passed"><td>Before</td><td colspan="2"></td><td width="100">84.06s</td></tr><tr class="passed"><td colspan="4"><br></br></td></tr><tr class="undefined"><td colspan="4" style="padding-left:20px"> <table width="100%"><tr class="passed"><td><b>Given </b> I am an CFA user and Lands on shop page</td><td width="100">0.04s</td></tr><tr class="passed"><td><b>And </b> navigate to PAYM Phones page</td><td width="100">37.69s</td></tr><tr class="passed"><td><b>And </b> I choose PayM GalaxyS7</td><td width="100">2.17s</td></tr><tr class="undefined"><td><b>And </b> Navigate to device details page, check if the selected device is Delayed Delivery and select pink</td><td width="100">0.00s</td></tr><tr class="skipped"><td><b>And </b> Land on the 'Tariffs and extra' page</td><td width="100">0.00s</td></tr><tr class="undefined"><td><b>And </b> I Land on the basket page</td><td width="100">0.00s</td></tr><tr class="skipped"><td><b>And </b> Navigate to Accessories</td><td width="100">0.00s</td></tr><tr class="undefined"><td><b>And </b> Select LightningDataCable1MeterBraided from accessories</td><td width="100">0.00s</td></tr><tr class="undefined"><td><b>And </b> Choose Black and add to basket</td><td width="100">0.00s</td></tr><tr class="skipped"><td><b>And </b> Check for order contract text for DD/PreOrder phone in Basket Page</td><td width="100">0.00s</td></tr><tr class="skipped"><td><b>And </b> click on &quot;go to checkout&quot; button</td><td width="100">0.00s</td></tr><tr class="undefined"><td><b>And </b> Input TEST and ACCEPTA and other valid details in Delivery page</td><td width="100">0.00s</td></tr><tr class="undefined"><td><b>And </b> Check stock extended message for GalaxyS7</td><td width="100">0.00s</td></tr><tr class="undefined"><td><b>And </b> Click on Continue button</td><td width="100">0.00s</td></tr><tr class="undefined"><td><b>And </b> land on the payment page, check stock limited message for GalaxyS7 and input &lt;username&gt; and other details and click 'Continue on next step'</td><td width="100">0.00s</td></tr><tr class="undefined"><td><b>And </b> Continue to Agreements page, check stock extended message for GalaxyS7 and confirm all the agreement checks</td><td width="100">0.00s</td></tr><tr class="undefined"><td><b>And </b> Continue to Review page, check order contract text, stock extended message for GalaxyS7 and review the order</td><td width="100">0.00s</td></tr><tr class="skipped"><td><b>And </b> Check order contract text in Order Confirmation page</td><td width="100">0.00s</td></tr><tr class="skipped"><td><b>Then </b> order confirmation is displayed</td><td width="100">0.00s</td></tr></table></td></tr><tr class="passed"><td>After</td><td colspan="2"></td><td width="100">4.71s</td></tr><tr class="passed"><td colspan="4"><br></br></td></tr><tr><td colspan="5"><sup><a href="#top">Back to Table of Contents</a></sup></td></tr></table></td></tr><tr><td colspan="5"></td></tr><tr class="undefined"><td colspan="4"><b>Feature:</b> <a id="feature-cfa-refresh-order-delayed-delivery-phone-with-instock-accessory-basket-review-and-confirmation-page">CFA Refresh Order Delayed delivery phone with Instock accessory Basket Review and Confirmation Page</a></td></tr><tr class="undefined_description"><td colspan="4"><br></br></td></tr><tr class="undefined"><td><small><b>Passed:</b> 0</small></td><td><small><b>Failed:</b> 0</small></td><td><small><b>Undefined:</b> 1</small></td><td><small>Duration: 106.99s</small></td></tr><tr class="undefined"><td colspan="4" style="padding-left:20px"> <table width="100%"><tr class="undefined"><td colspan="4"><b>Scenario Outline:</b> <a id="sc-cfa-refresh-order-delayed-delivery-phone-with-instock-accessory-basket-review-and-confirmation-page;;;2"></a></td></tr><tr class="undefined_description"><td colspan="4"><br>CFA Refresh Order Delayed delivery phone with Instock accessory Basket Review and Confirmation Page</br></td></tr><tr class="undefined"><td><small><b>Passed:</b> 3</small></td><td><small><b>Failed:</b> 0</small></td><td><small><b>Undefined:</b> 14</small></td><td><small>Duration: 106.99s</small></td></tr><tr class="passed"><td>Before</td><td colspan="2"></td><td width="100">34.37s</td></tr><tr class="passed"><td colspan="4"><br></br></td></tr><tr class="undefined"><td colspan="4" style="padding-left:20px"> <table width="100%"><tr class="passed"><td><b>Given </b> I am an CFA user and Lands on shop page</td><td width="100">0.03s</td></tr><tr class="passed"><td><b>And </b> navigate to PAYM Phones page</td><td width="100">56.63s</td></tr><tr class="passed"><td><b>And </b> I choose PayM GalaxyS7</td><td width="100">5.07s</td></tr><tr class="undefined"><td><b>And </b> Navigate to device details page, check if the selected device is Delayed Delivery and select pink</td><td width="100">0.00s</td></tr><tr class="skipped"><td><b>And </b> Land on the 'Tariffs and extra' page selecting pay device in full</td><td width="100">0.00s</td></tr><tr class="skipped"><td><b>And </b> Choose some Accesssory</td><td width="100">0.00s</td></tr><tr class="skipped"><td><b>And </b> I Land on the basket page and choose home delivery option</td><td width="100">0.00s</td></tr><tr class="skipped"><td><b>And </b> Check for order contract text for DD/PreOrder phone in Basket Page</td><td width="100">0.00s</td></tr><tr class="skipped"><td><b>And </b> click on &quot;go to checkout&quot; button</td><td width="100">0.00s</td></tr><tr class="undefined"><td><b>And </b> Input TEST and ACCEPTA and other valid details in Delivery page</td><td width="100">0.00s</td></tr><tr class="undefined"><td><b>And </b> Check stock extended message for GalaxyS7</td><td width="100">0.00s</td></tr><tr class="undefined"><td><b>And </b> Click on Continue button</td><td width="100">0.00s</td></tr><tr class="undefined"><td><b>And </b> land on the payment page, check stock limited message for GalaxyS7 and input &lt;username&gt; and other details and click 'Continue on next step'</td><td width="100">0.00s</td></tr><tr class="undefined"><td><b>And </b> Continue to Agreements page, check stock extended message for GalaxyS7 and confirm all the agreement checks</td><td width="100">0.00s</td></tr><tr class="undefined"><td><b>And </b> Continue to Review page, check order contract text, stock extended message for GalaxyS7 and review the order</td><td width="100">0.00s</td></tr><tr class="skipped"><td><b>And </b> Check order contract text in Order Confirmation page</td><td width="100">0.00s</td></tr><tr class="skipped"><td><b>Then </b> order confirmation is displayed</td><td width="100">0.00s</td></tr></table></td></tr><tr class="passed"><td>After</td><td colspan="2"></td><td width="100">10.90s</td></tr><tr class="passed"><td colspan="4"><br></br></td></tr><tr><td colspan="5"><sup><a href="#top">Back to Table of Contents</a></sup></td></tr></table></td></tr><tr><td colspan="5"></td></tr><tr class="undefined"><td colspan="4"><b>Feature:</b> <a id="feature-cfa-refresh-order-preorder-phone-with-instock-accessory-basket-review-and-confirmation-page">CFA Refresh Order PreOrder phone with Instock accessory Basket Review and Confirmation Page</a></td></tr><tr class="undefined_description"><td colspan="4"><br></br></td></tr><tr class="undefined"><td><small><b>Passed:</b> 0</small></td><td><small><b>Failed:</b> 0</small></td><td><small><b>Undefined:</b> 1</small></td><td><small>Duration: 107.38s</small></td></tr><tr class="undefined"><td colspan="4" style="padding-left:20px"> <table width="100%"><tr class="undefined"><td colspan="4"><b>Scenario Outline:</b> <a id="sc-cfa-refresh-order-preorder-phone-with-instock-accessory-basket-review-and-confirmation-page;;;2"></a></td></tr><tr class="undefined_description"><td colspan="4"><br>CFA Refresh Order PreOrder phone with Instock accessory Basket Review and Confirmation Page</br></td></tr><tr class="undefined"><td><small><b>Passed:</b> 3</small></td><td><small><b>Failed:</b> 0</small></td><td><small><b>Undefined:</b> 14</small></td><td><small>Duration: 107.38s</small></td></tr><tr class="passed"><td>Before</td><td colspan="2"></td><td width="100">60.98s</td></tr><tr class="passed"><td colspan="4"><br></br></td></tr><tr class="undefined"><td colspan="4" style="padding-left:20px"> <table width="100%"><tr class="passed"><td><b>Given </b> I am an CFA user and Lands on shop page</td><td width="100">0.01s</td></tr><tr class="passed"><td><b>And </b> navigate to PAYM Phones page</td><td width="100">40.26s</td></tr><tr class="passed"><td><b>And </b> I choose PayM AquarisM45</td><td width="100">1.69s</td></tr><tr class="undefined"><td><b>And </b> Navigate to device details page, check if the selected device is Pre Order and select black</td><td width="100">0.00s</td></tr><tr class="skipped"><td><b>And </b> Land on the 'Tariffs and extra' page</td><td width="100">0.00s</td></tr><tr class="skipped"><td><b>And </b> Choose some Accesssory</td><td width="100">0.00s</td></tr><tr class="skipped"><td><b>And </b> I Land on the basket page and choose home delivery option</td><td width="100">0.00s</td></tr><tr class="skipped"><td><b>And </b> Check for order contract text for DD/PreOrder phone in Basket Page</td><td width="100">0.00s</td></tr><tr class="skipped"><td><b>And </b> click on &quot;go to checkout&quot; button</td><td width="100">0.00s</td></tr><tr class="undefined"><td><b>And </b> Input TEST and ACCEPTA and other valid details in Delivery page</td><td width="100">0.00s</td></tr><tr class="undefined"><td><b>And </b> Check stock extended message for AquarisM45</td><td width="100">0.00s</td></tr><tr class="undefined"><td><b>And </b> Click on Continue button</td><td width="100">0.00s</td></tr><tr class="undefined"><td><b>And </b> land on the payment page, check stock limited message for AquarisM45 and input &lt;username&gt; and other details and click 'Continue on next step'</td><td width="100">0.00s</td></tr><tr class="undefined"><td><b>And </b> Continue to Agreements page, check stock extended message for AquarisM45 and confirm all the agreement checks</td><td width="100">0.00s</td></tr><tr class="undefined"><td><b>And </b> Continue to Review page, check order contract text, stock extended message for AquarisM45 and review the order</td><td width="100">0.00s</td></tr><tr class="skipped"><td><b>And </b> Check order contract text in Order Confirmation page</td><td width="100">0.00s</td></tr><tr class="skipped"><td><b>Then </b> order confirmation is displayed</td><td width="100">0.00s</td></tr></table></td></tr><tr class="passed"><td>After</td><td colspan="2"></td><td width="100">4.44s</td></tr><tr class="passed"><td colspan="4"><br></br></td></tr><tr><td colspan="5"><sup><a href="#top">Back to Table of Contents</a></sup></td></tr></table></td></tr><tr><td colspan="5"></td></tr><tr class="failed"><td colspan="4"><b>Feature:</b> <a id="feature-cfa-standard-order-basket-review-page-and-confirmation-page">CFA Standard Order Basket Review Page and Confirmation Page</a></td></tr><tr class="failed_description"><td colspan="4"><br></br></td></tr><tr class="failed"><td><small><b>Passed:</b> 0</small></td><td><small><b>Failed:</b> 1</small></td><td><small><b>Undefined:</b> 0</small></td><td><small>Duration: 330.47s</small></td></tr><tr class="failed"><td colspan="4" style="padding-left:20px"> <table width="100%"><tr class="failed"><td colspan="4"><b>Scenario Outline:</b> <a id="sc-cfa-standard-order-basket-review-page-and-confirmation-page;cfa-standard-order-basket-review-page-and-confirmation-page;;2">CFA Standard Order Basket Review Page and Confirmation Page</a></td></tr><tr class="failed_description"><td colspan="4"><br></br></td></tr><tr class="failed"><td><small><b>Passed:</b> 10</small></td><td><small><b>Failed:</b> 1</small></td><td><small><b>Undefined:</b> 3</small></td><td><small>Duration: 330.47s</small></td></tr><tr class="passed"><td>Before</td><td colspan="2"></td><td width="100">27.87s</td></tr><tr class="passed"><td colspan="4"><br></br></td></tr><tr class="failed"><td colspan="4" style="padding-left:20px"> <table width="100%"><tr class="passed"><td><b>Given </b> I am an CFA user and Lands on shop page</td><td width="100">0.01s</td></tr><tr class="passed"><td><b>And </b> navigate to PAYM Phones page</td><td width="100">38.80s</td></tr><tr class="passed"><td><b>And </b> I choose PayM Iphone7</td><td width="100">1.55s</td></tr><tr class="passed"><td><b>And </b> Navigate to device details page</td><td width="100">86.77s</td></tr><tr class="passed"><td><b>And </b> Land on the 'Tariffs and extra' page selecting pay device in full</td><td width="100">1.24s</td></tr><tr class="passed"><td><b>And </b> I Land on the basket page and choose home delivery option</td><td width="100">14.60s</td></tr><tr class="passed"><td><b>And </b> Check for order contract text in Basket Page</td><td width="100">0.11s</td></tr><tr class="passed"><td><b>And </b> click on &quot;go to checkout&quot; button</td><td width="100">13.36s</td></tr><tr class="passed"><td><b>And </b> input TEST and ACCEPTA and other valid details in Delivery page and Click on the 'Continue button'</td><td width="100">20.49s</td></tr><tr class="passed"><td><b>And </b> land on the payment page and input TEST ACCEPTA and other details and click 'Continue on next step'</td><td width="100">62.08s</td></tr><tr class="failed"><td><b>And </b> Continue to Agreements page and confirm all the agreement checks</td><td width="100">34.04s</td></tr><tr class="failed"><td colspan="2"><div><br>org.openqa.selenium.NoSuchElementException: no such element: Unable to locate element: {&quot;method&quot;:&quot;id&quot;,&quot;selector&quot;:&quot;affordability-terms-declaration&quot;}
  (Session info: chrome=59.0.3071.104)
  (Driver info: chromedriver=2.29.461591 (62ebf098771772160f391d75e589dc567915b233),platform=Windows NT 6.1.7601 SP1 x86) (WARNING: The server did not provide any stacktrace information)
Command duration or timeout: 20.04 seconds
For documentation on this error, please visit: http://seleniumhq.org/exceptions/no_such_element.html
Build info: version: '3.0.1', revision: '1969d75', time: '2016-10-18 09:49:13 -0700'
System info: host: 'LASST242987', ip: '10.172.44.65', os.name: 'Windows 7', os.arch: 'x86', os.version: '6.1', java.version: '1.8.0_121'
Driver info: org.openqa.selenium.chrome.ChromeDriver
Capabilities [{applicationCacheEnabled=false, rotatable=false, mobileEmulationEnabled=false, networkConnectionEnabled=false, chrome={chromedriverVersion=2.29.461591 (62ebf098771772160f391d75e589dc567915b233), userDataDir=C:Usersvarghes1AppDataLocalTempscoped_dir7124_13754}, takesHeapSnapshot=true, pageLoadStrategy=normal, databaseEnabled=false, handlesAlerts=true, hasTouchScreen=false, version=59.0.3071.104, platform=XP, browserConnectionEnabled=false, nativeEvents=true, acceptSslCerts=true, locationContextEnabled=true, webStorageEnabled=true, browserName=chrome, takesScreenshot=true, javascriptEnabled=true, cssSelectorsEnabled=true, unexpectedAlertBehaviour=}]
Session ID: 9ae414be35790b74b5eb02e8a120c222
*** Element info: {Using=id, value=affordability-terms-declaration}</br><br>
	at sun.reflect.NativeConstructorAccessorImpl.newInstance0(Native Method)</br><br>
	at sun.reflect.NativeConstructorAccessorImpl.newInstance(NativeConstructorAccessorImpl.java:62)</br><br>
	at sun.reflect.DelegatingConstructorAccessorImpl.newInstance(DelegatingConstructorAccessorImpl.java:45)</br><br>
	at java.lang.reflect.Constructor.newInstance(Constructor.java:423)</br><br>
	at org.openqa.selenium.remote.ErrorHandler.createThrowable(ErrorHandler.java:216)</br><br>
	at org.openqa.selenium.remote.ErrorHandler.throwIfResponseFailed(ErrorHandler.java:168)</br><br>
	at org.openqa.selenium.remote.RemoteWebDriver.execute(RemoteWebDriver.java:635)</br><br>
	at org.openqa.selenium.remote.RemoteWebDriver.findElement(RemoteWebDriver.java:368)</br><br>
	at org.openqa.selenium.remote.RemoteWebDriver.findElementById(RemoteWebDriver.java:417)</br><br>
	at org.openqa.selenium.By&#36;ById.findElement(By.java:218)</br><br>
	at org.openqa.selenium.remote.RemoteWebDriver.findElement(RemoteWebDriver.java:360)</br><br>
	at org.openqa.selenium.support.pagefactory.DefaultElementLocator.findElement(DefaultElementLocator.java:69)</br><br>
	at org.openqa.selenium.support.pagefactory.internal.LocatingElementHandler.invoke(LocatingElementHandler.java:38)</br><br>
	at com.sun.proxy.&#36;Proxy18.click(Unknown Source)</br><br>
	at actionsPerformed.AgreementPageActions.Affordability(AgreementPageActions.java:29)</br><br>
	at steps.E2EOrderPlaced_Steps.AgreementsPageConfirmation(E2EOrderPlaced_Steps.java:628)</br><br>
	at &#10045;.And Continue to Agreements page and confirm all the agreement checks(CFA_Standard_Order_Basket_Review_Page_and_Confirmation_Page.feature:15)</br><br>
</br></div></td></tr><tr class="skipped"><td><b>And </b> Continue to Review page, check order contract text and review the order</td><td width="100">0.00s</td></tr><tr class="skipped"><td><b>And </b> Check order contract text in Order Confirmation page</td><td width="100">0.00s</td></tr><tr class="skipped"><td><b>Then </b> order confirmation is displayed</td><td width="100">0.00s</td></tr></table></td></tr><tr class="passed"><td>After</td><td colspan="2"></td><td width="100">29.54s</td></tr><tr class="passed"><td colspan="4"><br></br></td></tr><tr><td colspan="5"><sup><a href="#top">Back to Table of Contents</a></sup></td></tr></table></td></tr><tr><td colspan="5"></td></tr><tr class="failed"><td colspan="4"><b>Feature:</b> <a id="feature-cfa-standard-order-delayed-delivery-phone-with-instock-accessory-basket-review-and-confirmation-page">CFA Standard Order Delayed delivery phone with Instock accessory Basket Review and Confirmation Page</a></td></tr><tr class="failed_description"><td colspan="4"><br></br></td></tr><tr class="failed"><td><small><b>Passed:</b> 0</small></td><td><small><b>Failed:</b> 1</small></td><td><small><b>Undefined:</b> 0</small></td><td><small>Duration: 214.86s</small></td></tr><tr class="failed"><td colspan="4" style="padding-left:20px"> <table width="100%"><tr class="failed"><td colspan="4"><b>Scenario Outline:</b> <a id="sc-cfa-standard-order-delayed-delivery-phone-with-instock-accessory-basket-review-and-confirmation-page;;;2"></a></td></tr><tr class="failed_description"><td colspan="4"><br>CFA Standard Order Delayed delivery phone with Instock accessory Basket Review and Confirmation Page</br></td></tr><tr class="failed"><td><small><b>Passed:</b> 7</small></td><td><small><b>Failed:</b> 1</small></td><td><small><b>Undefined:</b> 9</small></td><td><small>Duration: 214.86s</small></td></tr><tr class="passed"><td>Before</td><td colspan="2"></td><td width="100">48.92s</td></tr><tr class="passed"><td colspan="4"><br></br></td></tr><tr class="failed"><td colspan="4" style="padding-left:20px"> <table width="100%"><tr class="passed"><td><b>Given </b> I am an CFA user and Lands on shop page</td><td width="100">0.02s</td></tr><tr class="passed"><td><b>And </b> navigate to PAYM Phones page</td><td width="100">46.83s</td></tr><tr class="passed"><td><b>And </b> I choose PayM GalaxyS7</td><td width="100">4.09s</td></tr><tr class="passed"><td><b>And </b> Navigate to device details page and select pink</td><td width="100">71.29s</td></tr><tr class="passed"><td><b>And </b> Land on the 'Tariffs and extra' page</td><td width="100">0.74s</td></tr><tr class="passed"><td><b>And </b> Choose some Accesssory</td><td width="100">5.06s</td></tr><tr class="passed"><td><b>And </b> I Land on the basket page and choose home delivery option</td><td width="100">12.99s</td></tr><tr class="failed"><td><b>And </b> Check for order contract text for DD/PreOrder phone in Basket Page</td><td width="100">20.12s</td></tr><tr class="failed"><td colspan="2"><div><br>org.openqa.selenium.NoSuchElementException: no such element: Unable to locate element: {&quot;method&quot;:&quot;xpath&quot;,&quot;selector&quot;:&quot;//div[@class='contract-copy-wrapper']/p[2]&quot;}
  (Session info: chrome=59.0.3071.104)
  (Driver info: chromedriver=2.29.461591 (62ebf098771772160f391d75e589dc567915b233),platform=Windows NT 6.1.7601 SP1 x86) (WARNING: The server did not provide any stacktrace information)
Command duration or timeout: 20.03 seconds
For documentation on this error, please visit: http://seleniumhq.org/exceptions/no_such_element.html
Build info: version: '3.0.1', revision: '1969d75', time: '2016-10-18 09:49:13 -0700'
System info: host: 'LASST242987', ip: '10.172.44.65', os.name: 'Windows 7', os.arch: 'x86', os.version: '6.1', java.version: '1.8.0_121'
Driver info: org.openqa.selenium.chrome.ChromeDriver
Capabilities [{applicationCacheEnabled=false, rotatable=false, mobileEmulationEnabled=false, networkConnectionEnabled=false, chrome={chromedriverVersion=2.29.461591 (62ebf098771772160f391d75e589dc567915b233), userDataDir=C:Usersvarghes1AppDataLocalTempscoped_dir7440_31299}, takesHeapSnapshot=true, pageLoadStrategy=normal, databaseEnabled=false, handlesAlerts=true, hasTouchScreen=false, version=59.0.3071.104, platform=XP, browserConnectionEnabled=false, nativeEvents=true, acceptSslCerts=true, locationContextEnabled=true, webStorageEnabled=true, browserName=chrome, takesScreenshot=true, javascriptEnabled=true, cssSelectorsEnabled=true, unexpectedAlertBehaviour=}]
Session ID: 2ecead969632491997699230102f0411
*** Element info: {Using=xpath, value=//div[@class='contract-copy-wrapper']/p[2]}</br><br>
	at sun.reflect.NativeConstructorAccessorImpl.newInstance0(Native Method)</br><br>
	at sun.reflect.NativeConstructorAccessorImpl.newInstance(NativeConstructorAccessorImpl.java:62)</br><br>
	at sun.reflect.DelegatingConstructorAccessorImpl.newInstance(DelegatingConstructorAccessorImpl.java:45)</br><br>
	at java.lang.reflect.Constructor.newInstance(Constructor.java:423)</br><br>
	at org.openqa.selenium.remote.ErrorHandler.createThrowable(ErrorHandler.java:216)</br><br>
	at org.openqa.selenium.remote.ErrorHandler.throwIfResponseFailed(ErrorHandler.java:168)</br><br>
	at org.openqa.selenium.remote.RemoteWebDriver.execute(RemoteWebDriver.java:635)</br><br>
	at org.openqa.selenium.remote.RemoteWebDriver.findElement(RemoteWebDriver.java:368)</br><br>
	at org.openqa.selenium.remote.RemoteWebDriver.findElementByXPath(RemoteWebDriver.java:473)</br><br>
	at org.openqa.selenium.By&#36;ByXPath.findElement(By.java:361)</br><br>
	at org.openqa.selenium.remote.RemoteWebDriver.findElement(RemoteWebDriver.java:360)</br><br>
	at org.openqa.selenium.support.pagefactory.DefaultElementLocator.findElement(DefaultElementLocator.java:69)</br><br>
	at org.openqa.selenium.support.pagefactory.internal.LocatingElementHandler.invoke(LocatingElementHandler.java:38)</br><br>
	at com.sun.proxy.&#36;Proxy18.getText(Unknown Source)</br><br>
	at actionsPerformed.BasketPageActions.checkOrderContractTextDDPOBP(BasketPageActions.java:125)</br><br>
	at steps.E2EOrderPlaced_Steps.check_for_order_contract_text_for_DD_or_PreOrder_in_basket_page(E2EOrderPlaced_Steps.java:418)</br><br>
	at &#10045;.And Check for order contract text for DD/PreOrder phone in Basket Page(CFA_Standard_Order_Ddphone_with_Instock_accessory_Basket_Review_and_Confirmation_Page.feature:13)</br><br>
</br></div></td></tr><tr class="skipped"><td><b>And </b> click on &quot;go to checkout&quot; button</td><td width="100">0.00s</td></tr><tr class="undefined"><td><b>And </b> Input TEST and ACCEPTA and other valid details in Delivery page</td><td width="100">0.00s</td></tr><tr class="undefined"><td><b>And </b> Check stock extended message for GalaxyS7</td><td width="100">0.00s</td></tr><tr class="undefined"><td><b>And </b> Click on Continue button</td><td width="100">0.00s</td></tr><tr class="undefined"><td><b>And </b> land on the payment page, check stock limited message for GalaxyS7 and input &lt;username&gt; and other details and click 'Continue on next step'</td><td width="100">0.00s</td></tr><tr class="undefined"><td><b>And </b> Continue to Agreements page, check stock extended message for GalaxyS7 and confirm all the agreement checks</td><td width="100">0.00s</td></tr><tr class="undefined"><td><b>And </b> Continue to Review page, check order contract text, stock extended message for GalaxyS7 and review the order</td><td width="100">0.00s</td></tr><tr class="skipped"><td><b>And </b> Check order contract text in Order Confirmation page</td><td width="100">0.00s</td></tr><tr class="skipped"><td><b>Then </b> order confirmation is displayed</td><td width="100">0.00s</td></tr></table></td></tr><tr class="passed"><td>After</td><td colspan="2"></td><td width="100">4.80s</td></tr><tr class="passed"><td colspan="4"><br></br></td></tr><tr><td colspan="5"><sup><a href="#top">Back to Table of Contents</a></sup></td></tr></table></td></tr><tr><td colspan="5"></td></tr><tr class="undefined"><td colspan="4"><b>Feature:</b> <a id="feature-cfa-standard-order-preorder-phone-with-instock-accessory-basket-review-and-confirmation-page">CFA Standard Order PreOrder phone with Instock accessory Basket Review and Confirmation Page</a></td></tr><tr class="undefined_description"><td colspan="4"><br></br></td></tr><tr class="undefined"><td><small><b>Passed:</b> 0</small></td><td><small><b>Failed:</b> 0</small></td><td><small><b>Undefined:</b> 1</small></td><td><small>Duration: 135.54s</small></td></tr><tr class="undefined"><td colspan="4" style="padding-left:20px"> <table width="100%"><tr class="undefined"><td colspan="4"><b>Scenario Outline:</b> <a id="sc-cfa-standard-order-preorder-phone-with-instock-accessory-basket-review-and-confirmation-page;;;2"></a></td></tr><tr class="undefined_description"><td colspan="4"><br>CFA Standard Order PreOrder phone with Instock accessory Basket Review and Confirmation Page</br></td></tr><tr class="undefined"><td><small><b>Passed:</b> 3</small></td><td><small><b>Failed:</b> 0</small></td><td><small><b>Undefined:</b> 14</small></td><td><small>Duration: 135.54s</small></td></tr><tr class="passed"><td>Before</td><td colspan="2"></td><td width="100">69.05s</td></tr><tr class="passed"><td colspan="4"><br></br></td></tr><tr class="undefined"><td colspan="4" style="padding-left:20px"> <table width="100%"><tr class="passed"><td><b>Given </b> I am an CFA user and Lands on shop page</td><td width="100">0.05s</td></tr><tr class="passed"><td><b>And </b> navigate to PAYM Phones page</td><td width="100">59.98s</td></tr><tr class="passed"><td><b>And </b> I choose PayM AquarisM45</td><td width="100">1.86s</td></tr><tr class="undefined"><td><b>And </b> Navigate to device details page, check if the selected device is Pre Order and select black</td><td width="100">0.00s</td></tr><tr class="skipped"><td><b>And </b> Land on the 'Tariffs and extra' page selecting pay device in full</td><td width="100">0.00s</td></tr><tr class="skipped"><td><b>And </b> Choose some Accesssory</td><td width="100">0.00s</td></tr><tr class="skipped"><td><b>And </b> I Land on the basket page and choose home delivery option</td><td width="100">0.00s</td></tr><tr class="skipped"><td><b>And </b> Check for order contract text for DD/PreOrder phone in Basket Page</td><td width="100">0.00s</td></tr><tr class="skipped"><td><b>And </b> click on &quot;go to checkout&quot; button</td><td width="100">0.00s</td></tr><tr class="undefined"><td><b>And </b> Input TEST and ACCEPTA and other valid details in Delivery page</td><td width="100">0.00s</td></tr><tr class="undefined"><td><b>And </b> Check stock extended message for AquarisM45</td><td width="100">0.00s</td></tr><tr class="undefined"><td><b>And </b> Click on Continue button</td><td width="100">0.00s</td></tr><tr class="undefined"><td><b>And </b> land on the payment page, check stock limited message for AquarisM45 and input &lt;user&gt; and other details and click 'Continue on next step'</td><td width="100">0.00s</td></tr><tr class="undefined"><td><b>And </b> Continue to Agreements page, check stock extended message for AquarisM45 and confirm all the agreement checks</td><td width="100">0.00s</td></tr><tr class="undefined"><td><b>And </b> Continue to Review page, check order contract text, stock extended message for AquarisM45 and review the order</td><td width="100">0.00s</td></tr><tr class="skipped"><td><b>And </b> Check order contract text in Order Confirmation page</td><td width="100">0.00s</td></tr><tr class="skipped"><td><b>Then </b> order confirmation is displayed</td><td width="100">0.00s</td></tr></table></td></tr><tr class="passed"><td>After</td><td colspan="2"></td><td width="100">4.60s</td></tr><tr class="passed"><td colspan="4"><br></br></td></tr><tr><td colspan="5"><sup><a href="#top">Back to Table of Contents</a></sup></td></tr></table></td></tr><tr><td colspan="5"></td></tr><tr class="undefined"><td colspan="4"><b>Feature:</b> <a id="feature-cfu-refresh-order-delayed-delivery-phone-with-instock-accessory-basket-review-and-confirmation-page">CFU Refresh Order Delayed delivery phone with InStock Accessory Basket Review and Confirmation Page</a></td></tr><tr class="undefined_description"><td colspan="4"><br></br></td></tr><tr class="undefined"><td><small><b>Passed:</b> 0</small></td><td><small><b>Failed:</b> 0</small></td><td><small><b>Undefined:</b> 1</small></td><td><small>Duration: 63.76s</small></td></tr><tr class="undefined"><td colspan="4" style="padding-left:20px"> <table width="100%"><tr class="undefined"><td colspan="4"><b>Scenario Outline:</b> <a id="sc-cfu-refresh-order-delayed-delivery-phone-with-instock-accessory-basket-review-and-confirmation-page;;;2"></a></td></tr><tr class="undefined_description"><td colspan="4"><br>CFU Refresh Order Delayed delivery phone with InStock Accessory Basket Review and Confirmation Page</br></td></tr><tr class="undefined"><td><small><b>Passed:</b> 0</small></td><td><small><b>Failed:</b> 0</small></td><td><small><b>Undefined:</b> 16</small></td><td><small>Duration: 63.77s</small></td></tr><tr class="passed"><td>Before</td><td colspan="2"></td><td width="100">59.21s</td></tr><tr class="passed"><td colspan="4"><br></br></td></tr><tr class="undefined"><td colspan="4" style="padding-left:20px"> <table width="100%"><tr class="undefined"><td><b>Given </b> I am existing user and I click on Signin button</td><td width="100">0.00s</td></tr><tr class="skipped"><td><b>And </b> Signin using valid ini_aug5200 and test123 credentials</td><td width="100">0.00s</td></tr><tr class="undefined"><td><b>And </b> Navigate to upgrade phone</td><td width="100">0.00s</td></tr><tr class="undefined"><td><b>And </b> I choose upgrade PayM GalaxyS7</td><td width="100">0.00s</td></tr><tr class="undefined"><td><b>And </b> Navigate to device details page, check if the selected device is Delayed Delivery and select pink</td><td width="100">0.00s</td></tr><tr class="skipped"><td><b>And </b> Land on the 'Tariffs and extra' page</td><td width="100">0.00s</td></tr><tr class="skipped"><td><b>And </b> Choose some Accesssory</td><td width="100">0.00s</td></tr><tr class="skipped"><td><b>And </b> I Land on the basket page and choose home delivery option</td><td width="100">0.00s</td></tr><tr class="skipped"><td><b>And </b> Check for order contract text for DD/PreOrder phone in Basket Page</td><td width="100">0.00s</td></tr><tr class="skipped"><td><b>And </b> click on &quot;go to checkout&quot; button</td><td width="100">0.00s</td></tr><tr class="undefined"><td><b>And </b> Select existing account and begin fast checkout</td><td width="100">0.00s</td></tr><tr class="undefined"><td><b>And </b> land on the payment page, check stock extended message for GalaxyS7 and input TEST ACCEPTA and other details for upgrade and click 'Continue on next step'</td><td width="100">0.00s</td></tr><tr class="undefined"><td><b>And </b> Continue to Agreements page, check stock extended message for GalaxyS7 and confirm all the agreement checks</td><td width="100">0.00s</td></tr><tr class="undefined"><td><b>And </b> Continue to Review page, check order contract text, stock extended message for GalaxyS7 and review the order</td><td width="100">0.00s</td></tr><tr class="skipped"><td><b>And </b> Check order contract text in Order Confirmation page</td><td width="100">0.00s</td></tr><tr class="skipped"><td><b>Then </b> order confirmation is displayed</td><td width="100">0.00s</td></tr></table></td></tr><tr class="passed"><td>After</td><td colspan="2"></td><td width="100">4.56s</td></tr><tr class="passed"><td colspan="4"><br></br></td></tr><tr><td colspan="5"><sup><a href="#top">Back to Table of Contents</a></sup></td></tr></table></td></tr><tr><td colspan="5"></td></tr><tr class="undefined"><td colspan="4"><b>Feature:</b> <a id="feature-cfu-refresh-order-basket-review-page-and-confirmation-page">CFU Refresh Order Basket Review Page and Confirmation Page</a></td></tr><tr class="undefined_description"><td colspan="4"><br></br></td></tr><tr class="undefined"><td><small><b>Passed:</b> 0</small></td><td><small><b>Failed:</b> 0</small></td><td><small><b>Undefined:</b> 1</small></td><td><small>Duration: 28.70s</small></td></tr><tr class="undefined"><td colspan="4" style="padding-left:20px"> <table width="100%"><tr class="undefined"><td colspan="4"><b>Scenario Outline:</b> <a id="sc-cfu-refresh-order-basket-review-page-and-confirmation-page;cfu-refresh-order-basket-review-page-and-confirmation-page;;2">CFU Refresh Order Basket Review Page and Confirmation Page</a></td></tr><tr class="undefined_description"><td colspan="4"><br></br></td></tr><tr class="undefined"><td><small><b>Passed:</b> 0</small></td><td><small><b>Failed:</b> 0</small></td><td><small><b>Undefined:</b> 15</small></td><td><small>Duration: 28.70s</small></td></tr><tr class="passed"><td>Before</td><td colspan="2"></td><td width="100">26.44s</td></tr><tr class="passed"><td colspan="4"><br></br></td></tr><tr class="undefined"><td colspan="4" style="padding-left:20px"> <table width="100%"><tr class="undefined"><td><b>Given </b> I am existing user and I click on Signin button</td><td width="100">0.00s</td></tr><tr class="skipped"><td><b>And </b> Signin using valid ink_jun9198 and test123 credentials</td><td width="100">0.00s</td></tr><tr class="undefined"><td><b>And </b> Navigate to upgrade phone</td><td width="100">0.00s</td></tr><tr class="undefined"><td><b>And </b> I choose upgrade PayM GalaxyS8</td><td width="100">0.00s</td></tr><tr class="skipped"><td><b>And </b> Navigate to device details page</td><td width="100">0.00s</td></tr><tr class="skipped"><td><b>And </b> Land on the 'Tariffs and extra' page</td><td width="100">0.00s</td></tr><tr class="skipped"><td><b>And </b> I Land on the basket page and choose home delivery option</td><td width="100">0.00s</td></tr><tr class="skipped"><td><b>And </b> Check for order contract text in Basket Page</td><td width="100">0.00s</td></tr><tr class="skipped"><td><b>And </b> click on &quot;go to checkout&quot; button</td><td width="100">0.00s</td></tr><tr class="undefined"><td><b>And </b> Select existing account and begin fast checkout</td><td width="100">0.00s</td></tr><tr class="undefined"><td><b>And </b> land on the payment page and input TEST ACCEPTA and other details for upgrade and click 'Continue on next step'</td><td width="100">0.00s</td></tr><tr class="skipped"><td><b>And </b> Continue to Agreements page and confirm all the agreement checks</td><td width="100">0.00s</td></tr><tr class="skipped"><td><b>And </b> Continue to Review page, check order contract text and review the order</td><td width="100">0.00s</td></tr><tr class="skipped"><td><b>And </b> Check order contract text in Order Confirmation page</td><td width="100">0.00s</td></tr><tr class="skipped"><td><b>Then </b> order confirmation is displayed</td><td width="100">0.00s</td></tr></table></td></tr><tr class="passed"><td>After</td><td colspan="2"></td><td width="100">2.27s</td></tr><tr class="passed"><td colspan="4"><br></br></td></tr><tr><td colspan="5"><sup><a href="#top">Back to Table of Contents</a></sup></td></tr></table></td></tr><tr><td colspan="5"></td></tr><tr class="undefined"><td colspan="4"><b>Feature:</b> <a id="feature-cfu-standard-order-delayed-delivery-phone-with-instock-accessory-basket-review-and-confirmation-page">CFU Standard Order Delayed delivery phone with InStock Accessory Basket Review and Confirmation Page</a></td></tr><tr class="undefined_description"><td colspan="4"><br></br></td></tr><tr class="undefined"><td><small><b>Passed:</b> 0</small></td><td><small><b>Failed:</b> 0</small></td><td><small><b>Undefined:</b> 1</small></td><td><small>Duration: 27.86s</small></td></tr><tr class="undefined"><td colspan="4" style="padding-left:20px"> <table width="100%"><tr class="undefined"><td colspan="4"><b>Scenario Outline:</b> <a id="sc-cfu-standard-order-delayed-delivery-phone-with-instock-accessory-basket-review-and-confirmation-page;;;2"></a></td></tr><tr class="undefined_description"><td colspan="4"><br>CFU Standard Order Delayed delivery phone with InStock Accessory Basket Review and Confirmation Page</br></td></tr><tr class="undefined"><td><small><b>Passed:</b> 0</small></td><td><small><b>Failed:</b> 0</small></td><td><small><b>Undefined:</b> 16</small></td><td><small>Duration: 27.86s</small></td></tr><tr class="passed"><td>Before</td><td colspan="2"></td><td width="100">23.70s</td></tr><tr class="passed"><td colspan="4"><br></br></td></tr><tr class="undefined"><td colspan="4" style="padding-left:20px"> <table width="100%"><tr class="undefined"><td><b>Given </b> I am existing user and I click on Signin button</td><td width="100">0.00s</td></tr><tr class="skipped"><td><b>And </b> Signin using valid ink_jun9198 and test123 credentials</td><td width="100">0.00s</td></tr><tr class="undefined"><td><b>And </b> Navigate to upgrade phone</td><td width="100">0.00s</td></tr><tr class="undefined"><td><b>And </b> I choose upgrade PayM GalaxyS7</td><td width="100">0.00s</td></tr><tr class="undefined"><td><b>And </b> Navigate to device details page, check if the selected device is Delayed Delivery and select pink</td><td width="100">0.00s</td></tr><tr class="skipped"><td><b>And </b> Land on the 'Tariffs and extra' page selecting pay device in full</td><td width="100">0.00s</td></tr><tr class="skipped"><td><b>And </b> Choose some Accesssory</td><td width="100">0.00s</td></tr><tr class="skipped"><td><b>And </b> I Land on the basket page and choose home delivery option</td><td width="100">0.00s</td></tr><tr class="skipped"><td><b>And </b> Check for order contract text in Basket Page</td><td width="100">0.00s</td></tr><tr class="skipped"><td><b>And </b> click on &quot;go to checkout&quot; button</td><td width="100">0.00s</td></tr><tr class="undefined"><td><b>And </b> Select existing account and begin fast checkout</td><td width="100">0.00s</td></tr><tr class="undefined"><td><b>And </b> land on the payment page, check stock extended message for GalaxyS7 and input TEST ACCEPTA and other details for upgrade and click 'Continue on next step'</td><td width="100">0.00s</td></tr><tr class="undefined"><td><b>And </b> Continue to Agreements page, check stock extended message for GalaxyS7 and confirm all the agreement checks</td><td width="100">0.00s</td></tr><tr class="undefined"><td><b>And </b> Continue to Review page, check order contract text, stock extended message for GalaxyS7 and review the order</td><td width="100">0.00s</td></tr><tr class="skipped"><td><b>And </b> Check order contract text in Order Confirmation page</td><td width="100">0.00s</td></tr><tr class="skipped"><td><b>Then </b> order confirmation is displayed</td><td width="100">0.00s</td></tr></table></td></tr><tr class="passed"><td>After</td><td colspan="2"></td><td width="100">4.16s</td></tr><tr class="passed"><td colspan="4"><br></br></td></tr><tr><td colspan="5"><sup><a href="#top">Back to Table of Contents</a></sup></td></tr></table></td></tr><tr><td colspan="5"></td></tr><tr class="undefined"><td colspan="4"><b>Feature:</b> <a id="feature-existing-customer-refresh-order-ddphone-with-ddaccessory">Existing customer Refresh Order Ddphone with DDaccessory</a></td></tr><tr class="undefined_description"><td colspan="4"><br></br></td></tr><tr class="undefined"><td><small><b>Passed:</b> 0</small></td><td><small><b>Failed:</b> 0</small></td><td><small><b>Undefined:</b> 1</small></td><td><small>Duration: 65.26s</small></td></tr><tr class="undefined"><td colspan="4" style="padding-left:20px"> <table width="100%"><tr class="undefined"><td colspan="4"><b>Scenario Outline:</b> <a id="sc-existing-customer-refresh-order-ddphone-with-ddaccessory;;;2"></a></td></tr><tr class="undefined_description"><td colspan="4"><br>Existing customer Refresh Order Ddphone with DDaccessory</br></td></tr><tr class="undefined"><td><small><b>Passed:</b> 0</small></td><td><small><b>Failed:</b> 0</small></td><td><small><b>Undefined:</b> 18</small></td><td><small>Duration: 65.26s</small></td></tr><tr class="passed"><td>Before</td><td colspan="2"></td><td width="100">60.83s</td></tr><tr class="passed"><td colspan="4"><br></br></td></tr><tr class="undefined"><td colspan="4" style="padding-left:20px"> <table width="100%"><tr class="undefined"><td><b>Given </b> I am existing user and I click on Signin button</td><td width="100">0.00s</td></tr><tr class="skipped"><td><b>And </b> Signin using valid &lt;username&gt; and &lt;password&gt; credentials</td><td width="100">0.00s</td></tr><tr class="skipped"><td><b>And </b> navigate to PAYM Phones page</td><td width="100">0.00s</td></tr><tr class="skipped"><td><b>And </b> I choose PayM GalaxyS7</td><td width="100">0.00s</td></tr><tr class="undefined"><td><b>And </b> Navigate to device details page, check if the selected device is Delayed Delivery and select pink</td><td width="100">0.00s</td></tr><tr class="skipped"><td><b>And </b> Land on the 'Tariffs and extra' page</td><td width="100">0.00s</td></tr><tr class="undefined"><td><b>And </b> I Land on the basket page</td><td width="100">0.00s</td></tr><tr class="skipped"><td><b>And </b> Navigate to Accessories</td><td width="100">0.00s</td></tr><tr class="undefined"><td><b>And </b> Select LightningDataCable1MeterBraided from accessories</td><td width="100">0.00s</td></tr><tr class="undefined"><td><b>And </b> Choose black and add to basket</td><td width="100">0.00s</td></tr><tr class="skipped"><td><b>And </b> Check for order contract text for DD/PreOrder phone in Basket Page</td><td width="100">0.00s</td></tr><tr class="skipped"><td><b>And </b> click on &quot;go to checkout&quot; button</td><td width="100">0.00s</td></tr><tr class="undefined"><td><b>And </b> Select existing account and begin fast checkout</td><td width="100">0.00s</td></tr><tr class="undefined"><td><b>And </b> land on the payment page, check stock extended message for GalaxyS7 and input &lt;user&gt; and other details for upgrade and click 'Continue on next step'</td><td width="100">0.00s</td></tr><tr class="undefined"><td><b>And </b> Continue to Agreements page, check stock extended message for GalaxyS7 and confirm all the agreement checks</td><td width="100">0.00s</td></tr><tr class="undefined"><td><b>And </b> Continue to Review page, check order contract text, stock extended message for GalaxyS7 and review the order</td><td width="100">0.00s</td></tr><tr class="skipped"><td><b>And </b> Check order contract text in Order Confirmation page</td><td width="100">0.00s</td></tr><tr class="skipped"><td><b>Then </b> order confirmation is displayed</td><td width="100">0.00s</td></tr></table></td></tr><tr class="passed"><td>After</td><td colspan="2"></td><td width="100">4.42s</td></tr><tr class="passed"><td colspan="4"><br></br></td></tr><tr><td colspan="5"><sup><a href="#top">Back to Table of Contents</a></sup></td></tr></table></td></tr><tr><td colspan="5"></td></tr><tr class="undefined"><td colspan="4"><b>Feature:</b> <a id="feature-existing-customer-refresh-order-delayed-delivery-phone-with-instock-accessory-basket-review-and-confirmation-page">Existing customer Refresh Order Delayed delivery phone with Instock accessory Basket Review and Confirmation Page</a></td></tr><tr class="undefined_description"><td colspan="4"><br></br></td></tr><tr class="undefined"><td><small><b>Passed:</b> 0</small></td><td><small><b>Failed:</b> 0</small></td><td><small><b>Undefined:</b> 1</small></td><td><small>Duration: 62.80s</small></td></tr><tr class="undefined"><td colspan="4" style="padding-left:20px"> <table width="100%"><tr class="undefined"><td colspan="4"><b>Scenario Outline:</b> <a id="sc-existing-customer-refresh-order-delayed-delivery-phone-with-instock-accessory-basket-review-and-confirmation-page;;;2"></a></td></tr><tr class="undefined_description"><td colspan="4"><br>Existing customer Refresh Order Delayed delivery phone with Instock accessory Basket Review and Confirmation Page</br></td></tr><tr class="undefined"><td><small><b>Passed:</b> 0</small></td><td><small><b>Failed:</b> 0</small></td><td><small><b>Undefined:</b> 16</small></td><td><small>Duration: 62.80s</small></td></tr><tr class="failed"><td>Before</td><td colspan="2"></td><td width="100">60.79s</td></tr><tr class="failed"><td colspan="4"><br>org.openqa.selenium.NoSuchSessionException: no such session
  (Driver info: chromedriver=2.29.461591 (62ebf098771772160f391d75e589dc567915b233),platform=Windows NT 6.1.7601 SP1 x86) (WARNING: The server did not provide any stacktrace information)
Command duration or timeout: 13 milliseconds
Build info: version: '3.0.1', revision: '1969d75', time: '2016-10-18 09:49:13 -0700'
System info: host: 'LASST242987', ip: '10.172.44.65', os.name: 'Windows 7', os.arch: 'x86', os.version: '6.1', java.version: '1.8.0_121'
Driver info: org.openqa.selenium.chrome.ChromeDriver
Capabilities [{message=chrome not reachable
  (Driver info: chromedriver=2.29.461591 (62ebf098771772160f391d75e589dc567915b233),platform=Windows NT 6.1.7601 SP1 x86), platform=ANY}]
Session ID: e36e63eced96163abf48571422c43c2c</br><br>	at sun.reflect.NativeConstructorAccessorImpl.newInstance0(Native Method)</br><br>	at sun.reflect.NativeConstructorAccessorImpl.newInstance(NativeConstructorAccessorImpl.java:62)</br><br>	at sun.reflect.DelegatingConstructorAccessorImpl.newInstance(DelegatingConstructorAccessorImpl.java:45)</br><br>	at java.lang.reflect.Constructor.newInstance(Constructor.java:423)</br><br>	at org.openqa.selenium.remote.ErrorHandler.createThrowable(ErrorHandler.java:216)</br><br>	at org.openqa.selenium.remote.ErrorHandler.throwIfResponseFailed(ErrorHandler.java:168)</br><br>	at org.openqa.selenium.remote.RemoteWebDriver.execute(RemoteWebDriver.java:635)</br><br>	at org.openqa.selenium.remote.RemoteWebDriver&#36;RemoteWebDriverOptions&#36;RemoteTimeouts.implicitlyWait(RemoteWebDriver.java:822)</br><br>	at helpers.BrowserHelper.Invoke_browser(BrowserHelper.java:54)</br><br>	at steps.Hooks.openBrowser(Hooks.java:50)</br><br>	at sun.reflect.NativeMethodAccessorImpl.invoke0(Native Method)</br><br>	at sun.reflect.NativeMethodAccessorImpl.invoke(NativeMethodAccessorImpl.java:62)</br><br>	at sun.reflect.DelegatingMethodAccessorImpl.invoke(DelegatingMethodAccessorImpl.java:43)</br><br>	at java.lang.reflect.Method.invoke(Method.java:498)</br><br>	at cucumber.runtime.Utils&#36;1.call(Utils.java:40)</br><br>	at cucumber.runtime.Timeout.timeout(Timeout.java:16)</br><br>	at cucumber.runtime.Utils.invoke(Utils.java:34)</br><br>	at cucumber.runtime.java.JavaHookDefinition.execute(JavaHookDefinition.java:60)</br><br>	at cucumber.runtime.Runtime.runHookIfTagsMatch(Runtime.java:224)</br><br>	at cucumber.runtime.Runtime.runHooks(Runtime.java:212)</br><br>	at cucumber.runtime.Runtime.runBeforeHooks(Runtime.java:202)</br><br>	at cucumber.runtime.model.CucumberScenario.run(CucumberScenario.java:40)</br><br>	at cucumber.runtime.junit.ExecutionUnitRunner.run(ExecutionUnitRunner.java:102)</br><br>	at org.junit.runners.Suite.runChild(Suite.java:128)</br><br>	at org.junit.runners.Suite.runChild(Suite.java:27)</br><br>	at org.junit.runners.ParentRunner&#36;3.run(ParentRunner.java:290)</br><br>	at org.junit.runners.ParentRunner&#36;1.schedule(ParentRunner.java:71)</br><br>	at org.junit.runners.ParentRunner.runChildren(ParentRunner.java:288)</br><br>	at org.junit.runners.ParentRunner.access&#36;000(ParentRunner.java:58)</br><br>	at org.junit.runners.ParentRunner&#36;2.evaluate(ParentRunner.java:268)</br><br>	at org.junit.runners.ParentRunner.run(ParentRunner.java:363)</br><br>	at cucumber.runtime.junit.ExamplesRunner.run(ExamplesRunner.java:59)</br><br>	at org.junit.runners.Suite.runChild(Suite.java:128)</br><br>	at org.junit.runners.Suite.runChild(Suite.java:27)</br><br>	at org.junit.runners.ParentRunner&#36;3.run(ParentRunner.java:290)</br><br>	at org.junit.runners.ParentRunner&#36;1.schedule(ParentRunner.java:71)</br><br>	at org.junit.runners.ParentRunner.runChildren(ParentRunner.java:288)</br><br>	at org.junit.runners.ParentRunner.access&#36;000(ParentRunner.java:58)</br><br>	at org.junit.runners.ParentRunner&#36;2.evaluate(ParentRunner.java:268)</br><br>	at org.junit.runners.ParentRunner.run(ParentRunner.java:363)</br><br>	at cucumber.runtime.junit.ScenarioOutlineRunner.run(ScenarioOutlineRunner.java:53)</br><br>	at cucumber.runtime.junit.FeatureRunner.runChild(FeatureRunner.java:63)</br><br>	at cucumber.runtime.junit.FeatureRunner.runChild(FeatureRunner.java:18)</br><br>	at org.junit.runners.ParentRunner&#36;3.run(ParentRunner.java:290)</br><br>	at org.junit.runners.ParentRunner&#36;1.schedule(ParentRunner.java:71)</br><br>	at org.junit.runners.ParentRunner.runChildren(ParentRunner.java:288)</br><br>	at org.junit.runners.ParentRunner.access&#36;000(ParentRunner.java:58)</br><br>	at org.junit.runners.ParentRunner&#36;2.evaluate(ParentRunner.java:268)</br><br>	at org.junit.runners.ParentRunner.run(ParentRunner.java:363)</br><br>	at cucumber.runtime.junit.FeatureRunner.run(FeatureRunner.java:70)</br><br>	at cucumber.api.junit.Cucumber.runChild(Cucumber.java:95)</br><br>	at cucumber.api.junit.Cucumber.runChild(Cucumber.java:38)</br><br>	at org.junit.runners.ParentRunner&#36;3.run(ParentRunner.java:290)</br><br>	at org.junit.runners.ParentRunner&#36;1.schedule(ParentRunner.java:71)</br><br>	at org.junit.runners.ParentRunner.runChildren(ParentRunner.java:288)</br><br>	at org.junit.runners.ParentRunner.access&#36;000(ParentRunner.java:58)</br><br>	at org.junit.runners.ParentRunner&#36;2.evaluate(ParentRunner.java:268)</br><br>	at org.junit.internal.runners.statements.RunBefores.evaluate(RunBefores.java:26)</br><br>	at org.junit.runners.ParentRunner.run(ParentRunner.java:363)</br><br>	at cucumber.api.junit.Cucumber.run(Cucumber.java:100)</br><br>	at testRunner.CucumberRunner.run(CucumberRunner.java:64)</br><br>	at org.eclipse.jdt.internal.junit4.runner.JUnit4TestReference.run(JUnit4TestReference.java:86)</br><br>	at org.eclipse.jdt.internal.junit.runner.TestExecution.run(TestExecution.java:38)</br><br>	at org.eclipse.jdt.internal.junit.runner.RemoteTestRunner.runTests(RemoteTestRunner.java:459)</br><br>	at org.eclipse.jdt.internal.junit.runner.RemoteTestRunner.runTests(RemoteTestRunner.java:675)</br><br>	at org.eclipse.jdt.internal.junit.runner.RemoteTestRunner.run(RemoteTestRunner.java:382)</br><br>	at org.eclipse.jdt.internal.junit.runner.RemoteTestRunner.main(RemoteTestRunner.java:192)</br><br></br></td></tr><tr class="undefined"><td colspan="4" style="padding-left:20px"> <table width="100%"><tr class="undefined"><td><b>Given </b> I am existing user and I click on Signin button</td><td width="100">0.00s</td></tr><tr class="skipped"><td><b>And </b> Signin using valid &lt;username&gt; and &lt;password&gt; credentials</td><td width="100">0.00s</td></tr><tr class="skipped"><td><b>And </b> navigate to PAYM Phones page</td><td width="100">0.00s</td></tr><tr class="skipped"><td><b>And </b> I choose PayM GalaxyS7</td><td width="100">0.00s</td></tr><tr class="undefined"><td><b>And </b> Navigate to device details page, check if the selected device is Delayed Delivery and select pink</td><td width="100">0.00s</td></tr><tr class="skipped"><td><b>And </b> Land on the 'Tariffs and extra' page</td><td width="100">0.00s</td></tr><tr class="skipped"><td><b>And </b> Choose some Accesssory</td><td width="100">0.00s</td></tr><tr class="skipped"><td><b>And </b> I Land on the basket page and choose home delivery option</td><td width="100">0.00s</td></tr><tr class="skipped"><td><b>And </b> Check for order contract text for DD/PreOrder phone in Basket Page</td><td width="100">0.00s</td></tr><tr class="skipped"><td><b>And </b> click on &quot;go to checkout&quot; button</td><td width="100">0.00s</td></tr><tr class="undefined"><td><b>And </b> Select existing account and begin fast checkout</td><td width="100">0.00s</td></tr><tr class="undefined"><td><b>And </b> land on the payment page, check stock extended message for GalaxyS7 and input &lt;user&gt; and other details for upgrade and click 'Continue on next step'</td><td width="100">0.00s</td></tr><tr class="undefined"><td><b>And </b> Continue to Agreements page, check stock extended message for GalaxyS7 and confirm all the agreement checks</td><td width="100">0.00s</td></tr><tr class="undefined"><td><b>And </b> Continue to Review page, check order contract text, stock extended message for GalaxyS7 and review the order</td><td width="100">0.00s</td></tr><tr class="skipped"><td><b>And </b> Check order contract text in Order Confirmation page</td><td width="100">0.00s</td></tr><tr class="skipped"><td><b>Then </b> order confirmation is displayed</td><td width="100">0.00s</td></tr></table></td></tr><tr class="failed"><td>After</td><td colspan="2"></td><td width="100">2.01s</td></tr><tr class="failed"><td colspan="4"><br>org.openqa.selenium.NoSuchSessionException: no such session
  (Driver info: chromedriver=2.29.461591 (62ebf098771772160f391d75e589dc567915b233),platform=Windows NT 6.1.7601 SP1 x86) (WARNING: The server did not provide any stacktrace information)
Command duration or timeout: 4 milliseconds
Build info: version: '3.0.1', revision: '1969d75', time: '2016-10-18 09:49:13 -0700'
System info: host: 'LASST242987', ip: '10.172.44.65', os.name: 'Windows 7', os.arch: 'x86', os.version: '6.1', java.version: '1.8.0_121'
Driver info: org.openqa.selenium.chrome.ChromeDriver
Capabilities [{message=chrome not reachable
  (Driver info: chromedriver=2.29.461591 (62ebf098771772160f391d75e589dc567915b233),platform=Windows NT 6.1.7601 SP1 x86), platform=ANY}]
Session ID: e36e63eced96163abf48571422c43c2c</br><br>	at sun.reflect.NativeConstructorAccessorImpl.newInstance0(Native Method)</br><br>	at sun.reflect.NativeConstructorAccessorImpl.newInstance(NativeConstructorAccessorImpl.java:62)</br><br>	at sun.reflect.DelegatingConstructorAccessorImpl.newInstance(DelegatingConstructorAccessorImpl.java:45)</br><br>	at java.lang.reflect.Constructor.newInstance(Constructor.java:423)</br><br>	at org.openqa.selenium.remote.ErrorHandler.createThrowable(ErrorHandler.java:216)</br><br>	at org.openqa.selenium.remote.ErrorHandler.throwIfResponseFailed(ErrorHandler.java:168)</br><br>	at org.openqa.selenium.remote.RemoteWebDriver.execute(RemoteWebDriver.java:635)</br><br>	at org.openqa.selenium.remote.RemoteWebDriver.execute(RemoteWebDriver.java:658)</br><br>	at org.openqa.selenium.remote.RemoteWebDriver.close(RemoteWebDriver.java:487)</br><br>	at steps.Hooks.embedScreenshot(Hooks.java:94)</br><br>	at sun.reflect.NativeMethodAccessorImpl.invoke0(Native Method)</br><br>	at sun.reflect.NativeMethodAccessorImpl.invoke(NativeMethodAccessorImpl.java:62)</br><br>	at sun.reflect.DelegatingMethodAccessorImpl.invoke(DelegatingMethodAccessorImpl.java:43)</br><br>	at java.lang.reflect.Method.invoke(Method.java:498)</br><br>	at cucumber.runtime.Utils&#36;1.call(Utils.java:40)</br><br>	at cucumber.runtime.Timeout.timeout(Timeout.java:16)</br><br>	at cucumber.runtime.Utils.invoke(Utils.java:34)</br><br>	at cucumber.runtime.java.JavaHookDefinition.execute(JavaHookDefinition.java:60)</br><br>	at cucumber.runtime.Runtime.runHookIfTagsMatch(Runtime.java:224)</br><br>	at cucumber.runtime.Runtime.runHooks(Runtime.java:212)</br><br>	at cucumber.runtime.Runtime.runAfterHooks(Runtime.java:206)</br><br>	at cucumber.runtime.model.CucumberScenario.run(CucumberScenario.java:46)</br><br>	at cucumber.runtime.junit.ExecutionUnitRunner.run(ExecutionUnitRunner.java:102)</br><br>	at org.junit.runners.Suite.runChild(Suite.java:128)</br><br>	at org.junit.runners.Suite.runChild(Suite.java:27)</br><br>	at org.junit.runners.ParentRunner&#36;3.run(ParentRunner.java:290)</br><br>	at org.junit.runners.ParentRunner&#36;1.schedule(ParentRunner.java:71)</br><br>	at org.junit.runners.ParentRunner.runChildren(ParentRunner.java:288)</br><br>	at org.junit.runners.ParentRunner.access&#36;000(ParentRunner.java:58)</br><br>	at org.junit.runners.ParentRunner&#36;2.evaluate(ParentRunner.java:268)</br><br>	at org.junit.runners.ParentRunner.run(ParentRunner.java:363)</br><br>	at cucumber.runtime.junit.ExamplesRunner.run(ExamplesRunner.java:59)</br><br>	at org.junit.runners.Suite.runChild(Suite.java:128)</br><br>	at org.junit.runners.Suite.runChild(Suite.java:27)</br><br>	at org.junit.runners.ParentRunner&#36;3.run(ParentRunner.java:290)</br><br>	at org.junit.runners.ParentRunner&#36;1.schedule(ParentRunner.java:71)</br><br>	at org.junit.runners.ParentRunner.runChildren(ParentRunner.java:288)</br><br>	at org.junit.runners.ParentRunner.access&#36;000(ParentRunner.java:58)</br><br>	at org.junit.runners.ParentRunner&#36;2.evaluate(ParentRunner.java:268)</br><br>	at org.junit.runners.ParentRunner.run(ParentRunner.java:363)</br><br>	at cucumber.runtime.junit.ScenarioOutlineRunner.run(ScenarioOutlineRunner.java:53)</br><br>	at cucumber.runtime.junit.FeatureRunner.runChild(FeatureRunner.java:63)</br><br>	at cucumber.runtime.junit.FeatureRunner.runChild(FeatureRunner.java:18)</br><br>	at org.junit.runners.ParentRunner&#36;3.run(ParentRunner.java:290)</br><br>	at org.junit.runners.ParentRunner&#36;1.schedule(ParentRunner.java:71)</br><br>	at org.junit.runners.ParentRunner.runChildren(ParentRunner.java:288)</br><br>	at org.junit.runners.ParentRunner.access&#36;000(ParentRunner.java:58)</br><br>	at org.junit.runners.ParentRunner&#36;2.evaluate(ParentRunner.java:268)</br><br>	at org.junit.runners.ParentRunner.run(ParentRunner.java:363)</br><br>	at cucumber.runtime.junit.FeatureRunner.run(FeatureRunner.java:70)</br><br>	at cucumber.api.junit.Cucumber.runChild(Cucumber.java:95)</br><br>	at cucumber.api.junit.Cucumber.runChild(Cucumber.java:38)</br><br>	at org.junit.runners.ParentRunner&#36;3.run(ParentRunner.java:290)</br><br>	at org.junit.runners.ParentRunner&#36;1.schedule(ParentRunner.java:71)</br><br>	at org.junit.runners.ParentRunner.runChildren(ParentRunner.java:288)</br><br>	at org.junit.runners.ParentRunner.access&#36;000(ParentRunner.java:58)</br><br>	at org.junit.runners.ParentRunner&#36;2.evaluate(ParentRunner.java:268)</br><br>	at org.junit.internal.runners.statements.RunBefores.evaluate(RunBefores.java:26)</br><br>	at org.junit.runners.ParentRunner.run(ParentRunner.java:363)</br><br>	at cucumber.api.junit.Cucumber.run(Cucumber.java:100)</br><br>	at testRunner.CucumberRunner.run(CucumberRunner.java:64)</br><br>	at org.eclipse.jdt.internal.junit4.runner.JUnit4TestReference.run(JUnit4TestReference.java:86)</br><br>	at org.eclipse.jdt.internal.junit.runner.TestExecution.run(TestExecution.java:38)</br><br>	at org.eclipse.jdt.internal.junit.runner.RemoteTestRunner.runTests(RemoteTestRunner.java:459)</br><br>	at org.eclipse.jdt.internal.junit.runner.RemoteTestRunner.runTests(RemoteTestRunner.java:675)</br><br>	at org.eclipse.jdt.internal.junit.runner.RemoteTestRunner.run(RemoteTestRunner.java:382)</br><br>	at org.eclipse.jdt.internal.junit.runner.RemoteTestRunner.main(RemoteTestRunner.java:192)</br><br></br></td></tr><tr><td colspan="5"><sup><a href="#top">Back to Table of Contents</a></sup></td></tr></table></td></tr><tr><td colspan="5"></td></tr><tr class="undefined"><td colspan="4"><b>Feature:</b> <a id="feature-existing-customer-refresh-order-preorder-phone-with-instock-accessory">Existing customer Refresh Order PreOrder phone with Instock accessory</a></td></tr><tr class="undefined_description"><td colspan="4"><br></br></td></tr><tr class="undefined"><td><small><b>Passed:</b> 0</small></td><td><small><b>Failed:</b> 0</small></td><td><small><b>Undefined:</b> 1</small></td><td><small>Duration: 77.22s</small></td></tr><tr class="undefined"><td colspan="4" style="padding-left:20px"> <table width="100%"><tr class="undefined"><td colspan="4"><b>Scenario Outline:</b> <a id="sc-existing-customer-refresh-order-preorder-phone-with-instock-accessory;;;2"></a></td></tr><tr class="undefined_description"><td colspan="4"><br>Existing customer Refresh Order PreOrder phone with Instock accessory</br></td></tr><tr class="undefined"><td><small><b>Passed:</b> 0</small></td><td><small><b>Failed:</b> 0</small></td><td><small><b>Undefined:</b> 16</small></td><td><small>Duration: 77.22s</small></td></tr><tr class="passed"><td>Before</td><td colspan="2"></td><td width="100">72.89s</td></tr><tr class="passed"><td colspan="4"><br></br></td></tr><tr class="undefined"><td colspan="4" style="padding-left:20px"> <table width="100%"><tr class="undefined"><td><b>Given </b> I am existing user and I click on Signin button</td><td width="100">0.00s</td></tr><tr class="skipped"><td><b>And </b> Signin using valid &lt;username&gt; and &lt;password&gt; credentials</td><td width="100">0.00s</td></tr><tr class="skipped"><td><b>And </b> navigate to PAYM Phones page</td><td width="100">0.00s</td></tr><tr class="skipped"><td><b>And </b> I choose PayM AquarisM45</td><td width="100">0.00s</td></tr><tr class="undefined"><td><b>And </b> Navigate to device details page, check if the selected device is Pre Order and select black</td><td width="100">0.00s</td></tr><tr class="skipped"><td><b>And </b> Land on the 'Tariffs and extra' page</td><td width="100">0.00s</td></tr><tr class="skipped"><td><b>And </b> Choose some Accesssory</td><td width="100">0.00s</td></tr><tr class="skipped"><td><b>And </b> I Land on the basket page and choose home delivery option</td><td width="100">0.00s</td></tr><tr class="skipped"><td><b>And </b> Check for order contract text for DD/PreOrder phone in Basket Page</td><td width="100">0.00s</td></tr><tr class="skipped"><td><b>And </b> click on &quot;go to checkout&quot; button</td><td width="100">0.00s</td></tr><tr class="undefined"><td><b>And </b> Select existing account and begin fast checkout</td><td width="100">0.00s</td></tr><tr class="undefined"><td><b>And </b> land on the payment page, check stock extended message for AquarisM45 and input &lt;user&gt; and other details for upgrade and click 'Continue on next step'</td><td width="100">0.00s</td></tr><tr class="undefined"><td><b>And </b> Continue to Agreements page, check stock extended message for AquarisM45 and confirm all the agreement checks</td><td width="100">0.00s</td></tr><tr class="undefined"><td><b>And </b> Continue to Review page, check order contract text, stock extended message for AquarisM45 and review the order</td><td width="100">0.00s</td></tr><tr class="skipped"><td><b>And </b> Check order contract text in Order Confirmation page</td><td width="100">0.00s</td></tr><tr class="skipped"><td><b>Then </b> order confirmation is displayed</td><td width="100">0.00s</td></tr></table></td></tr><tr class="passed"><td>After</td><td colspan="2"></td><td width="100">4.33s</td></tr><tr class="passed"><td colspan="4"><br></br></td></tr><tr><td colspan="5"><sup><a href="#top">Back to Table of Contents</a></sup></td></tr></table></td></tr><tr><td colspan="5"></td></tr><tr class="undefined"><td colspan="4"><b>Feature:</b> <a id="feature-existing-customer-standard-order-delayed-delivery-phone-with-instock-accessory-basket-review-and-confirmation-page">Existing customer Standard Order Delayed delivery phone with Instock accessory Basket Review and Confirmation Page</a></td></tr><tr class="undefined_description"><td colspan="4"><br></br></td></tr><tr class="undefined"><td><small><b>Passed:</b> 0</small></td><td><small><b>Failed:</b> 0</small></td><td><small><b>Undefined:</b> 1</small></td><td><small>Duration: 64.67s</small></td></tr><tr class="undefined"><td colspan="4" style="padding-left:20px"> <table width="100%"><tr class="undefined"><td colspan="4"><b>Scenario Outline:</b> <a id="sc-existing-customer-standard-order-delayed-delivery-phone-with-instock-accessory-basket-review-and-confirmation-page;;;2"></a></td></tr><tr class="undefined_description"><td colspan="4"><br>Existing customer Standard Order Delayed delivery phone with Instock accessory Basket Review and Confirmation Page</br></td></tr><tr class="undefined"><td><small><b>Passed:</b> 0</small></td><td><small><b>Failed:</b> 0</small></td><td><small><b>Undefined:</b> 16</small></td><td><small>Duration: 64.67s</small></td></tr><tr class="failed"><td>Before</td><td colspan="2"></td><td width="100">62.66s</td></tr><tr class="failed"><td colspan="4"><br>org.openqa.selenium.NoSuchSessionException: no such session
  (Driver info: chromedriver=2.29.461591 (62ebf098771772160f391d75e589dc567915b233),platform=Windows NT 6.1.7601 SP1 x86) (WARNING: The server did not provide any stacktrace information)
Command duration or timeout: 19 milliseconds
Build info: version: '3.0.1', revision: '1969d75', time: '2016-10-18 09:49:13 -0700'
System info: host: 'LASST242987', ip: '10.172.44.65', os.name: 'Windows 7', os.arch: 'x86', os.version: '6.1', java.version: '1.8.0_121'
Driver info: org.openqa.selenium.chrome.ChromeDriver
Capabilities [{message=chrome not reachable
  (Driver info: chromedriver=2.29.461591 (62ebf098771772160f391d75e589dc567915b233),platform=Windows NT 6.1.7601 SP1 x86), platform=ANY}]
Session ID: b3cf6f5d299844a47e103b534be30fb7</br><br>	at sun.reflect.NativeConstructorAccessorImpl.newInstance0(Native Method)</br><br>	at sun.reflect.NativeConstructorAccessorImpl.newInstance(NativeConstructorAccessorImpl.java:62)</br><br>	at sun.reflect.DelegatingConstructorAccessorImpl.newInstance(DelegatingConstructorAccessorImpl.java:45)</br><br>	at java.lang.reflect.Constructor.newInstance(Constructor.java:423)</br><br>	at org.openqa.selenium.remote.ErrorHandler.createThrowable(ErrorHandler.java:216)</br><br>	at org.openqa.selenium.remote.ErrorHandler.throwIfResponseFailed(ErrorHandler.java:168)</br><br>	at org.openqa.selenium.remote.RemoteWebDriver.execute(RemoteWebDriver.java:635)</br><br>	at org.openqa.selenium.remote.RemoteWebDriver&#36;RemoteWebDriverOptions&#36;RemoteTimeouts.implicitlyWait(RemoteWebDriver.java:822)</br><br>	at helpers.BrowserHelper.Invoke_browser(BrowserHelper.java:54)</br><br>	at steps.Hooks.openBrowser(Hooks.java:50)</br><br>	at sun.reflect.NativeMethodAccessorImpl.invoke0(Native Method)</br><br>	at sun.reflect.NativeMethodAccessorImpl.invoke(NativeMethodAccessorImpl.java:62)</br><br>	at sun.reflect.DelegatingMethodAccessorImpl.invoke(DelegatingMethodAccessorImpl.java:43)</br><br>	at java.lang.reflect.Method.invoke(Method.java:498)</br><br>	at cucumber.runtime.Utils&#36;1.call(Utils.java:40)</br><br>	at cucumber.runtime.Timeout.timeout(Timeout.java:16)</br><br>	at cucumber.runtime.Utils.invoke(Utils.java:34)</br><br>	at cucumber.runtime.java.JavaHookDefinition.execute(JavaHookDefinition.java:60)</br><br>	at cucumber.runtime.Runtime.runHookIfTagsMatch(Runtime.java:224)</br><br>	at cucumber.runtime.Runtime.runHooks(Runtime.java:212)</br><br>	at cucumber.runtime.Runtime.runBeforeHooks(Runtime.java:202)</br><br>	at cucumber.runtime.model.CucumberScenario.run(CucumberScenario.java:40)</br><br>	at cucumber.runtime.junit.ExecutionUnitRunner.run(ExecutionUnitRunner.java:102)</br><br>	at org.junit.runners.Suite.runChild(Suite.java:128)</br><br>	at org.junit.runners.Suite.runChild(Suite.java:27)</br><br>	at org.junit.runners.ParentRunner&#36;3.run(ParentRunner.java:290)</br><br>	at org.junit.runners.ParentRunner&#36;1.schedule(ParentRunner.java:71)</br><br>	at org.junit.runners.ParentRunner.runChildren(ParentRunner.java:288)</br><br>	at org.junit.runners.ParentRunner.access&#36;000(ParentRunner.java:58)</br><br>	at org.junit.runners.ParentRunner&#36;2.evaluate(ParentRunner.java:268)</br><br>	at org.junit.runners.ParentRunner.run(ParentRunner.java:363)</br><br>	at cucumber.runtime.junit.ExamplesRunner.run(ExamplesRunner.java:59)</br><br>	at org.junit.runners.Suite.runChild(Suite.java:128)</br><br>	at org.junit.runners.Suite.runChild(Suite.java:27)</br><br>	at org.junit.runners.ParentRunner&#36;3.run(ParentRunner.java:290)</br><br>	at org.junit.runners.ParentRunner&#36;1.schedule(ParentRunner.java:71)</br><br>	at org.junit.runners.ParentRunner.runChildren(ParentRunner.java:288)</br><br>	at org.junit.runners.ParentRunner.access&#36;000(ParentRunner.java:58)</br><br>	at org.junit.runners.ParentRunner&#36;2.evaluate(ParentRunner.java:268)</br><br>	at org.junit.runners.ParentRunner.run(ParentRunner.java:363)</br><br>	at cucumber.runtime.junit.ScenarioOutlineRunner.run(ScenarioOutlineRunner.java:53)</br><br>	at cucumber.runtime.junit.FeatureRunner.runChild(FeatureRunner.java:63)</br><br>	at cucumber.runtime.junit.FeatureRunner.runChild(FeatureRunner.java:18)</br><br>	at org.junit.runners.ParentRunner&#36;3.run(ParentRunner.java:290)</br><br>	at org.junit.runners.ParentRunner&#36;1.schedule(ParentRunner.java:71)</br><br>	at org.junit.runners.ParentRunner.runChildren(ParentRunner.java:288)</br><br>	at org.junit.runners.ParentRunner.access&#36;000(ParentRunner.java:58)</br><br>	at org.junit.runners.ParentRunner&#36;2.evaluate(ParentRunner.java:268)</br><br>	at org.junit.runners.ParentRunner.run(ParentRunner.java:363)</br><br>	at cucumber.runtime.junit.FeatureRunner.run(FeatureRunner.java:70)</br><br>	at cucumber.api.junit.Cucumber.runChild(Cucumber.java:95)</br><br>	at cucumber.api.junit.Cucumber.runChild(Cucumber.java:38)</br><br>	at org.junit.runners.ParentRunner&#36;3.run(ParentRunner.java:290)</br><br>	at org.junit.runners.ParentRunner&#36;1.schedule(ParentRunner.java:71)</br><br>	at org.junit.runners.ParentRunner.runChildren(ParentRunner.java:288)</br><br>	at org.junit.runners.ParentRunner.access&#36;000(ParentRunner.java:58)</br><br>	at org.junit.runners.ParentRunner&#36;2.evaluate(ParentRunner.java:268)</br><br>	at org.junit.internal.runners.statements.RunBefores.evaluate(RunBefores.java:26)</br><br>	at org.junit.runners.ParentRunner.run(ParentRunner.java:363)</br><br>	at cucumber.api.junit.Cucumber.run(Cucumber.java:100)</br><br>	at testRunner.CucumberRunner.run(CucumberRunner.java:64)</br><br>	at org.eclipse.jdt.internal.junit4.runner.JUnit4TestReference.run(JUnit4TestReference.java:86)</br><br>	at org.eclipse.jdt.internal.junit.runner.TestExecution.run(TestExecution.java:38)</br><br>	at org.eclipse.jdt.internal.junit.runner.RemoteTestRunner.runTests(RemoteTestRunner.java:459)</br><br>	at org.eclipse.jdt.internal.junit.runner.RemoteTestRunner.runTests(RemoteTestRunner.java:675)</br><br>	at org.eclipse.jdt.internal.junit.runner.RemoteTestRunner.run(RemoteTestRunner.java:382)</br><br>	at org.eclipse.jdt.internal.junit.runner.RemoteTestRunner.main(RemoteTestRunner.java:192)</br><br></br></td></tr><tr class="undefined"><td colspan="4" style="padding-left:20px"> <table width="100%"><tr class="undefined"><td><b>Given </b> I am existing user and I click on Signin button</td><td width="100">0.00s</td></tr><tr class="skipped"><td><b>And </b> Signin using valid &lt;username&gt; and &lt;password&gt; credentials</td><td width="100">0.00s</td></tr><tr class="skipped"><td><b>And </b> navigate to PAYM Phones page</td><td width="100">0.00s</td></tr><tr class="skipped"><td><b>And </b> I choose PayM GalaxyS7</td><td width="100">0.00s</td></tr><tr class="undefined"><td><b>And </b> Navigate to device details page, check if the selected device is Delayed Delivery and select pink</td><td width="100">0.00s</td></tr><tr class="skipped"><td><b>And </b> Land on the 'Tariffs and extra' page selecting pay device in full</td><td width="100">0.00s</td></tr><tr class="skipped"><td><b>And </b> Choose some Accesssory</td><td width="100">0.00s</td></tr><tr class="skipped"><td><b>And </b> I Land on the basket page and choose home delivery option</td><td width="100">0.00s</td></tr><tr class="skipped"><td><b>And </b> Check for order contract text for DD/PreOrder phone in Basket Page</td><td width="100">0.00s</td></tr><tr class="skipped"><td><b>And </b> click on &quot;go to checkout&quot; button</td><td width="100">0.00s</td></tr><tr class="undefined"><td><b>And </b> Select existing account and begin fast checkout</td><td width="100">0.00s</td></tr><tr class="undefined"><td><b>And </b> land on the payment page, check stock extended message for GalaxyS7 and input &lt;user&gt; and other details for upgrade and click 'Continue on next step'</td><td width="100">0.00s</td></tr><tr class="undefined"><td><b>And </b> Continue to Agreements page, check stock extended message for GalaxyS7 and confirm all the agreement checks</td><td width="100">0.00s</td></tr><tr class="undefined"><td><b>And </b> Continue to Review page, check order contract text, stock extended message for GalaxyS7 and review the order</td><td width="100">0.00s</td></tr><tr class="skipped"><td><b>And </b> Check order contract text in Order Confirmation page</td><td width="100">0.00s</td></tr><tr class="skipped"><td><b>Then </b> order confirmation is displayed</td><td width="100">0.00s</td></tr></table></td></tr><tr class="failed"><td>After</td><td colspan="2"></td><td width="100">2.01s</td></tr><tr class="failed"><td colspan="4"><br>org.openqa.selenium.NoSuchSessionException: no such session
  (Driver info: chromedriver=2.29.461591 (62ebf098771772160f391d75e589dc567915b233),platform=Windows NT 6.1.7601 SP1 x86) (WARNING: The server did not provide any stacktrace information)
Command duration or timeout: 7 milliseconds
Build info: version: '3.0.1', revision: '1969d75', time: '2016-10-18 09:49:13 -0700'
System info: host: 'LASST242987', ip: '10.172.44.65', os.name: 'Windows 7', os.arch: 'x86', os.version: '6.1', java.version: '1.8.0_121'
Driver info: org.openqa.selenium.chrome.ChromeDriver
Capabilities [{message=chrome not reachable
  (Driver info: chromedriver=2.29.461591 (62ebf098771772160f391d75e589dc567915b233),platform=Windows NT 6.1.7601 SP1 x86), platform=ANY}]
Session ID: b3cf6f5d299844a47e103b534be30fb7</br><br>	at sun.reflect.NativeConstructorAccessorImpl.newInstance0(Native Method)</br><br>	at sun.reflect.NativeConstructorAccessorImpl.newInstance(NativeConstructorAccessorImpl.java:62)</br><br>	at sun.reflect.DelegatingConstructorAccessorImpl.newInstance(DelegatingConstructorAccessorImpl.java:45)</br><br>	at java.lang.reflect.Constructor.newInstance(Constructor.java:423)</br><br>	at org.openqa.selenium.remote.ErrorHandler.createThrowable(ErrorHandler.java:216)</br><br>	at org.openqa.selenium.remote.ErrorHandler.throwIfResponseFailed(ErrorHandler.java:168)</br><br>	at org.openqa.selenium.remote.RemoteWebDriver.execute(RemoteWebDriver.java:635)</br><br>	at org.openqa.selenium.remote.RemoteWebDriver.execute(RemoteWebDriver.java:658)</br><br>	at org.openqa.selenium.remote.RemoteWebDriver.close(RemoteWebDriver.java:487)</br><br>	at steps.Hooks.embedScreenshot(Hooks.java:94)</br><br>	at sun.reflect.NativeMethodAccessorImpl.invoke0(Native Method)</br><br>	at sun.reflect.NativeMethodAccessorImpl.invoke(NativeMethodAccessorImpl.java:62)</br><br>	at sun.reflect.DelegatingMethodAccessorImpl.invoke(DelegatingMethodAccessorImpl.java:43)</br><br>	at java.lang.reflect.Method.invoke(Method.java:498)</br><br>	at cucumber.runtime.Utils&#36;1.call(Utils.java:40)</br><br>	at cucumber.runtime.Timeout.timeout(Timeout.java:16)</br><br>	at cucumber.runtime.Utils.invoke(Utils.java:34)</br><br>	at cucumber.runtime.java.JavaHookDefinition.execute(JavaHookDefinition.java:60)</br><br>	at cucumber.runtime.Runtime.runHookIfTagsMatch(Runtime.java:224)</br><br>	at cucumber.runtime.Runtime.runHooks(Runtime.java:212)</br><br>	at cucumber.runtime.Runtime.runAfterHooks(Runtime.java:206)</br><br>	at cucumber.runtime.model.CucumberScenario.run(CucumberScenario.java:46)</br><br>	at cucumber.runtime.junit.ExecutionUnitRunner.run(ExecutionUnitRunner.java:102)</br><br>	at org.junit.runners.Suite.runChild(Suite.java:128)</br><br>	at org.junit.runners.Suite.runChild(Suite.java:27)</br><br>	at org.junit.runners.ParentRunner&#36;3.run(ParentRunner.java:290)</br><br>	at org.junit.runners.ParentRunner&#36;1.schedule(ParentRunner.java:71)</br><br>	at org.junit.runners.ParentRunner.runChildren(ParentRunner.java:288)</br><br>	at org.junit.runners.ParentRunner.access&#36;000(ParentRunner.java:58)</br><br>	at org.junit.runners.ParentRunner&#36;2.evaluate(ParentRunner.java:268)</br><br>	at org.junit.runners.ParentRunner.run(ParentRunner.java:363)</br><br>	at cucumber.runtime.junit.ExamplesRunner.run(ExamplesRunner.java:59)</br><br>	at org.junit.runners.Suite.runChild(Suite.java:128)</br><br>	at org.junit.runners.Suite.runChild(Suite.java:27)</br><br>	at org.junit.runners.ParentRunner&#36;3.run(ParentRunner.java:290)</br><br>	at org.junit.runners.ParentRunner&#36;1.schedule(ParentRunner.java:71)</br><br>	at org.junit.runners.ParentRunner.runChildren(ParentRunner.java:288)</br><br>	at org.junit.runners.ParentRunner.access&#36;000(ParentRunner.java:58)</br><br>	at org.junit.runners.ParentRunner&#36;2.evaluate(ParentRunner.java:268)</br><br>	at org.junit.runners.ParentRunner.run(ParentRunner.java:363)</br><br>	at cucumber.runtime.junit.ScenarioOutlineRunner.run(ScenarioOutlineRunner.java:53)</br><br>	at cucumber.runtime.junit.FeatureRunner.runChild(FeatureRunner.java:63)</br><br>	at cucumber.runtime.junit.FeatureRunner.runChild(FeatureRunner.java:18)</br><br>	at org.junit.runners.ParentRunner&#36;3.run(ParentRunner.java:290)</br><br>	at org.junit.runners.ParentRunner&#36;1.schedule(ParentRunner.java:71)</br><br>	at org.junit.runners.ParentRunner.runChildren(ParentRunner.java:288)</br><br>	at org.junit.runners.ParentRunner.access&#36;000(ParentRunner.java:58)</br><br>	at org.junit.runners.ParentRunner&#36;2.evaluate(ParentRunner.java:268)</br><br>	at org.junit.runners.ParentRunner.run(ParentRunner.java:363)</br><br>	at cucumber.runtime.junit.FeatureRunner.run(FeatureRunner.java:70)</br><br>	at cucumber.api.junit.Cucumber.runChild(Cucumber.java:95)</br><br>	at cucumber.api.junit.Cucumber.runChild(Cucumber.java:38)</br><br>	at org.junit.runners.ParentRunner&#36;3.run(ParentRunner.java:290)</br><br>	at org.junit.runners.ParentRunner&#36;1.schedule(ParentRunner.java:71)</br><br>	at org.junit.runners.ParentRunner.runChildren(ParentRunner.java:288)</br><br>	at org.junit.runners.ParentRunner.access&#36;000(ParentRunner.java:58)</br><br>	at org.junit.runners.ParentRunner&#36;2.evaluate(ParentRunner.java:268)</br><br>	at org.junit.internal.runners.statements.RunBefores.evaluate(RunBefores.java:26)</br><br>	at org.junit.runners.ParentRunner.run(ParentRunner.java:363)</br><br>	at cucumber.api.junit.Cucumber.run(Cucumber.java:100)</br><br>	at testRunner.CucumberRunner.run(CucumberRunner.java:64)</br><br>	at org.eclipse.jdt.internal.junit4.runner.JUnit4TestReference.run(JUnit4TestReference.java:86)</br><br>	at org.eclipse.jdt.internal.junit.runner.TestExecution.run(TestExecution.java:38)</br><br>	at org.eclipse.jdt.internal.junit.runner.RemoteTestRunner.runTests(RemoteTestRunner.java:459)</br><br>	at org.eclipse.jdt.internal.junit.runner.RemoteTestRunner.runTests(RemoteTestRunner.java:675)</br><br>	at org.eclipse.jdt.internal.junit.runner.RemoteTestRunner.run(RemoteTestRunner.java:382)</br><br>	at org.eclipse.jdt.internal.junit.runner.RemoteTestRunner.main(RemoteTestRunner.java:192)</br><br></br></td></tr><tr><td colspan="5"><sup><a href="#top">Back to Table of Contents</a></sup></td></tr></table></td></tr><tr><td colspan="5"></td></tr><tr class="undefined"><td colspan="4"><b>Feature:</b> <a id="feature-existing-customer-standard-order-preorder-phone-with-instock-accessory">Existing customer Standard Order PreOrder phone with Instock accessory</a></td></tr><tr class="undefined_description"><td colspan="4"><br></br></td></tr><tr class="undefined"><td><small><b>Passed:</b> 0</small></td><td><small><b>Failed:</b> 0</small></td><td><small><b>Undefined:</b> 1</small></td><td><small>Duration: 38.59s</small></td></tr><tr class="undefined"><td colspan="4" style="padding-left:20px"> <table width="100%"><tr class="undefined"><td colspan="4"><b>Scenario Outline:</b> <a id="sc-existing-customer-standard-order-preorder-phone-with-instock-accessory;;;2"></a></td></tr><tr class="undefined_description"><td colspan="4"><br>Existing customer Standard Order PreOrder phone with Instock accessory</br></td></tr><tr class="undefined"><td><small><b>Passed:</b> 0</small></td><td><small><b>Failed:</b> 0</small></td><td><small><b>Undefined:</b> 16</small></td><td><small>Duration: 38.59s</small></td></tr><tr class="passed"><td>Before</td><td colspan="2"></td><td width="100">34.16s</td></tr><tr class="passed"><td colspan="4"><br></br></td></tr><tr class="undefined"><td colspan="4" style="padding-left:20px"> <table width="100%"><tr class="undefined"><td><b>Given </b> I am existing user and I click on Signin button</td><td width="100">0.00s</td></tr><tr class="skipped"><td><b>And </b> Signin using valid &lt;username&gt; and &lt;password&gt; credentials</td><td width="100">0.00s</td></tr><tr class="skipped"><td><b>And </b> navigate to PAYM Phones page</td><td width="100">0.00s</td></tr><tr class="skipped"><td><b>And </b> I choose PayM AquarisM45</td><td width="100">0.00s</td></tr><tr class="undefined"><td><b>And </b> Navigate to device details page, check if the selected device is Pre Order and select black</td><td width="100">0.00s</td></tr><tr class="skipped"><td><b>And </b> Land on the 'Tariffs and extra' page selecting pay device in full</td><td width="100">0.00s</td></tr><tr class="skipped"><td><b>And </b> Choose some Accesssory</td><td width="100">0.00s</td></tr><tr class="skipped"><td><b>And </b> I Land on the basket page and choose home delivery option</td><td width="100">0.00s</td></tr><tr class="skipped"><td><b>And </b> Check for order contract text for DD/PreOrder phone in Basket Page</td><td width="100">0.00s</td></tr><tr class="skipped"><td><b>And </b> click on &quot;go to checkout&quot; button</td><td width="100">0.00s</td></tr><tr class="undefined"><td><b>And </b> Select existing account and begin fast checkout</td><td width="100">0.00s</td></tr><tr class="undefined"><td><b>And </b> land on the payment page, check stock extended message for AquarisM45 and input &lt;user&gt; and other details for upgrade and click 'Continue on next step'</td><td width="100">0.00s</td></tr><tr class="undefined"><td><b>And </b> Continue to Agreements page, check stock extended message for AquarisM45 and confirm all the agreement checks</td><td width="100">0.00s</td></tr><tr class="undefined"><td><b>And </b> Continue to Review page, check order contract text, stock extended message for AquarisM45 and review the order</td><td width="100">0.00s</td></tr><tr class="skipped"><td><b>And </b> Check order contract text in Order Confirmation page</td><td width="100">0.00s</td></tr><tr class="skipped"><td><b>Then </b> order confirmation is displayed</td><td width="100">0.00s</td></tr></table></td></tr><tr class="passed"><td>After</td><td colspan="2"></td><td width="100">4.43s</td></tr><tr class="passed"><td colspan="4"><br></br></td></tr><tr><td colspan="5"><sup><a href="#top">Back to Table of Contents</a></sup></td></tr></table></td></tr><tr><td colspan="5"></td></tr><tr class="undefined"><td colspan="4"><b>Feature:</b> <a id="feature-existing-customer-refresh-order-review-page-and-confirmation-page">Existing customer Refresh Order Review Page and Confirmation Page</a></td></tr><tr class="undefined_description"><td colspan="4"><br></br></td></tr><tr class="undefined"><td><small><b>Passed:</b> 0</small></td><td><small><b>Failed:</b> 0</small></td><td><small><b>Undefined:</b> 1</small></td><td><small>Duration: 26.94s</small></td></tr><tr class="undefined"><td colspan="4" style="padding-left:20px"> <table width="100%"><tr class="undefined"><td colspan="4"><b>Scenario Outline:</b> <a id="sc-existing-customer-refresh-order-review-page-and-confirmation-page;;;2"></a></td></tr><tr class="undefined_description"><td colspan="4"><br>Existing customer Refresh Order Review Page and Confirmation Page</br></td></tr><tr class="undefined"><td><small><b>Passed:</b> 0</small></td><td><small><b>Failed:</b> 0</small></td><td><small><b>Undefined:</b> 15</small></td><td><small>Duration: 26.94s</small></td></tr><tr class="passed"><td>Before</td><td colspan="2"></td><td width="100">22.56s</td></tr><tr class="passed"><td colspan="4"><br></br></td></tr><tr class="undefined"><td colspan="4" style="padding-left:20px"> <table width="100%"><tr class="undefined"><td><b>Given </b> I am existing user and I click on Signin button</td><td width="100">0.00s</td></tr><tr class="skipped"><td><b>And </b> Signin using valid ink_jun9198 and test123 credentials</td><td width="100">0.00s</td></tr><tr class="skipped"><td><b>And </b> navigate to PAYM Phones page</td><td width="100">0.00s</td></tr><tr class="skipped"><td><b>And </b> I choose PayM &lt;handset&gt;</td><td width="100">0.00s</td></tr><tr class="skipped"><td><b>And </b> Navigate to device details page</td><td width="100">0.00s</td></tr><tr class="skipped"><td><b>And </b> Land on the 'Tariffs and extra' page</td><td width="100">0.00s</td></tr><tr class="skipped"><td><b>And </b> I Land on the basket page and choose home delivery option</td><td width="100">0.00s</td></tr><tr class="skipped"><td><b>And </b> Check for order contract text in Basket Page</td><td width="100">0.00s</td></tr><tr class="skipped"><td><b>And </b> click on &quot;go to checkout&quot; button</td><td width="100">0.00s</td></tr><tr class="undefined"><td><b>And </b> Select existing account and begin fast checkout</td><td width="100">0.00s</td></tr><tr class="undefined"><td><b>And </b> land on the payment page and input TEST ACCEPTA and other details for upgrade and click 'Continue on next step'</td><td width="100">0.00s</td></tr><tr class="skipped"><td><b>And </b> Continue to Agreements page and confirm all the agreement checks</td><td width="100">0.00s</td></tr><tr class="skipped"><td><b>And </b> Continue to Review page, check order contract text and review the order</td><td width="100">0.00s</td></tr><tr class="skipped"><td><b>And </b> Check order contract text in Order Confirmation page</td><td width="100">0.00s</td></tr><tr class="skipped"><td><b>Then </b> order confirmation is displayed</td><td width="100">0.00s</td></tr></table></td></tr><tr class="passed"><td>After</td><td colspan="2"></td><td width="100">4.38s</td></tr><tr class="passed"><td colspan="4"><br></br></td></tr><tr><td colspan="5"><sup><a href="#top">Back to Table of Contents</a></sup></td></tr></table></td></tr><tr><td colspan="5"></td></tr><tr class="undefined"><td colspan="4"><b>Feature:</b> <a id="feature-existing-customer-standard-order-review-page-and-confirmation-page">Existing customer Standard Order Review Page and Confirmation Page</a></td></tr><tr class="undefined_description"><td colspan="4"><br></br></td></tr><tr class="undefined"><td><small><b>Passed:</b> 0</small></td><td><small><b>Failed:</b> 0</small></td><td><small><b>Undefined:</b> 1</small></td><td><small>Duration: 64.47s</small></td></tr><tr class="undefined"><td colspan="4" style="padding-left:20px"> <table width="100%"><tr class="undefined"><td colspan="4"><b>Scenario Outline:</b> <a id="sc-existing-customer-standard-order-review-page-and-confirmation-page;;;2"></a></td></tr><tr class="undefined_description"><td colspan="4"><br>Existing customer Standard Order Review Page and Confirmation Page</br></td></tr><tr class="undefined"><td><small><b>Passed:</b> 0</small></td><td><small><b>Failed:</b> 0</small></td><td><small><b>Undefined:</b> 15</small></td><td><small>Duration: 64.47s</small></td></tr><tr class="failed"><td>Before</td><td colspan="2"></td><td width="100">62.45s</td></tr><tr class="failed"><td colspan="4"><br>org.openqa.selenium.NoSuchSessionException: no such session
  (Driver info: chromedriver=2.29.461591 (62ebf098771772160f391d75e589dc567915b233),platform=Windows NT 6.1.7601 SP1 x86) (WARNING: The server did not provide any stacktrace information)
Command duration or timeout: 16 milliseconds
Build info: version: '3.0.1', revision: '1969d75', time: '2016-10-18 09:49:13 -0700'
System info: host: 'LASST242987', ip: '10.172.44.65', os.name: 'Windows 7', os.arch: 'x86', os.version: '6.1', java.version: '1.8.0_121'
Driver info: org.openqa.selenium.chrome.ChromeDriver
Capabilities [{message=chrome not reachable
  (Driver info: chromedriver=2.29.461591 (62ebf098771772160f391d75e589dc567915b233),platform=Windows NT 6.1.7601 SP1 x86), platform=ANY}]
Session ID: 48ec0d8722f0a08ed8cf73feb15f717c</br><br>	at sun.reflect.NativeConstructorAccessorImpl.newInstance0(Native Method)</br><br>	at sun.reflect.NativeConstructorAccessorImpl.newInstance(NativeConstructorAccessorImpl.java:62)</br><br>	at sun.reflect.DelegatingConstructorAccessorImpl.newInstance(DelegatingConstructorAccessorImpl.java:45)</br><br>	at java.lang.reflect.Constructor.newInstance(Constructor.java:423)</br><br>	at org.openqa.selenium.remote.ErrorHandler.createThrowable(ErrorHandler.java:216)</br><br>	at org.openqa.selenium.remote.ErrorHandler.throwIfResponseFailed(ErrorHandler.java:168)</br><br>	at org.openqa.selenium.remote.RemoteWebDriver.execute(RemoteWebDriver.java:635)</br><br>	at org.openqa.selenium.remote.RemoteWebDriver&#36;RemoteWebDriverOptions&#36;RemoteTimeouts.implicitlyWait(RemoteWebDriver.java:822)</br><br>	at helpers.BrowserHelper.Invoke_browser(BrowserHelper.java:54)</br><br>	at steps.Hooks.openBrowser(Hooks.java:50)</br><br>	at sun.reflect.GeneratedMethodAccessor49.invoke(Unknown Source)</br><br>	at sun.reflect.DelegatingMethodAccessorImpl.invoke(DelegatingMethodAccessorImpl.java:43)</br><br>	at java.lang.reflect.Method.invoke(Method.java:498)</br><br>	at cucumber.runtime.Utils&#36;1.call(Utils.java:40)</br><br>	at cucumber.runtime.Timeout.timeout(Timeout.java:16)</br><br>	at cucumber.runtime.Utils.invoke(Utils.java:34)</br><br>	at cucumber.runtime.java.JavaHookDefinition.execute(JavaHookDefinition.java:60)</br><br>	at cucumber.runtime.Runtime.runHookIfTagsMatch(Runtime.java:224)</br><br>	at cucumber.runtime.Runtime.runHooks(Runtime.java:212)</br><br>	at cucumber.runtime.Runtime.runBeforeHooks(Runtime.java:202)</br><br>	at cucumber.runtime.model.CucumberScenario.run(CucumberScenario.java:40)</br><br>	at cucumber.runtime.junit.ExecutionUnitRunner.run(ExecutionUnitRunner.java:102)</br><br>	at org.junit.runners.Suite.runChild(Suite.java:128)</br><br>	at org.junit.runners.Suite.runChild(Suite.java:27)</br><br>	at org.junit.runners.ParentRunner&#36;3.run(ParentRunner.java:290)</br><br>	at org.junit.runners.ParentRunner&#36;1.schedule(ParentRunner.java:71)</br><br>	at org.junit.runners.ParentRunner.runChildren(ParentRunner.java:288)</br><br>	at org.junit.runners.ParentRunner.access&#36;000(ParentRunner.java:58)</br><br>	at org.junit.runners.ParentRunner&#36;2.evaluate(ParentRunner.java:268)</br><br>	at org.junit.runners.ParentRunner.run(ParentRunner.java:363)</br><br>	at cucumber.runtime.junit.ExamplesRunner.run(ExamplesRunner.java:59)</br><br>	at org.junit.runners.Suite.runChild(Suite.java:128)</br><br>	at org.junit.runners.Suite.runChild(Suite.java:27)</br><br>	at org.junit.runners.ParentRunner&#36;3.run(ParentRunner.java:290)</br><br>	at org.junit.runners.ParentRunner&#36;1.schedule(ParentRunner.java:71)</br><br>	at org.junit.runners.ParentRunner.runChildren(ParentRunner.java:288)</br><br>	at org.junit.runners.ParentRunner.access&#36;000(ParentRunner.java:58)</br><br>	at org.junit.runners.ParentRunner&#36;2.evaluate(ParentRunner.java:268)</br><br>	at org.junit.runners.ParentRunner.run(ParentRunner.java:363)</br><br>	at cucumber.runtime.junit.ScenarioOutlineRunner.run(ScenarioOutlineRunner.java:53)</br><br>	at cucumber.runtime.junit.FeatureRunner.runChild(FeatureRunner.java:63)</br><br>	at cucumber.runtime.junit.FeatureRunner.runChild(FeatureRunner.java:18)</br><br>	at org.junit.runners.ParentRunner&#36;3.run(ParentRunner.java:290)</br><br>	at org.junit.runners.ParentRunner&#36;1.schedule(ParentRunner.java:71)</br><br>	at org.junit.runners.ParentRunner.runChildren(ParentRunner.java:288)</br><br>	at org.junit.runners.ParentRunner.access&#36;000(ParentRunner.java:58)</br><br>	at org.junit.runners.ParentRunner&#36;2.evaluate(ParentRunner.java:268)</br><br>	at org.junit.runners.ParentRunner.run(ParentRunner.java:363)</br><br>	at cucumber.runtime.junit.FeatureRunner.run(FeatureRunner.java:70)</br><br>	at cucumber.api.junit.Cucumber.runChild(Cucumber.java:95)</br><br>	at cucumber.api.junit.Cucumber.runChild(Cucumber.java:38)</br><br>	at org.junit.runners.ParentRunner&#36;3.run(ParentRunner.java:290)</br><br>	at org.junit.runners.ParentRunner&#36;1.schedule(ParentRunner.java:71)</br><br>	at org.junit.runners.ParentRunner.runChildren(ParentRunner.java:288)</br><br>	at org.junit.runners.ParentRunner.access&#36;000(ParentRunner.java:58)</br><br>	at org.junit.runners.ParentRunner&#36;2.evaluate(ParentRunner.java:268)</br><br>	at org.junit.internal.runners.statements.RunBefores.evaluate(RunBefores.java:26)</br><br>	at org.junit.runners.ParentRunner.run(ParentRunner.java:363)</br><br>	at cucumber.api.junit.Cucumber.run(Cucumber.java:100)</br><br>	at testRunner.CucumberRunner.run(CucumberRunner.java:64)</br><br>	at org.eclipse.jdt.internal.junit4.runner.JUnit4TestReference.run(JUnit4TestReference.java:86)</br><br>	at org.eclipse.jdt.internal.junit.runner.TestExecution.run(TestExecution.java:38)</br><br>	at org.eclipse.jdt.internal.junit.runner.RemoteTestRunner.runTests(RemoteTestRunner.java:459)</br><br>	at org.eclipse.jdt.internal.junit.runner.RemoteTestRunner.runTests(RemoteTestRunner.java:675)</br><br>	at org.eclipse.jdt.internal.junit.runner.RemoteTestRunner.run(RemoteTestRunner.java:382)</br><br>	at org.eclipse.jdt.internal.junit.runner.RemoteTestRunner.main(RemoteTestRunner.java:192)</br><br></br></td></tr><tr class="undefined"><td colspan="4" style="padding-left:20px"> <table width="100%"><tr class="undefined"><td><b>Given </b> I am existing user and I click on Signin button</td><td width="100">0.00s</td></tr><tr class="skipped"><td><b>And </b> Signin using valid ink_jun9198 and test123 credentials</td><td width="100">0.00s</td></tr><tr class="skipped"><td><b>And </b> navigate to PAYM Phones page</td><td width="100">0.00s</td></tr><tr class="skipped"><td><b>And </b> I choose PayM iphone7</td><td width="100">0.00s</td></tr><tr class="skipped"><td><b>And </b> Navigate to device details page</td><td width="100">0.00s</td></tr><tr class="skipped"><td><b>And </b> Land on the 'Tariffs and extra' page selecting pay device in full</td><td width="100">0.00s</td></tr><tr class="skipped"><td><b>And </b> I Land on the basket page and choose home delivery option</td><td width="100">0.00s</td></tr><tr class="skipped"><td><b>And </b> Check for order contract text in Basket Page</td><td width="100">0.00s</td></tr><tr class="skipped"><td><b>And </b> click on &quot;go to checkout&quot; button</td><td width="100">0.00s</td></tr><tr class="undefined"><td><b>And </b> Select existing account and begin fast checkout</td><td width="100">0.00s</td></tr><tr class="undefined"><td><b>And </b> land on the payment page and input TEST ACCEPTA and other details for upgrade and click 'Continue on next step'</td><td width="100">0.00s</td></tr><tr class="skipped"><td><b>And </b> Continue to Agreements page and confirm all the agreement checks</td><td width="100">0.00s</td></tr><tr class="skipped"><td><b>And </b> Continue to Review page, check order contract text and review the order</td><td width="100">0.00s</td></tr><tr class="skipped"><td><b>And </b> Check order contract text in Order Confirmation page</td><td width="100">0.00s</td></tr><tr class="skipped"><td><b>Then </b> order confirmation is displayed</td><td width="100">0.00s</td></tr></table></td></tr><tr class="failed"><td>After</td><td colspan="2"></td><td width="100">2.02s</td></tr><tr class="failed"><td colspan="4"><br>org.openqa.selenium.NoSuchSessionException: no such session
  (Driver info: chromedriver=2.29.461591 (62ebf098771772160f391d75e589dc567915b233),platform=Windows NT 6.1.7601 SP1 x86) (WARNING: The server did not provide any stacktrace information)
Command duration or timeout: 8 milliseconds
Build info: version: '3.0.1', revision: '1969d75', time: '2016-10-18 09:49:13 -0700'
System info: host: 'LASST242987', ip: '10.172.44.65', os.name: 'Windows 7', os.arch: 'x86', os.version: '6.1', java.version: '1.8.0_121'
Driver info: org.openqa.selenium.chrome.ChromeDriver
Capabilities [{message=chrome not reachable
  (Driver info: chromedriver=2.29.461591 (62ebf098771772160f391d75e589dc567915b233),platform=Windows NT 6.1.7601 SP1 x86), platform=ANY}]
Session ID: 48ec0d8722f0a08ed8cf73feb15f717c</br><br>	at sun.reflect.NativeConstructorAccessorImpl.newInstance0(Native Method)</br><br>	at sun.reflect.NativeConstructorAccessorImpl.newInstance(NativeConstructorAccessorImpl.java:62)</br><br>	at sun.reflect.DelegatingConstructorAccessorImpl.newInstance(DelegatingConstructorAccessorImpl.java:45)</br><br>	at java.lang.reflect.Constructor.newInstance(Constructor.java:423)</br><br>	at org.openqa.selenium.remote.ErrorHandler.createThrowable(ErrorHandler.java:216)</br><br>	at org.openqa.selenium.remote.ErrorHandler.throwIfResponseFailed(ErrorHandler.java:168)</br><br>	at org.openqa.selenium.remote.RemoteWebDriver.execute(RemoteWebDriver.java:635)</br><br>	at org.openqa.selenium.remote.RemoteWebDriver.execute(RemoteWebDriver.java:658)</br><br>	at org.openqa.selenium.remote.RemoteWebDriver.close(RemoteWebDriver.java:487)</br><br>	at steps.Hooks.embedScreenshot(Hooks.java:94)</br><br>	at sun.reflect.GeneratedMethodAccessor51.invoke(Unknown Source)</br><br>	at sun.reflect.DelegatingMethodAccessorImpl.invoke(DelegatingMethodAccessorImpl.java:43)</br><br>	at java.lang.reflect.Method.invoke(Method.java:498)</br><br>	at cucumber.runtime.Utils&#36;1.call(Utils.java:40)</br><br>	at cucumber.runtime.Timeout.timeout(Timeout.java:16)</br><br>	at cucumber.runtime.Utils.invoke(Utils.java:34)</br><br>	at cucumber.runtime.java.JavaHookDefinition.execute(JavaHookDefinition.java:60)</br><br>	at cucumber.runtime.Runtime.runHookIfTagsMatch(Runtime.java:224)</br><br>	at cucumber.runtime.Runtime.runHooks(Runtime.java:212)</br><br>	at cucumber.runtime.Runtime.runAfterHooks(Runtime.java:206)</br><br>	at cucumber.runtime.model.CucumberScenario.run(CucumberScenario.java:46)</br><br>	at cucumber.runtime.junit.ExecutionUnitRunner.run(ExecutionUnitRunner.java:102)</br><br>	at org.junit.runners.Suite.runChild(Suite.java:128)</br><br>	at org.junit.runners.Suite.runChild(Suite.java:27)</br><br>	at org.junit.runners.ParentRunner&#36;3.run(ParentRunner.java:290)</br><br>	at org.junit.runners.ParentRunner&#36;1.schedule(ParentRunner.java:71)</br><br>	at org.junit.runners.ParentRunner.runChildren(ParentRunner.java:288)</br><br>	at org.junit.runners.ParentRunner.access&#36;000(ParentRunner.java:58)</br><br>	at org.junit.runners.ParentRunner&#36;2.evaluate(ParentRunner.java:268)</br><br>	at org.junit.runners.ParentRunner.run(ParentRunner.java:363)</br><br>	at cucumber.runtime.junit.ExamplesRunner.run(ExamplesRunner.java:59)</br><br>	at org.junit.runners.Suite.runChild(Suite.java:128)</br><br>	at org.junit.runners.Suite.runChild(Suite.java:27)</br><br>	at org.junit.runners.ParentRunner&#36;3.run(ParentRunner.java:290)</br><br>	at org.junit.runners.ParentRunner&#36;1.schedule(ParentRunner.java:71)</br><br>	at org.junit.runners.ParentRunner.runChildren(ParentRunner.java:288)</br><br>	at org.junit.runners.ParentRunner.access&#36;000(ParentRunner.java:58)</br><br>	at org.junit.runners.ParentRunner&#36;2.evaluate(ParentRunner.java:268)</br><br>	at org.junit.runners.ParentRunner.run(ParentRunner.java:363)</br><br>	at cucumber.runtime.junit.ScenarioOutlineRunner.run(ScenarioOutlineRunner.java:53)</br><br>	at cucumber.runtime.junit.FeatureRunner.runChild(FeatureRunner.java:63)</br><br>	at cucumber.runtime.junit.FeatureRunner.runChild(FeatureRunner.java:18)</br><br>	at org.junit.runners.ParentRunner&#36;3.run(ParentRunner.java:290)</br><br>	at org.junit.runners.ParentRunner&#36;1.schedule(ParentRunner.java:71)</br><br>	at org.junit.runners.ParentRunner.runChildren(ParentRunner.java:288)</br><br>	at org.junit.runners.ParentRunner.access&#36;000(ParentRunner.java:58)</br><br>	at org.junit.runners.ParentRunner&#36;2.evaluate(ParentRunner.java:268)</br><br>	at org.junit.runners.ParentRunner.run(ParentRunner.java:363)</br><br>	at cucumber.runtime.junit.FeatureRunner.run(FeatureRunner.java:70)</br><br>	at cucumber.api.junit.Cucumber.runChild(Cucumber.java:95)</br><br>	at cucumber.api.junit.Cucumber.runChild(Cucumber.java:38)</br><br>	at org.junit.runners.ParentRunner&#36;3.run(ParentRunner.java:290)</br><br>	at org.junit.runners.ParentRunner&#36;1.schedule(ParentRunner.java:71)</br><br>	at org.junit.runners.ParentRunner.runChildren(ParentRunner.java:288)</br><br>	at org.junit.runners.ParentRunner.access&#36;000(ParentRunner.java:58)</br><br>	at org.junit.runners.ParentRunner&#36;2.evaluate(ParentRunner.java:268)</br><br>	at org.junit.internal.runners.statements.RunBefores.evaluate(RunBefores.java:26)</br><br>	at org.junit.runners.ParentRunner.run(ParentRunner.java:363)</br><br>	at cucumber.api.junit.Cucumber.run(Cucumber.java:100)</br><br>	at testRunner.CucumberRunner.run(CucumberRunner.java:64)</br><br>	at org.eclipse.jdt.internal.junit4.runner.JUnit4TestReference.run(JUnit4TestReference.java:86)</br><br>	at org.eclipse.jdt.internal.junit.runner.TestExecution.run(TestExecution.java:38)</br><br>	at org.eclipse.jdt.internal.junit.runner.RemoteTestRunner.runTests(RemoteTestRunner.java:459)</br><br>	at org.eclipse.jdt.internal.junit.runner.RemoteTestRunner.runTests(RemoteTestRunner.java:675)</br><br>	at org.eclipse.jdt.internal.junit.runner.RemoteTestRunner.run(RemoteTestRunner.java:382)</br><br>	at org.eclipse.jdt.internal.junit.runner.RemoteTestRunner.main(RemoteTestRunner.java:192)</br><br></br></td></tr><tr><td colspan="5"><sup><a href="#top">Back to Table of Contents</a></sup></td></tr></table></td></tr><tr><td colspan="5"></td></tr><tr class="skipped"><td colspan="4"><b>Feature:</b> <a id="feature-ftq-ecomm-11478-cfamultiplefitnestrackers-and-accessories">FTQ-Ecomm-11478-CFAMultipleFitnesTrackers-and-Accessories</a></td></tr><tr class="skipped_description"><td colspan="4"><br></br></td></tr><tr class="skipped"><td><small><b>Passed:</b> 0</small></td><td><small><b>Failed:</b> 0</small></td><td><small><b>Undefined:</b> 1</small></td><td><small>Duration: 64.52s</small></td></tr><tr class="skipped"><td colspan="4" style="padding-left:20px"> <table width="100%"><tr class="skipped"><td colspan="4"><b>Scenario Outline:</b> <a id="sc-ftq-ecomm-11478-cfamultiplefitnestrackers-and-accessories;cfa-multiple-accessories-and-fitness-trackers-smarwatches-of-same-type/model;;2">CFA Multiple Accessories and Fitness Trackers Smarwatches of Same type/Model</a></td></tr><tr class="skipped_description"><td colspan="4"><br></br></td></tr><tr class="skipped"><td><small><b>Passed:</b> 0</small></td><td><small><b>Failed:</b> 0</small></td><td><small><b>Undefined:</b> 16</small></td><td><small>Duration: 64.52s</small></td></tr><tr class="failed"><td>Before</td><td colspan="2"></td><td width="100">62.51s</td></tr><tr class="failed"><td colspan="4"><br>org.openqa.selenium.NoSuchSessionException: no such session
  (Driver info: chromedriver=2.29.461591 (62ebf098771772160f391d75e589dc567915b233),platform=Windows NT 6.1.7601 SP1 x86) (WARNING: The server did not provide any stacktrace information)
Command duration or timeout: 6 milliseconds
Build info: version: '3.0.1', revision: '1969d75', time: '2016-10-18 09:49:13 -0700'
System info: host: 'LASST242987', ip: '10.172.44.65', os.name: 'Windows 7', os.arch: 'x86', os.version: '6.1', java.version: '1.8.0_121'
Driver info: org.openqa.selenium.chrome.ChromeDriver
Capabilities [{message=unknown error: Chrome failed to start: was killed
  (Driver info: chromedriver=2.29.461591 (62ebf098771772160f391d75e589dc567915b233),platform=Windows NT 6.1.7601 SP1 x86), platform=ANY}]
Session ID: 8c004b7146db4c2478f3a5369e700872</br><br>	at sun.reflect.NativeConstructorAccessorImpl.newInstance0(Native Method)</br><br>	at sun.reflect.NativeConstructorAccessorImpl.newInstance(NativeConstructorAccessorImpl.java:62)</br><br>	at sun.reflect.DelegatingConstructorAccessorImpl.newInstance(DelegatingConstructorAccessorImpl.java:45)</br><br>	at java.lang.reflect.Constructor.newInstance(Constructor.java:423)</br><br>	at org.openqa.selenium.remote.ErrorHandler.createThrowable(ErrorHandler.java:216)</br><br>	at org.openqa.selenium.remote.ErrorHandler.throwIfResponseFailed(ErrorHandler.java:168)</br><br>	at org.openqa.selenium.remote.RemoteWebDriver.execute(RemoteWebDriver.java:635)</br><br>	at org.openqa.selenium.remote.RemoteWebDriver&#36;RemoteWebDriverOptions&#36;RemoteTimeouts.implicitlyWait(RemoteWebDriver.java:822)</br><br>	at helpers.BrowserHelper.Invoke_browser(BrowserHelper.java:54)</br><br>	at steps.Hooks.openBrowser(Hooks.java:50)</br><br>	at sun.reflect.GeneratedMethodAccessor49.invoke(Unknown Source)</br><br>	at sun.reflect.DelegatingMethodAccessorImpl.invoke(DelegatingMethodAccessorImpl.java:43)</br><br>	at java.lang.reflect.Method.invoke(Method.java:498)</br><br>	at cucumber.runtime.Utils&#36;1.call(Utils.java:40)</br><br>	at cucumber.runtime.Timeout.timeout(Timeout.java:16)</br><br>	at cucumber.runtime.Utils.invoke(Utils.java:34)</br><br>	at cucumber.runtime.java.JavaHookDefinition.execute(JavaHookDefinition.java:60)</br><br>	at cucumber.runtime.Runtime.runHookIfTagsMatch(Runtime.java:224)</br><br>	at cucumber.runtime.Runtime.runHooks(Runtime.java:212)</br><br>	at cucumber.runtime.Runtime.runBeforeHooks(Runtime.java:202)</br><br>	at cucumber.runtime.model.CucumberScenario.run(CucumberScenario.java:40)</br><br>	at cucumber.runtime.junit.ExecutionUnitRunner.run(ExecutionUnitRunner.java:102)</br><br>	at org.junit.runners.Suite.runChild(Suite.java:128)</br><br>	at org.junit.runners.Suite.runChild(Suite.java:27)</br><br>	at org.junit.runners.ParentRunner&#36;3.run(ParentRunner.java:290)</br><br>	at org.junit.runners.ParentRunner&#36;1.schedule(ParentRunner.java:71)</br><br>	at org.junit.runners.ParentRunner.runChildren(ParentRunner.java:288)</br><br>	at org.junit.runners.ParentRunner.access&#36;000(ParentRunner.java:58)</br><br>	at org.junit.runners.ParentRunner&#36;2.evaluate(ParentRunner.java:268)</br><br>	at org.junit.runners.ParentRunner.run(ParentRunner.java:363)</br><br>	at cucumber.runtime.junit.ExamplesRunner.run(ExamplesRunner.java:59)</br><br>	at org.junit.runners.Suite.runChild(Suite.java:128)</br><br>	at org.junit.runners.Suite.runChild(Suite.java:27)</br><br>	at org.junit.runners.ParentRunner&#36;3.run(ParentRunner.java:290)</br><br>	at org.junit.runners.ParentRunner&#36;1.schedule(ParentRunner.java:71)</br><br>	at org.junit.runners.ParentRunner.runChildren(ParentRunner.java:288)</br><br>	at org.junit.runners.ParentRunner.access&#36;000(ParentRunner.java:58)</br><br>	at org.junit.runners.ParentRunner&#36;2.evaluate(ParentRunner.java:268)</br><br>	at org.junit.runners.ParentRunner.run(ParentRunner.java:363)</br><br>	at cucumber.runtime.junit.ScenarioOutlineRunner.run(ScenarioOutlineRunner.java:53)</br><br>	at cucumber.runtime.junit.FeatureRunner.runChild(FeatureRunner.java:63)</br><br>	at cucumber.runtime.junit.FeatureRunner.runChild(FeatureRunner.java:18)</br><br>	at org.junit.runners.ParentRunner&#36;3.run(ParentRunner.java:290)</br><br>	at org.junit.runners.ParentRunner&#36;1.schedule(ParentRunner.java:71)</br><br>	at org.junit.runners.ParentRunner.runChildren(ParentRunner.java:288)</br><br>	at org.junit.runners.ParentRunner.access&#36;000(ParentRunner.java:58)</br><br>	at org.junit.runners.ParentRunner&#36;2.evaluate(ParentRunner.java:268)</br><br>	at org.junit.runners.ParentRunner.run(ParentRunner.java:363)</br><br>	at cucumber.runtime.junit.FeatureRunner.run(FeatureRunner.java:70)</br><br>	at cucumber.api.junit.Cucumber.runChild(Cucumber.java:95)</br><br>	at cucumber.api.junit.Cucumber.runChild(Cucumber.java:38)</br><br>	at org.junit.runners.ParentRunner&#36;3.run(ParentRunner.java:290)</br><br>	at org.junit.runners.ParentRunner&#36;1.schedule(ParentRunner.java:71)</br><br>	at org.junit.runners.ParentRunner.runChildren(ParentRunner.java:288)</br><br>	at org.junit.runners.ParentRunner.access&#36;000(ParentRunner.java:58)</br><br>	at org.junit.runners.ParentRunner&#36;2.evaluate(ParentRunner.java:268)</br><br>	at org.junit.internal.runners.statements.RunBefores.evaluate(RunBefores.java:26)</br><br>	at org.junit.runners.ParentRunner.run(ParentRunner.java:363)</br><br>	at cucumber.api.junit.Cucumber.run(Cucumber.java:100)</br><br>	at testRunner.CucumberRunner.run(CucumberRunner.java:64)</br><br>	at org.eclipse.jdt.internal.junit4.runner.JUnit4TestReference.run(JUnit4TestReference.java:86)</br><br>	at org.eclipse.jdt.internal.junit.runner.TestExecution.run(TestExecution.java:38)</br><br>	at org.eclipse.jdt.internal.junit.runner.RemoteTestRunner.runTests(RemoteTestRunner.java:459)</br><br>	at org.eclipse.jdt.internal.junit.runner.RemoteTestRunner.runTests(RemoteTestRunner.java:675)</br><br>	at org.eclipse.jdt.internal.junit.runner.RemoteTestRunner.run(RemoteTestRunner.java:382)</br><br>	at org.eclipse.jdt.internal.junit.runner.RemoteTestRunner.main(RemoteTestRunner.java:192)</br><br></br></td></tr><tr class="skipped"><td colspan="4" style="padding-left:20px"> <table width="100%"><tr class="skipped"><td><b>Given </b> I am an CFA user and Lands on shop page</td><td width="100">0.00s</td></tr><tr class="skipped"><td><b>And </b> Navigate to Accessories</td><td width="100">0.00s</td></tr><tr class="skipped"><td><b>And </b> select an &quot;Random&quot; Accessory</td><td width="100">0.00s</td></tr><tr class="skipped"><td><b>And </b> add Accessories to basket within limit in details page and navigate to basket</td><td width="100">0.00s</td></tr><tr class="skipped"><td><b>And </b> Navigate to Fitness Trackers</td><td width="100">0.00s</td></tr><tr class="skipped"><td><b>And </b> select any available &quot;Random&quot; Fitness tracker</td><td width="100">0.00s</td></tr><tr class="skipped"><td><b>And </b> add FitnessTracker to basket within limit in details page and navigate to basket</td><td width="100">0.00s</td></tr><tr class="skipped"><td><b>And </b> I Land on the Non Phone related basket page</td><td width="100">0.00s</td></tr><tr class="skipped"><td><b>Then </b> Verify that correct quantity of Grouped non connected items are displayed in Basket page</td><td width="100">0.00s</td></tr><tr class="skipped"><td><b>And </b> click on &quot;go to checkout&quot; button</td><td width="100">0.00s</td></tr><tr class="skipped"><td><b>Then </b> Verify that correct quantity of Grouped non connected items are displayed in Delivery page</td><td width="100">0.00s</td></tr><tr class="skipped"><td><b>And </b> input TEST and ACCEPTA and other valid details in Delivery page and Click on the 'Continue button'</td><td width="100">0.00s</td></tr><tr class="skipped"><td><b>And </b> land on the Non Credit check payment page and input TEST ACCEPTA and other details and click 'Continue on next step'</td><td width="100">0.00s</td></tr><tr class="skipped"><td><b>Then </b> Verify that correct quantity of Grouped non connected items are displayed in Review page</td><td width="100">0.00s</td></tr><tr class="skipped"><td><b>And </b> Continue to Review page and review the order</td><td width="100">0.00s</td></tr><tr class="skipped"><td><b>Then </b> order confirmation is displayed</td><td width="100">0.00s</td></tr></table></td></tr><tr class="failed"><td>After</td><td colspan="2"></td><td width="100">2.01s</td></tr><tr class="failed"><td colspan="4"><br>org.openqa.selenium.NoSuchSessionException: no such session
  (Driver info: chromedriver=2.29.461591 (62ebf098771772160f391d75e589dc567915b233),platform=Windows NT 6.1.7601 SP1 x86) (WARNING: The server did not provide any stacktrace information)
Command duration or timeout: 7 milliseconds
Build info: version: '3.0.1', revision: '1969d75', time: '2016-10-18 09:49:13 -0700'
System info: host: 'LASST242987', ip: '10.172.44.65', os.name: 'Windows 7', os.arch: 'x86', os.version: '6.1', java.version: '1.8.0_121'
Driver info: org.openqa.selenium.chrome.ChromeDriver
Capabilities [{message=unknown error: Chrome failed to start: was killed
  (Driver info: chromedriver=2.29.461591 (62ebf098771772160f391d75e589dc567915b233),platform=Windows NT 6.1.7601 SP1 x86), platform=ANY}]
Session ID: 8c004b7146db4c2478f3a5369e700872</br><br>	at sun.reflect.NativeConstructorAccessorImpl.newInstance0(Native Method)</br><br>	at sun.reflect.NativeConstructorAccessorImpl.newInstance(NativeConstructorAccessorImpl.java:62)</br><br>	at sun.reflect.DelegatingConstructorAccessorImpl.newInstance(DelegatingConstructorAccessorImpl.java:45)</br><br>	at java.lang.reflect.Constructor.newInstance(Constructor.java:423)</br><br>	at org.openqa.selenium.remote.ErrorHandler.createThrowable(ErrorHandler.java:216)</br><br>	at org.openqa.selenium.remote.ErrorHandler.throwIfResponseFailed(ErrorHandler.java:168)</br><br>	at org.openqa.selenium.remote.RemoteWebDriver.execute(RemoteWebDriver.java:635)</br><br>	at org.openqa.selenium.remote.RemoteWebDriver.execute(RemoteWebDriver.java:658)</br><br>	at org.openqa.selenium.remote.RemoteWebDriver.close(RemoteWebDriver.java:487)</br><br>	at steps.Hooks.embedScreenshot(Hooks.java:94)</br><br>	at sun.reflect.GeneratedMethodAccessor51.invoke(Unknown Source)</br><br>	at sun.reflect.DelegatingMethodAccessorImpl.invoke(DelegatingMethodAccessorImpl.java:43)</br><br>	at java.lang.reflect.Method.invoke(Method.java:498)</br><br>	at cucumber.runtime.Utils&#36;1.call(Utils.java:40)</br><br>	at cucumber.runtime.Timeout.timeout(Timeout.java:16)</br><br>	at cucumber.runtime.Utils.invoke(Utils.java:34)</br><br>	at cucumber.runtime.java.JavaHookDefinition.execute(JavaHookDefinition.java:60)</br><br>	at cucumber.runtime.Runtime.runHookIfTagsMatch(Runtime.java:224)</br><br>	at cucumber.runtime.Runtime.runHooks(Runtime.java:212)</br><br>	at cucumber.runtime.Runtime.runAfterHooks(Runtime.java:206)</br><br>	at cucumber.runtime.model.CucumberScenario.run(CucumberScenario.java:46)</br><br>	at cucumber.runtime.junit.ExecutionUnitRunner.run(ExecutionUnitRunner.java:102)</br><br>	at org.junit.runners.Suite.runChild(Suite.java:128)</br><br>	at org.junit.runners.Suite.runChild(Suite.java:27)</br><br>	at org.junit.runners.ParentRunner&#36;3.run(ParentRunner.java:290)</br><br>	at org.junit.runners.ParentRunner&#36;1.schedule(ParentRunner.java:71)</br><br>	at org.junit.runners.ParentRunner.runChildren(ParentRunner.java:288)</br><br>	at org.junit.runners.ParentRunner.access&#36;000(ParentRunner.java:58)</br><br>	at org.junit.runners.ParentRunner&#36;2.evaluate(ParentRunner.java:268)</br><br>	at org.junit.runners.ParentRunner.run(ParentRunner.java:363)</br><br>	at cucumber.runtime.junit.ExamplesRunner.run(ExamplesRunner.java:59)</br><br>	at org.junit.runners.Suite.runChild(Suite.java:128)</br><br>	at org.junit.runners.Suite.runChild(Suite.java:27)</br><br>	at org.junit.runners.ParentRunner&#36;3.run(ParentRunner.java:290)</br><br>	at org.junit.runners.ParentRunner&#36;1.schedule(ParentRunner.java:71)</br><br>	at org.junit.runners.ParentRunner.runChildren(ParentRunner.java:288)</br><br>	at org.junit.runners.ParentRunner.access&#36;000(ParentRunner.java:58)</br><br>	at org.junit.runners.ParentRunner&#36;2.evaluate(ParentRunner.java:268)</br><br>	at org.junit.runners.ParentRunner.run(ParentRunner.java:363)</br><br>	at cucumber.runtime.junit.ScenarioOutlineRunner.run(ScenarioOutlineRunner.java:53)</br><br>	at cucumber.runtime.junit.FeatureRunner.runChild(FeatureRunner.java:63)</br><br>	at cucumber.runtime.junit.FeatureRunner.runChild(FeatureRunner.java:18)</br><br>	at org.junit.runners.ParentRunner&#36;3.run(ParentRunner.java:290)</br><br>	at org.junit.runners.ParentRunner&#36;1.schedule(ParentRunner.java:71)</br><br>	at org.junit.runners.ParentRunner.runChildren(ParentRunner.java:288)</br><br>	at org.junit.runners.ParentRunner.access&#36;000(ParentRunner.java:58)</br><br>	at org.junit.runners.ParentRunner&#36;2.evaluate(ParentRunner.java:268)</br><br>	at org.junit.runners.ParentRunner.run(ParentRunner.java:363)</br><br>	at cucumber.runtime.junit.FeatureRunner.run(FeatureRunner.java:70)</br><br>	at cucumber.api.junit.Cucumber.runChild(Cucumber.java:95)</br><br>	at cucumber.api.junit.Cucumber.runChild(Cucumber.java:38)</br><br>	at org.junit.runners.ParentRunner&#36;3.run(ParentRunner.java:290)</br><br>	at org.junit.runners.ParentRunner&#36;1.schedule(ParentRunner.java:71)</br><br>	at org.junit.runners.ParentRunner.runChildren(ParentRunner.java:288)</br><br>	at org.junit.runners.ParentRunner.access&#36;000(ParentRunner.java:58)</br><br>	at org.junit.runners.ParentRunner&#36;2.evaluate(ParentRunner.java:268)</br><br>	at org.junit.internal.runners.statements.RunBefores.evaluate(RunBefores.java:26)</br><br>	at org.junit.runners.ParentRunner.run(ParentRunner.java:363)</br><br>	at cucumber.api.junit.Cucumber.run(Cucumber.java:100)</br><br>	at testRunner.CucumberRunner.run(CucumberRunner.java:64)</br><br>	at org.eclipse.jdt.internal.junit4.runner.JUnit4TestReference.run(JUnit4TestReference.java:86)</br><br>	at org.eclipse.jdt.internal.junit.runner.TestExecution.run(TestExecution.java:38)</br><br>	at org.eclipse.jdt.internal.junit.runner.RemoteTestRunner.runTests(RemoteTestRunner.java:459)</br><br>	at org.eclipse.jdt.internal.junit.runner.RemoteTestRunner.runTests(RemoteTestRunner.java:675)</br><br>	at org.eclipse.jdt.internal.junit.runner.RemoteTestRunner.run(RemoteTestRunner.java:382)</br><br>	at org.eclipse.jdt.internal.junit.runner.RemoteTestRunner.main(RemoteTestRunner.java:192)</br><br></br></td></tr><tr><td colspan="5"><sup><a href="#top">Back to Table of Contents</a></sup></td></tr></table></td></tr><tr><td colspan="5"></td></tr><tr class="failed"><td colspan="4"><b>Feature:</b> <a id="feature-ftq-ecomm-11478-remove">FTQ-Ecomm-11478-remove</a></td></tr><tr class="failed_description"><td colspan="4"><br></br></td></tr><tr class="failed"><td><small><b>Passed:</b> 0</small></td><td><small><b>Failed:</b> 1</small></td><td><small><b>Undefined:</b> 0</small></td><td><small>Duration: 902.26s</small></td></tr><tr class="failed"><td colspan="4" style="padding-left:20px"> <table width="100%"><tr class="failed"><td colspan="4"><b>Scenario:</b> <a id="sc-ftq-ecomm-11478-remove;cfa-multiple-non-connected-remove-and-verify-correct-display">CFA Multiple non connected Remove and verify correct display</a></td></tr><tr class="failed_description"><td colspan="4"><br></br></td></tr><tr class="failed"><td><small><b>Passed:</b> 1</small></td><td><small><b>Failed:</b> 1</small></td><td><small><b>Undefined:</b> 10</small></td><td><small>Duration: 902.26s</small></td></tr><tr class="passed"><td>Before</td><td colspan="2"></td><td width="100">36.57s</td></tr><tr class="passed"><td colspan="4"><br></br></td></tr><tr class="failed"><td colspan="4" style="padding-left:20px"> <table width="100%"><tr class="passed"><td><b>Given </b> I am an CFA user and Lands on shop page</td><td width="100">0.01s</td></tr><tr class="failed"><td><b>And </b> Navigate to SmartWatches</td><td width="100">316.20s</td></tr><tr class="failed"><td colspan="2"><div><br>org.openqa.selenium.TimeoutException: timeout
  (Session info: chrome=59.0.3071.104)
  (Driver info: chromedriver=2.29.461591 (62ebf098771772160f391d75e589dc567915b233),platform=Windows NT 6.1.7601 SP1 x86) (WARNING: The server did not provide any stacktrace information)
Command duration or timeout: 300.08 seconds
Build info: version: '3.0.1', revision: '1969d75', time: '2016-10-18 09:49:13 -0700'
System info: host: 'LASST242987', ip: '10.172.44.65', os.name: 'Windows 7', os.arch: 'x86', os.version: '6.1', java.version: '1.8.0_121'
Driver info: org.openqa.selenium.chrome.ChromeDriver
Capabilities [{applicationCacheEnabled=false, rotatable=false, mobileEmulationEnabled=false, networkConnectionEnabled=false, chrome={chromedriverVersion=2.29.461591 (62ebf098771772160f391d75e589dc567915b233), userDataDir=C:Usersvarghes1AppDataLocalTempscoped_dir11476_19083}, takesHeapSnapshot=true, pageLoadStrategy=normal, databaseEnabled=false, handlesAlerts=true, hasTouchScreen=false, version=59.0.3071.104, platform=XP, browserConnectionEnabled=false, nativeEvents=true, acceptSslCerts=true, locationContextEnabled=true, webStorageEnabled=true, browserName=chrome, takesScreenshot=true, javascriptEnabled=true, cssSelectorsEnabled=true, unexpectedAlertBehaviour=}]
Session ID: 45c0f2be6d7451daa8caf6fd61ade050</br><br>
	at sun.reflect.NativeConstructorAccessorImpl.newInstance0(Native Method)</br><br>
	at sun.reflect.NativeConstructorAccessorImpl.newInstance(NativeConstructorAccessorImpl.java:62)</br><br>
	at sun.reflect.DelegatingConstructorAccessorImpl.newInstance(DelegatingConstructorAccessorImpl.java:45)</br><br>
	at java.lang.reflect.Constructor.newInstance(Constructor.java:423)</br><br>
	at org.openqa.selenium.remote.ErrorHandler.createThrowable(ErrorHandler.java:216)</br><br>
	at org.openqa.selenium.remote.ErrorHandler.throwIfResponseFailed(ErrorHandler.java:168)</br><br>
	at org.openqa.selenium.remote.RemoteWebDriver.execute(RemoteWebDriver.java:635)</br><br>
	at org.openqa.selenium.remote.RemoteWebDriver.get(RemoteWebDriver.java:322)</br><br>
	at GlobalActions.Autoredirection.redirect(Autoredirection.java:34)</br><br>
	at steps.E2EOrderPlaced_Steps.navigate_to_SmartWatches(E2EOrderPlaced_Steps.java:137)</br><br>
	at &#10045;.And Navigate to SmartWatches(FTQ-Ecomm-11478-CFA_FitnessTrackerandAccessoryGroup_Remove.feature:6)</br><br>
</br></div></td></tr><tr class="skipped"><td><b>And </b> select any available &quot;Random&quot; Smartwatch</td><td width="100">0.00s</td></tr><tr class="skipped"><td><b>And </b> add SmartWatch to basket within limit in details page and navigate to basket</td><td width="100">0.00s</td></tr><tr class="skipped"><td><b>And </b> I Land on the Non Phone related basket page</td><td width="100">0.00s</td></tr><tr class="skipped"><td><b>Then </b> Verify that correct quantity of devices are displayed in Basket page</td><td width="100">0.00s</td></tr><tr class="skipped"><td><b>And </b> click on &quot;go to checkout&quot; button</td><td width="100">0.00s</td></tr><tr class="skipped"><td><b>Then </b> Verify that correct quantity of devices are displayed in Delivery page</td><td width="100">0.00s</td></tr><tr class="skipped"><td><b>And </b> navigate back to Basket page</td><td width="100">0.00s</td></tr><tr class="skipped"><td><b>And </b> Change the quantity of the items</td><td width="100">0.00s</td></tr><tr class="skipped"><td><b>And </b> click on &quot;go to checkout&quot; button</td><td width="100">0.00s</td></tr><tr class="skipped"><td><b>Then </b> Verify that correct quantity of devices are displayed in Delivery page after update</td><td width="100">0.00s</td></tr></table></td></tr><tr class="failed"><td>After</td><td colspan="2"></td><td width="100">549.48s</td></tr><tr class="failed"><td colspan="4"><br>java.lang.RuntimeException: Unexpected result for screenshot command: null</br><br>	at org.openqa.selenium.remote.RemoteWebDriver.getScreenshotAs(RemoteWebDriver.java:349)</br><br>	at steps.Hooks.embedScreenshot(Hooks.java:81)</br><br>	at sun.reflect.GeneratedMethodAccessor51.invoke(Unknown Source)</br><br>	at sun.reflect.DelegatingMethodAccessorImpl.invoke(DelegatingMethodAccessorImpl.java:43)</br><br>	at java.lang.reflect.Method.invoke(Method.java:498)</br><br>	at cucumber.runtime.Utils&#36;1.call(Utils.java:40)</br><br>	at cucumber.runtime.Timeout.timeout(Timeout.java:16)</br><br>	at cucumber.runtime.Utils.invoke(Utils.java:34)</br><br>	at cucumber.runtime.java.JavaHookDefinition.execute(JavaHookDefinition.java:60)</br><br>	at cucumber.runtime.Runtime.runHookIfTagsMatch(Runtime.java:224)</br><br>	at cucumber.runtime.Runtime.runHooks(Runtime.java:212)</br><br>	at cucumber.runtime.Runtime.runAfterHooks(Runtime.java:206)</br><br>	at cucumber.runtime.model.CucumberScenario.run(CucumberScenario.java:46)</br><br>	at cucumber.runtime.junit.ExecutionUnitRunner.run(ExecutionUnitRunner.java:102)</br><br>	at cucumber.runtime.junit.FeatureRunner.runChild(FeatureRunner.java:63)</br><br>	at cucumber.runtime.junit.FeatureRunner.runChild(FeatureRunner.java:18)</br><br>	at org.junit.runners.ParentRunner&#36;3.run(ParentRunner.java:290)</br><br>	at org.junit.runners.ParentRunner&#36;1.schedule(ParentRunner.java:71)</br><br>	at org.junit.runners.ParentRunner.runChildren(ParentRunner.java:288)</br><br>	at org.junit.runners.ParentRunner.access&#36;000(ParentRunner.java:58)</br><br>	at org.junit.runners.ParentRunner&#36;2.evaluate(ParentRunner.java:268)</br><br>	at org.junit.runners.ParentRunner.run(ParentRunner.java:363)</br><br>	at cucumber.runtime.junit.FeatureRunner.run(FeatureRunner.java:70)</br><br>	at cucumber.api.junit.Cucumber.runChild(Cucumber.java:95)</br><br>	at cucumber.api.junit.Cucumber.runChild(Cucumber.java:38)</br><br>	at org.junit.runners.ParentRunner&#36;3.run(ParentRunner.java:290)</br><br>	at org.junit.runners.ParentRunner&#36;1.schedule(ParentRunner.java:71)</br><br>	at org.junit.runners.ParentRunner.runChildren(ParentRunner.java:288)</br><br>	at org.junit.runners.ParentRunner.access&#36;000(ParentRunner.java:58)</br><br>	at org.junit.runners.ParentRunner&#36;2.evaluate(ParentRunner.java:268)</br><br>	at org.junit.internal.runners.statements.RunBefores.evaluate(RunBefores.java:26)</br><br>	at org.junit.runners.ParentRunner.run(ParentRunner.java:363)</br><br>	at cucumber.api.junit.Cucumber.run(Cucumber.java:100)</br><br>	at testRunner.CucumberRunner.run(CucumberRunner.java:64)</br><br>	at org.eclipse.jdt.internal.junit4.runner.JUnit4TestReference.run(JUnit4TestReference.java:86)</br><br>	at org.eclipse.jdt.internal.junit.runner.TestExecution.run(TestExecution.java:38)</br><br>	at org.eclipse.jdt.internal.junit.runner.RemoteTestRunner.runTests(RemoteTestRunner.java:459)</br><br>	at org.eclipse.jdt.internal.junit.runner.RemoteTestRunner.runTests(RemoteTestRunner.java:675)</br><br>	at org.eclipse.jdt.internal.junit.runner.RemoteTestRunner.run(RemoteTestRunner.java:382)</br><br>	at org.eclipse.jdt.internal.junit.runner.RemoteTestRunner.main(RemoteTestRunner.java:192)</br><br></br></td></tr><tr><td colspan="5"><sup><a href="#top">Back to Table of Contents</a></sup></td></tr></table></td></tr><tr><td colspan="5"></td></tr><tr class="failed"><td colspan="4"><b>Feature:</b> <a id="feature-ftq-ecomm-11478-cfa-multipledevices">FTQ-Ecomm-11478-CFA_MultipleDevices</a></td></tr><tr class="failed_description"><td colspan="4"><br></br></td></tr><tr class="failed"><td><small><b>Passed:</b> 0</small></td><td><small><b>Failed:</b> 1</small></td><td><small><b>Undefined:</b> 0</small></td><td><small>Duration: 53.27s</small></td></tr><tr class="failed"><td colspan="4" style="padding-left:20px"> <table width="100%"><tr class="failed"><td colspan="4"><b>Scenario Outline:</b> <a id="sc-ftq-ecomm-11478-cfa-multipledevices;cfa-multiple-accessories/smarwatches-of-same-type/model;;2">CFA Multiple Accessories/Smarwatches of Same type/Model</a></td></tr><tr class="failed_description"><td colspan="4"><br></br></td></tr><tr class="failed"><td><small><b>Passed:</b> 1</small></td><td><small><b>Failed:</b> 1</small></td><td><small><b>Undefined:</b> 11</small></td><td><small>Duration: 53.27s</small></td></tr><tr class="passed"><td>Before</td><td colspan="2"></td><td width="100">43.42s</td></tr><tr class="passed"><td colspan="4"><br></br></td></tr><tr class="failed"><td colspan="4" style="padding-left:20px"> <table width="100%"><tr class="passed"><td><b>Given </b> I am an CFA user and Lands on shop page</td><td width="100">0.02s</td></tr><tr class="failed"><td><b>And </b> Navigate to SmartWatches</td><td width="100">6.34s</td></tr><tr class="failed"><td colspan="2"><div><br>org.openqa.selenium.ElementNotVisibleException: element not visible
  (Session info: chrome=59.0.3071.104)
  (Driver info: chromedriver=2.29.461591 (62ebf098771772160f391d75e589dc567915b233),platform=Windows NT 6.1.7601 SP1 x86) (WARNING: The server did not provide any stacktrace information)
Command duration or timeout: 37 milliseconds
Build info: version: '3.0.1', revision: '1969d75', time: '2016-10-18 09:49:13 -0700'
System info: host: 'LASST242987', ip: '10.172.44.65', os.name: 'Windows 7', os.arch: 'x86', os.version: '6.1', java.version: '1.8.0_121'
Driver info: org.openqa.selenium.chrome.ChromeDriver
Capabilities [{applicationCacheEnabled=false, rotatable=false, mobileEmulationEnabled=false, networkConnectionEnabled=false, chrome={chromedriverVersion=2.29.461591 (62ebf098771772160f391d75e589dc567915b233), userDataDir=C:Usersvarghes1AppDataLocalTempscoped_dir4312_17258}, takesHeapSnapshot=true, pageLoadStrategy=normal, databaseEnabled=false, handlesAlerts=true, hasTouchScreen=false, version=59.0.3071.104, platform=XP, browserConnectionEnabled=false, nativeEvents=true, acceptSslCerts=true, locationContextEnabled=true, webStorageEnabled=true, browserName=chrome, takesScreenshot=true, javascriptEnabled=true, cssSelectorsEnabled=true, unexpectedAlertBehaviour=}]
Session ID: e06d59e61b51696cb9f867c64cf6eead</br><br>
	at sun.reflect.NativeConstructorAccessorImpl.newInstance0(Native Method)</br><br>
	at sun.reflect.NativeConstructorAccessorImpl.newInstance(NativeConstructorAccessorImpl.java:62)</br><br>
	at sun.reflect.DelegatingConstructorAccessorImpl.newInstance(DelegatingConstructorAccessorImpl.java:45)</br><br>
	at java.lang.reflect.Constructor.newInstance(Constructor.java:423)</br><br>
	at org.openqa.selenium.remote.ErrorHandler.createThrowable(ErrorHandler.java:216)</br><br>
	at org.openqa.selenium.remote.ErrorHandler.throwIfResponseFailed(ErrorHandler.java:168)</br><br>
	at org.openqa.selenium.remote.RemoteWebDriver.execute(RemoteWebDriver.java:635)</br><br>
	at org.openqa.selenium.remote.RemoteWebElement.execute(RemoteWebElement.java:274)</br><br>
	at org.openqa.selenium.remote.RemoteWebElement.click(RemoteWebElement.java:84)</br><br>
	at sun.reflect.GeneratedMethodAccessor44.invoke(Unknown Source)</br><br>
	at sun.reflect.DelegatingMethodAccessorImpl.invoke(DelegatingMethodAccessorImpl.java:43)</br><br>
	at java.lang.reflect.Method.invoke(Method.java:498)</br><br>
	at org.openqa.selenium.support.pagefactory.internal.LocatingElementHandler.invoke(LocatingElementHandler.java:51)</br><br>
	at com.sun.proxy.&#36;Proxy18.click(Unknown Source)</br><br>
	at GlobalActions.MouseHoverAction.SmartwatchesLandingPage(MouseHoverAction.java:481)</br><br>
	at steps.E2EOrderPlaced_Steps.navigate_to_SmartWatches(E2EOrderPlaced_Steps.java:136)</br><br>
	at &#10045;.And Navigate to SmartWatches(FTQ-Ecomm-11478-CFA_Smartwatches_Group.feature:6)</br><br>
</br></div></td></tr><tr class="skipped"><td><b>And </b> select any available &quot;Random&quot; Smartwatch</td><td width="100">0.00s</td></tr><tr class="skipped"><td><b>And </b> add SmartWatch to basket within limit in details page and navigate to basket</td><td width="100">0.00s</td></tr><tr class="skipped"><td><b>And </b> I Land on the Non Phone related basket page</td><td width="100">0.00s</td></tr><tr class="skipped"><td><b>Then </b> Verify that correct quantity of devices are displayed in Basket page</td><td width="100">0.00s</td></tr><tr class="skipped"><td><b>And </b> click on &quot;go to checkout&quot; button</td><td width="100">0.00s</td></tr><tr class="skipped"><td><b>Then </b> Verify that correct quantity of devices are displayed in Delivery page</td><td width="100">0.00s</td></tr><tr class="skipped"><td><b>And </b> input TEST and ACCEPTA and other valid details in Delivery page and Click on the 'Continue button'</td><td width="100">0.00s</td></tr><tr class="skipped"><td><b>And </b> land on the Non Credit check payment page and input TEST ACCEPTA and other details and click 'Continue on next step'</td><td width="100">0.00s</td></tr><tr class="skipped"><td><b>Then </b> Verify that correct quantity of devices are displayed in Review page</td><td width="100">0.00s</td></tr><tr class="skipped"><td><b>And </b> Continue to Review page and review the order</td><td width="100">0.00s</td></tr><tr class="skipped"><td><b>Then </b> order confirmation is displayed</td><td width="100">0.00s</td></tr></table></td></tr><tr class="passed"><td>After</td><td colspan="2"></td><td width="100">3.50s</td></tr><tr class="passed"><td colspan="4"><br></br></td></tr><tr><td colspan="5"><sup><a href="#top">Back to Table of Contents</a></sup></td></tr></table></td></tr><tr><td colspan="5"></td></tr><tr class="failed"><td colspan="4"><b>Feature:</b> <a id="feature-ftq-ecomm-11478-cfu-multipledevices">FTQ-Ecomm-11478-CFU_MultipleDevices</a></td></tr><tr class="failed_description"><td colspan="4"><br></br></td></tr><tr class="failed"><td><small><b>Passed:</b> 0</small></td><td><small><b>Failed:</b> 1</small></td><td><small><b>Undefined:</b> 0</small></td><td><small>Duration: 133.02s</small></td></tr><tr class="failed"><td colspan="4" style="padding-left:20px"> <table width="100%"><tr class="failed"><td colspan="4"><b>Scenario Outline:</b> <a id="sc-ftq-ecomm-11478-cfu-multipledevices;cfu-to-validate-multiple-accessories;;2">CFU to validate multiple accessories</a></td></tr><tr class="failed_description"><td colspan="4"><br></br></td></tr><tr class="failed"><td><small><b>Passed:</b> 6</small></td><td><small><b>Failed:</b> 1</small></td><td><small><b>Undefined:</b> 2</small></td><td><small>Duration: 133.02s</small></td></tr><tr class="passed"><td>Before</td><td colspan="2"></td><td width="100">50.97s</td></tr><tr class="passed"><td colspan="4"><br></br></td></tr><tr class="failed"><td colspan="4" style="padding-left:20px"> <table width="100%"><tr class="passed"><td><b>Given </b> I am an Existing user and Navigates to Signin page</td><td width="100">4.56s</td></tr><tr class="passed"><td><b>And </b> Signin using valid ing_jul987 and test123 credentials</td><td width="100">27.05s</td></tr><tr class="passed"><td><b>And </b> Navigate to Accessories</td><td width="100">16.89s</td></tr><tr class="passed"><td><b>And </b> select an &quot;Random&quot; Accessory</td><td width="100">0.82s</td></tr><tr class="passed"><td><b>And </b> add Accessories to basket within limit in details page and navigate to basket</td><td width="100">19.79s</td></tr><tr class="passed"><td><b>And </b> I Land on the Non Phone related basket page</td><td width="100">4.70s</td></tr><tr class="failed"><td><b>Then </b> Verify that correct quantity of devices are displayed in Basket page</td><td width="100">0.37s</td></tr><tr class="failed"><td colspan="2"><div><br>java.lang.AssertionError: expected [2] but found [4]</br><br>
	at org.testng.Assert.fail(Assert.java:94)</br><br>
	at org.testng.Assert.failNotEquals(Assert.java:513)</br><br>
	at org.testng.Assert.assertEqualsImpl(Assert.java:135)</br><br>
	at org.testng.Assert.assertEquals(Assert.java:116)</br><br>
	at org.testng.Assert.assertEquals(Assert.java:190)</br><br>
	at org.testng.Assert.assertEquals(Assert.java:200)</br><br>
	at GlobalActions.JuneReleaseValidations.QuantityValidationsBasket(JuneReleaseValidations.java:26)</br><br>
	at steps.E2EOrderPlaced_Steps.verifytheQuantityBasketPage(E2EOrderPlaced_Steps.java:1004)</br><br>
	at &#10045;.Then Verify that correct quantity of devices are displayed in Basket page(FTQ-Ecomm-11478-CFU_Smartwatches_Group.feature:11)</br><br>
</br></div></td></tr><tr class="skipped"><td><b>And </b> click on &quot;go to checkout&quot; button</td><td width="100">0.00s</td></tr><tr class="skipped"><td><b>Then </b> Verify that correct quantity of devices are displayed in Delivery page</td><td width="100">0.00s</td></tr></table></td></tr><tr class="passed"><td>After</td><td colspan="2"></td><td width="100">7.88s</td></tr><tr class="passed"><td colspan="4"><br></br></td></tr><tr><td colspan="5"><sup><a href="#top">Back to Table of Contents</a></sup></td></tr></table></td></tr><tr><td colspan="5"></td></tr><tr class="failed"><td colspan="4"><b>Feature:</b> <a id="feature-surface-voucher-code-test-case--wrong-voucher-code">Surface voucher code test case  wrong voucher code</a></td></tr><tr class="failed_description"><td colspan="4"><br></br></td></tr><tr class="failed"><td><small><b>Passed:</b> 0</small></td><td><small><b>Failed:</b> 1</small></td><td><small><b>Undefined:</b> 0</small></td><td><small>Duration: 133.49s</small></td></tr><tr class="failed"><td colspan="4" style="padding-left:20px"> <table width="100%"><tr class="failed"><td colspan="4"><b>Scenario Outline:</b> <a id="sc-surface-voucher-code-test-case--wrong-voucher-code;cfa-paym-phones-home-delivery-e2e-journey-with-accessory;;2">CFA PayM Phones Home delivery E2E journey with Accessory</a></td></tr><tr class="failed_description"><td colspan="4"><br></br></td></tr><tr class="failed"><td><small><b>Passed:</b> 7</small></td><td><small><b>Failed:</b> 1</small></td><td><small><b>Undefined:</b> 0</small></td><td><small>Duration: 133.49s</small></td></tr><tr class="passed"><td>Before</td><td colspan="2"></td><td width="100">36.18s</td></tr><tr class="passed"><td colspan="4"><br></br></td></tr><tr class="failed"><td colspan="4" style="padding-left:20px"> <table width="100%"><tr class="passed"><td><b>Given </b> I am an CFA user and Lands on shop page</td><td width="100">0.01s</td></tr><tr class="passed"><td><b>And </b> navigate to PAYM Phones page</td><td width="100">32.01s</td></tr><tr class="passed"><td><b>And </b> I choose PayM GalaxyS8</td><td width="100">1.33s</td></tr><tr class="passed"><td><b>And </b> Navigate to device details page</td><td width="100">32.49s</td></tr><tr class="passed"><td><b>And </b> Land on the 'Tariffs and extra' page</td><td width="100">0.43s</td></tr><tr class="passed"><td><b>And </b> I Land on the basket page and choose home delivery option</td><td width="100">13.17s</td></tr><tr class="passed"><td><b>And </b> Apply a TOPAZVOUCHER0%OFF</td><td width="100">4.91s</td></tr><tr class="failed"><td><b>And </b> verify that error message is thrown</td><td width="100">0.00s</td></tr><tr class="failed"><td colspan="2"><div><br>cucumber.runtime.CucumberException: Arity mismatch: Step Definition 'steps.E2EOrderPlaced_Steps.promocodeErrorMessage(String) in file:/C:/Steffy/Final/June/regression/target/test-classes/' with pattern [^verify that error message is thrown&#36;] is declared with 1 parameters. However, the gherkin step has 0 arguments []. 
Step: And verify that error message is thrown</br><br>
	at cucumber.runtime.StepDefinitionMatch.arityMismatch(StepDefinitionMatch.java:102)</br><br>
	at cucumber.runtime.StepDefinitionMatch.transformedArgs(StepDefinitionMatch.java:60)</br><br>
	at cucumber.runtime.StepDefinitionMatch.runStep(StepDefinitionMatch.java:37)</br><br>
	at cucumber.runtime.Runtime.runStep(Runtime.java:300)</br><br>
	at cucumber.runtime.model.StepContainer.runStep(StepContainer.java:44)</br><br>
	at cucumber.runtime.model.StepContainer.runSteps(StepContainer.java:39)</br><br>
	at cucumber.runtime.model.CucumberScenario.run(CucumberScenario.java:44)</br><br>
	at cucumber.runtime.junit.ExecutionUnitRunner.run(ExecutionUnitRunner.java:102)</br><br>
	at org.junit.runners.Suite.runChild(Suite.java:128)</br><br>
	at org.junit.runners.Suite.runChild(Suite.java:27)</br><br>
	at org.junit.runners.ParentRunner&#36;3.run(ParentRunner.java:290)</br><br>
	at org.junit.runners.ParentRunner&#36;1.schedule(ParentRunner.java:71)</br><br>
	at org.junit.runners.ParentRunner.runChildren(ParentRunner.java:288)</br><br>
	at org.junit.runners.ParentRunner.access&#36;000(ParentRunner.java:58)</br><br>
	at org.junit.runners.ParentRunner&#36;2.evaluate(ParentRunner.java:268)</br><br>
	at org.junit.runners.ParentRunner.run(ParentRunner.java:363)</br><br>
	at cucumber.runtime.junit.ExamplesRunner.run(ExamplesRunner.java:59)</br><br>
	at org.junit.runners.Suite.runChild(Suite.java:128)</br><br>
	at org.junit.runners.Suite.runChild(Suite.java:27)</br><br>
	at org.junit.runners.ParentRunner&#36;3.run(ParentRunner.java:290)</br><br>
	at org.junit.runners.ParentRunner&#36;1.schedule(ParentRunner.java:71)</br><br>
	at org.junit.runners.ParentRunner.runChildren(ParentRunner.java:288)</br><br>
	at org.junit.runners.ParentRunner.access&#36;000(ParentRunner.java:58)</br><br>
	at org.junit.runners.ParentRunner&#36;2.evaluate(ParentRunner.java:268)</br><br>
	at org.junit.runners.ParentRunner.run(ParentRunner.java:363)</br><br>
	at cucumber.runtime.junit.ScenarioOutlineRunner.run(ScenarioOutlineRunner.java:53)</br><br>
	at cucumber.runtime.junit.FeatureRunner.runChild(FeatureRunner.java:63)</br><br>
	at cucumber.runtime.junit.FeatureRunner.runChild(FeatureRunner.java:18)</br><br>
	at org.junit.runners.ParentRunner&#36;3.run(ParentRunner.java:290)</br><br>
	at org.junit.runners.ParentRunner&#36;1.schedule(ParentRunner.java:71)</br><br>
	at org.junit.runners.ParentRunner.runChildren(ParentRunner.java:288)</br><br>
	at org.junit.runners.ParentRunner.access&#36;000(ParentRunner.java:58)</br><br>
	at org.junit.runners.ParentRunner&#36;2.evaluate(ParentRunner.java:268)</br><br>
	at org.junit.runners.ParentRunner.run(ParentRunner.java:363)</br><br>
	at cucumber.runtime.junit.FeatureRunner.run(FeatureRunner.java:70)</br><br>
	at cucumber.api.junit.Cucumber.runChild(Cucumber.java:95)</br><br>
	at cucumber.api.junit.Cucumber.runChild(Cucumber.java:38)</br><br>
	at org.junit.runners.ParentRunner&#36;3.run(ParentRunner.java:290)</br><br>
	at org.junit.runners.ParentRunner&#36;1.schedule(ParentRunner.java:71)</br><br>
	at org.junit.runners.ParentRunner.runChildren(ParentRunner.java:288)</br><br>
	at org.junit.runners.ParentRunner.access&#36;000(ParentRunner.java:58)</br><br>
	at org.junit.runners.ParentRunner&#36;2.evaluate(ParentRunner.java:268)</br><br>
	at org.junit.internal.runners.statements.RunBefores.evaluate(RunBefores.java:26)</br><br>
	at org.junit.runners.ParentRunner.run(ParentRunner.java:363)</br><br>
	at cucumber.api.junit.Cucumber.run(Cucumber.java:100)</br><br>
	at testRunner.CucumberRunner.run(CucumberRunner.java:64)</br><br>
	at org.eclipse.jdt.internal.junit4.runner.JUnit4TestReference.run(JUnit4TestReference.java:86)</br><br>
	at org.eclipse.jdt.internal.junit.runner.TestExecution.run(TestExecution.java:38)</br><br>
	at org.eclipse.jdt.internal.junit.runner.RemoteTestRunner.runTests(RemoteTestRunner.java:459)</br><br>
	at org.eclipse.jdt.internal.junit.runner.RemoteTestRunner.runTests(RemoteTestRunner.java:675)</br><br>
	at org.eclipse.jdt.internal.junit.runner.RemoteTestRunner.run(RemoteTestRunner.java:382)</br><br>
	at org.eclipse.jdt.internal.junit.runner.RemoteTestRunner.main(RemoteTestRunner.java:192)</br><br>
</br></div></td></tr></table></td></tr><tr class="passed"><td>After</td><td colspan="2"></td><td width="100">12.96s</td></tr><tr class="passed"><td colspan="4"><br></br></td></tr><tr><td colspan="5"><sup><a href="#top">Back to Table of Contents</a></sup></td></tr></table></td></tr><tr><td colspan="5"></td></tr><tr class="skipped"><td colspan="4"><b>Feature:</b> <a id="feature-surface-voucher-code-test-case--duplicate-voucher-code">Surface voucher code test case  Duplicate voucher code</a></td></tr><tr class="skipped_description"><td colspan="4"><br></br></td></tr><tr class="skipped"><td><small><b>Passed:</b> 0</small></td><td><small><b>Failed:</b> 0</small></td><td><small><b>Undefined:</b> 1</small></td><td><small>Duration: 64.97s</small></td></tr><tr class="skipped"><td colspan="4" style="padding-left:20px"> <table width="100%"><tr class="skipped"><td colspan="4"><b>Scenario Outline:</b> <a id="sc-surface-voucher-code-test-case--duplicate-voucher-code;cfa-paym-phones-home-delivery-e2e-journey-with-accessory;;2">CFA PayM Phones Home delivery E2E journey with Accessory</a></td></tr><tr class="skipped_description"><td colspan="4"><br></br></td></tr><tr class="skipped"><td><small><b>Passed:</b> 0</small></td><td><small><b>Failed:</b> 0</small></td><td><small><b>Undefined:</b> 13</small></td><td><small>Duration: 64.97s</small></td></tr><tr class="failed"><td>Before</td><td colspan="2"></td><td width="100">62.96s</td></tr><tr class="failed"><td colspan="4"><br>org.openqa.selenium.NoSuchSessionException: no such session
  (Driver info: chromedriver=2.29.461591 (62ebf098771772160f391d75e589dc567915b233),platform=Windows NT 6.1.7601 SP1 x86) (WARNING: The server did not provide any stacktrace information)
Command duration or timeout: 7 milliseconds
Build info: version: '3.0.1', revision: '1969d75', time: '2016-10-18 09:49:13 -0700'
System info: host: 'LASST242987', ip: '10.172.44.65', os.name: 'Windows 7', os.arch: 'x86', os.version: '6.1', java.version: '1.8.0_121'
Driver info: org.openqa.selenium.chrome.ChromeDriver
Capabilities [{message=unknown error: Chrome failed to start: was killed
  (Driver info: chromedriver=2.29.461591 (62ebf098771772160f391d75e589dc567915b233),platform=Windows NT 6.1.7601 SP1 x86), platform=ANY}]
Session ID: 63b66c84a49957c93cdfc89789578ac4</br><br>	at sun.reflect.NativeConstructorAccessorImpl.newInstance0(Native Method)</br><br>	at sun.reflect.NativeConstructorAccessorImpl.newInstance(NativeConstructorAccessorImpl.java:62)</br><br>	at sun.reflect.DelegatingConstructorAccessorImpl.newInstance(DelegatingConstructorAccessorImpl.java:45)</br><br>	at java.lang.reflect.Constructor.newInstance(Constructor.java:423)</br><br>	at org.openqa.selenium.remote.ErrorHandler.createThrowable(ErrorHandler.java:216)</br><br>	at org.openqa.selenium.remote.ErrorHandler.throwIfResponseFailed(ErrorHandler.java:168)</br><br>	at org.openqa.selenium.remote.RemoteWebDriver.execute(RemoteWebDriver.java:635)</br><br>	at org.openqa.selenium.remote.RemoteWebDriver&#36;RemoteWebDriverOptions&#36;RemoteTimeouts.implicitlyWait(RemoteWebDriver.java:822)</br><br>	at helpers.BrowserHelper.Invoke_browser(BrowserHelper.java:54)</br><br>	at steps.Hooks.openBrowser(Hooks.java:50)</br><br>	at sun.reflect.GeneratedMethodAccessor49.invoke(Unknown Source)</br><br>	at sun.reflect.DelegatingMethodAccessorImpl.invoke(DelegatingMethodAccessorImpl.java:43)</br><br>	at java.lang.reflect.Method.invoke(Method.java:498)</br><br>	at cucumber.runtime.Utils&#36;1.call(Utils.java:40)</br><br>	at cucumber.runtime.Timeout.timeout(Timeout.java:16)</br><br>	at cucumber.runtime.Utils.invoke(Utils.java:34)</br><br>	at cucumber.runtime.java.JavaHookDefinition.execute(JavaHookDefinition.java:60)</br><br>	at cucumber.runtime.Runtime.runHookIfTagsMatch(Runtime.java:224)</br><br>	at cucumber.runtime.Runtime.runHooks(Runtime.java:212)</br><br>	at cucumber.runtime.Runtime.runBeforeHooks(Runtime.java:202)</br><br>	at cucumber.runtime.model.CucumberScenario.run(CucumberScenario.java:40)</br><br>	at cucumber.runtime.junit.ExecutionUnitRunner.run(ExecutionUnitRunner.java:102)</br><br>	at org.junit.runners.Suite.runChild(Suite.java:128)</br><br>	at org.junit.runners.Suite.runChild(Suite.java:27)</br><br>	at org.junit.runners.ParentRunner&#36;3.run(ParentRunner.java:290)</br><br>	at org.junit.runners.ParentRunner&#36;1.schedule(ParentRunner.java:71)</br><br>	at org.junit.runners.ParentRunner.runChildren(ParentRunner.java:288)</br><br>	at org.junit.runners.ParentRunner.access&#36;000(ParentRunner.java:58)</br><br>	at org.junit.runners.ParentRunner&#36;2.evaluate(ParentRunner.java:268)</br><br>	at org.junit.runners.ParentRunner.run(ParentRunner.java:363)</br><br>	at cucumber.runtime.junit.ExamplesRunner.run(ExamplesRunner.java:59)</br><br>	at org.junit.runners.Suite.runChild(Suite.java:128)</br><br>	at org.junit.runners.Suite.runChild(Suite.java:27)</br><br>	at org.junit.runners.ParentRunner&#36;3.run(ParentRunner.java:290)</br><br>	at org.junit.runners.ParentRunner&#36;1.schedule(ParentRunner.java:71)</br><br>	at org.junit.runners.ParentRunner.runChildren(ParentRunner.java:288)</br><br>	at org.junit.runners.ParentRunner.access&#36;000(ParentRunner.java:58)</br><br>	at org.junit.runners.ParentRunner&#36;2.evaluate(ParentRunner.java:268)</br><br>	at org.junit.runners.ParentRunner.run(ParentRunner.java:363)</br><br>	at cucumber.runtime.junit.ScenarioOutlineRunner.run(ScenarioOutlineRunner.java:53)</br><br>	at cucumber.runtime.junit.FeatureRunner.runChild(FeatureRunner.java:63)</br><br>	at cucumber.runtime.junit.FeatureRunner.runChild(FeatureRunner.java:18)</br><br>	at org.junit.runners.ParentRunner&#36;3.run(ParentRunner.java:290)</br><br>	at org.junit.runners.ParentRunner&#36;1.schedule(ParentRunner.java:71)</br><br>	at org.junit.runners.ParentRunner.runChildren(ParentRunner.java:288)</br><br>	at org.junit.runners.ParentRunner.access&#36;000(ParentRunner.java:58)</br><br>	at org.junit.runners.ParentRunner&#36;2.evaluate(ParentRunner.java:268)</br><br>	at org.junit.runners.ParentRunner.run(ParentRunner.java:363)</br><br>	at cucumber.runtime.junit.FeatureRunner.run(FeatureRunner.java:70)</br><br>	at cucumber.api.junit.Cucumber.runChild(Cucumber.java:95)</br><br>	at cucumber.api.junit.Cucumber.runChild(Cucumber.java:38)</br><br>	at org.junit.runners.ParentRunner&#36;3.run(ParentRunner.java:290)</br><br>	at org.junit.runners.ParentRunner&#36;1.schedule(ParentRunner.java:71)</br><br>	at org.junit.runners.ParentRunner.runChildren(ParentRunner.java:288)</br><br>	at org.junit.runners.ParentRunner.access&#36;000(ParentRunner.java:58)</br><br>	at org.junit.runners.ParentRunner&#36;2.evaluate(ParentRunner.java:268)</br><br>	at org.junit.internal.runners.statements.RunBefores.evaluate(RunBefores.java:26)</br><br>	at org.junit.runners.ParentRunner.run(ParentRunner.java:363)</br><br>	at cucumber.api.junit.Cucumber.run(Cucumber.java:100)</br><br>	at testRunner.CucumberRunner.run(CucumberRunner.java:64)</br><br>	at org.eclipse.jdt.internal.junit4.runner.JUnit4TestReference.run(JUnit4TestReference.java:86)</br><br>	at org.eclipse.jdt.internal.junit.runner.TestExecution.run(TestExecution.java:38)</br><br>	at org.eclipse.jdt.internal.junit.runner.RemoteTestRunner.runTests(RemoteTestRunner.java:459)</br><br>	at org.eclipse.jdt.internal.junit.runner.RemoteTestRunner.runTests(RemoteTestRunner.java:675)</br><br>	at org.eclipse.jdt.internal.junit.runner.RemoteTestRunner.run(RemoteTestRunner.java:382)</br><br>	at org.eclipse.jdt.internal.junit.runner.RemoteTestRunner.main(RemoteTestRunner.java:192)</br><br></br></td></tr><tr class="skipped"><td colspan="4" style="padding-left:20px"> <table width="100%"><tr class="skipped"><td><b>Given </b> I am an CFA user and Lands on shop page</td><td width="100">0.00s</td></tr><tr class="skipped"><td><b>And </b> navigate to PAYM Phones page</td><td width="100">0.00s</td></tr><tr class="skipped"><td><b>And </b> I choose PayM GalaxyS8</td><td width="100">0.00s</td></tr><tr class="skipped"><td><b>And </b> Navigate to device details page</td><td width="100">0.00s</td></tr><tr class="skipped"><td><b>And </b> Land on the 'Tariffs and extra' page</td><td width="100">0.00s</td></tr><tr class="skipped"><td><b>And </b> I Land on the basket page and choose home delivery option</td><td width="100">0.00s</td></tr><tr class="skipped"><td><b>And </b> Apply the TOPAZVOUCHER0%OFF twice</td><td width="100">0.00s</td></tr><tr class="skipped"><td><b>And </b> click on &quot;go to checkout&quot; button</td><td width="100">0.00s</td></tr><tr class="skipped"><td><b>And </b> input TEST and ACCEPTA and other valid details in Delivery page and Click on the 'Continue button'</td><td width="100">0.00s</td></tr><tr class="skipped"><td><b>And </b> land on the payment page and input TEST ACCEPTA and other details and click 'Continue on next step'</td><td width="100">0.00s</td></tr><tr class="skipped"><td><b>And </b> Continue to Agreements page and confirm all the agreement checks</td><td width="100">0.00s</td></tr><tr class="skipped"><td><b>And </b> Continue to Review page and review the order</td><td width="100">0.00s</td></tr><tr class="skipped"><td><b>Then </b> order confirmation is displayed</td><td width="100">0.00s</td></tr></table></td></tr><tr class="failed"><td>After</td><td colspan="2"></td><td width="100">2.01s</td></tr><tr class="failed"><td colspan="4"><br>org.openqa.selenium.NoSuchSessionException: no such session
  (Driver info: chromedriver=2.29.461591 (62ebf098771772160f391d75e589dc567915b233),platform=Windows NT 6.1.7601 SP1 x86) (WARNING: The server did not provide any stacktrace information)
Command duration or timeout: 7 milliseconds
Build info: version: '3.0.1', revision: '1969d75', time: '2016-10-18 09:49:13 -0700'
System info: host: 'LASST242987', ip: '10.172.44.65', os.name: 'Windows 7', os.arch: 'x86', os.version: '6.1', java.version: '1.8.0_121'
Driver info: org.openqa.selenium.chrome.ChromeDriver
Capabilities [{message=unknown error: Chrome failed to start: was killed
  (Driver info: chromedriver=2.29.461591 (62ebf098771772160f391d75e589dc567915b233),platform=Windows NT 6.1.7601 SP1 x86), platform=ANY}]
Session ID: 63b66c84a49957c93cdfc89789578ac4</br><br>	at sun.reflect.NativeConstructorAccessorImpl.newInstance0(Native Method)</br><br>	at sun.reflect.NativeConstructorAccessorImpl.newInstance(NativeConstructorAccessorImpl.java:62)</br><br>	at sun.reflect.DelegatingConstructorAccessorImpl.newInstance(DelegatingConstructorAccessorImpl.java:45)</br><br>	at java.lang.reflect.Constructor.newInstance(Constructor.java:423)</br><br>	at org.openqa.selenium.remote.ErrorHandler.createThrowable(ErrorHandler.java:216)</br><br>	at org.openqa.selenium.remote.ErrorHandler.throwIfResponseFailed(ErrorHandler.java:168)</br><br>	at org.openqa.selenium.remote.RemoteWebDriver.execute(RemoteWebDriver.java:635)</br><br>	at org.openqa.selenium.remote.RemoteWebDriver.execute(RemoteWebDriver.java:658)</br><br>	at org.openqa.selenium.remote.RemoteWebDriver.close(RemoteWebDriver.java:487)</br><br>	at steps.Hooks.embedScreenshot(Hooks.java:94)</br><br>	at sun.reflect.GeneratedMethodAccessor51.invoke(Unknown Source)</br><br>	at sun.reflect.DelegatingMethodAccessorImpl.invoke(DelegatingMethodAccessorImpl.java:43)</br><br>	at java.lang.reflect.Method.invoke(Method.java:498)</br><br>	at cucumber.runtime.Utils&#36;1.call(Utils.java:40)</br><br>	at cucumber.runtime.Timeout.timeout(Timeout.java:16)</br><br>	at cucumber.runtime.Utils.invoke(Utils.java:34)</br><br>	at cucumber.runtime.java.JavaHookDefinition.execute(JavaHookDefinition.java:60)</br><br>	at cucumber.runtime.Runtime.runHookIfTagsMatch(Runtime.java:224)</br><br>	at cucumber.runtime.Runtime.runHooks(Runtime.java:212)</br><br>	at cucumber.runtime.Runtime.runAfterHooks(Runtime.java:206)</br><br>	at cucumber.runtime.model.CucumberScenario.run(CucumberScenario.java:46)</br><br>	at cucumber.runtime.junit.ExecutionUnitRunner.run(ExecutionUnitRunner.java:102)</br><br>	at org.junit.runners.Suite.runChild(Suite.java:128)</br><br>	at org.junit.runners.Suite.runChild(Suite.java:27)</br><br>	at org.junit.runners.ParentRunner&#36;3.run(ParentRunner.java:290)</br><br>	at org.junit.runners.ParentRunner&#36;1.schedule(ParentRunner.java:71)</br><br>	at org.junit.runners.ParentRunner.runChildren(ParentRunner.java:288)</br><br>	at org.junit.runners.ParentRunner.access&#36;000(ParentRunner.java:58)</br><br>	at org.junit.runners.ParentRunner&#36;2.evaluate(ParentRunner.java:268)</br><br>	at org.junit.runners.ParentRunner.run(ParentRunner.java:363)</br><br>	at cucumber.runtime.junit.ExamplesRunner.run(ExamplesRunner.java:59)</br><br>	at org.junit.runners.Suite.runChild(Suite.java:128)</br><br>	at org.junit.runners.Suite.runChild(Suite.java:27)</br><br>	at org.junit.runners.ParentRunner&#36;3.run(ParentRunner.java:290)</br><br>	at org.junit.runners.ParentRunner&#36;1.schedule(ParentRunner.java:71)</br><br>	at org.junit.runners.ParentRunner.runChildren(ParentRunner.java:288)</br><br>	at org.junit.runners.ParentRunner.access&#36;000(ParentRunner.java:58)</br><br>	at org.junit.runners.ParentRunner&#36;2.evaluate(ParentRunner.java:268)</br><br>	at org.junit.runners.ParentRunner.run(ParentRunner.java:363)</br><br>	at cucumber.runtime.junit.ScenarioOutlineRunner.run(ScenarioOutlineRunner.java:53)</br><br>	at cucumber.runtime.junit.FeatureRunner.runChild(FeatureRunner.java:63)</br><br>	at cucumber.runtime.junit.FeatureRunner.runChild(FeatureRunner.java:18)</br><br>	at org.junit.runners.ParentRunner&#36;3.run(ParentRunner.java:290)</br><br>	at org.junit.runners.ParentRunner&#36;1.schedule(ParentRunner.java:71)</br><br>	at org.junit.runners.ParentRunner.runChildren(ParentRunner.java:288)</br><br>	at org.junit.runners.ParentRunner.access&#36;000(ParentRunner.java:58)</br><br>	at org.junit.runners.ParentRunner&#36;2.evaluate(ParentRunner.java:268)</br><br>	at org.junit.runners.ParentRunner.run(ParentRunner.java:363)</br><br>	at cucumber.runtime.junit.FeatureRunner.run(FeatureRunner.java:70)</br><br>	at cucumber.api.junit.Cucumber.runChild(Cucumber.java:95)</br><br>	at cucumber.api.junit.Cucumber.runChild(Cucumber.java:38)</br><br>	at org.junit.runners.ParentRunner&#36;3.run(ParentRunner.java:290)</br><br>	at org.junit.runners.ParentRunner&#36;1.schedule(ParentRunner.java:71)</br><br>	at org.junit.runners.ParentRunner.runChildren(ParentRunner.java:288)</br><br>	at org.junit.runners.ParentRunner.access&#36;000(ParentRunner.java:58)</br><br>	at org.junit.runners.ParentRunner&#36;2.evaluate(ParentRunner.java:268)</br><br>	at org.junit.internal.runners.statements.RunBefores.evaluate(RunBefores.java:26)</br><br>	at org.junit.runners.ParentRunner.run(ParentRunner.java:363)</br><br>	at cucumber.api.junit.Cucumber.run(Cucumber.java:100)</br><br>	at testRunner.CucumberRunner.run(CucumberRunner.java:64)</br><br>	at org.eclipse.jdt.internal.junit4.runner.JUnit4TestReference.run(JUnit4TestReference.java:86)</br><br>	at org.eclipse.jdt.internal.junit.runner.TestExecution.run(TestExecution.java:38)</br><br>	at org.eclipse.jdt.internal.junit.runner.RemoteTestRunner.runTests(RemoteTestRunner.java:459)</br><br>	at org.eclipse.jdt.internal.junit.runner.RemoteTestRunner.runTests(RemoteTestRunner.java:675)</br><br>	at org.eclipse.jdt.internal.junit.runner.RemoteTestRunner.run(RemoteTestRunner.java:382)</br><br>	at org.eclipse.jdt.internal.junit.runner.RemoteTestRunner.main(RemoteTestRunner.java:192)</br><br></br></td></tr><tr><td colspan="5"><sup><a href="#top">Back to Table of Contents</a></sup></td></tr></table></td></tr><tr><td colspan="5"></td></tr><tr class="failed"><td colspan="4"><b>Feature:</b> <a id="feature-surface-voucher-code-test-case-valid-voucher-code">Surface voucher code test case valid voucher code</a></td></tr><tr class="failed_description"><td colspan="4"><br></br></td></tr><tr class="failed"><td><small><b>Passed:</b> 0</small></td><td><small><b>Failed:</b> 1</small></td><td><small><b>Undefined:</b> 0</small></td><td><small>Duration: 264.97s</small></td></tr><tr class="failed"><td colspan="4" style="padding-left:20px"> <table width="100%"><tr class="failed"><td colspan="4"><b>Scenario Outline:</b> <a id="sc-surface-voucher-code-test-case-valid-voucher-code;cfa-paym-phones-home-delivery-e2e-journey-with-accessory;;2">CFA PayM Phones Home delivery E2E journey with Accessory</a></td></tr><tr class="failed_description"><td colspan="4"><br></br></td></tr><tr class="failed"><td><small><b>Passed:</b> 10</small></td><td><small><b>Failed:</b> 1</small></td><td><small><b>Undefined:</b> 2</small></td><td><small>Duration: 264.97s</small></td></tr><tr class="passed"><td>Before</td><td colspan="2"></td><td width="100">34.46s</td></tr><tr class="passed"><td colspan="4"><br></br></td></tr><tr class="failed"><td colspan="4" style="padding-left:20px"> <table width="100%"><tr class="passed"><td><b>Given </b> I am an CFA user and Lands on shop page</td><td width="100">0.02s</td></tr><tr class="passed"><td><b>And </b> navigate to PAYM Phones page</td><td width="100">32.12s</td></tr><tr class="passed"><td><b>And </b> I choose PayM GalaxyS8</td><td width="100">1.50s</td></tr><tr class="passed"><td><b>And </b> Navigate to device details page</td><td width="100">35.82s</td></tr><tr class="passed"><td><b>And </b> Land on the 'Tariffs and extra' page</td><td width="100">0.44s</td></tr><tr class="passed"><td><b>And </b> I Land on the basket page and choose home delivery option</td><td width="100">15.17s</td></tr><tr class="passed"><td><b>And </b> Apply a TOPAZVOUCHER0%OFF</td><td width="100">4.89s</td></tr><tr class="passed"><td><b>And </b> click on &quot;go to checkout&quot; button</td><td width="100">12.87s</td></tr><tr class="passed"><td><b>And </b> input TEST and ACCEPTA and other valid details in Delivery page and Click on the 'Continue button'</td><td width="100">17.05s</td></tr><tr class="passed"><td><b>And </b> land on the payment page and input TEST ACCEPTA and other details and click 'Continue on next step'</td><td width="100">51.71s</td></tr><tr class="failed"><td><b>And </b> Continue to Agreements page and confirm all the agreement checks</td><td width="100">55.78s</td></tr><tr class="failed"><td colspan="2"><div><br>org.openqa.selenium.NoSuchElementException: no such element: Unable to locate element: {&quot;method&quot;:&quot;id&quot;,&quot;selector&quot;:&quot;affordability-terms-declaration&quot;}
  (Session info: chrome=59.0.3071.104)
  (Driver info: chromedriver=2.29.461591 (62ebf098771772160f391d75e589dc567915b233),platform=Windows NT 6.1.7601 SP1 x86) (WARNING: The server did not provide any stacktrace information)
Command duration or timeout: 42.73 seconds
For documentation on this error, please visit: http://seleniumhq.org/exceptions/no_such_element.html
Build info: version: '3.0.1', revision: '1969d75', time: '2016-10-18 09:49:13 -0700'
System info: host: 'LASST242987', ip: '10.172.44.65', os.name: 'Windows 7', os.arch: 'x86', os.version: '6.1', java.version: '1.8.0_121'
Driver info: org.openqa.selenium.chrome.ChromeDriver
Capabilities [{applicationCacheEnabled=false, rotatable=false, mobileEmulationEnabled=false, networkConnectionEnabled=false, chrome={chromedriverVersion=2.29.461591 (62ebf098771772160f391d75e589dc567915b233), userDataDir=C:Usersvarghes1AppDataLocalTempscoped_dir6152_3417}, takesHeapSnapshot=true, pageLoadStrategy=normal, databaseEnabled=false, handlesAlerts=true, hasTouchScreen=false, version=59.0.3071.104, platform=XP, browserConnectionEnabled=false, nativeEvents=true, acceptSslCerts=true, locationContextEnabled=true, webStorageEnabled=true, browserName=chrome, takesScreenshot=true, javascriptEnabled=true, cssSelectorsEnabled=true, unexpectedAlertBehaviour=}]
Session ID: d87dd09a0c13204341d39f671e8c8980
*** Element info: {Using=id, value=affordability-terms-declaration}</br><br>
	at sun.reflect.NativeConstructorAccessorImpl.newInstance0(Native Method)</br><br>
	at sun.reflect.NativeConstructorAccessorImpl.newInstance(NativeConstructorAccessorImpl.java:62)</br><br>
	at sun.reflect.DelegatingConstructorAccessorImpl.newInstance(DelegatingConstructorAccessorImpl.java:45)</br><br>
	at java.lang.reflect.Constructor.newInstance(Constructor.java:423)</br><br>
	at org.openqa.selenium.remote.ErrorHandler.createThrowable(ErrorHandler.java:216)</br><br>
	at org.openqa.selenium.remote.ErrorHandler.throwIfResponseFailed(ErrorHandler.java:168)</br><br>
	at org.openqa.selenium.remote.RemoteWebDriver.execute(RemoteWebDriver.java:635)</br><br>
	at org.openqa.selenium.remote.RemoteWebDriver.findElement(RemoteWebDriver.java:368)</br><br>
	at org.openqa.selenium.remote.RemoteWebDriver.findElementById(RemoteWebDriver.java:417)</br><br>
	at org.openqa.selenium.By&#36;ById.findElement(By.java:218)</br><br>
	at org.openqa.selenium.remote.RemoteWebDriver.findElement(RemoteWebDriver.java:360)</br><br>
	at org.openqa.selenium.support.pagefactory.DefaultElementLocator.findElement(DefaultElementLocator.java:69)</br><br>
	at org.openqa.selenium.support.pagefactory.internal.LocatingElementHandler.invoke(LocatingElementHandler.java:38)</br><br>
	at com.sun.proxy.&#36;Proxy18.click(Unknown Source)</br><br>
	at actionsPerformed.AgreementPageActions.Affordability(AgreementPageActions.java:29)</br><br>
	at steps.E2EOrderPlaced_Steps.AgreementsPageConfirmation(E2EOrderPlaced_Steps.java:628)</br><br>
	at &#10045;.And Continue to Agreements page and confirm all the agreement checks(SurfaceVouchercodes_testcase_3.feature:15)</br><br>
</br></div></td></tr><tr class="skipped"><td><b>And </b> Continue to Review page and review the order</td><td width="100">0.00s</td></tr><tr class="skipped"><td><b>Then </b> order confirmation is displayed</td><td width="100">0.00s</td></tr></table></td></tr><tr class="passed"><td>After</td><td colspan="2"></td><td width="100">3.14s</td></tr><tr class="passed"><td colspan="4"><br></br></td></tr><tr><td colspan="5"><sup><a href="#top">Back to Table of Contents</a></sup></td></tr></table></td></tr><tr><td colspan="5"></td></tr><tr class="skipped"><td colspan="4"><b>Feature:</b> <a id="feature-upgrade--not-eligible-customers-selects-dongle-sim">Upgrade _not eligible customers selects Dongle sim</a></td></tr><tr class="skipped_description"><td colspan="4"><br></br></td></tr><tr class="skipped"><td><small><b>Passed:</b> 0</small></td><td><small><b>Failed:</b> 0</small></td><td><small><b>Undefined:</b> 1</small></td><td><small>Duration: 64.01s</small></td></tr><tr class="skipped"><td colspan="4" style="padding-left:20px"> <table width="100%"><tr class="skipped"><td colspan="4"><b>Scenario Outline:</b> <a id="sc-upgrade--not-eligible-customers-selects-dongle-sim;not-eligible-for-upgrade-customer-selects-ipad-sims;;2">Not eligible for upgrade customer selects iPad sims</a></td></tr><tr class="skipped_description"><td colspan="4"><br></br></td></tr><tr class="skipped"><td><small><b>Passed:</b> 0</small></td><td><small><b>Failed:</b> 0</small></td><td><small><b>Undefined:</b> 7</small></td><td><small>Duration: 64.01s</small></td></tr><tr class="failed"><td>Before</td><td colspan="2"></td><td width="100">61.92s</td></tr><tr class="failed"><td colspan="4"><br>org.openqa.selenium.NoSuchSessionException: no such session
  (Driver info: chromedriver=2.29.461591 (62ebf098771772160f391d75e589dc567915b233),platform=Windows NT 6.1.7601 SP1 x86) (WARNING: The server did not provide any stacktrace information)
Command duration or timeout: 30 milliseconds
Build info: version: '3.0.1', revision: '1969d75', time: '2016-10-18 09:49:13 -0700'
System info: host: 'LASST242987', ip: '10.172.44.65', os.name: 'Windows 7', os.arch: 'x86', os.version: '6.1', java.version: '1.8.0_121'
Driver info: org.openqa.selenium.chrome.ChromeDriver
Capabilities [{message=unknown error: Chrome failed to start: was killed
  (Driver info: chromedriver=2.29.461591 (62ebf098771772160f391d75e589dc567915b233),platform=Windows NT 6.1.7601 SP1 x86), platform=ANY}]
Session ID: 1c369275e553111f19f5a25c99978a30</br><br>	at sun.reflect.NativeConstructorAccessorImpl.newInstance0(Native Method)</br><br>	at sun.reflect.NativeConstructorAccessorImpl.newInstance(NativeConstructorAccessorImpl.java:62)</br><br>	at sun.reflect.DelegatingConstructorAccessorImpl.newInstance(DelegatingConstructorAccessorImpl.java:45)</br><br>	at java.lang.reflect.Constructor.newInstance(Constructor.java:423)</br><br>	at org.openqa.selenium.remote.ErrorHandler.createThrowable(ErrorHandler.java:216)</br><br>	at org.openqa.selenium.remote.ErrorHandler.throwIfResponseFailed(ErrorHandler.java:168)</br><br>	at org.openqa.selenium.remote.RemoteWebDriver.execute(RemoteWebDriver.java:635)</br><br>	at org.openqa.selenium.remote.RemoteWebDriver&#36;RemoteWebDriverOptions&#36;RemoteTimeouts.implicitlyWait(RemoteWebDriver.java:822)</br><br>	at helpers.BrowserHelper.Invoke_browser(BrowserHelper.java:54)</br><br>	at steps.Hooks.openBrowser(Hooks.java:50)</br><br>	at sun.reflect.GeneratedMethodAccessor49.invoke(Unknown Source)</br><br>	at sun.reflect.DelegatingMethodAccessorImpl.invoke(DelegatingMethodAccessorImpl.java:43)</br><br>	at java.lang.reflect.Method.invoke(Method.java:498)</br><br>	at cucumber.runtime.Utils&#36;1.call(Utils.java:40)</br><br>	at cucumber.runtime.Timeout.timeout(Timeout.java:16)</br><br>	at cucumber.runtime.Utils.invoke(Utils.java:34)</br><br>	at cucumber.runtime.java.JavaHookDefinition.execute(JavaHookDefinition.java:60)</br><br>	at cucumber.runtime.Runtime.runHookIfTagsMatch(Runtime.java:224)</br><br>	at cucumber.runtime.Runtime.runHooks(Runtime.java:212)</br><br>	at cucumber.runtime.Runtime.runBeforeHooks(Runtime.java:202)</br><br>	at cucumber.runtime.model.CucumberScenario.run(CucumberScenario.java:40)</br><br>	at cucumber.runtime.junit.ExecutionUnitRunner.run(ExecutionUnitRunner.java:102)</br><br>	at org.junit.runners.Suite.runChild(Suite.java:128)</br><br>	at org.junit.runners.Suite.runChild(Suite.java:27)</br><br>	at org.junit.runners.ParentRunner&#36;3.run(ParentRunner.java:290)</br><br>	at org.junit.runners.ParentRunner&#36;1.schedule(ParentRunner.java:71)</br><br>	at org.junit.runners.ParentRunner.runChildren(ParentRunner.java:288)</br><br>	at org.junit.runners.ParentRunner.access&#36;000(ParentRunner.java:58)</br><br>	at org.junit.runners.ParentRunner&#36;2.evaluate(ParentRunner.java:268)</br><br>	at org.junit.runners.ParentRunner.run(ParentRunner.java:363)</br><br>	at cucumber.runtime.junit.ExamplesRunner.run(ExamplesRunner.java:59)</br><br>	at org.junit.runners.Suite.runChild(Suite.java:128)</br><br>	at org.junit.runners.Suite.runChild(Suite.java:27)</br><br>	at org.junit.runners.ParentRunner&#36;3.run(ParentRunner.java:290)</br><br>	at org.junit.runners.ParentRunner&#36;1.schedule(ParentRunner.java:71)</br><br>	at org.junit.runners.ParentRunner.runChildren(ParentRunner.java:288)</br><br>	at org.junit.runners.ParentRunner.access&#36;000(ParentRunner.java:58)</br><br>	at org.junit.runners.ParentRunner&#36;2.evaluate(ParentRunner.java:268)</br><br>	at org.junit.runners.ParentRunner.run(ParentRunner.java:363)</br><br>	at cucumber.runtime.junit.ScenarioOutlineRunner.run(ScenarioOutlineRunner.java:53)</br><br>	at cucumber.runtime.junit.FeatureRunner.runChild(FeatureRunner.java:63)</br><br>	at cucumber.runtime.junit.FeatureRunner.runChild(FeatureRunner.java:18)</br><br>	at org.junit.runners.ParentRunner&#36;3.run(ParentRunner.java:290)</br><br>	at org.junit.runners.ParentRunner&#36;1.schedule(ParentRunner.java:71)</br><br>	at org.junit.runners.ParentRunner.runChildren(ParentRunner.java:288)</br><br>	at org.junit.runners.ParentRunner.access&#36;000(ParentRunner.java:58)</br><br>	at org.junit.runners.ParentRunner&#36;2.evaluate(ParentRunner.java:268)</br><br>	at org.junit.runners.ParentRunner.run(ParentRunner.java:363)</br><br>	at cucumber.runtime.junit.FeatureRunner.run(FeatureRunner.java:70)</br><br>	at cucumber.api.junit.Cucumber.runChild(Cucumber.java:95)</br><br>	at cucumber.api.junit.Cucumber.runChild(Cucumber.java:38)</br><br>	at org.junit.runners.ParentRunner&#36;3.run(ParentRunner.java:290)</br><br>	at org.junit.runners.ParentRunner&#36;1.schedule(ParentRunner.java:71)</br><br>	at org.junit.runners.ParentRunner.runChildren(ParentRunner.java:288)</br><br>	at org.junit.runners.ParentRunner.access&#36;000(ParentRunner.java:58)</br><br>	at org.junit.runners.ParentRunner&#36;2.evaluate(ParentRunner.java:268)</br><br>	at org.junit.internal.runners.statements.RunBefores.evaluate(RunBefores.java:26)</br><br>	at org.junit.runners.ParentRunner.run(ParentRunner.java:363)</br><br>	at cucumber.api.junit.Cucumber.run(Cucumber.java:100)</br><br>	at testRunner.CucumberRunner.run(CucumberRunner.java:64)</br><br>	at org.eclipse.jdt.internal.junit4.runner.JUnit4TestReference.run(JUnit4TestReference.java:86)</br><br>	at org.eclipse.jdt.internal.junit.runner.TestExecution.run(TestExecution.java:38)</br><br>	at org.eclipse.jdt.internal.junit.runner.RemoteTestRunner.runTests(RemoteTestRunner.java:459)</br><br>	at org.eclipse.jdt.internal.junit.runner.RemoteTestRunner.runTests(RemoteTestRunner.java:675)</br><br>	at org.eclipse.jdt.internal.junit.runner.RemoteTestRunner.run(RemoteTestRunner.java:382)</br><br>	at org.eclipse.jdt.internal.junit.runner.RemoteTestRunner.main(RemoteTestRunner.java:192)</br><br></br></td></tr><tr class="skipped"><td colspan="4" style="padding-left:20px"> <table width="100%"><tr class="skipped"><td><b>Given </b> I am an Existing user and Navigates to Signin page</td><td width="100">0.00s</td></tr><tr class="skipped"><td><b>And </b> Signin using valid ing_jul987 and test123 credentials</td><td width="100">0.00s</td></tr><tr class="skipped"><td><b>And </b> choose to upgrade any Phone in My upgrade page</td><td width="100">0.00s</td></tr><tr class="skipped"><td><b>Then </b> I should be displayed the promo modules</td><td width="100">0.00s</td></tr><tr class="skipped"><td><b>When </b> I Click on Pick a sim on the Dongle promo module</td><td width="100">0.00s</td></tr><tr class="skipped"><td><b>And </b> input TEST and ACCEPTA and other valid details in Delivery page and Click on the 'Send me my sim'</td><td width="100">0.00s</td></tr><tr class="skipped"><td><b>Then </b> order confirmation is displayed</td><td width="100">0.00s</td></tr></table></td></tr><tr class="failed"><td>After</td><td colspan="2"></td><td width="100">2.10s</td></tr><tr class="failed"><td colspan="4"><br>org.openqa.selenium.NoSuchSessionException: no such session
  (Driver info: chromedriver=2.29.461591 (62ebf098771772160f391d75e589dc567915b233),platform=Windows NT 6.1.7601 SP1 x86) (WARNING: The server did not provide any stacktrace information)
Command duration or timeout: 3 milliseconds
Build info: version: '3.0.1', revision: '1969d75', time: '2016-10-18 09:49:13 -0700'
System info: host: 'LASST242987', ip: '10.172.44.65', os.name: 'Windows 7', os.arch: 'x86', os.version: '6.1', java.version: '1.8.0_121'
Driver info: org.openqa.selenium.chrome.ChromeDriver
Capabilities [{message=unknown error: Chrome failed to start: was killed
  (Driver info: chromedriver=2.29.461591 (62ebf098771772160f391d75e589dc567915b233),platform=Windows NT 6.1.7601 SP1 x86), platform=ANY}]
Session ID: 1c369275e553111f19f5a25c99978a30</br><br>	at sun.reflect.NativeConstructorAccessorImpl.newInstance0(Native Method)</br><br>	at sun.reflect.NativeConstructorAccessorImpl.newInstance(NativeConstructorAccessorImpl.java:62)</br><br>	at sun.reflect.DelegatingConstructorAccessorImpl.newInstance(DelegatingConstructorAccessorImpl.java:45)</br><br>	at java.lang.reflect.Constructor.newInstance(Constructor.java:423)</br><br>	at org.openqa.selenium.remote.ErrorHandler.createThrowable(ErrorHandler.java:216)</br><br>	at org.openqa.selenium.remote.ErrorHandler.throwIfResponseFailed(ErrorHandler.java:168)</br><br>	at org.openqa.selenium.remote.RemoteWebDriver.execute(RemoteWebDriver.java:635)</br><br>	at org.openqa.selenium.remote.RemoteWebDriver.execute(RemoteWebDriver.java:658)</br><br>	at org.openqa.selenium.remote.RemoteWebDriver.close(RemoteWebDriver.java:487)</br><br>	at steps.Hooks.embedScreenshot(Hooks.java:94)</br><br>	at sun.reflect.GeneratedMethodAccessor51.invoke(Unknown Source)</br><br>	at sun.reflect.DelegatingMethodAccessorImpl.invoke(DelegatingMethodAccessorImpl.java:43)</br><br>	at java.lang.reflect.Method.invoke(Method.java:498)</br><br>	at cucumber.runtime.Utils&#36;1.call(Utils.java:40)</br><br>	at cucumber.runtime.Timeout.timeout(Timeout.java:16)</br><br>	at cucumber.runtime.Utils.invoke(Utils.java:34)</br><br>	at cucumber.runtime.java.JavaHookDefinition.execute(JavaHookDefinition.java:60)</br><br>	at cucumber.runtime.Runtime.runHookIfTagsMatch(Runtime.java:224)</br><br>	at cucumber.runtime.Runtime.runHooks(Runtime.java:212)</br><br>	at cucumber.runtime.Runtime.runAfterHooks(Runtime.java:206)</br><br>	at cucumber.runtime.model.CucumberScenario.run(CucumberScenario.java:46)</br><br>	at cucumber.runtime.junit.ExecutionUnitRunner.run(ExecutionUnitRunner.java:102)</br><br>	at org.junit.runners.Suite.runChild(Suite.java:128)</br><br>	at org.junit.runners.Suite.runChild(Suite.java:27)</br><br>	at org.junit.runners.ParentRunner&#36;3.run(ParentRunner.java:290)</br><br>	at org.junit.runners.ParentRunner&#36;1.schedule(ParentRunner.java:71)</br><br>	at org.junit.runners.ParentRunner.runChildren(ParentRunner.java:288)</br><br>	at org.junit.runners.ParentRunner.access&#36;000(ParentRunner.java:58)</br><br>	at org.junit.runners.ParentRunner&#36;2.evaluate(ParentRunner.java:268)</br><br>	at org.junit.runners.ParentRunner.run(ParentRunner.java:363)</br><br>	at cucumber.runtime.junit.ExamplesRunner.run(ExamplesRunner.java:59)</br><br>	at org.junit.runners.Suite.runChild(Suite.java:128)</br><br>	at org.junit.runners.Suite.runChild(Suite.java:27)</br><br>	at org.junit.runners.ParentRunner&#36;3.run(ParentRunner.java:290)</br><br>	at org.junit.runners.ParentRunner&#36;1.schedule(ParentRunner.java:71)</br><br>	at org.junit.runners.ParentRunner.runChildren(ParentRunner.java:288)</br><br>	at org.junit.runners.ParentRunner.access&#36;000(ParentRunner.java:58)</br><br>	at org.junit.runners.ParentRunner&#36;2.evaluate(ParentRunner.java:268)</br><br>	at org.junit.runners.ParentRunner.run(ParentRunner.java:363)</br><br>	at cucumber.runtime.junit.ScenarioOutlineRunner.run(ScenarioOutlineRunner.java:53)</br><br>	at cucumber.runtime.junit.FeatureRunner.runChild(FeatureRunner.java:63)</br><br>	at cucumber.runtime.junit.FeatureRunner.runChild(FeatureRunner.java:18)</br><br>	at org.junit.runners.ParentRunner&#36;3.run(ParentRunner.java:290)</br><br>	at org.junit.runners.ParentRunner&#36;1.schedule(ParentRunner.java:71)</br><br>	at org.junit.runners.ParentRunner.runChildren(ParentRunner.java:288)</br><br>	at org.junit.runners.ParentRunner.access&#36;000(ParentRunner.java:58)</br><br>	at org.junit.runners.ParentRunner&#36;2.evaluate(ParentRunner.java:268)</br><br>	at org.junit.runners.ParentRunner.run(ParentRunner.java:363)</br><br>	at cucumber.runtime.junit.FeatureRunner.run(FeatureRunner.java:70)</br><br>	at cucumber.api.junit.Cucumber.runChild(Cucumber.java:95)</br><br>	at cucumber.api.junit.Cucumber.runChild(Cucumber.java:38)</br><br>	at org.junit.runners.ParentRunner&#36;3.run(ParentRunner.java:290)</br><br>	at org.junit.runners.ParentRunner&#36;1.schedule(ParentRunner.java:71)</br><br>	at org.junit.runners.ParentRunner.runChildren(ParentRunner.java:288)</br><br>	at org.junit.runners.ParentRunner.access&#36;000(ParentRunner.java:58)</br><br>	at org.junit.runners.ParentRunner&#36;2.evaluate(ParentRunner.java:268)</br><br>	at org.junit.internal.runners.statements.RunBefores.evaluate(RunBefores.java:26)</br><br>	at org.junit.runners.ParentRunner.run(ParentRunner.java:363)</br><br>	at cucumber.api.junit.Cucumber.run(Cucumber.java:100)</br><br>	at testRunner.CucumberRunner.run(CucumberRunner.java:64)</br><br>	at org.eclipse.jdt.internal.junit4.runner.JUnit4TestReference.run(JUnit4TestReference.java:86)</br><br>	at org.eclipse.jdt.internal.junit.runner.TestExecution.run(TestExecution.java:38)</br><br>	at org.eclipse.jdt.internal.junit.runner.RemoteTestRunner.runTests(RemoteTestRunner.java:459)</br><br>	at org.eclipse.jdt.internal.junit.runner.RemoteTestRunner.runTests(RemoteTestRunner.java:675)</br><br>	at org.eclipse.jdt.internal.junit.runner.RemoteTestRunner.run(RemoteTestRunner.java:382)</br><br>	at org.eclipse.jdt.internal.junit.runner.RemoteTestRunner.main(RemoteTestRunner.java:192)</br><br></br></td></tr><tr><td colspan="5"><sup><a href="#top">Back to Table of Contents</a></sup></td></tr></table></td></tr><tr><td colspan="5"></td></tr><tr class="failed"><td colspan="4"><b>Feature:</b> <a id="feature-upgrade--not-eligible-customers-selects-tablet-sim">Upgrade _not eligible customers selects Tablet sim</a></td></tr><tr class="failed_description"><td colspan="4"><br></br></td></tr><tr class="failed"><td><small><b>Passed:</b> 0</small></td><td><small><b>Failed:</b> 1</small></td><td><small><b>Undefined:</b> 0</small></td><td><small>Duration: 139.58s</small></td></tr><tr class="failed"><td colspan="4" style="padding-left:20px"> <table width="100%"><tr class="failed"><td colspan="4"><b>Scenario Outline:</b> <a id="sc-upgrade--not-eligible-customers-selects-tablet-sim;not-eligible-for-upgrade-customer-selects-ipad-sims;;2">Not eligible for upgrade customer selects iPad sims</a></td></tr><tr class="failed_description"><td colspan="4"><br></br></td></tr><tr class="failed"><td><small><b>Passed:</b> 3</small></td><td><small><b>Failed:</b> 1</small></td><td><small><b>Undefined:</b> 3</small></td><td><small>Duration: 139.58s</small></td></tr><tr class="passed"><td>Before</td><td colspan="2"></td><td width="100">82.64s</td></tr><tr class="passed"><td colspan="4"><br></br></td></tr><tr class="failed"><td colspan="4" style="padding-left:20px"> <table width="100%"><tr class="passed"><td><b>Given </b> I am an Existing user and Navigates to Signin page</td><td width="100">4.64s</td></tr><tr class="passed"><td><b>And </b> Signin using valid ing_jul987 and test123 credentials</td><td width="100">27.23s</td></tr><tr class="passed"><td><b>And </b> choose to upgrade any Phone in My upgrade page</td><td width="100">0.00s</td></tr><tr class="failed"><td><b>Then </b> I should be displayed the promo modules</td><td width="100">20.05s</td></tr><tr class="failed"><td colspan="2"><div><br>org.openqa.selenium.NoSuchElementException: no such element: Unable to locate element: {&quot;method&quot;:&quot;xpath&quot;,&quot;selector&quot;:&quot;//*[@id='contentFull']/div[1]/div[3]/div/div/div[1]/a&quot;}
  (Session info: chrome=59.0.3071.104)
  (Driver info: chromedriver=2.29.461591 (62ebf098771772160f391d75e589dc567915b233),platform=Windows NT 6.1.7601 SP1 x86) (WARNING: The server did not provide any stacktrace information)
Command duration or timeout: 20.01 seconds
For documentation on this error, please visit: http://seleniumhq.org/exceptions/no_such_element.html
Build info: version: '3.0.1', revision: '1969d75', time: '2016-10-18 09:49:13 -0700'
System info: host: 'LASST242987', ip: '10.172.44.65', os.name: 'Windows 7', os.arch: 'x86', os.version: '6.1', java.version: '1.8.0_121'
Driver info: org.openqa.selenium.chrome.ChromeDriver
Capabilities [{applicationCacheEnabled=false, rotatable=false, mobileEmulationEnabled=false, networkConnectionEnabled=false, chrome={chromedriverVersion=2.29.461591 (62ebf098771772160f391d75e589dc567915b233), userDataDir=C:Usersvarghes1AppDataLocalTempscoped_dir8724_24081}, takesHeapSnapshot=true, pageLoadStrategy=normal, databaseEnabled=false, handlesAlerts=true, hasTouchScreen=false, version=59.0.3071.104, platform=XP, browserConnectionEnabled=false, nativeEvents=true, acceptSslCerts=true, locationContextEnabled=true, webStorageEnabled=true, browserName=chrome, takesScreenshot=true, javascriptEnabled=true, cssSelectorsEnabled=true, unexpectedAlertBehaviour=}]
Session ID: 996d7fe00ab5606de945dfdc8bc3b17b
*** Element info: {Using=xpath, value=//*[@id='contentFull']/div[1]/div[3]/div/div/div[1]/a}</br><br>
	at sun.reflect.NativeConstructorAccessorImpl.newInstance0(Native Method)</br><br>
	at sun.reflect.NativeConstructorAccessorImpl.newInstance(NativeConstructorAccessorImpl.java:62)</br><br>
	at sun.reflect.DelegatingConstructorAccessorImpl.newInstance(DelegatingConstructorAccessorImpl.java:45)</br><br>
	at java.lang.reflect.Constructor.newInstance(Constructor.java:423)</br><br>
	at org.openqa.selenium.remote.ErrorHandler.createThrowable(ErrorHandler.java:216)</br><br>
	at org.openqa.selenium.remote.ErrorHandler.throwIfResponseFailed(ErrorHandler.java:168)</br><br>
	at org.openqa.selenium.remote.RemoteWebDriver.execute(RemoteWebDriver.java:635)</br><br>
	at org.openqa.selenium.remote.RemoteWebDriver.findElement(RemoteWebDriver.java:368)</br><br>
	at org.openqa.selenium.remote.RemoteWebDriver.findElementByXPath(RemoteWebDriver.java:473)</br><br>
	at org.openqa.selenium.By&#36;ByXPath.findElement(By.java:361)</br><br>
	at org.openqa.selenium.remote.RemoteWebDriver.findElement(RemoteWebDriver.java:360)</br><br>
	at org.openqa.selenium.support.pagefactory.DefaultElementLocator.findElement(DefaultElementLocator.java:69)</br><br>
	at org.openqa.selenium.support.pagefactory.internal.LocatingElementHandler.invoke(LocatingElementHandler.java:38)</br><br>
	at com.sun.proxy.&#36;Proxy18.isDisplayed(Unknown Source)</br><br>
	at actionsPerformed.UpgradeCustomerPageActions.UpgradeUpsellPromoModule_Validation(UpgradeCustomerPageActions.java:114)</br><br>
	at steps.E2EOrderPlaced_Steps.i_should_be_displayed_the_promo_modules(E2EOrderPlaced_Steps.java:1069)</br><br>
	at &#10045;.Then I should be displayed the promo modules(UpgradeUpsellPromoModule_TabletSims.feature:8)</br><br>
</br></div></td></tr><tr class="skipped"><td><b>When </b> I Click on Pick a sim on the Tablet promo module</td><td width="100">0.00s</td></tr><tr class="skipped"><td><b>And </b> input TEST and ACCEPTA and other valid details in Delivery page and Click on the 'Send me my sim'</td><td width="100">0.00s</td></tr><tr class="skipped"><td><b>Then </b> order confirmation is displayed</td><td width="100">0.00s</td></tr></table></td></tr><tr class="passed"><td>After</td><td colspan="2"></td><td width="100">5.04s</td></tr><tr class="passed"><td colspan="4"><br></br></td></tr><tr><td colspan="5"><sup><a href="#top">Back to Table of Contents</a></sup></td></tr></table></td></tr><tr><td colspan="5"></td></tr><tr class="skipped"><td colspan="4"><b>Feature:</b> <a id="feature-upgrade--not-eligible-customers-selects-and-ipad-sim">Upgrade _not eligible customers selects and iPad sim</a></td></tr><tr class="skipped_description"><td colspan="4"><br></br></td></tr><tr class="skipped"><td><small><b>Passed:</b> 0</small></td><td><small><b>Failed:</b> 0</small></td><td><small><b>Undefined:</b> 1</small></td><td><small>Duration: 65.08s</small></td></tr><tr class="skipped"><td colspan="4" style="padding-left:20px"> <table width="100%"><tr class="skipped"><td colspan="4"><b>Scenario Outline:</b> <a id="sc-upgrade--not-eligible-customers-selects-and-ipad-sim;not-eligible-for-upgrade-customer-selects-ipad-sims;;2">Not eligible for upgrade customer selects iPad sims</a></td></tr><tr class="skipped_description"><td colspan="4"><br></br></td></tr><tr class="skipped"><td><small><b>Passed:</b> 0</small></td><td><small><b>Failed:</b> 0</small></td><td><small><b>Undefined:</b> 7</small></td><td><small>Duration: 65.08s</small></td></tr><tr class="failed"><td>Before</td><td colspan="2"></td><td width="100">63.07s</td></tr><tr class="failed"><td colspan="4"><br>org.openqa.selenium.NoSuchSessionException: no such session
  (Driver info: chromedriver=2.29.461591 (62ebf098771772160f391d75e589dc567915b233),platform=Windows NT 6.1.7601 SP1 x86) (WARNING: The server did not provide any stacktrace information)
Command duration or timeout: 6 milliseconds
Build info: version: '3.0.1', revision: '1969d75', time: '2016-10-18 09:49:13 -0700'
System info: host: 'LASST242987', ip: '10.172.44.65', os.name: 'Windows 7', os.arch: 'x86', os.version: '6.1', java.version: '1.8.0_121'
Driver info: org.openqa.selenium.chrome.ChromeDriver
Capabilities [{message=chrome not reachable
  (Driver info: chromedriver=2.29.461591 (62ebf098771772160f391d75e589dc567915b233),platform=Windows NT 6.1.7601 SP1 x86), platform=ANY}]
Session ID: fcf56c40858eb2842321b907bbc5a23f</br><br>	at sun.reflect.NativeConstructorAccessorImpl.newInstance0(Native Method)</br><br>	at sun.reflect.NativeConstructorAccessorImpl.newInstance(NativeConstructorAccessorImpl.java:62)</br><br>	at sun.reflect.DelegatingConstructorAccessorImpl.newInstance(DelegatingConstructorAccessorImpl.java:45)</br><br>	at java.lang.reflect.Constructor.newInstance(Constructor.java:423)</br><br>	at org.openqa.selenium.remote.ErrorHandler.createThrowable(ErrorHandler.java:216)</br><br>	at org.openqa.selenium.remote.ErrorHandler.throwIfResponseFailed(ErrorHandler.java:168)</br><br>	at org.openqa.selenium.remote.RemoteWebDriver.execute(RemoteWebDriver.java:635)</br><br>	at org.openqa.selenium.remote.RemoteWebDriver&#36;RemoteWebDriverOptions&#36;RemoteTimeouts.implicitlyWait(RemoteWebDriver.java:822)</br><br>	at helpers.BrowserHelper.Invoke_browser(BrowserHelper.java:54)</br><br>	at steps.Hooks.openBrowser(Hooks.java:50)</br><br>	at sun.reflect.GeneratedMethodAccessor49.invoke(Unknown Source)</br><br>	at sun.reflect.DelegatingMethodAccessorImpl.invoke(DelegatingMethodAccessorImpl.java:43)</br><br>	at java.lang.reflect.Method.invoke(Method.java:498)</br><br>	at cucumber.runtime.Utils&#36;1.call(Utils.java:40)</br><br>	at cucumber.runtime.Timeout.timeout(Timeout.java:16)</br><br>	at cucumber.runtime.Utils.invoke(Utils.java:34)</br><br>	at cucumber.runtime.java.JavaHookDefinition.execute(JavaHookDefinition.java:60)</br><br>	at cucumber.runtime.Runtime.runHookIfTagsMatch(Runtime.java:224)</br><br>	at cucumber.runtime.Runtime.runHooks(Runtime.java:212)</br><br>	at cucumber.runtime.Runtime.runBeforeHooks(Runtime.java:202)</br><br>	at cucumber.runtime.model.CucumberScenario.run(CucumberScenario.java:40)</br><br>	at cucumber.runtime.junit.ExecutionUnitRunner.run(ExecutionUnitRunner.java:102)</br><br>	at org.junit.runners.Suite.runChild(Suite.java:128)</br><br>	at org.junit.runners.Suite.runChild(Suite.java:27)</br><br>	at org.junit.runners.ParentRunner&#36;3.run(ParentRunner.java:290)</br><br>	at org.junit.runners.ParentRunner&#36;1.schedule(ParentRunner.java:71)</br><br>	at org.junit.runners.ParentRunner.runChildren(ParentRunner.java:288)</br><br>	at org.junit.runners.ParentRunner.access&#36;000(ParentRunner.java:58)</br><br>	at org.junit.runners.ParentRunner&#36;2.evaluate(ParentRunner.java:268)</br><br>	at org.junit.runners.ParentRunner.run(ParentRunner.java:363)</br><br>	at cucumber.runtime.junit.ExamplesRunner.run(ExamplesRunner.java:59)</br><br>	at org.junit.runners.Suite.runChild(Suite.java:128)</br><br>	at org.junit.runners.Suite.runChild(Suite.java:27)</br><br>	at org.junit.runners.ParentRunner&#36;3.run(ParentRunner.java:290)</br><br>	at org.junit.runners.ParentRunner&#36;1.schedule(ParentRunner.java:71)</br><br>	at org.junit.runners.ParentRunner.runChildren(ParentRunner.java:288)</br><br>	at org.junit.runners.ParentRunner.access&#36;000(ParentRunner.java:58)</br><br>	at org.junit.runners.ParentRunner&#36;2.evaluate(ParentRunner.java:268)</br><br>	at org.junit.runners.ParentRunner.run(ParentRunner.java:363)</br><br>	at cucumber.runtime.junit.ScenarioOutlineRunner.run(ScenarioOutlineRunner.java:53)</br><br>	at cucumber.runtime.junit.FeatureRunner.runChild(FeatureRunner.java:63)</br><br>	at cucumber.runtime.junit.FeatureRunner.runChild(FeatureRunner.java:18)</br><br>	at org.junit.runners.ParentRunner&#36;3.run(ParentRunner.java:290)</br><br>	at org.junit.runners.ParentRunner&#36;1.schedule(ParentRunner.java:71)</br><br>	at org.junit.runners.ParentRunner.runChildren(ParentRunner.java:288)</br><br>	at org.junit.runners.ParentRunner.access&#36;000(ParentRunner.java:58)</br><br>	at org.junit.runners.ParentRunner&#36;2.evaluate(ParentRunner.java:268)</br><br>	at org.junit.runners.ParentRunner.run(ParentRunner.java:363)</br><br>	at cucumber.runtime.junit.FeatureRunner.run(FeatureRunner.java:70)</br><br>	at cucumber.api.junit.Cucumber.runChild(Cucumber.java:95)</br><br>	at cucumber.api.junit.Cucumber.runChild(Cucumber.java:38)</br><br>	at org.junit.runners.ParentRunner&#36;3.run(ParentRunner.java:290)</br><br>	at org.junit.runners.ParentRunner&#36;1.schedule(ParentRunner.java:71)</br><br>	at org.junit.runners.ParentRunner.runChildren(ParentRunner.java:288)</br><br>	at org.junit.runners.ParentRunner.access&#36;000(ParentRunner.java:58)</br><br>	at org.junit.runners.ParentRunner&#36;2.evaluate(ParentRunner.java:268)</br><br>	at org.junit.internal.runners.statements.RunBefores.evaluate(RunBefores.java:26)</br><br>	at org.junit.runners.ParentRunner.run(ParentRunner.java:363)</br><br>	at cucumber.api.junit.Cucumber.run(Cucumber.java:100)</br><br>	at testRunner.CucumberRunner.run(CucumberRunner.java:64)</br><br>	at org.eclipse.jdt.internal.junit4.runner.JUnit4TestReference.run(JUnit4TestReference.java:86)</br><br>	at org.eclipse.jdt.internal.junit.runner.TestExecution.run(TestExecution.java:38)</br><br>	at org.eclipse.jdt.internal.junit.runner.RemoteTestRunner.runTests(RemoteTestRunner.java:459)</br><br>	at org.eclipse.jdt.internal.junit.runner.RemoteTestRunner.runTests(RemoteTestRunner.java:675)</br><br>	at org.eclipse.jdt.internal.junit.runner.RemoteTestRunner.run(RemoteTestRunner.java:382)</br><br>	at org.eclipse.jdt.internal.junit.runner.RemoteTestRunner.main(RemoteTestRunner.java:192)</br><br></br></td></tr><tr class="skipped"><td colspan="4" style="padding-left:20px"> <table width="100%"><tr class="skipped"><td><b>Given </b> I am an Existing user and Navigates to Signin page</td><td width="100">0.00s</td></tr><tr class="skipped"><td><b>And </b> Signin using valid ing_jul987 and test123 credentials</td><td width="100">0.00s</td></tr><tr class="skipped"><td><b>And </b> choose to upgrade any Phone in My upgrade page</td><td width="100">0.00s</td></tr><tr class="skipped"><td><b>Then </b> I should be displayed the promo modules</td><td width="100">0.00s</td></tr><tr class="skipped"><td><b>When </b> I Click on Pick a sim on the iPad promo module</td><td width="100">0.00s</td></tr><tr class="skipped"><td><b>And </b> input TEST and ACCEPTA and other valid details in Delivery page and Click on the 'Send me my sim'</td><td width="100">0.00s</td></tr><tr class="skipped"><td><b>Then </b> order confirmation is displayed</td><td width="100">0.00s</td></tr></table></td></tr><tr class="failed"><td>After</td><td colspan="2"></td><td width="100">2.01s</td></tr><tr class="failed"><td colspan="4"><br>org.openqa.selenium.NoSuchSessionException: no such session
  (Driver info: chromedriver=2.29.461591 (62ebf098771772160f391d75e589dc567915b233),platform=Windows NT 6.1.7601 SP1 x86) (WARNING: The server did not provide any stacktrace information)
Command duration or timeout: 7 milliseconds
Build info: version: '3.0.1', revision: '1969d75', time: '2016-10-18 09:49:13 -0700'
System info: host: 'LASST242987', ip: '10.172.44.65', os.name: 'Windows 7', os.arch: 'x86', os.version: '6.1', java.version: '1.8.0_121'
Driver info: org.openqa.selenium.chrome.ChromeDriver
Capabilities [{message=chrome not reachable
  (Driver info: chromedriver=2.29.461591 (62ebf098771772160f391d75e589dc567915b233),platform=Windows NT 6.1.7601 SP1 x86), platform=ANY}]
Session ID: fcf56c40858eb2842321b907bbc5a23f</br><br>	at sun.reflect.NativeConstructorAccessorImpl.newInstance0(Native Method)</br><br>	at sun.reflect.NativeConstructorAccessorImpl.newInstance(NativeConstructorAccessorImpl.java:62)</br><br>	at sun.reflect.DelegatingConstructorAccessorImpl.newInstance(DelegatingConstructorAccessorImpl.java:45)</br><br>	at java.lang.reflect.Constructor.newInstance(Constructor.java:423)</br><br>	at org.openqa.selenium.remote.ErrorHandler.createThrowable(ErrorHandler.java:216)</br><br>	at org.openqa.selenium.remote.ErrorHandler.throwIfResponseFailed(ErrorHandler.java:168)</br><br>	at org.openqa.selenium.remote.RemoteWebDriver.execute(RemoteWebDriver.java:635)</br><br>	at org.openqa.selenium.remote.RemoteWebDriver.execute(RemoteWebDriver.java:658)</br><br>	at org.openqa.selenium.remote.RemoteWebDriver.close(RemoteWebDriver.java:487)</br><br>	at steps.Hooks.embedScreenshot(Hooks.java:94)</br><br>	at sun.reflect.GeneratedMethodAccessor51.invoke(Unknown Source)</br><br>	at sun.reflect.DelegatingMethodAccessorImpl.invoke(DelegatingMethodAccessorImpl.java:43)</br><br>	at java.lang.reflect.Method.invoke(Method.java:498)</br><br>	at cucumber.runtime.Utils&#36;1.call(Utils.java:40)</br><br>	at cucumber.runtime.Timeout.timeout(Timeout.java:16)</br><br>	at cucumber.runtime.Utils.invoke(Utils.java:34)</br><br>	at cucumber.runtime.java.JavaHookDefinition.execute(JavaHookDefinition.java:60)</br><br>	at cucumber.runtime.Runtime.runHookIfTagsMatch(Runtime.java:224)</br><br>	at cucumber.runtime.Runtime.runHooks(Runtime.java:212)</br><br>	at cucumber.runtime.Runtime.runAfterHooks(Runtime.java:206)</br><br>	at cucumber.runtime.model.CucumberScenario.run(CucumberScenario.java:46)</br><br>	at cucumber.runtime.junit.ExecutionUnitRunner.run(ExecutionUnitRunner.java:102)</br><br>	at org.junit.runners.Suite.runChild(Suite.java:128)</br><br>	at org.junit.runners.Suite.runChild(Suite.java:27)</br><br>	at org.junit.runners.ParentRunner&#36;3.run(ParentRunner.java:290)</br><br>	at org.junit.runners.ParentRunner&#36;1.schedule(ParentRunner.java:71)</br><br>	at org.junit.runners.ParentRunner.runChildren(ParentRunner.java:288)</br><br>	at org.junit.runners.ParentRunner.access&#36;000(ParentRunner.java:58)</br><br>	at org.junit.runners.ParentRunner&#36;2.evaluate(ParentRunner.java:268)</br><br>	at org.junit.runners.ParentRunner.run(ParentRunner.java:363)</br><br>	at cucumber.runtime.junit.ExamplesRunner.run(ExamplesRunner.java:59)</br><br>	at org.junit.runners.Suite.runChild(Suite.java:128)</br><br>	at org.junit.runners.Suite.runChild(Suite.java:27)</br><br>	at org.junit.runners.ParentRunner&#36;3.run(ParentRunner.java:290)</br><br>	at org.junit.runners.ParentRunner&#36;1.schedule(ParentRunner.java:71)</br><br>	at org.junit.runners.ParentRunner.runChildren(ParentRunner.java:288)</br><br>	at org.junit.runners.ParentRunner.access&#36;000(ParentRunner.java:58)</br><br>	at org.junit.runners.ParentRunner&#36;2.evaluate(ParentRunner.java:268)</br><br>	at org.junit.runners.ParentRunner.run(ParentRunner.java:363)</br><br>	at cucumber.runtime.junit.ScenarioOutlineRunner.run(ScenarioOutlineRunner.java:53)</br><br>	at cucumber.runtime.junit.FeatureRunner.runChild(FeatureRunner.java:63)</br><br>	at cucumber.runtime.junit.FeatureRunner.runChild(FeatureRunner.java:18)</br><br>	at org.junit.runners.ParentRunner&#36;3.run(ParentRunner.java:290)</br><br>	at org.junit.runners.ParentRunner&#36;1.schedule(ParentRunner.java:71)</br><br>	at org.junit.runners.ParentRunner.runChildren(ParentRunner.java:288)</br><br>	at org.junit.runners.ParentRunner.access&#36;000(ParentRunner.java:58)</br><br>	at org.junit.runners.ParentRunner&#36;2.evaluate(ParentRunner.java:268)</br><br>	at org.junit.runners.ParentRunner.run(ParentRunner.java:363)</br><br>	at cucumber.runtime.junit.FeatureRunner.run(FeatureRunner.java:70)</br><br>	at cucumber.api.junit.Cucumber.runChild(Cucumber.java:95)</br><br>	at cucumber.api.junit.Cucumber.runChild(Cucumber.java:38)</br><br>	at org.junit.runners.ParentRunner&#36;3.run(ParentRunner.java:290)</br><br>	at org.junit.runners.ParentRunner&#36;1.schedule(ParentRunner.java:71)</br><br>	at org.junit.runners.ParentRunner.runChildren(ParentRunner.java:288)</br><br>	at org.junit.runners.ParentRunner.access&#36;000(ParentRunner.java:58)</br><br>	at org.junit.runners.ParentRunner&#36;2.evaluate(ParentRunner.java:268)</br><br>	at org.junit.internal.runners.statements.RunBefores.evaluate(RunBefores.java:26)</br><br>	at org.junit.runners.ParentRunner.run(ParentRunner.java:363)</br><br>	at cucumber.api.junit.Cucumber.run(Cucumber.java:100)</br><br>	at testRunner.CucumberRunner.run(CucumberRunner.java:64)</br><br>	at org.eclipse.jdt.internal.junit4.runner.JUnit4TestReference.run(JUnit4TestReference.java:86)</br><br>	at org.eclipse.jdt.internal.junit.runner.TestExecution.run(TestExecution.java:38)</br><br>	at org.eclipse.jdt.internal.junit.runner.RemoteTestRunner.runTests(RemoteTestRunner.java:459)</br><br>	at org.eclipse.jdt.internal.junit.runner.RemoteTestRunner.runTests(RemoteTestRunner.java:675)</br><br>	at org.eclipse.jdt.internal.junit.runner.RemoteTestRunner.run(RemoteTestRunner.java:382)</br><br>	at org.eclipse.jdt.internal.junit.runner.RemoteTestRunner.main(RemoteTestRunner.java:192)</br><br></br></td></tr><tr><td colspan="5"><sup><a href="#top">Back to Table of Contents</a></sup></td></tr></table></td></tr><tr><td colspan="5"></td></tr><tr class="skipped"><td colspan="4"><b>Feature:</b> <a id="feature-upgrade--not-eligible-customers">Upgrade _not eligible customers</a></td></tr><tr class="skipped_description"><td colspan="4"><br></br></td></tr><tr class="skipped"><td><small><b>Passed:</b> 0</small></td><td><small><b>Failed:</b> 0</small></td><td><small><b>Undefined:</b> 1</small></td><td><small>Duration: 64.45s</small></td></tr><tr class="skipped"><td colspan="4" style="padding-left:20px"> <table width="100%"><tr class="skipped"><td colspan="4"><b>Scenario Outline:</b> <a id="sc-upgrade--not-eligible-customers;promo-tiles-for-customers-not-eligible-for-upgrade;;2">Promo tiles for customers not eligible for upgrade</a></td></tr><tr class="skipped_description"><td colspan="4"><br></br></td></tr><tr class="skipped"><td><small><b>Passed:</b> 0</small></td><td><small><b>Failed:</b> 0</small></td><td><small><b>Undefined:</b> 4</small></td><td><small>Duration: 64.45s</small></td></tr><tr class="failed"><td>Before</td><td colspan="2"></td><td width="100">62.44s</td></tr><tr class="failed"><td colspan="4"><br>org.openqa.selenium.NoSuchSessionException: no such session
  (Driver info: chromedriver=2.29.461591 (62ebf098771772160f391d75e589dc567915b233),platform=Windows NT 6.1.7601 SP1 x86) (WARNING: The server did not provide any stacktrace information)
Command duration or timeout: 5 milliseconds
Build info: version: '3.0.1', revision: '1969d75', time: '2016-10-18 09:49:13 -0700'
System info: host: 'LASST242987', ip: '10.172.44.65', os.name: 'Windows 7', os.arch: 'x86', os.version: '6.1', java.version: '1.8.0_121'
Driver info: org.openqa.selenium.chrome.ChromeDriver
Capabilities [{message=chrome not reachable
  (Driver info: chromedriver=2.29.461591 (62ebf098771772160f391d75e589dc567915b233),platform=Windows NT 6.1.7601 SP1 x86), platform=ANY}]
Session ID: e7ddd1024ac00cc50250aaf2f7d9c216</br><br>	at sun.reflect.NativeConstructorAccessorImpl.newInstance0(Native Method)</br><br>	at sun.reflect.NativeConstructorAccessorImpl.newInstance(NativeConstructorAccessorImpl.java:62)</br><br>	at sun.reflect.DelegatingConstructorAccessorImpl.newInstance(DelegatingConstructorAccessorImpl.java:45)</br><br>	at java.lang.reflect.Constructor.newInstance(Constructor.java:423)</br><br>	at org.openqa.selenium.remote.ErrorHandler.createThrowable(ErrorHandler.java:216)</br><br>	at org.openqa.selenium.remote.ErrorHandler.throwIfResponseFailed(ErrorHandler.java:168)</br><br>	at org.openqa.selenium.remote.RemoteWebDriver.execute(RemoteWebDriver.java:635)</br><br>	at org.openqa.selenium.remote.RemoteWebDriver&#36;RemoteWebDriverOptions&#36;RemoteTimeouts.implicitlyWait(RemoteWebDriver.java:822)</br><br>	at helpers.BrowserHelper.Invoke_browser(BrowserHelper.java:54)</br><br>	at steps.Hooks.openBrowser(Hooks.java:50)</br><br>	at sun.reflect.GeneratedMethodAccessor49.invoke(Unknown Source)</br><br>	at sun.reflect.DelegatingMethodAccessorImpl.invoke(DelegatingMethodAccessorImpl.java:43)</br><br>	at java.lang.reflect.Method.invoke(Method.java:498)</br><br>	at cucumber.runtime.Utils&#36;1.call(Utils.java:40)</br><br>	at cucumber.runtime.Timeout.timeout(Timeout.java:16)</br><br>	at cucumber.runtime.Utils.invoke(Utils.java:34)</br><br>	at cucumber.runtime.java.JavaHookDefinition.execute(JavaHookDefinition.java:60)</br><br>	at cucumber.runtime.Runtime.runHookIfTagsMatch(Runtime.java:224)</br><br>	at cucumber.runtime.Runtime.runHooks(Runtime.java:212)</br><br>	at cucumber.runtime.Runtime.runBeforeHooks(Runtime.java:202)</br><br>	at cucumber.runtime.model.CucumberScenario.run(CucumberScenario.java:40)</br><br>	at cucumber.runtime.junit.ExecutionUnitRunner.run(ExecutionUnitRunner.java:102)</br><br>	at org.junit.runners.Suite.runChild(Suite.java:128)</br><br>	at org.junit.runners.Suite.runChild(Suite.java:27)</br><br>	at org.junit.runners.ParentRunner&#36;3.run(ParentRunner.java:290)</br><br>	at org.junit.runners.ParentRunner&#36;1.schedule(ParentRunner.java:71)</br><br>	at org.junit.runners.ParentRunner.runChildren(ParentRunner.java:288)</br><br>	at org.junit.runners.ParentRunner.access&#36;000(ParentRunner.java:58)</br><br>	at org.junit.runners.ParentRunner&#36;2.evaluate(ParentRunner.java:268)</br><br>	at org.junit.runners.ParentRunner.run(ParentRunner.java:363)</br><br>	at cucumber.runtime.junit.ExamplesRunner.run(ExamplesRunner.java:59)</br><br>	at org.junit.runners.Suite.runChild(Suite.java:128)</br><br>	at org.junit.runners.Suite.runChild(Suite.java:27)</br><br>	at org.junit.runners.ParentRunner&#36;3.run(ParentRunner.java:290)</br><br>	at org.junit.runners.ParentRunner&#36;1.schedule(ParentRunner.java:71)</br><br>	at org.junit.runners.ParentRunner.runChildren(ParentRunner.java:288)</br><br>	at org.junit.runners.ParentRunner.access&#36;000(ParentRunner.java:58)</br><br>	at org.junit.runners.ParentRunner&#36;2.evaluate(ParentRunner.java:268)</br><br>	at org.junit.runners.ParentRunner.run(ParentRunner.java:363)</br><br>	at cucumber.runtime.junit.ScenarioOutlineRunner.run(ScenarioOutlineRunner.java:53)</br><br>	at cucumber.runtime.junit.FeatureRunner.runChild(FeatureRunner.java:63)</br><br>	at cucumber.runtime.junit.FeatureRunner.runChild(FeatureRunner.java:18)</br><br>	at org.junit.runners.ParentRunner&#36;3.run(ParentRunner.java:290)</br><br>	at org.junit.runners.ParentRunner&#36;1.schedule(ParentRunner.java:71)</br><br>	at org.junit.runners.ParentRunner.runChildren(ParentRunner.java:288)</br><br>	at org.junit.runners.ParentRunner.access&#36;000(ParentRunner.java:58)</br><br>	at org.junit.runners.ParentRunner&#36;2.evaluate(ParentRunner.java:268)</br><br>	at org.junit.runners.ParentRunner.run(ParentRunner.java:363)</br><br>	at cucumber.runtime.junit.FeatureRunner.run(FeatureRunner.java:70)</br><br>	at cucumber.api.junit.Cucumber.runChild(Cucumber.java:95)</br><br>	at cucumber.api.junit.Cucumber.runChild(Cucumber.java:38)</br><br>	at org.junit.runners.ParentRunner&#36;3.run(ParentRunner.java:290)</br><br>	at org.junit.runners.ParentRunner&#36;1.schedule(ParentRunner.java:71)</br><br>	at org.junit.runners.ParentRunner.runChildren(ParentRunner.java:288)</br><br>	at org.junit.runners.ParentRunner.access&#36;000(ParentRunner.java:58)</br><br>	at org.junit.runners.ParentRunner&#36;2.evaluate(ParentRunner.java:268)</br><br>	at org.junit.internal.runners.statements.RunBefores.evaluate(RunBefores.java:26)</br><br>	at org.junit.runners.ParentRunner.run(ParentRunner.java:363)</br><br>	at cucumber.api.junit.Cucumber.run(Cucumber.java:100)</br><br>	at testRunner.CucumberRunner.run(CucumberRunner.java:64)</br><br>	at org.eclipse.jdt.internal.junit4.runner.JUnit4TestReference.run(JUnit4TestReference.java:86)</br><br>	at org.eclipse.jdt.internal.junit.runner.TestExecution.run(TestExecution.java:38)</br><br>	at org.eclipse.jdt.internal.junit.runner.RemoteTestRunner.runTests(RemoteTestRunner.java:459)</br><br>	at org.eclipse.jdt.internal.junit.runner.RemoteTestRunner.runTests(RemoteTestRunner.java:675)</br><br>	at org.eclipse.jdt.internal.junit.runner.RemoteTestRunner.run(RemoteTestRunner.java:382)</br><br>	at org.eclipse.jdt.internal.junit.runner.RemoteTestRunner.main(RemoteTestRunner.java:192)</br><br></br></td></tr><tr class="skipped"><td colspan="4" style="padding-left:20px"> <table width="100%"><tr class="skipped"><td><b>Given </b> I am an Existing user and Navigates to Signin page</td><td width="100">0.00s</td></tr><tr class="skipped"><td><b>And </b> Signin using valid ing_jul987 and test123 credentials</td><td width="100">0.00s</td></tr><tr class="skipped"><td><b>Then </b> I should be displayed the promo modules</td><td width="100">0.00s</td></tr><tr class="skipped"><td><b>And </b> I should be displayed with Go to My O2 CTA and on clicking on it should land me to My O2 page</td><td width="100">0.00s</td></tr></table></td></tr><tr class="failed"><td>After</td><td colspan="2"></td><td width="100">2.01s</td></tr><tr class="failed"><td colspan="4"><br>org.openqa.selenium.NoSuchSessionException: no such session
  (Driver info: chromedriver=2.29.461591 (62ebf098771772160f391d75e589dc567915b233),platform=Windows NT 6.1.7601 SP1 x86) (WARNING: The server did not provide any stacktrace information)
Command duration or timeout: 8 milliseconds
Build info: version: '3.0.1', revision: '1969d75', time: '2016-10-18 09:49:13 -0700'
System info: host: 'LASST242987', ip: '10.172.44.65', os.name: 'Windows 7', os.arch: 'x86', os.version: '6.1', java.version: '1.8.0_121'
Driver info: org.openqa.selenium.chrome.ChromeDriver
Capabilities [{message=chrome not reachable
  (Driver info: chromedriver=2.29.461591 (62ebf098771772160f391d75e589dc567915b233),platform=Windows NT 6.1.7601 SP1 x86), platform=ANY}]
Session ID: e7ddd1024ac00cc50250aaf2f7d9c216</br><br>	at sun.reflect.NativeConstructorAccessorImpl.newInstance0(Native Method)</br><br>	at sun.reflect.NativeConstructorAccessorImpl.newInstance(NativeConstructorAccessorImpl.java:62)</br><br>	at sun.reflect.DelegatingConstructorAccessorImpl.newInstance(DelegatingConstructorAccessorImpl.java:45)</br><br>	at java.lang.reflect.Constructor.newInstance(Constructor.java:423)</br><br>	at org.openqa.selenium.remote.ErrorHandler.createThrowable(ErrorHandler.java:216)</br><br>	at org.openqa.selenium.remote.ErrorHandler.throwIfResponseFailed(ErrorHandler.java:168)</br><br>	at org.openqa.selenium.remote.RemoteWebDriver.execute(RemoteWebDriver.java:635)</br><br>	at org.openqa.selenium.remote.RemoteWebDriver.execute(RemoteWebDriver.java:658)</br><br>	at org.openqa.selenium.remote.RemoteWebDriver.close(RemoteWebDriver.java:487)</br><br>	at steps.Hooks.embedScreenshot(Hooks.java:94)</br><br>	at sun.reflect.GeneratedMethodAccessor51.invoke(Unknown Source)</br><br>	at sun.reflect.DelegatingMethodAccessorImpl.invoke(DelegatingMethodAccessorImpl.java:43)</br><br>	at java.lang.reflect.Method.invoke(Method.java:498)</br><br>	at cucumber.runtime.Utils&#36;1.call(Utils.java:40)</br><br>	at cucumber.runtime.Timeout.timeout(Timeout.java:16)</br><br>	at cucumber.runtime.Utils.invoke(Utils.java:34)</br><br>	at cucumber.runtime.java.JavaHookDefinition.execute(JavaHookDefinition.java:60)</br><br>	at cucumber.runtime.Runtime.runHookIfTagsMatch(Runtime.java:224)</br><br>	at cucumber.runtime.Runtime.runHooks(Runtime.java:212)</br><br>	at cucumber.runtime.Runtime.runAfterHooks(Runtime.java:206)</br><br>	at cucumber.runtime.model.CucumberScenario.run(CucumberScenario.java:46)</br><br>	at cucumber.runtime.junit.ExecutionUnitRunner.run(ExecutionUnitRunner.java:102)</br><br>	at org.junit.runners.Suite.runChild(Suite.java:128)</br><br>	at org.junit.runners.Suite.runChild(Suite.java:27)</br><br>	at org.junit.runners.ParentRunner&#36;3.run(ParentRunner.java:290)</br><br>	at org.junit.runners.ParentRunner&#36;1.schedule(ParentRunner.java:71)</br><br>	at org.junit.runners.ParentRunner.runChildren(ParentRunner.java:288)</br><br>	at org.junit.runners.ParentRunner.access&#36;000(ParentRunner.java:58)</br><br>	at org.junit.runners.ParentRunner&#36;2.evaluate(ParentRunner.java:268)</br><br>	at org.junit.runners.ParentRunner.run(ParentRunner.java:363)</br><br>	at cucumber.runtime.junit.ExamplesRunner.run(ExamplesRunner.java:59)</br><br>	at org.junit.runners.Suite.runChild(Suite.java:128)</br><br>	at org.junit.runners.Suite.runChild(Suite.java:27)</br><br>	at org.junit.runners.ParentRunner&#36;3.run(ParentRunner.java:290)</br><br>	at org.junit.runners.ParentRunner&#36;1.schedule(ParentRunner.java:71)</br><br>	at org.junit.runners.ParentRunner.runChildren(ParentRunner.java:288)</br><br>	at org.junit.runners.ParentRunner.access&#36;000(ParentRunner.java:58)</br><br>	at org.junit.runners.ParentRunner&#36;2.evaluate(ParentRunner.java:268)</br><br>	at org.junit.runners.ParentRunner.run(ParentRunner.java:363)</br><br>	at cucumber.runtime.junit.ScenarioOutlineRunner.run(ScenarioOutlineRunner.java:53)</br><br>	at cucumber.runtime.junit.FeatureRunner.runChild(FeatureRunner.java:63)</br><br>	at cucumber.runtime.junit.FeatureRunner.runChild(FeatureRunner.java:18)</br><br>	at org.junit.runners.ParentRunner&#36;3.run(ParentRunner.java:290)</br><br>	at org.junit.runners.ParentRunner&#36;1.schedule(ParentRunner.java:71)</br><br>	at org.junit.runners.ParentRunner.runChildren(ParentRunner.java:288)</br><br>	at org.junit.runners.ParentRunner.access&#36;000(ParentRunner.java:58)</br><br>	at org.junit.runners.ParentRunner&#36;2.evaluate(ParentRunner.java:268)</br><br>	at org.junit.runners.ParentRunner.run(ParentRunner.java:363)</br><br>	at cucumber.runtime.junit.FeatureRunner.run(FeatureRunner.java:70)</br><br>	at cucumber.api.junit.Cucumber.runChild(Cucumber.java:95)</br><br>	at cucumber.api.junit.Cucumber.runChild(Cucumber.java:38)</br><br>	at org.junit.runners.ParentRunner&#36;3.run(ParentRunner.java:290)</br><br>	at org.junit.runners.ParentRunner&#36;1.schedule(ParentRunner.java:71)</br><br>	at org.junit.runners.ParentRunner.runChildren(ParentRunner.java:288)</br><br>	at org.junit.runners.ParentRunner.access&#36;000(ParentRunner.java:58)</br><br>	at org.junit.runners.ParentRunner&#36;2.evaluate(ParentRunner.java:268)</br><br>	at org.junit.internal.runners.statements.RunBefores.evaluate(RunBefores.java:26)</br><br>	at org.junit.runners.ParentRunner.run(ParentRunner.java:363)</br><br>	at cucumber.api.junit.Cucumber.run(Cucumber.java:100)</br><br>	at testRunner.CucumberRunner.run(CucumberRunner.java:64)</br><br>	at org.eclipse.jdt.internal.junit4.runner.JUnit4TestReference.run(JUnit4TestReference.java:86)</br><br>	at org.eclipse.jdt.internal.junit.runner.TestExecution.run(TestExecution.java:38)</br><br>	at org.eclipse.jdt.internal.junit.runner.RemoteTestRunner.runTests(RemoteTestRunner.java:459)</br><br>	at org.eclipse.jdt.internal.junit.runner.RemoteTestRunner.runTests(RemoteTestRunner.java:675)</br><br>	at org.eclipse.jdt.internal.junit.runner.RemoteTestRunner.run(RemoteTestRunner.java:382)</br><br>	at org.eclipse.jdt.internal.junit.runner.RemoteTestRunner.main(RemoteTestRunner.java:192)</br><br></br></td></tr><tr><td colspan="5"><sup><a href="#top">Back to Table of Contents</a></sup></td></tr></table></td></tr><tr><td colspan="5"></td></tr></table>	
	</body>
</html>