<html>
<head><style type="text/css">h1 {background-color:#9999CC}
h2 {background-color:#BBBBCC}
h3 {background-color:#DDDDFF}
th {border:1px solid black;background-color:#CCCCDD;}
td{border:1px solid black;}
table {border:1px solid black;border-collapse: collapse;}
.chart {border:0px none black;border-collapse: collapse;background-color: none;}
.passed {background-color:lightgreen;font-weight:bold;color:darkgreen}
.failed {background-color:tomato;font-weight:bold;color:darkred}
.undefined {background-color:gold;font-weight:bold;color:goldenrod}
.skipped {background-color:silver;font-weight:bold;color:darkgray}
.passed_description {background-color:#D0FFD0;font-weight:bold;font-style:italic;color:black}
.failed_description {background-color:#FFA898;font-weight:bold;font-style:italic;color:black}
OL { counter-reset: item }
OL>LI { display: block }
OL>LI:before { content: counters(item, ".") " "; counter-increment: item }
</style>
<title>Detailed Results Report</title>
  </head>
  <body>
  <h1>Overview</h1>
<table><tr><th></th><th>Passed</th><th>Failed</th><th>Undefined</th><th>%Passed</th></tr><tr><th>Features</th><td class="passed">0</td><td class="failed">10</td><td class="undefined">12</td><td>0.00</td></tr><tr><th>Scenarios</th><td class="passed">0</td><td class="failed">11</td><td class="undefined">13</td><td>0.00</td></tr><tr><th>Steps</th><td class="passed">22</td><td class="failed">11</td><td class="undefined">224</td><td>8.56</td></tr></table><div><b>Overall Duration: 0h 00m 00s</b></div>
<a id="top"></a><h1>Table of Contents</h1><ol><li> <span class="failed"><a href="#feature-accessories-only-e2e-journey">Accessories only E2E journey</a></span><ol><li> <span class="failed"><a href="#sc-accessories-only-e2e-journey;accessories-only-e2e-journey;;2">Accessories only E2E journey</a></span></li></ol></li><li> <span class="failed"><a href="#feature-payg-mbb-only-e2e-journey">PAYG MBB only E2E journey</a></span><ol><li> <span class="failed"><a href="#sc-payg-mbb-only-e2e-journey;payg-mbb-only-e2e-journey;;2">PAYG MBB only E2E journey</a></span></li></ol></li><li> <span class="failed"><a href="#feature-cfu-saved-basket-feature-validation---this-feature-is-not-automated-due-to-presence-of-captcha">CFU Saved Basket Feature Validation - This feature is not automated due to presence of Captcha</a></span><ol><li> <span class="failed"><a href="#sc-cfu-saved-basket-feature-validation---this-feature-is-not-automated-due-to-presence-of-captcha;cfu-to-verify-is-user-can-upgrade-phone-to-refresh-tariff;;2">CFU to Verify is user can upgrade phone to refresh Tariff</a></span></li></ol></li><li> <span class="failed"><a href="#feature-fitness-trackers-only-e2e-journey">Fitness Trackers only E2E journey</a></span><ol><li> <span class="failed"><a href="#sc-fitness-trackers-only-e2e-journey;fitness-trackers-only-e2e-journey;;2">Fitness Trackers only E2E journey</a></span></li></ol></li><li> <span class="failed"><a href="#feature-ipad-simo-only-payg-e2e-validation">Ipad SimO Only PAYG E2E validation</a></span><ol><li> <span class="failed"><a href="#sc-ipad-simo-only-payg-e2e-validation;ipad-simo-only-payg-e2e-validation;;2">Ipad SimO Only PAYG E2E validation</a></span></li></ol></li><li> <span class="failed"><a href="#feature-tablets-simo-only-e2e-validation">Tablets SimO Only E2E validation</a></span><ol><li> <span class="failed"><a href="#sc-tablets-simo-only-e2e-validation;tablet-simo-only-payg-e2e-validation;;2">Tablet SimO Only PAYG E2E validation</a></span></li></ol></li><li> <span class="failed"><a href="#feature-cfa-payg-phones-home-delivery-e2e-journey">CFA PayG Phones Home delivery E2E journey</a></span><ol><li> <span class="failed"><a href="#sc-cfa-payg-phones-home-delivery-e2e-journey;cfa-payg-phones-home-delivery-e2e-journey;;2">CFA PayG Phones Home delivery E2E journey</a></span></li></ol></li><li> <span class="failed"><a href="#feature-cfa-paym-phones-home-delivery-e2e-journey-with-accessory">CFA PayM Phones Home delivery E2E journey with Accessory</a></span><ol><li> <span class="failed"><a href="#sc-cfa-paym-phones-home-delivery-e2e-journey-with-accessory;cfa-paym-phones-home-delivery-e2e-journey-with-accessory;;2">CFA PayM Phones Home delivery E2E journey with Accessory</a></span></li></ol></li><li> <span class="failed"><a href="#feature-cfa-paym-phones-home-delivery-e2e-journey">CFA PayM Phones Home delivery E2E journey</a></span><ol><li> <span class="failed"><a href="#sc-cfa-paym-phones-home-delivery-e2e-journey;cfa-paym-phones-home-delivery-e2e-journey;;2">CFA PayM Phones Home delivery E2E journey</a></span></li></ol></li><li> <span class="failed"><a href="#feature-sim-only-paym-12months-e2e-validation">Sim Only PayM 12Months E2E validation</a></span><ol><li> <span class="failed"><a href="#sc-sim-only-paym-12months-e2e-validation;sim-only-paym-12months-e2e-validation;;2">Sim Only PayM 12Months E2E validation</a></span></li><li> <span class="failed"><a href="#sc-sim-only-paym-12months-e2e-validation;sim-only-paym-12months-e2e-validation;;3">Sim Only PayM 12Months E2E validation</a></span></li></ol></li><li> <span class="skipped"><a href="#feature-sim-only-paym-recommended-tariff-selection-e2e-validation">Sim Only PayM Recommended Tariff selection E2E validation</a></span><ol><li> <span class="skipped"><a href="#sc-sim-only-paym-recommended-tariff-selection-e2e-validation;sim-only-paym-recommended-tariff-selection-e2e-validation;;2">Sim Only PayM Recommended Tariff selection E2E validation</a></span></li><li> <span class="skipped"><a href="#sc-sim-only-paym-recommended-tariff-selection-e2e-validation;sim-only-paym-recommended-tariff-selection-e2e-validation;;3">Sim Only PayM Recommended Tariff selection E2E validation</a></span></li></ol></li><li> <span class="skipped"><a href="#feature-smart-watches-only-e2e-journey">Smart Watches only E2E journey</a></span><ol><li> <span class="skipped"><a href="#sc-smart-watches-only-e2e-journey;smart-watches-only-e2e-journey;;2">Smart Watches only E2E journey</a></span></li></ol></li><li> <span class="skipped"><a href="#feature-cfa-paym-phones-click-and-collect-scenario-with-e2e-journey">CFA PayM Phones Click and collect scenario with E2E journey</a></span><ol><li> <span class="skipped"><a href="#sc-cfa-paym-phones-click-and-collect-scenario-with-e2e-journey;cfa-paym-phones-click-and-collect-scenario-with-e2e-journey;;2">CFA PayM Phones Click and collect scenario with E2E journey</a></span></li></ol></li><li> <span class="skipped"><a href="#feature-fnt-cfa-paym-phones-click-and-collect-scenario-for-more-than-max-transaction">FNT CFA PayM Phones Click and collect scenario for More than Max Transaction</a></span><ol><li> <span class="skipped"><a href="#sc-fnt-cfa-paym-phones-click-and-collect-scenario-for-more-than-max-transaction;fnt-cfa-paym-phones-click-and-collect-scenario-for-more-than-max-transaction;;2">FNT CFA PayM Phones Click and collect scenario for More than Max Transaction</a></span></li></ol></li><li> <span class="undefined"><a href="#feature-cfa-paym-phones-additional-information-and-order-confired">CFA PayM phones Additional information and Order confired</a></span><ol><li> <span class="undefined"><a href="#sc-cfa-paym-phones-additional-information-and-order-confired;cfa-paym-phones-additional-information-and-order-confirmed;;2">CFA PayM phones Additional information and Order confirmed</a></span></li></ol></li><li> <span class="skipped"><a href="#feature-cfa-paym-phones-click-and-collect-scenario-with-e2e-journey">CFA PayM Phones Click and collect scenario with E2E journey</a></span><ol><li> <span class="skipped"><a href="#sc-cfa-paym-phones-click-and-collect-scenario-with-e2e-journey;cfa-paym-phones-click-and-collect-scenario-with-e2e-journey;;2">CFA PayM Phones Click and collect scenario with E2E journey</a></span></li></ol></li><li> <span class="skipped"><a href="#feature-cfa-paym-phones-straight-order-declined">CFA PayM phones Straight Order Declined</a></span><ol><li> <span class="skipped"><a href="#sc-cfa-paym-phones-straight-order-declined;cfa-paym-phones-straight-order-declined;;2">CFA PayM phones Straight Order Declined</a></span></li></ol></li><li> <span class="skipped"><a href="#feature-cfa-paym-phones-home-delivery-e2e-journey-with-accessory">CFA PayM Phones Home delivery E2E journey with Accessory</a></span><ol><li> <span class="skipped"><a href="#sc-cfa-paym-phones-home-delivery-e2e-journey-with-accessory;cfa-paym-phones-home-delivery-e2e-journey-with-accessory;;2">CFA PayM Phones Home delivery E2E journey with Accessory</a></span></li></ol></li><li> <span class="skipped"><a href="#feature-cfa-paym-phones-home-delivery-e2e-journey">CFA PayM Phones Home delivery E2E journey</a></span><ol><li> <span class="skipped"><a href="#sc-cfa-paym-phones-home-delivery-e2e-journey;cfa-paym-phones-home-delivery-e2e-journey;;2">CFA PayM Phones Home delivery E2E journey</a></span></li></ol></li><li> <span class="skipped"><a href="#feature-volte-paym-phones-click-and-collect-scenario-with-e2e-journey">Volte PayM Phones Click and collect scenario with E2E journey</a></span><ol><li> <span class="skipped"><a href="#sc-volte-paym-phones-click-and-collect-scenario-with-e2e-journey;volte-paym-phones-click-and-collect-scenario-with-e2e-journey;;2">Volte PayM Phones Click and collect scenario with E2E journey</a></span></li></ol></li><li> <span class="skipped"><a href="#feature-cfa-paym-phones-home-delivery-e2e-journey-with-accessory">CFA PayM Phones Home delivery E2E journey with Accessory</a></span><ol><li> <span class="skipped"><a href="#sc-cfa-paym-phones-home-delivery-e2e-journey-with-accessory;cfa-paym-phones-home-delivery-e2e-journey-with-accessory;;2">CFA PayM Phones Home delivery E2E journey with Accessory</a></span></li></ol></li><li> <span class="skipped"><a href="#feature-cfa-paym-phones-home-delivery-e2e-journey">CFA PayM Phones Home delivery E2E journey</a></span><ol><li> <span class="skipped"><a href="#sc-cfa-paym-phones-home-delivery-e2e-journey;cfa-paym-phones-home-delivery-e2e-journey;;2">CFA PayM Phones Home delivery E2E journey</a></span></li></ol></li></ol><h1>Detailed Results Report</h1><table width="700px"><tr class="failed"><td colspan="4"><b>Feature:</b> <a id="feature-accessories-only-e2e-journey">Accessories only E2E journey</a></td></tr><tr class="failed_description"><td colspan="4"><br></br></td></tr><tr class="failed"><td><small><b>Passed:</b> 0</small></td><td><small><b>Failed:</b> 1</small></td><td><small><b>Undefined:</b> 0</small></td><td><small>Duration: 120.73s</small></td></tr><tr class="failed"><td colspan="4" style="padding-left:20px"> <table width="100%"><tr class="failed"><td colspan="4"><b>Scenario Outline:</b> <a id="sc-accessories-only-e2e-journey;accessories-only-e2e-journey;;2">Accessories only E2E journey</a></td></tr><tr class="failed_description"><td colspan="4"><br></br></td></tr><tr class="failed"><td><small><b>Passed:</b> 1</small></td><td><small><b>Failed:</b> 1</small></td><td><small><b>Undefined:</b> 8</small></td><td><small>Duration: 120.73s</small></td></tr><tr class="passed"><td>Before</td><td colspan="2"></td><td width="100">107.17s</td></tr><tr class="passed"><td colspan="4"><br></br></td></tr><tr class="failed"><td colspan="4" style="padding-left:20px"> <table width="100%"><tr class="passed"><td><b>Given </b> I am an CFA user and Lands on shop page</td><td width="100">2.15s</td></tr><tr class="failed"><td><b>And </b> Navigate to Accessories</td><td width="100">7.82s</td></tr><tr class="failed"><td colspan="2"><div><br>org.openqa.selenium.ElementNotVisibleException: element not visible
  (Session info: chrome=57.0.2987.133)
  (Driver info: chromedriver=2.28.455520 (cc17746adff54984afff480136733114c6b3704b),platform=Windows NT 6.1.7601 SP1 x86) (WARNING: The server did not provide any stacktrace information)
Command duration or timeout: 382 milliseconds
Build info: version: '3.0.1', revision: '1969d75', time: '2016-10-18 09:49:13 -0700'
System info: host: 'LASST266393', ip: '192.168.1.4', os.name: 'Windows 7', os.arch: 'x86', os.version: '6.1', java.version: '1.8.0_121'
Driver info: org.openqa.selenium.chrome.ChromeDriver
Capabilities [{applicationCacheEnabled=false, rotatable=false, mobileEmulationEnabled=false, networkConnectionEnabled=false, chrome={chromedriverVersion=2.28.455520 (cc17746adff54984afff480136733114c6b3704b), userDataDir=C:UsersvMalalu1AppDataLocalTempscoped_dir4068_4714}, takesHeapSnapshot=true, pageLoadStrategy=normal, databaseEnabled=false, handlesAlerts=true, hasTouchScreen=false, version=57.0.2987.133, platform=XP, browserConnectionEnabled=false, nativeEvents=true, acceptSslCerts=true, locationContextEnabled=true, webStorageEnabled=true, browserName=chrome, takesScreenshot=true, javascriptEnabled=true, cssSelectorsEnabled=true, unexpectedAlertBehaviour=}]
Session ID: 1574c82b4897f2fb53deccd0b2b64c06</br><br>
	at sun.reflect.NativeConstructorAccessorImpl.newInstance0(Native Method)</br><br>
	at sun.reflect.NativeConstructorAccessorImpl.newInstance(NativeConstructorAccessorImpl.java:62)</br><br>
	at sun.reflect.DelegatingConstructorAccessorImpl.newInstance(DelegatingConstructorAccessorImpl.java:45)</br><br>
	at java.lang.reflect.Constructor.newInstance(Constructor.java:423)</br><br>
	at org.openqa.selenium.remote.ErrorHandler.createThrowable(ErrorHandler.java:216)</br><br>
	at org.openqa.selenium.remote.ErrorHandler.throwIfResponseFailed(ErrorHandler.java:168)</br><br>
	at org.openqa.selenium.remote.RemoteWebDriver.execute(RemoteWebDriver.java:635)</br><br>
	at org.openqa.selenium.remote.RemoteWebElement.execute(RemoteWebElement.java:274)</br><br>
	at org.openqa.selenium.remote.RemoteWebElement.click(RemoteWebElement.java:84)</br><br>
	at sun.reflect.NativeMethodAccessorImpl.invoke0(Native Method)</br><br>
	at sun.reflect.NativeMethodAccessorImpl.invoke(NativeMethodAccessorImpl.java:62)</br><br>
	at sun.reflect.DelegatingMethodAccessorImpl.invoke(DelegatingMethodAccessorImpl.java:43)</br><br>
	at java.lang.reflect.Method.invoke(Method.java:498)</br><br>
	at org.openqa.selenium.support.pagefactory.internal.LocatingElementHandler.invoke(LocatingElementHandler.java:51)</br><br>
	at com.sun.proxy.&#36;Proxy17.click(Unknown Source)</br><br>
	at GlobalActions.MouseHoverAction.AccessoriesLandingPage(MouseHoverAction.java:583)</br><br>
	at steps.E2EOrderPlaced_Steps.navigate_to_Accessories(E2EOrderPlaced_Steps.java:53)</br><br>
	at &#10045;.And Navigate to Accessories(CS_AccessoriesOnly.feature:6)</br><br>
</br></div></td></tr><tr class="skipped"><td><b>And </b> select an Accessory</td><td width="100">0.00s</td></tr><tr class="skipped"><td><b>And </b> add Accessories to basket within limit in details page and navigate to basket</td><td width="100">0.00s</td></tr><tr class="skipped"><td><b>And </b> I Land on the Non Phone related basket page and choose home delivery option</td><td width="100">0.00s</td></tr><tr class="skipped"><td><b>And </b> click on &quot;go to checkout&quot; button</td><td width="100">0.00s</td></tr><tr class="skipped"><td><b>And </b> input TEST and ACCEPTA and other valid details in Delivery page and Click on the 'Continue button'</td><td width="100">0.00s</td></tr><tr class="skipped"><td><b>And </b> land on the Non Credit check payment page and input TEST ACCEPTA and other details and click 'Continue on next step'</td><td width="100">0.00s</td></tr><tr class="skipped"><td><b>And </b> Continue to Review page and review the order</td><td width="100">0.00s</td></tr><tr class="skipped"><td><b>Then </b> order confirmation is displayed</td><td width="100">0.00s</td></tr></table></td></tr><tr class="passed"><td>After</td><td colspan="2"></td><td width="100">3.59s</td></tr><tr class="passed"><td colspan="4"><br></br></td></tr><tr><td colspan="5"><sup><a href="#top">Back to Table of Contents</a></sup></td></tr></table></td></tr><tr><td colspan="5"></td></tr><tr class="failed"><td colspan="4"><b>Feature:</b> <a id="feature-payg-mbb-only-e2e-journey">PAYG MBB only E2E journey</a></td></tr><tr class="failed_description"><td colspan="4"><br></br></td></tr><tr class="failed"><td><small><b>Passed:</b> 0</small></td><td><small><b>Failed:</b> 1</small></td><td><small><b>Undefined:</b> 0</small></td><td><small>Duration: 65.54s</small></td></tr><tr class="failed"><td colspan="4" style="padding-left:20px"> <table width="100%"><tr class="failed"><td colspan="4"><b>Scenario Outline:</b> <a id="sc-payg-mbb-only-e2e-journey;payg-mbb-only-e2e-journey;;2">PAYG MBB only E2E journey</a></td></tr><tr class="failed_description"><td colspan="4"><br></br></td></tr><tr class="failed"><td><small><b>Passed:</b> 1</small></td><td><small><b>Failed:</b> 1</small></td><td><small><b>Undefined:</b> 9</small></td><td><small>Duration: 65.54s</small></td></tr><tr class="passed"><td>Before</td><td colspan="2"></td><td width="100">41.08s</td></tr><tr class="passed"><td colspan="4"><br></br></td></tr><tr class="failed"><td colspan="4" style="padding-left:20px"> <table width="100%"><tr class="passed"><td><b>Given </b> I am an CFA user and Lands on shop page</td><td width="100">0.15s</td></tr><tr class="failed"><td><b>And </b> Navigate to PayG MBB page</td><td width="100">21.45s</td></tr><tr class="failed"><td colspan="2"><div><br>org.openqa.selenium.NoSuchElementException: no such element: Unable to locate element: {&quot;method&quot;:&quot;xpath&quot;,&quot;selector&quot;:&quot;//a[@id='no']/span&quot;}
  (Session info: chrome=57.0.2987.133)
  (Driver info: chromedriver=2.28.455520 (cc17746adff54984afff480136733114c6b3704b),platform=Windows NT 6.1.7601 SP1 x86) (WARNING: The server did not provide any stacktrace information)
Command duration or timeout: 15.07 seconds
For documentation on this error, please visit: http://seleniumhq.org/exceptions/no_such_element.html
Build info: version: '3.0.1', revision: '1969d75', time: '2016-10-18 09:49:13 -0700'
System info: host: 'LASST266393', ip: '192.168.1.4', os.name: 'Windows 7', os.arch: 'x86', os.version: '6.1', java.version: '1.8.0_121'
Driver info: org.openqa.selenium.chrome.ChromeDriver
Capabilities [{applicationCacheEnabled=false, rotatable=false, mobileEmulationEnabled=false, networkConnectionEnabled=false, chrome={chromedriverVersion=2.28.455520 (cc17746adff54984afff480136733114c6b3704b), userDataDir=C:UsersvMalalu1AppDataLocalTempscoped_dir6876_13298}, takesHeapSnapshot=true, pageLoadStrategy=normal, databaseEnabled=false, handlesAlerts=true, hasTouchScreen=false, version=57.0.2987.133, platform=XP, browserConnectionEnabled=false, nativeEvents=true, acceptSslCerts=true, locationContextEnabled=true, webStorageEnabled=true, browserName=chrome, takesScreenshot=true, javascriptEnabled=true, cssSelectorsEnabled=true, unexpectedAlertBehaviour=}]
Session ID: 533ce19103dacb2ef1883ac921c5d7c2
*** Element info: {Using=xpath, value=//a[@id='no']/span}</br><br>
	at sun.reflect.NativeConstructorAccessorImpl.newInstance0(Native Method)</br><br>
	at sun.reflect.NativeConstructorAccessorImpl.newInstance(NativeConstructorAccessorImpl.java:62)</br><br>
	at sun.reflect.DelegatingConstructorAccessorImpl.newInstance(DelegatingConstructorAccessorImpl.java:45)</br><br>
	at java.lang.reflect.Constructor.newInstance(Constructor.java:423)</br><br>
	at org.openqa.selenium.remote.ErrorHandler.createThrowable(ErrorHandler.java:216)</br><br>
	at org.openqa.selenium.remote.ErrorHandler.throwIfResponseFailed(ErrorHandler.java:168)</br><br>
	at org.openqa.selenium.remote.RemoteWebDriver.execute(RemoteWebDriver.java:635)</br><br>
	at org.openqa.selenium.remote.RemoteWebDriver.findElement(RemoteWebDriver.java:368)</br><br>
	at org.openqa.selenium.remote.RemoteWebDriver.findElementByXPath(RemoteWebDriver.java:473)</br><br>
	at org.openqa.selenium.By&#36;ByXPath.findElement(By.java:361)</br><br>
	at org.openqa.selenium.remote.RemoteWebDriver.findElement(RemoteWebDriver.java:360)</br><br>
	at GlobalActions.MouseHoverAction.PayGMBBPage(MouseHoverAction.java:651)</br><br>
	at steps.E2EOrderPlaced_Steps.navigate_to_PayG_MBB_page(E2EOrderPlaced_Steps.java:62)</br><br>
	at &#10045;.And Navigate to PayG MBB page(CS_CFA_MBBPayG.feature:6)</br><br>
</br></div></td></tr><tr class="skipped"><td><b>And </b> I choose MBB PayG &quot;Random Device&quot;</td><td width="100">0.00s</td></tr><tr class="skipped"><td><b>And </b> Navigate to device details page</td><td width="100">0.00s</td></tr><tr class="skipped"><td><b>And </b> Land on the 'Tariffs and extra' page</td><td width="100">0.00s</td></tr><tr class="skipped"><td><b>And </b> I Land on the basket page and choose home delivery option</td><td width="100">0.00s</td></tr><tr class="skipped"><td><b>And </b> click on &quot;go to checkout&quot; button</td><td width="100">0.00s</td></tr><tr class="skipped"><td><b>And </b> input TEST and ACCEPTA and other valid details in Delivery page and Click on the 'Continue button'</td><td width="100">0.00s</td></tr><tr class="skipped"><td><b>And </b> land on the Non Credit check payment page and input TEST ACCEPTA and other details and click 'Continue on next step'</td><td width="100">0.00s</td></tr><tr class="skipped"><td><b>And </b> Continue to Review page and review the order</td><td width="100">0.00s</td></tr><tr class="skipped"><td><b>Then </b> order confirmation is displayed</td><td width="100">0.00s</td></tr></table></td></tr><tr class="passed"><td>After</td><td colspan="2"></td><td width="100">2.86s</td></tr><tr class="passed"><td colspan="4"><br></br></td></tr><tr><td colspan="5"><sup><a href="#top">Back to Table of Contents</a></sup></td></tr></table></td></tr><tr><td colspan="5"></td></tr><tr class="failed"><td colspan="4"><b>Feature:</b> <a id="feature-cfu-saved-basket-feature-validation---this-feature-is-not-automated-due-to-presence-of-captcha">CFU Saved Basket Feature Validation - This feature is not automated due to presence of Captcha</a></td></tr><tr class="failed_description"><td colspan="4"><br></br></td></tr><tr class="failed"><td><small><b>Passed:</b> 0</small></td><td><small><b>Failed:</b> 1</small></td><td><small><b>Undefined:</b> 0</small></td><td><small>Duration: 84.94s</small></td></tr><tr class="failed"><td colspan="4" style="padding-left:20px"> <table width="100%"><tr class="failed"><td colspan="4"><b>Scenario Outline:</b> <a id="sc-cfu-saved-basket-feature-validation---this-feature-is-not-automated-due-to-presence-of-captcha;cfu-to-verify-is-user-can-upgrade-phone-to-refresh-tariff;;2">CFU to Verify is user can upgrade phone to refresh Tariff</a></td></tr><tr class="failed_description"><td colspan="4"><br></br></td></tr><tr class="failed"><td><small><b>Passed:</b> 0</small></td><td><small><b>Failed:</b> 1</small></td><td><small><b>Undefined:</b> 4</small></td><td><small>Duration: 84.94s</small></td></tr><tr class="passed"><td>Before</td><td colspan="2"></td><td width="100">39.35s</td></tr><tr class="passed"><td colspan="4"><br></br></td></tr><tr class="failed"><td colspan="4" style="padding-left:20px"> <table width="100%"><tr class="failed"><td><b>Given </b> I am an Existing user and Navigates to Signin page</td><td width="100">42.45s</td></tr><tr class="failed"><td colspan="2"><div><br>org.openqa.selenium.NoSuchFrameException: No frame element found by name or id edr_l_first
Build info: version: '3.0.1', revision: '1969d75', time: '2016-10-18 09:49:13 -0700'
System info: host: 'LASST266393', ip: '192.168.1.4', os.name: 'Windows 7', os.arch: 'x86', os.version: '6.1', java.version: '1.8.0_121'
Driver info: driver.version: unknown</br><br>
	at org.openqa.selenium.remote.RemoteWebDriver&#36;RemoteTargetLocator.frame(RemoteWebDriver.java:930)</br><br>
	at GlobalActions.MouseHoverAction.UpgradeandUpgradeNow(MouseHoverAction.java:705)</br><br>
	at steps.E2EOrderPlaced_Steps.i_am_an_Existing_user_and_Navigates_to_Signin_page(E2EOrderPlaced_Steps.java:124)</br><br>
	at &#10045;.Given I am an Existing user and Navigates to Signin page(CS_CFU_SavedBasket.feature:17)</br><br>
</br></div></td></tr><tr class="skipped"><td><b>And </b> Signin using valid ink_jun9198 and test123 credentials</td><td width="100">0.00s</td></tr><tr class="skipped"><td><b>And </b> choose to upgrade any Phone in My upgrade page</td><td width="100">0.00s</td></tr><tr class="skipped"><td><b>And </b> Select any new Tariff and land on basket page</td><td width="100">0.00s</td></tr><tr class="skipped"><td><b>And </b> Verifies the basket page for the upgrade journey</td><td width="100">0.00s</td></tr></table></td></tr><tr class="passed"><td>After</td><td colspan="2"></td><td width="100">3.15s</td></tr><tr class="passed"><td colspan="4"><br></br></td></tr><tr><td colspan="5"><sup><a href="#top">Back to Table of Contents</a></sup></td></tr></table></td></tr><tr><td colspan="5"></td></tr><tr class="failed"><td colspan="4"><b>Feature:</b> <a id="feature-fitness-trackers-only-e2e-journey">Fitness Trackers only E2E journey</a></td></tr><tr class="failed_description"><td colspan="4"><br></br></td></tr><tr class="failed"><td><small><b>Passed:</b> 0</small></td><td><small><b>Failed:</b> 1</small></td><td><small><b>Undefined:</b> 0</small></td><td><small>Duration: 168.81s</small></td></tr><tr class="failed"><td colspan="4" style="padding-left:20px"> <table width="100%"><tr class="failed"><td colspan="4"><b>Scenario Outline:</b> <a id="sc-fitness-trackers-only-e2e-journey;fitness-trackers-only-e2e-journey;;2">Fitness Trackers only E2E journey</a></td></tr><tr class="failed_description"><td colspan="4"><br></br></td></tr><tr class="failed"><td><small><b>Passed:</b> 2</small></td><td><small><b>Failed:</b> 1</small></td><td><small><b>Undefined:</b> 7</small></td><td><small>Duration: 168.81s</small></td></tr><tr class="passed"><td>Before</td><td colspan="2"></td><td width="100">50.03s</td></tr><tr class="passed"><td colspan="4"><br></br></td></tr><tr class="failed"><td colspan="4" style="padding-left:20px"> <table width="100%"><tr class="passed"><td><b>Given </b> I am an CFA user and Lands on shop page</td><td width="100">0.80s</td></tr><tr class="passed"><td><b>And </b> Navigate to Fitness Trackers</td><td width="100">75.53s</td></tr><tr class="failed"><td><b>And </b> select any available &quot;Random&quot; Fitness tracker</td><td width="100">39.32s</td></tr><tr class="failed"><td colspan="2"><div><br>org.openqa.selenium.NoSuchElementException: no such element: Unable to locate element: {&quot;method&quot;:&quot;xpath&quot;,&quot;selector&quot;:&quot;//*[@id='o2-page-wrapper']/div[2]/div[3]/div[1]/div[1]/div/div/div/div/a&quot;}
  (Session info: chrome=57.0.2987.133)
  (Driver info: chromedriver=2.28.455520 (cc17746adff54984afff480136733114c6b3704b),platform=Windows NT 6.1.7601 SP1 x86) (WARNING: The server did not provide any stacktrace information)
Command duration or timeout: 39.06 seconds
For documentation on this error, please visit: http://seleniumhq.org/exceptions/no_such_element.html
Build info: version: '3.0.1', revision: '1969d75', time: '2016-10-18 09:49:13 -0700'
System info: host: 'LASST266393', ip: '192.168.1.4', os.name: 'Windows 7', os.arch: 'x86', os.version: '6.1', java.version: '1.8.0_121'
Driver info: org.openqa.selenium.chrome.ChromeDriver
Capabilities [{applicationCacheEnabled=false, rotatable=false, mobileEmulationEnabled=false, networkConnectionEnabled=false, chrome={chromedriverVersion=2.28.455520 (cc17746adff54984afff480136733114c6b3704b), userDataDir=C:UsersvMalalu1AppDataLocalTempscoped_dir7540_25460}, takesHeapSnapshot=true, pageLoadStrategy=normal, databaseEnabled=false, handlesAlerts=true, hasTouchScreen=false, version=57.0.2987.133, platform=XP, browserConnectionEnabled=false, nativeEvents=true, acceptSslCerts=true, locationContextEnabled=true, webStorageEnabled=true, browserName=chrome, takesScreenshot=true, javascriptEnabled=true, cssSelectorsEnabled=true, unexpectedAlertBehaviour=}]
Session ID: e77b35e40e2b47f9374349f5906aad71
*** Element info: {Using=xpath, value=//*[@id='o2-page-wrapper']/div[2]/div[3]/div[1]/div[1]/div/div/div/div/a}</br><br>
	at sun.reflect.NativeConstructorAccessorImpl.newInstance0(Native Method)</br><br>
	at sun.reflect.NativeConstructorAccessorImpl.newInstance(NativeConstructorAccessorImpl.java:62)</br><br>
	at sun.reflect.DelegatingConstructorAccessorImpl.newInstance(DelegatingConstructorAccessorImpl.java:45)</br><br>
	at java.lang.reflect.Constructor.newInstance(Constructor.java:423)</br><br>
	at org.openqa.selenium.remote.ErrorHandler.createThrowable(ErrorHandler.java:216)</br><br>
	at org.openqa.selenium.remote.ErrorHandler.throwIfResponseFailed(ErrorHandler.java:168)</br><br>
	at org.openqa.selenium.remote.RemoteWebDriver.execute(RemoteWebDriver.java:635)</br><br>
	at org.openqa.selenium.remote.RemoteWebDriver.findElement(RemoteWebDriver.java:368)</br><br>
	at org.openqa.selenium.remote.RemoteWebDriver.findElementByXPath(RemoteWebDriver.java:473)</br><br>
	at org.openqa.selenium.By&#36;ByXPath.findElement(By.java:361)</br><br>
	at org.openqa.selenium.remote.RemoteWebDriver.findElement(RemoteWebDriver.java:360)</br><br>
	at org.openqa.selenium.support.pagefactory.DefaultElementLocator.findElement(DefaultElementLocator.java:69)</br><br>
	at org.openqa.selenium.support.pagefactory.internal.LocatingElementHandler.invoke(LocatingElementHandler.java:38)</br><br>
	at com.sun.proxy.&#36;Proxy17.click(Unknown Source)</br><br>
	at actionsPerformed.FitnessTrackerPageActions.DeviceSelect(FitnessTrackerPageActions.java:76)</br><br>
	at steps.E2EOrderPlaced_Steps.select_any_available_Fitness_tracker(E2EOrderPlaced_Steps.java:159)</br><br>
	at &#10045;.And select any available &quot;Random&quot; Fitness tracker(CS_FitnessTrackers.feature:7)</br><br>
</br></div></td></tr><tr class="skipped"><td><b>And </b> add FitnessTracker to basket within limit in details page and navigate to basket</td><td width="100">0.00s</td></tr><tr class="skipped"><td><b>And </b> I Land on the Non Phone related basket page and choose home delivery option</td><td width="100">0.00s</td></tr><tr class="skipped"><td><b>And </b> click on &quot;go to checkout&quot; button</td><td width="100">0.00s</td></tr><tr class="skipped"><td><b>And </b> input TEST and ACCEPTA and other valid details in Delivery page and Click on the 'Continue button'</td><td width="100">0.00s</td></tr><tr class="skipped"><td><b>And </b> land on the Non Credit check payment page and input TEST ACCEPTA and other details and click 'Continue on next step'</td><td width="100">0.00s</td></tr><tr class="skipped"><td><b>And </b> Continue to Review page and review the order</td><td width="100">0.00s</td></tr><tr class="skipped"><td><b>Then </b> order confirmation is displayed</td><td width="100">0.00s</td></tr></table></td></tr><tr class="passed"><td>After</td><td colspan="2"></td><td width="100">3.13s</td></tr><tr class="passed"><td colspan="4"><br></br></td></tr><tr><td colspan="5"><sup><a href="#top">Back to Table of Contents</a></sup></td></tr></table></td></tr><tr><td colspan="5"></td></tr><tr class="failed"><td colspan="4"><b>Feature:</b> <a id="feature-ipad-simo-only-payg-e2e-validation">Ipad SimO Only PAYG E2E validation</a></td></tr><tr class="failed_description"><td colspan="4"><br></br></td></tr><tr class="failed"><td><small><b>Passed:</b> 0</small></td><td><small><b>Failed:</b> 1</small></td><td><small><b>Undefined:</b> 0</small></td><td><small>Duration: 161.78s</small></td></tr><tr class="failed"><td colspan="4" style="padding-left:20px"> <table width="100%"><tr class="failed"><td colspan="4"><b>Scenario Outline:</b> <a id="sc-ipad-simo-only-payg-e2e-validation;ipad-simo-only-payg-e2e-validation;;2">Ipad SimO Only PAYG E2E validation</a></td></tr><tr class="failed_description"><td colspan="4"><br></br></td></tr><tr class="failed"><td><small><b>Passed:</b> 2</small></td><td><small><b>Failed:</b> 1</small></td><td><small><b>Undefined:</b> 6</small></td><td><small>Duration: 161.78s</small></td></tr><tr class="passed"><td>Before</td><td colspan="2"></td><td width="100">51.70s</td></tr><tr class="passed"><td colspan="4"><br></br></td></tr><tr class="failed"><td colspan="4" style="padding-left:20px"> <table width="100%"><tr class="passed"><td><b>Given </b> I am an CFA user and Lands on shop page</td><td width="100">0.22s</td></tr><tr class="passed"><td><b>And </b> Navigate to sims and Ipad Sims page</td><td width="100">67.19s</td></tr><tr class="failed"><td><b>And </b> select any Ipad &quot;Random Tariff&quot; and continue</td><td width="100">39.69s</td></tr><tr class="failed"><td colspan="2"><div><br>org.openqa.selenium.NoSuchElementException: no such element: Unable to locate element: {&quot;method&quot;:&quot;xpath&quot;,&quot;selector&quot;:&quot;//*[@id='ipad-sim-promo-m-1']&quot;}
  (Session info: chrome=57.0.2987.133)
  (Driver info: chromedriver=2.28.455520 (cc17746adff54984afff480136733114c6b3704b),platform=Windows NT 6.1.7601 SP1 x86) (WARNING: The server did not provide any stacktrace information)
Command duration or timeout: 32.46 seconds
For documentation on this error, please visit: http://seleniumhq.org/exceptions/no_such_element.html
Build info: version: '3.0.1', revision: '1969d75', time: '2016-10-18 09:49:13 -0700'
System info: host: 'LASST266393', ip: '192.168.1.4', os.name: 'Windows 7', os.arch: 'x86', os.version: '6.1', java.version: '1.8.0_121'
Driver info: org.openqa.selenium.chrome.ChromeDriver
Capabilities [{applicationCacheEnabled=false, rotatable=false, mobileEmulationEnabled=false, networkConnectionEnabled=false, chrome={chromedriverVersion=2.28.455520 (cc17746adff54984afff480136733114c6b3704b), userDataDir=C:UsersvMalalu1AppDataLocalTempscoped_dir2520_21075}, takesHeapSnapshot=true, pageLoadStrategy=normal, databaseEnabled=false, handlesAlerts=true, hasTouchScreen=false, version=57.0.2987.133, platform=XP, browserConnectionEnabled=false, nativeEvents=true, acceptSslCerts=true, locationContextEnabled=true, webStorageEnabled=true, browserName=chrome, takesScreenshot=true, javascriptEnabled=true, cssSelectorsEnabled=true, unexpectedAlertBehaviour=}]
Session ID: 9bffc70dc5eaab7cf6d0e7bd38620a0e
*** Element info: {Using=xpath, value=//*[@id='ipad-sim-promo-m-1']}</br><br>
	at sun.reflect.NativeConstructorAccessorImpl.newInstance0(Native Method)</br><br>
	at sun.reflect.NativeConstructorAccessorImpl.newInstance(NativeConstructorAccessorImpl.java:62)</br><br>
	at sun.reflect.DelegatingConstructorAccessorImpl.newInstance(DelegatingConstructorAccessorImpl.java:45)</br><br>
	at java.lang.reflect.Constructor.newInstance(Constructor.java:423)</br><br>
	at org.openqa.selenium.remote.ErrorHandler.createThrowable(ErrorHandler.java:216)</br><br>
	at org.openqa.selenium.remote.ErrorHandler.throwIfResponseFailed(ErrorHandler.java:168)</br><br>
	at org.openqa.selenium.remote.RemoteWebDriver.execute(RemoteWebDriver.java:635)</br><br>
	at org.openqa.selenium.remote.RemoteWebDriver.findElement(RemoteWebDriver.java:368)</br><br>
	at org.openqa.selenium.remote.RemoteWebDriver.findElementByXPath(RemoteWebDriver.java:473)</br><br>
	at org.openqa.selenium.By&#36;ByXPath.findElement(By.java:361)</br><br>
	at org.openqa.selenium.remote.RemoteWebDriver.findElement(RemoteWebDriver.java:360)</br><br>
	at org.openqa.selenium.support.pagefactory.DefaultElementLocator.findElement(DefaultElementLocator.java:69)</br><br>
	at org.openqa.selenium.support.pagefactory.internal.LocatingElementHandler.invoke(LocatingElementHandler.java:38)</br><br>
	at com.sun.proxy.&#36;Proxy17.getText(Unknown Source)</br><br>
	at actionsPerformed.SimsPageActions.SelectRandomIpadSim(SimsPageActions.java:15)</br><br>
	at steps.E2EOrderPlaced_Steps.select_any_Ipad_and_continue(E2EOrderPlaced_Steps.java:205)</br><br>
	at &#10045;.And select any Ipad &quot;Random Tariff&quot; and continue(CS_OrderingIpadSim.feature:7)</br><br>
</br></div></td></tr><tr class="skipped"><td><b>And </b> I Land on the Non Phone related basket page and choose home delivery option</td><td width="100">0.00s</td></tr><tr class="skipped"><td><b>And </b> click on &quot;go to checkout&quot; button</td><td width="100">0.00s</td></tr><tr class="skipped"><td><b>And </b> input TEST and ACCEPTA and other valid details in Delivery page and Click on the 'Continue button'</td><td width="100">0.00s</td></tr><tr class="skipped"><td><b>And </b> land on the Non Credit check payment page and input TEST ACCEPTA and other details and click 'Continue on next step'</td><td width="100">0.00s</td></tr><tr class="skipped"><td><b>And </b> Continue to Review page and review the order</td><td width="100">0.00s</td></tr><tr class="skipped"><td><b>Then </b> order confirmation is displayed</td><td width="100">0.00s</td></tr></table></td></tr><tr class="passed"><td>After</td><td colspan="2"></td><td width="100">2.97s</td></tr><tr class="passed"><td colspan="4"><br></br></td></tr><tr><td colspan="5"><sup><a href="#top">Back to Table of Contents</a></sup></td></tr></table></td></tr><tr><td colspan="5"></td></tr><tr class="failed"><td colspan="4"><b>Feature:</b> <a id="feature-tablets-simo-only-e2e-validation">Tablets SimO Only E2E validation</a></td></tr><tr class="failed_description"><td colspan="4"><br></br></td></tr><tr class="failed"><td><small><b>Passed:</b> 0</small></td><td><small><b>Failed:</b> 1</small></td><td><small><b>Undefined:</b> 0</small></td><td><small>Duration: 170.95s</small></td></tr><tr class="failed"><td colspan="4" style="padding-left:20px"> <table width="100%"><tr class="failed"><td colspan="4"><b>Scenario Outline:</b> <a id="sc-tablets-simo-only-e2e-validation;tablet-simo-only-payg-e2e-validation;;2">Tablet SimO Only PAYG E2E validation</a></td></tr><tr class="failed_description"><td colspan="4"><br></br></td></tr><tr class="failed"><td><small><b>Passed:</b> 1</small></td><td><small><b>Failed:</b> 1</small></td><td><small><b>Undefined:</b> 7</small></td><td><small>Duration: 170.94s</small></td></tr><tr class="passed"><td>Before</td><td colspan="2"></td><td width="100">69.73s</td></tr><tr class="passed"><td colspan="4"><br></br></td></tr><tr class="failed"><td colspan="4" style="padding-left:20px"> <table width="100%"><tr class="passed"><td><b>Given </b> I am an CFA user and Lands on shop page</td><td width="100">0.82s</td></tr><tr class="failed"><td><b>And </b> Navigate to sims and Tablet Sims page</td><td width="100">94.09s</td></tr><tr class="failed"><td colspan="2"><div><br>org.openqa.selenium.NoSuchFrameException: No frame element found by name or id edr_l_first
Build info: version: '3.0.1', revision: '1969d75', time: '2016-10-18 09:49:13 -0700'
System info: host: 'LASST266393', ip: '192.168.1.4', os.name: 'Windows 7', os.arch: 'x86', os.version: '6.1', java.version: '1.8.0_121'
Driver info: driver.version: unknown</br><br>
	at org.openqa.selenium.remote.RemoteWebDriver&#36;RemoteTargetLocator.frame(RemoteWebDriver.java:930)</br><br>
	at GlobalActions.MouseHoverAction.SimTabletsSimsPage(MouseHoverAction.java:204)</br><br>
	at steps.E2EOrderPlaced_Steps.navigate_to_sims_and_Tablet_Sims_page(E2EOrderPlaced_Steps.java:108)</br><br>
	at &#10045;.And Navigate to sims and Tablet Sims page(CS_OrderingTabletSim.feature:6)</br><br>
</br></div></td></tr><tr class="skipped"><td><b>And </b> select any Tablet &quot;Random Tariff&quot; and continue</td><td width="100">0.00s</td></tr><tr class="skipped"><td><b>And </b> I Land on the Non Phone related basket page and choose home delivery option</td><td width="100">0.00s</td></tr><tr class="skipped"><td><b>And </b> click on &quot;go to checkout&quot; button</td><td width="100">0.00s</td></tr><tr class="skipped"><td><b>And </b> input TEST and ACCEPTA and other valid details in Delivery page and Click on the 'Continue button'</td><td width="100">0.00s</td></tr><tr class="skipped"><td><b>And </b> land on the Non Credit check payment page and input TEST ACCEPTA and other details and click 'Continue on next step'</td><td width="100">0.00s</td></tr><tr class="skipped"><td><b>And </b> Continue to Review page and review the order</td><td width="100">0.00s</td></tr><tr class="skipped"><td><b>Then </b> order confirmation is displayed</td><td width="100">0.00s</td></tr></table></td></tr><tr class="passed"><td>After</td><td colspan="2"></td><td width="100">6.31s</td></tr><tr class="passed"><td colspan="4"><br></br></td></tr><tr><td colspan="5"><sup><a href="#top">Back to Table of Contents</a></sup></td></tr></table></td></tr><tr><td colspan="5"></td></tr><tr class="failed"><td colspan="4"><b>Feature:</b> <a id="feature-cfa-payg-phones-home-delivery-e2e-journey">CFA PayG Phones Home delivery E2E journey</a></td></tr><tr class="failed_description"><td colspan="4"><br></br></td></tr><tr class="failed"><td><small><b>Passed:</b> 0</small></td><td><small><b>Failed:</b> 1</small></td><td><small><b>Undefined:</b> 0</small></td><td><small>Duration: 221.22s</small></td></tr><tr class="failed"><td colspan="4" style="padding-left:20px"> <table width="100%"><tr class="failed"><td colspan="4"><b>Scenario Outline:</b> <a id="sc-cfa-payg-phones-home-delivery-e2e-journey;cfa-payg-phones-home-delivery-e2e-journey;;2">CFA PayG Phones Home delivery E2E journey</a></td></tr><tr class="failed_description"><td colspan="4"><br></br></td></tr><tr class="failed"><td><small><b>Passed:</b> 1</small></td><td><small><b>Failed:</b> 1</small></td><td><small><b>Undefined:</b> 9</small></td><td><small>Duration: 221.22s</small></td></tr><tr class="passed"><td>Before</td><td colspan="2"></td><td width="100">144.61s</td></tr><tr class="passed"><td colspan="4"><br></br></td></tr><tr class="failed"><td colspan="4" style="padding-left:20px"> <table width="100%"><tr class="passed"><td><b>Given </b> I am an CFA user and Lands on shop page</td><td width="100">1.02s</td></tr><tr class="failed"><td><b>And </b> navigate to Pay as you Go Phones page</td><td width="100">67.02s</td></tr><tr class="failed"><td colspan="2"><div><br>org.openqa.selenium.NoSuchFrameException: No frame element found by name or id edr_l_first
Build info: version: '3.0.1', revision: '1969d75', time: '2016-10-18 09:49:13 -0700'
System info: host: 'LASST266393', ip: '192.168.1.4', os.name: 'Windows 7', os.arch: 'x86', os.version: '6.1', java.version: '1.8.0_121'
Driver info: driver.version: unknown</br><br>
	at org.openqa.selenium.remote.RemoteWebDriver&#36;RemoteTargetLocator.frame(RemoteWebDriver.java:930)</br><br>
	at GlobalActions.MouseHoverAction.PayGPhonesLandingPage(MouseHoverAction.java:271)</br><br>
	at steps.E2EOrderPlaced_Steps.navigate_to_Pay_as_you_Go_Phones_page(E2EOrderPlaced_Steps.java:89)</br><br>
	at &#10045;.And navigate to Pay as you Go Phones page(CS_PayGPhonesHomeDeliveryWithoutAccessory.feature:6)</br><br>
</br></div></td></tr><tr class="skipped"><td><b>And </b> I choose PayG &quot;handset&quot;</td><td width="100">0.00s</td></tr><tr class="skipped"><td><b>And </b> Navigate to device details page</td><td width="100">0.00s</td></tr><tr class="skipped"><td><b>And </b> Land on the 'Tariffs and extra' page</td><td width="100">0.00s</td></tr><tr class="skipped"><td><b>And </b> I Land on the basket page and choose home delivery option</td><td width="100">0.00s</td></tr><tr class="skipped"><td><b>And </b> click on &quot;go to checkout&quot; button</td><td width="100">0.00s</td></tr><tr class="skipped"><td><b>And </b> input TEST and ACCEPTA and other valid details in Delivery page and Click on the 'Continue button'</td><td width="100">0.00s</td></tr><tr class="skipped"><td><b>And </b> land on the Non Credit check payment page and input TEST ACCEPTA and other details and click 'Continue on next step'</td><td width="100">0.00s</td></tr><tr class="skipped"><td><b>And </b> Continue to Review page and review the order</td><td width="100">0.00s</td></tr><tr class="skipped"><td><b>Then </b> order confirmation is displayed</td><td width="100">0.00s</td></tr></table></td></tr><tr class="passed"><td>After</td><td colspan="2"></td><td width="100">8.58s</td></tr><tr class="passed"><td colspan="4"><br></br></td></tr><tr><td colspan="5"><sup><a href="#top">Back to Table of Contents</a></sup></td></tr></table></td></tr><tr><td colspan="5"></td></tr><tr class="failed"><td colspan="4"><b>Feature:</b> <a id="feature-cfa-paym-phones-home-delivery-e2e-journey-with-accessory">CFA PayM Phones Home delivery E2E journey with Accessory</a></td></tr><tr class="failed_description"><td colspan="4"><br></br></td></tr><tr class="failed"><td><small><b>Passed:</b> 0</small></td><td><small><b>Failed:</b> 1</small></td><td><small><b>Undefined:</b> 0</small></td><td><small>Duration: 287.16s</small></td></tr><tr class="failed"><td colspan="4" style="padding-left:20px"> <table width="100%"><tr class="failed"><td colspan="4"><b>Scenario Outline:</b> <a id="sc-cfa-paym-phones-home-delivery-e2e-journey-with-accessory;cfa-paym-phones-home-delivery-e2e-journey-with-accessory;;2">CFA PayM Phones Home delivery E2E journey with Accessory</a></td></tr><tr class="failed_description"><td colspan="4"><br></br></td></tr><tr class="failed"><td><small><b>Passed:</b> 1</small></td><td><small><b>Failed:</b> 1</small></td><td><small><b>Undefined:</b> 11</small></td><td><small>Duration: 287.16s</small></td></tr><tr class="passed"><td>Before</td><td colspan="2"></td><td width="100">154.96s</td></tr><tr class="passed"><td colspan="4"><br></br></td></tr><tr class="failed"><td colspan="4" style="padding-left:20px"> <table width="100%"><tr class="passed"><td><b>Given </b> I am an CFA user and Lands on shop page</td><td width="100">0.76s</td></tr><tr class="failed"><td><b>And </b> navigate to PAYM Phones page</td><td width="100">122.14s</td></tr><tr class="failed"><td colspan="2"><div><br>org.openqa.selenium.NoSuchFrameException: No frame element found by name or id edr_l_first
Build info: version: '3.0.1', revision: '1969d75', time: '2016-10-18 09:49:13 -0700'
System info: host: 'LASST266393', ip: '192.168.1.4', os.name: 'Windows 7', os.arch: 'x86', os.version: '6.1', java.version: '1.8.0_121'
Driver info: driver.version: unknown</br><br>
	at org.openqa.selenium.remote.RemoteWebDriver&#36;RemoteTargetLocator.frame(RemoteWebDriver.java:930)</br><br>
	at GlobalActions.MouseHoverAction.PayMPhonesLandingPage(MouseHoverAction.java:75)</br><br>
	at steps.E2EOrderPlaced_Steps.navigate_to_PAYM_Phones_page(E2EOrderPlaced_Steps.java:45)</br><br>
	at &#10045;.And navigate to PAYM Phones page(CS_PayMPhonesHomeDeliveryWithAccessory.feature:6)</br><br>
</br></div></td></tr><tr class="skipped"><td><b>And </b> I choose PayM GalaxyS7</td><td width="100">0.00s</td></tr><tr class="skipped"><td><b>And </b> Navigate to device details page</td><td width="100">0.00s</td></tr><tr class="skipped"><td><b>And </b> Land on the 'Tariffs and extra' page</td><td width="100">0.00s</td></tr><tr class="skipped"><td><b>And </b> Choose some Accesssory</td><td width="100">0.00s</td></tr><tr class="skipped"><td><b>And </b> I Land on the basket page and choose home delivery option</td><td width="100">0.00s</td></tr><tr class="skipped"><td><b>And </b> click on &quot;go to checkout&quot; button</td><td width="100">0.00s</td></tr><tr class="skipped"><td><b>And </b> input TEST and ACCEPTA and other valid details in Delivery page and Click on the 'Continue button'</td><td width="100">0.00s</td></tr><tr class="skipped"><td><b>And </b> land on the payment page and input TEST ACCEPTA and other details and click 'Continue on next step'</td><td width="100">0.00s</td></tr><tr class="skipped"><td><b>And </b> Continue to Agreements page and confirm all the agreement checks</td><td width="100">0.00s</td></tr><tr class="skipped"><td><b>And </b> Continue to Review page and review the order</td><td width="100">0.00s</td></tr><tr class="skipped"><td><b>Then </b> order confirmation is displayed</td><td width="100">0.00s</td></tr></table></td></tr><tr class="passed"><td>After</td><td colspan="2"></td><td width="100">9.29s</td></tr><tr class="passed"><td colspan="4"><br></br></td></tr><tr><td colspan="5"><sup><a href="#top">Back to Table of Contents</a></sup></td></tr></table></td></tr><tr><td colspan="5"></td></tr><tr class="failed"><td colspan="4"><b>Feature:</b> <a id="feature-cfa-paym-phones-home-delivery-e2e-journey">CFA PayM Phones Home delivery E2E journey</a></td></tr><tr class="failed_description"><td colspan="4"><br></br></td></tr><tr class="failed"><td><small><b>Passed:</b> 0</small></td><td><small><b>Failed:</b> 1</small></td><td><small><b>Undefined:</b> 0</small></td><td><small>Duration: 652.09s</small></td></tr><tr class="failed"><td colspan="4" style="padding-left:20px"> <table width="100%"><tr class="failed"><td colspan="4"><b>Scenario Outline:</b> <a id="sc-cfa-paym-phones-home-delivery-e2e-journey;cfa-paym-phones-home-delivery-e2e-journey;;2">CFA PayM Phones Home delivery E2E journey</a></td></tr><tr class="failed_description"><td colspan="4"><br></br></td></tr><tr class="failed"><td><small><b>Passed:</b> 9</small></td><td><small><b>Failed:</b> 1</small></td><td><small><b>Undefined:</b> 2</small></td><td><small>Duration: 652.09s</small></td></tr><tr class="passed"><td>Before</td><td colspan="2"></td><td width="100">123.78s</td></tr><tr class="passed"><td colspan="4"><br></br></td></tr><tr class="failed"><td colspan="4" style="padding-left:20px"> <table width="100%"><tr class="passed"><td><b>Given </b> I am an CFA user and Lands on shop page</td><td width="100">1.87s</td></tr><tr class="passed"><td><b>And </b> navigate to PAYM Phones page</td><td width="100">91.75s</td></tr><tr class="passed"><td><b>And </b> I choose PayM GalaxyS7</td><td width="100">97.82s</td></tr><tr class="passed"><td><b>And </b> Navigate to device details page</td><td width="100">41.52s</td></tr><tr class="passed"><td><b>And </b> Land on the 'Tariffs and extra' page</td><td width="100">4.52s</td></tr><tr class="passed"><td><b>And </b> I Land on the basket page and choose home delivery option</td><td width="100">56.37s</td></tr><tr class="passed"><td><b>And </b> click on &quot;go to checkout&quot; button</td><td width="100">12.04s</td></tr><tr class="passed"><td><b>And </b> input TEST and ACCEPTA and other valid details in Delivery page and Click on the 'Continue button'</td><td width="100">48.41s</td></tr><tr class="passed"><td><b>And </b> land on the payment page and input TEST ACCEPTA and other details and click 'Continue on next step'</td><td width="100">129.43s</td></tr><tr class="failed"><td><b>And </b> Continue to Agreements page and confirm all the agreement checks</td><td width="100">41.46s</td></tr><tr class="failed"><td colspan="2"><div><br>org.openqa.selenium.NoSuchElementException: no such element: Unable to locate element: {&quot;method&quot;:&quot;id&quot;,&quot;selector&quot;:&quot;affordability-terms-declaration&quot;}
  (Session info: chrome=57.0.2987.133)
  (Driver info: chromedriver=2.28.455520 (cc17746adff54984afff480136733114c6b3704b),platform=Windows NT 6.1.7601 SP1 x86) (WARNING: The server did not provide any stacktrace information)
Command duration or timeout: 28.77 seconds
For documentation on this error, please visit: http://seleniumhq.org/exceptions/no_such_element.html
Build info: version: '3.0.1', revision: '1969d75', time: '2016-10-18 09:49:13 -0700'
System info: host: 'LASST266393', ip: '192.168.1.4', os.name: 'Windows 7', os.arch: 'x86', os.version: '6.1', java.version: '1.8.0_121'
Driver info: org.openqa.selenium.chrome.ChromeDriver
Capabilities [{applicationCacheEnabled=false, rotatable=false, mobileEmulationEnabled=false, networkConnectionEnabled=false, chrome={chromedriverVersion=2.28.455520 (cc17746adff54984afff480136733114c6b3704b), userDataDir=C:UsersvMalalu1AppDataLocalTempscoped_dir7824_1631}, takesHeapSnapshot=true, pageLoadStrategy=normal, databaseEnabled=false, handlesAlerts=true, hasTouchScreen=false, version=57.0.2987.133, platform=XP, browserConnectionEnabled=false, nativeEvents=true, acceptSslCerts=true, locationContextEnabled=true, webStorageEnabled=true, browserName=chrome, takesScreenshot=true, javascriptEnabled=true, cssSelectorsEnabled=true, unexpectedAlertBehaviour=}]
Session ID: e7eb37d0dad38ad342b736e25f087beb
*** Element info: {Using=id, value=affordability-terms-declaration}</br><br>
	at sun.reflect.NativeConstructorAccessorImpl.newInstance0(Native Method)</br><br>
	at sun.reflect.NativeConstructorAccessorImpl.newInstance(NativeConstructorAccessorImpl.java:62)</br><br>
	at sun.reflect.DelegatingConstructorAccessorImpl.newInstance(DelegatingConstructorAccessorImpl.java:45)</br><br>
	at java.lang.reflect.Constructor.newInstance(Constructor.java:423)</br><br>
	at org.openqa.selenium.remote.ErrorHandler.createThrowable(ErrorHandler.java:216)</br><br>
	at org.openqa.selenium.remote.ErrorHandler.throwIfResponseFailed(ErrorHandler.java:168)</br><br>
	at org.openqa.selenium.remote.RemoteWebDriver.execute(RemoteWebDriver.java:635)</br><br>
	at org.openqa.selenium.remote.RemoteWebDriver.findElement(RemoteWebDriver.java:368)</br><br>
	at org.openqa.selenium.remote.RemoteWebDriver.findElementById(RemoteWebDriver.java:417)</br><br>
	at org.openqa.selenium.By&#36;ById.findElement(By.java:218)</br><br>
	at org.openqa.selenium.remote.RemoteWebDriver.findElement(RemoteWebDriver.java:360)</br><br>
	at org.openqa.selenium.support.pagefactory.DefaultElementLocator.findElement(DefaultElementLocator.java:69)</br><br>
	at org.openqa.selenium.support.pagefactory.internal.LocatingElementHandler.invoke(LocatingElementHandler.java:38)</br><br>
	at com.sun.proxy.&#36;Proxy17.click(Unknown Source)</br><br>
	at actionsPerformed.AgreementPageActions.Affordability(AgreementPageActions.java:29)</br><br>
	at steps.E2EOrderPlaced_Steps.AgreementsPageConfirmation(E2EOrderPlaced_Steps.java:507)</br><br>
	at &#10045;.And Continue to Agreements page and confirm all the agreement checks(CS_PayMPhonesHomeDeliveryWithoutAccessory.feature:15)</br><br>
</br></div></td></tr><tr class="skipped"><td><b>And </b> Continue to Review page and review the order</td><td width="100">0.00s</td></tr><tr class="skipped"><td><b>Then </b> order confirmation is displayed</td><td width="100">0.00s</td></tr></table></td></tr><tr class="passed"><td>After</td><td colspan="2"></td><td width="100">3.13s</td></tr><tr class="passed"><td colspan="4"><br></br></td></tr><tr><td colspan="5"><sup><a href="#top">Back to Table of Contents</a></sup></td></tr></table></td></tr><tr><td colspan="5"></td></tr><tr class="failed"><td colspan="4"><b>Feature:</b> <a id="feature-sim-only-paym-12months-e2e-validation">Sim Only PayM 12Months E2E validation</a></td></tr><tr class="failed_description"><td colspan="4"><br></br></td></tr><tr class="failed"><td><small><b>Passed:</b> 0</small></td><td><small><b>Failed:</b> 2</small></td><td><small><b>Undefined:</b> 0</small></td><td><small>Duration: 492.55s</small></td></tr><tr class="failed"><td colspan="4" style="padding-left:20px"> <table width="100%"><tr class="failed"><td colspan="4"><b>Scenario Outline:</b> <a id="sc-sim-only-paym-12months-e2e-validation;sim-only-paym-12months-e2e-validation;;2">Sim Only PayM 12Months E2E validation</a></td></tr><tr class="failed_description"><td colspan="4"><br></br></td></tr><tr class="failed"><td><small><b>Passed:</b> 2</small></td><td><small><b>Failed:</b> 1</small></td><td><small><b>Undefined:</b> 7</small></td><td><small>Duration: 262.76s</small></td></tr><tr class="passed"><td>Before</td><td colspan="2"></td><td width="100">107.29s</td></tr><tr class="passed"><td colspan="4"><br></br></td></tr><tr class="failed"><td colspan="4" style="padding-left:20px"> <table width="100%"><tr class="passed"><td><b>Given </b> I am an CFA user and Lands on shop page</td><td width="100">0.57s</td></tr><tr class="passed"><td><b>And </b> navigate to PAYM SIMO page</td><td width="100">111.55s</td></tr><tr class="failed"><td><b>And </b> Click on different 12 Months  Months Tariff in Tab</td><td width="100">39.42s</td></tr><tr class="failed"><td colspan="2"><div><br>org.openqa.selenium.NoSuchElementException: no such element: Unable to locate element: {&quot;method&quot;:&quot;xpath&quot;,&quot;selector&quot;:&quot;//*[@id='id-12-months']/p/a&quot;}
  (Session info: chrome=57.0.2987.133)
  (Driver info: chromedriver=2.28.455520 (cc17746adff54984afff480136733114c6b3704b),platform=Windows NT 6.1.7601 SP1 x86) (WARNING: The server did not provide any stacktrace information)
Command duration or timeout: 37.85 seconds
For documentation on this error, please visit: http://seleniumhq.org/exceptions/no_such_element.html
Build info: version: '3.0.1', revision: '1969d75', time: '2016-10-18 09:49:13 -0700'
System info: host: 'LASST266393', ip: '192.168.1.4', os.name: 'Windows 7', os.arch: 'x86', os.version: '6.1', java.version: '1.8.0_121'
Driver info: org.openqa.selenium.chrome.ChromeDriver
Capabilities [{applicationCacheEnabled=false, rotatable=false, mobileEmulationEnabled=false, networkConnectionEnabled=false, chrome={chromedriverVersion=2.28.455520 (cc17746adff54984afff480136733114c6b3704b), userDataDir=C:UsersvMalalu1AppDataLocalTempscoped_dir11804_14692}, takesHeapSnapshot=true, pageLoadStrategy=normal, databaseEnabled=false, handlesAlerts=true, hasTouchScreen=false, version=57.0.2987.133, platform=XP, browserConnectionEnabled=false, nativeEvents=true, acceptSslCerts=true, locationContextEnabled=true, webStorageEnabled=true, browserName=chrome, takesScreenshot=true, javascriptEnabled=true, cssSelectorsEnabled=true, unexpectedAlertBehaviour=}]
Session ID: cc13e04cbf277faf2e5d19db17d5cf1f
*** Element info: {Using=xpath, value=//*[@id='id-12-months']/p/a}</br><br>
	at sun.reflect.NativeConstructorAccessorImpl.newInstance0(Native Method)</br><br>
	at sun.reflect.NativeConstructorAccessorImpl.newInstance(NativeConstructorAccessorImpl.java:62)</br><br>
	at sun.reflect.DelegatingConstructorAccessorImpl.newInstance(DelegatingConstructorAccessorImpl.java:45)</br><br>
	at java.lang.reflect.Constructor.newInstance(Constructor.java:423)</br><br>
	at org.openqa.selenium.remote.ErrorHandler.createThrowable(ErrorHandler.java:216)</br><br>
	at org.openqa.selenium.remote.ErrorHandler.throwIfResponseFailed(ErrorHandler.java:168)</br><br>
	at org.openqa.selenium.remote.RemoteWebDriver.execute(RemoteWebDriver.java:635)</br><br>
	at org.openqa.selenium.remote.RemoteWebDriver.findElement(RemoteWebDriver.java:368)</br><br>
	at org.openqa.selenium.remote.RemoteWebDriver.findElementByXPath(RemoteWebDriver.java:473)</br><br>
	at org.openqa.selenium.By&#36;ByXPath.findElement(By.java:361)</br><br>
	at org.openqa.selenium.remote.RemoteWebDriver.findElement(RemoteWebDriver.java:360)</br><br>
	at org.openqa.selenium.support.pagefactory.DefaultElementLocator.findElement(DefaultElementLocator.java:69)</br><br>
	at org.openqa.selenium.support.pagefactory.internal.LocatingElementHandler.invoke(LocatingElementHandler.java:38)</br><br>
	at com.sun.proxy.&#36;Proxy17.getText(Unknown Source)</br><br>
	at actionsPerformed.PAYMSimOPageActions.ValidateContractLengths(PAYMSimOPageActions.java:40)</br><br>
	at steps.E2EOrderPlaced_Steps.click_on_different_Months_Tariff_in_Tab(E2EOrderPlaced_Steps.java:220)</br><br>
	at &#10045;.And Click on different 12 Months  Months Tariff in Tab(CS_PayMSimOnly.feature:7)</br><br>
</br></div></td></tr><tr class="skipped"><td><b>And </b> Select any Random Tariff in the displayed list of Tariffs under different 12 Months tab</td><td width="100">0.00s</td></tr><tr class="skipped"><td><b>And </b> I Land on the Plan included basket page and choose home delivery option</td><td width="100">0.00s</td></tr><tr class="skipped"><td><b>And </b> click on &quot;go to checkout&quot; button</td><td width="100">0.00s</td></tr><tr class="skipped"><td><b>And </b> input TEST and ACCEPTA and other valid details in Delivery page and Click on the 'Continue button'</td><td width="100">0.00s</td></tr><tr class="skipped"><td><b>And </b> land on the payment page and input TEST ACCEPTA and other details and click 'Continue on next step'</td><td width="100">0.00s</td></tr><tr class="skipped"><td><b>And </b> Continue to Review page and review the order</td><td width="100">0.00s</td></tr><tr class="skipped"><td><b>Then </b> order confirmation is displayed</td><td width="100">0.00s</td></tr></table></td></tr><tr class="passed"><td>After</td><td colspan="2"></td><td width="100">3.94s</td></tr><tr class="passed"><td colspan="4"><br></br></td></tr><tr><td colspan="5"><sup><a href="#top">Back to Table of Contents</a></sup></td></tr><tr class="failed"><td colspan="4"><b>Scenario Outline:</b> <a id="sc-sim-only-paym-12months-e2e-validation;sim-only-paym-12months-e2e-validation;;3">Sim Only PayM 12Months E2E validation</a></td></tr><tr class="failed_description"><td colspan="4"><br></br></td></tr><tr class="failed"><td><small><b>Passed:</b> 2</small></td><td><small><b>Failed:</b> 1</small></td><td><small><b>Undefined:</b> 7</small></td><td><small>Duration: 229.79s</small></td></tr><tr class="passed"><td>Before</td><td colspan="2"></td><td width="100">94.80s</td></tr><tr class="passed"><td colspan="4"><br></br></td></tr><tr class="failed"><td colspan="4" style="padding-left:20px"> <table width="100%"><tr class="passed"><td><b>Given </b> I am an CFA user and Lands on shop page</td><td width="100">0.25s</td></tr><tr class="passed"><td><b>And </b> navigate to PAYM SIMO page</td><td width="100">90.93s</td></tr><tr class="failed"><td><b>And </b> Click on different 30 Days  Months Tariff in Tab</td><td width="100">39.21s</td></tr><tr class="failed"><td colspan="2"><div><br>org.openqa.selenium.NoSuchElementException: no such element: Unable to locate element: {&quot;method&quot;:&quot;xpath&quot;,&quot;selector&quot;:&quot;//*[@id='id-30-days']/p/a&quot;}
  (Session info: chrome=57.0.2987.133)
  (Driver info: chromedriver=2.28.455520 (cc17746adff54984afff480136733114c6b3704b),platform=Windows NT 6.1.7601 SP1 x86) (WARNING: The server did not provide any stacktrace information)
Command duration or timeout: 39.05 seconds
For documentation on this error, please visit: http://seleniumhq.org/exceptions/no_such_element.html
Build info: version: '3.0.1', revision: '1969d75', time: '2016-10-18 09:49:13 -0700'
System info: host: 'LASST266393', ip: '192.168.1.4', os.name: 'Windows 7', os.arch: 'x86', os.version: '6.1', java.version: '1.8.0_121'
Driver info: org.openqa.selenium.chrome.ChromeDriver
Capabilities [{applicationCacheEnabled=false, rotatable=false, mobileEmulationEnabled=false, networkConnectionEnabled=false, chrome={chromedriverVersion=2.28.455520 (cc17746adff54984afff480136733114c6b3704b), userDataDir=C:UsersvMalalu1AppDataLocalTempscoped_dir11036_12374}, takesHeapSnapshot=true, pageLoadStrategy=normal, databaseEnabled=false, handlesAlerts=true, hasTouchScreen=false, version=57.0.2987.133, platform=XP, browserConnectionEnabled=false, nativeEvents=true, acceptSslCerts=true, locationContextEnabled=true, webStorageEnabled=true, browserName=chrome, takesScreenshot=true, javascriptEnabled=true, cssSelectorsEnabled=true, unexpectedAlertBehaviour=}]
Session ID: 725c4a08ee77aa89af9255978b076755
*** Element info: {Using=xpath, value=//*[@id='id-30-days']/p/a}</br><br>
	at sun.reflect.NativeConstructorAccessorImpl.newInstance0(Native Method)</br><br>
	at sun.reflect.NativeConstructorAccessorImpl.newInstance(NativeConstructorAccessorImpl.java:62)</br><br>
	at sun.reflect.DelegatingConstructorAccessorImpl.newInstance(DelegatingConstructorAccessorImpl.java:45)</br><br>
	at java.lang.reflect.Constructor.newInstance(Constructor.java:423)</br><br>
	at org.openqa.selenium.remote.ErrorHandler.createThrowable(ErrorHandler.java:216)</br><br>
	at org.openqa.selenium.remote.ErrorHandler.throwIfResponseFailed(ErrorHandler.java:168)</br><br>
	at org.openqa.selenium.remote.RemoteWebDriver.execute(RemoteWebDriver.java:635)</br><br>
	at org.openqa.selenium.remote.RemoteWebDriver.findElement(RemoteWebDriver.java:368)</br><br>
	at org.openqa.selenium.remote.RemoteWebDriver.findElementByXPath(RemoteWebDriver.java:473)</br><br>
	at org.openqa.selenium.By&#36;ByXPath.findElement(By.java:361)</br><br>
	at org.openqa.selenium.remote.RemoteWebDriver.findElement(RemoteWebDriver.java:360)</br><br>
	at org.openqa.selenium.support.pagefactory.DefaultElementLocator.findElement(DefaultElementLocator.java:69)</br><br>
	at org.openqa.selenium.support.pagefactory.internal.LocatingElementHandler.invoke(LocatingElementHandler.java:38)</br><br>
	at com.sun.proxy.&#36;Proxy17.getText(Unknown Source)</br><br>
	at actionsPerformed.PAYMSimOPageActions.ValidateContractLengths(PAYMSimOPageActions.java:33)</br><br>
	at steps.E2EOrderPlaced_Steps.click_on_different_Months_Tariff_in_Tab(E2EOrderPlaced_Steps.java:220)</br><br>
	at &#10045;.And Click on different 30 Days  Months Tariff in Tab(CS_PayMSimOnly.feature:7)</br><br>
</br></div></td></tr><tr class="skipped"><td><b>And </b> Select any Random Tariff in the displayed list of Tariffs under different 30 Days tab</td><td width="100">0.00s</td></tr><tr class="skipped"><td><b>And </b> I Land on the Plan included basket page and choose home delivery option</td><td width="100">0.00s</td></tr><tr class="skipped"><td><b>And </b> click on &quot;go to checkout&quot; button</td><td width="100">0.00s</td></tr><tr class="skipped"><td><b>And </b> input TEST and ACCEPTA and other valid details in Delivery page and Click on the 'Continue button'</td><td width="100">0.00s</td></tr><tr class="skipped"><td><b>And </b> land on the payment page and input TEST ACCEPTA and other details and click 'Continue on next step'</td><td width="100">0.00s</td></tr><tr class="skipped"><td><b>And </b> Continue to Review page and review the order</td><td width="100">0.00s</td></tr><tr class="skipped"><td><b>Then </b> order confirmation is displayed</td><td width="100">0.00s</td></tr></table></td></tr><tr class="passed"><td>After</td><td colspan="2"></td><td width="100">4.60s</td></tr><tr class="passed"><td colspan="4"><br></br></td></tr><tr><td colspan="5"><sup><a href="#top">Back to Table of Contents</a></sup></td></tr></table></td></tr><tr><td colspan="5"></td></tr><tr class="skipped"><td colspan="4"><b>Feature:</b> <a id="feature-sim-only-paym-recommended-tariff-selection-e2e-validation">Sim Only PayM Recommended Tariff selection E2E validation</a></td></tr><tr class="skipped_description"><td colspan="4"><br></br></td></tr><tr class="skipped"><td><small><b>Passed:</b> 0</small></td><td><small><b>Failed:</b> 0</small></td><td><small><b>Undefined:</b> 2</small></td><td><small>Duration: 70.70s</small></td></tr><tr class="skipped"><td colspan="4" style="padding-left:20px"> <table width="100%"><tr class="skipped"><td colspan="4"><b>Scenario Outline:</b> <a id="sc-sim-only-paym-recommended-tariff-selection-e2e-validation;sim-only-paym-recommended-tariff-selection-e2e-validation;;2">Sim Only PayM Recommended Tariff selection E2E validation</a></td></tr><tr class="skipped_description"><td colspan="4"><br></br></td></tr><tr class="skipped"><td><small><b>Passed:</b> 0</small></td><td><small><b>Failed:</b> 0</small></td><td><small><b>Undefined:</b> 9</small></td><td><small>Duration: 25.63s</small></td></tr><tr class="failed"><td>Before</td><td colspan="2"></td><td width="100">23.01s</td></tr><tr class="failed"><td colspan="4"><br>org.openqa.selenium.WebDriverException: unknown error: cannot get automation extension
from timeout: cannot determine loading status
from timeout: Timed out receiving message from renderer: -0.983
  (Session info: chrome=57.0.2987.133)
  (Driver info: chromedriver=2.28.455520 (cc17746adff54984afff480136733114c6b3704b),platform=Windows NT 6.1.7601 SP1 x86) (WARNING: The server did not provide any stacktrace information)
Command duration or timeout: 11.07 seconds
Build info: version: '3.0.1', revision: '1969d75', time: '2016-10-18 09:49:13 -0700'
System info: host: 'LASST266393', ip: '192.168.1.4', os.name: 'Windows 7', os.arch: 'x86', os.version: '6.1', java.version: '1.8.0_121'
Driver info: org.openqa.selenium.chrome.ChromeDriver
Capabilities [{applicationCacheEnabled=false, rotatable=false, mobileEmulationEnabled=false, networkConnectionEnabled=false, chrome={chromedriverVersion=2.28.455520 (cc17746adff54984afff480136733114c6b3704b), userDataDir=C:UsersvMalalu1AppDataLocalTempscoped_dir5460_30321}, takesHeapSnapshot=true, pageLoadStrategy=normal, databaseEnabled=false, handlesAlerts=true, hasTouchScreen=false, version=57.0.2987.133, platform=XP, browserConnectionEnabled=false, nativeEvents=true, acceptSslCerts=true, locationContextEnabled=true, webStorageEnabled=true, browserName=chrome, takesScreenshot=true, javascriptEnabled=true, cssSelectorsEnabled=true, unexpectedAlertBehaviour=}]
Session ID: a9a712e8203ae745f9799a68d97f97bf</br><br>	at sun.reflect.NativeConstructorAccessorImpl.newInstance0(Native Method)</br><br>	at sun.reflect.NativeConstructorAccessorImpl.newInstance(NativeConstructorAccessorImpl.java:62)</br><br>	at sun.reflect.DelegatingConstructorAccessorImpl.newInstance(DelegatingConstructorAccessorImpl.java:45)</br><br>	at java.lang.reflect.Constructor.newInstance(Constructor.java:423)</br><br>	at org.openqa.selenium.remote.ErrorHandler.createThrowable(ErrorHandler.java:216)</br><br>	at org.openqa.selenium.remote.ErrorHandler.throwIfResponseFailed(ErrorHandler.java:168)</br><br>	at org.openqa.selenium.remote.RemoteWebDriver.execute(RemoteWebDriver.java:635)</br><br>	at org.openqa.selenium.remote.RemoteWebDriver.execute(RemoteWebDriver.java:658)</br><br>	at org.openqa.selenium.remote.RemoteWebDriver&#36;RemoteWebDriverOptions&#36;RemoteWindow.maximize(RemoteWebDriver.java:882)</br><br>	at helpers.BrowserHelper.Invoke_browser(BrowserHelper.java:51)</br><br>	at steps.Hooks.openBrowser(Hooks.java:50)</br><br>	at sun.reflect.NativeMethodAccessorImpl.invoke0(Native Method)</br><br>	at sun.reflect.NativeMethodAccessorImpl.invoke(NativeMethodAccessorImpl.java:62)</br><br>	at sun.reflect.DelegatingMethodAccessorImpl.invoke(DelegatingMethodAccessorImpl.java:43)</br><br>	at java.lang.reflect.Method.invoke(Method.java:498)</br><br>	at cucumber.runtime.Utils&#36;1.call(Utils.java:40)</br><br>	at cucumber.runtime.Timeout.timeout(Timeout.java:16)</br><br>	at cucumber.runtime.Utils.invoke(Utils.java:34)</br><br>	at cucumber.runtime.java.JavaHookDefinition.execute(JavaHookDefinition.java:60)</br><br>	at cucumber.runtime.Runtime.runHookIfTagsMatch(Runtime.java:224)</br><br>	at cucumber.runtime.Runtime.runHooks(Runtime.java:212)</br><br>	at cucumber.runtime.Runtime.runBeforeHooks(Runtime.java:202)</br><br>	at cucumber.runtime.model.CucumberScenario.run(CucumberScenario.java:40)</br><br>	at cucumber.runtime.junit.ExecutionUnitRunner.run(ExecutionUnitRunner.java:102)</br><br>	at org.junit.runners.Suite.runChild(Suite.java:128)</br><br>	at org.junit.runners.Suite.runChild(Suite.java:27)</br><br>	at org.junit.runners.ParentRunner&#36;3.run(ParentRunner.java:290)</br><br>	at org.junit.runners.ParentRunner&#36;1.schedule(ParentRunner.java:71)</br><br>	at org.junit.runners.ParentRunner.runChildren(ParentRunner.java:288)</br><br>	at org.junit.runners.ParentRunner.access&#36;000(ParentRunner.java:58)</br><br>	at org.junit.runners.ParentRunner&#36;2.evaluate(ParentRunner.java:268)</br><br>	at org.junit.runners.ParentRunner.run(ParentRunner.java:363)</br><br>	at cucumber.runtime.junit.ExamplesRunner.run(ExamplesRunner.java:59)</br><br>	at org.junit.runners.Suite.runChild(Suite.java:128)</br><br>	at org.junit.runners.Suite.runChild(Suite.java:27)</br><br>	at org.junit.runners.ParentRunner&#36;3.run(ParentRunner.java:290)</br><br>	at org.junit.runners.ParentRunner&#36;1.schedule(ParentRunner.java:71)</br><br>	at org.junit.runners.ParentRunner.runChildren(ParentRunner.java:288)</br><br>	at org.junit.runners.ParentRunner.access&#36;000(ParentRunner.java:58)</br><br>	at org.junit.runners.ParentRunner&#36;2.evaluate(ParentRunner.java:268)</br><br>	at org.junit.runners.ParentRunner.run(ParentRunner.java:363)</br><br>	at cucumber.runtime.junit.ScenarioOutlineRunner.run(ScenarioOutlineRunner.java:53)</br><br>	at cucumber.runtime.junit.FeatureRunner.runChild(FeatureRunner.java:63)</br><br>	at cucumber.runtime.junit.FeatureRunner.runChild(FeatureRunner.java:18)</br><br>	at org.junit.runners.ParentRunner&#36;3.run(ParentRunner.java:290)</br><br>	at org.junit.runners.ParentRunner&#36;1.schedule(ParentRunner.java:71)</br><br>	at org.junit.runners.ParentRunner.runChildren(ParentRunner.java:288)</br><br>	at org.junit.runners.ParentRunner.access&#36;000(ParentRunner.java:58)</br><br>	at org.junit.runners.ParentRunner&#36;2.evaluate(ParentRunner.java:268)</br><br>	at org.junit.runners.ParentRunner.run(ParentRunner.java:363)</br><br>	at cucumber.runtime.junit.FeatureRunner.run(FeatureRunner.java:70)</br><br>	at cucumber.api.junit.Cucumber.runChild(Cucumber.java:95)</br><br>	at cucumber.api.junit.Cucumber.runChild(Cucumber.java:38)</br><br>	at org.junit.runners.ParentRunner&#36;3.run(ParentRunner.java:290)</br><br>	at org.junit.runners.ParentRunner&#36;1.schedule(ParentRunner.java:71)</br><br>	at org.junit.runners.ParentRunner.runChildren(ParentRunner.java:288)</br><br>	at org.junit.runners.ParentRunner.access&#36;000(ParentRunner.java:58)</br><br>	at org.junit.runners.ParentRunner&#36;2.evaluate(ParentRunner.java:268)</br><br>	at org.junit.internal.runners.statements.RunBefores.evaluate(RunBefores.java:26)</br><br>	at org.junit.runners.ParentRunner.run(ParentRunner.java:363)</br><br>	at cucumber.api.junit.Cucumber.run(Cucumber.java:100)</br><br>	at testRunner.CucumberRunner.run(CucumberRunner.java:64)</br><br>	at org.eclipse.jdt.internal.junit4.runner.JUnit4TestReference.run(JUnit4TestReference.java:86)</br><br>	at org.eclipse.jdt.internal.junit.runner.TestExecution.run(TestExecution.java:38)</br><br>	at org.eclipse.jdt.internal.junit.runner.RemoteTestRunner.runTests(RemoteTestRunner.java:459)</br><br>	at org.eclipse.jdt.internal.junit.runner.RemoteTestRunner.runTests(RemoteTestRunner.java:678)</br><br>	at org.eclipse.jdt.internal.junit.runner.RemoteTestRunner.run(RemoteTestRunner.java:382)</br><br>	at org.eclipse.jdt.internal.junit.runner.RemoteTestRunner.main(RemoteTestRunner.java:192)</br><br></br></td></tr><tr class="skipped"><td colspan="4" style="padding-left:20px"> <table width="100%"><tr class="skipped"><td><b>Given </b> I am an CFA user and Lands on shop page</td><td width="100">0.00s</td></tr><tr class="skipped"><td><b>And </b> navigate to PAYM SIMO page</td><td width="100">0.00s</td></tr><tr class="skipped"><td><b>And </b> Select &quot;Recommended&quot; Tariff in the displayed list of Tariffs under different 12 Months tab</td><td width="100">0.00s</td></tr><tr class="skipped"><td><b>And </b> I Land on the Plan included basket page and choose home delivery option</td><td width="100">0.00s</td></tr><tr class="skipped"><td><b>And </b> click on &quot;go to checkout&quot; button</td><td width="100">0.00s</td></tr><tr class="skipped"><td><b>And </b> input TEST and ACCEPTA and other valid details in Delivery page and Click on the 'Continue button'</td><td width="100">0.00s</td></tr><tr class="skipped"><td><b>And </b> land on the payment page and input TEST ACCEPTA and other details and click 'Continue on next step'</td><td width="100">0.00s</td></tr><tr class="skipped"><td><b>And </b> Continue to Review page and review the order</td><td width="100">0.00s</td></tr><tr class="skipped"><td><b>Then </b> order confirmation is displayed</td><td width="100">0.00s</td></tr></table></td></tr><tr class="passed"><td>After</td><td colspan="2"></td><td width="100">2.62s</td></tr><tr class="passed"><td colspan="4"><br></br></td></tr><tr><td colspan="5"><sup><a href="#top">Back to Table of Contents</a></sup></td></tr><tr class="skipped"><td colspan="4"><b>Scenario Outline:</b> <a id="sc-sim-only-paym-recommended-tariff-selection-e2e-validation;sim-only-paym-recommended-tariff-selection-e2e-validation;;3">Sim Only PayM Recommended Tariff selection E2E validation</a></td></tr><tr class="skipped_description"><td colspan="4"><br></br></td></tr><tr class="skipped"><td><small><b>Passed:</b> 0</small></td><td><small><b>Failed:</b> 0</small></td><td><small><b>Undefined:</b> 9</small></td><td><small>Duration: 45.07s</small></td></tr><tr class="failed"><td>Before</td><td colspan="2"></td><td width="100">36.68s</td></tr><tr class="failed"><td colspan="4"><br>org.openqa.selenium.WebDriverException: unknown error: cannot get automation extension
from timeout: cannot determine loading status
from timeout: Timed out receiving message from renderer: -9.151
  (Session info: chrome=57.0.2987.133)
  (Driver info: chromedriver=2.28.455520 (cc17746adff54984afff480136733114c6b3704b),platform=Windows NT 6.1.7601 SP1 x86) (WARNING: The server did not provide any stacktrace information)
Command duration or timeout: 19.26 seconds
Build info: version: '3.0.1', revision: '1969d75', time: '2016-10-18 09:49:13 -0700'
System info: host: 'LASST266393', ip: '192.168.1.4', os.name: 'Windows 7', os.arch: 'x86', os.version: '6.1', java.version: '1.8.0_121'
Driver info: org.openqa.selenium.chrome.ChromeDriver
Capabilities [{applicationCacheEnabled=false, rotatable=false, mobileEmulationEnabled=false, networkConnectionEnabled=false, chrome={chromedriverVersion=2.28.455520 (cc17746adff54984afff480136733114c6b3704b), userDataDir=C:UsersvMalalu1AppDataLocalTempscoped_dir12576_954}, takesHeapSnapshot=true, pageLoadStrategy=normal, databaseEnabled=false, handlesAlerts=true, hasTouchScreen=false, version=57.0.2987.133, platform=XP, browserConnectionEnabled=false, nativeEvents=true, acceptSslCerts=true, locationContextEnabled=true, webStorageEnabled=true, browserName=chrome, takesScreenshot=true, javascriptEnabled=true, cssSelectorsEnabled=true, unexpectedAlertBehaviour=}]
Session ID: a0d22d729d652563d291a8ced502d1e3</br><br>	at sun.reflect.NativeConstructorAccessorImpl.newInstance0(Native Method)</br><br>	at sun.reflect.NativeConstructorAccessorImpl.newInstance(NativeConstructorAccessorImpl.java:62)</br><br>	at sun.reflect.DelegatingConstructorAccessorImpl.newInstance(DelegatingConstructorAccessorImpl.java:45)</br><br>	at java.lang.reflect.Constructor.newInstance(Constructor.java:423)</br><br>	at org.openqa.selenium.remote.ErrorHandler.createThrowable(ErrorHandler.java:216)</br><br>	at org.openqa.selenium.remote.ErrorHandler.throwIfResponseFailed(ErrorHandler.java:168)</br><br>	at org.openqa.selenium.remote.RemoteWebDriver.execute(RemoteWebDriver.java:635)</br><br>	at org.openqa.selenium.remote.RemoteWebDriver.execute(RemoteWebDriver.java:658)</br><br>	at org.openqa.selenium.remote.RemoteWebDriver&#36;RemoteWebDriverOptions&#36;RemoteWindow.maximize(RemoteWebDriver.java:882)</br><br>	at helpers.BrowserHelper.Invoke_browser(BrowserHelper.java:51)</br><br>	at steps.Hooks.openBrowser(Hooks.java:50)</br><br>	at sun.reflect.NativeMethodAccessorImpl.invoke0(Native Method)</br><br>	at sun.reflect.NativeMethodAccessorImpl.invoke(NativeMethodAccessorImpl.java:62)</br><br>	at sun.reflect.DelegatingMethodAccessorImpl.invoke(DelegatingMethodAccessorImpl.java:43)</br><br>	at java.lang.reflect.Method.invoke(Method.java:498)</br><br>	at cucumber.runtime.Utils&#36;1.call(Utils.java:40)</br><br>	at cucumber.runtime.Timeout.timeout(Timeout.java:16)</br><br>	at cucumber.runtime.Utils.invoke(Utils.java:34)</br><br>	at cucumber.runtime.java.JavaHookDefinition.execute(JavaHookDefinition.java:60)</br><br>	at cucumber.runtime.Runtime.runHookIfTagsMatch(Runtime.java:224)</br><br>	at cucumber.runtime.Runtime.runHooks(Runtime.java:212)</br><br>	at cucumber.runtime.Runtime.runBeforeHooks(Runtime.java:202)</br><br>	at cucumber.runtime.model.CucumberScenario.run(CucumberScenario.java:40)</br><br>	at cucumber.runtime.junit.ExecutionUnitRunner.run(ExecutionUnitRunner.java:102)</br><br>	at org.junit.runners.Suite.runChild(Suite.java:128)</br><br>	at org.junit.runners.Suite.runChild(Suite.java:27)</br><br>	at org.junit.runners.ParentRunner&#36;3.run(ParentRunner.java:290)</br><br>	at org.junit.runners.ParentRunner&#36;1.schedule(ParentRunner.java:71)</br><br>	at org.junit.runners.ParentRunner.runChildren(ParentRunner.java:288)</br><br>	at org.junit.runners.ParentRunner.access&#36;000(ParentRunner.java:58)</br><br>	at org.junit.runners.ParentRunner&#36;2.evaluate(ParentRunner.java:268)</br><br>	at org.junit.runners.ParentRunner.run(ParentRunner.java:363)</br><br>	at cucumber.runtime.junit.ExamplesRunner.run(ExamplesRunner.java:59)</br><br>	at org.junit.runners.Suite.runChild(Suite.java:128)</br><br>	at org.junit.runners.Suite.runChild(Suite.java:27)</br><br>	at org.junit.runners.ParentRunner&#36;3.run(ParentRunner.java:290)</br><br>	at org.junit.runners.ParentRunner&#36;1.schedule(ParentRunner.java:71)</br><br>	at org.junit.runners.ParentRunner.runChildren(ParentRunner.java:288)</br><br>	at org.junit.runners.ParentRunner.access&#36;000(ParentRunner.java:58)</br><br>	at org.junit.runners.ParentRunner&#36;2.evaluate(ParentRunner.java:268)</br><br>	at org.junit.runners.ParentRunner.run(ParentRunner.java:363)</br><br>	at cucumber.runtime.junit.ScenarioOutlineRunner.run(ScenarioOutlineRunner.java:53)</br><br>	at cucumber.runtime.junit.FeatureRunner.runChild(FeatureRunner.java:63)</br><br>	at cucumber.runtime.junit.FeatureRunner.runChild(FeatureRunner.java:18)</br><br>	at org.junit.runners.ParentRunner&#36;3.run(ParentRunner.java:290)</br><br>	at org.junit.runners.ParentRunner&#36;1.schedule(ParentRunner.java:71)</br><br>	at org.junit.runners.ParentRunner.runChildren(ParentRunner.java:288)</br><br>	at org.junit.runners.ParentRunner.access&#36;000(ParentRunner.java:58)</br><br>	at org.junit.runners.ParentRunner&#36;2.evaluate(ParentRunner.java:268)</br><br>	at org.junit.runners.ParentRunner.run(ParentRunner.java:363)</br><br>	at cucumber.runtime.junit.FeatureRunner.run(FeatureRunner.java:70)</br><br>	at cucumber.api.junit.Cucumber.runChild(Cucumber.java:95)</br><br>	at cucumber.api.junit.Cucumber.runChild(Cucumber.java:38)</br><br>	at org.junit.runners.ParentRunner&#36;3.run(ParentRunner.java:290)</br><br>	at org.junit.runners.ParentRunner&#36;1.schedule(ParentRunner.java:71)</br><br>	at org.junit.runners.ParentRunner.runChildren(ParentRunner.java:288)</br><br>	at org.junit.runners.ParentRunner.access&#36;000(ParentRunner.java:58)</br><br>	at org.junit.runners.ParentRunner&#36;2.evaluate(ParentRunner.java:268)</br><br>	at org.junit.internal.runners.statements.RunBefores.evaluate(RunBefores.java:26)</br><br>	at org.junit.runners.ParentRunner.run(ParentRunner.java:363)</br><br>	at cucumber.api.junit.Cucumber.run(Cucumber.java:100)</br><br>	at testRunner.CucumberRunner.run(CucumberRunner.java:64)</br><br>	at org.eclipse.jdt.internal.junit4.runner.JUnit4TestReference.run(JUnit4TestReference.java:86)</br><br>	at org.eclipse.jdt.internal.junit.runner.TestExecution.run(TestExecution.java:38)</br><br>	at org.eclipse.jdt.internal.junit.runner.RemoteTestRunner.runTests(RemoteTestRunner.java:459)</br><br>	at org.eclipse.jdt.internal.junit.runner.RemoteTestRunner.runTests(RemoteTestRunner.java:678)</br><br>	at org.eclipse.jdt.internal.junit.runner.RemoteTestRunner.run(RemoteTestRunner.java:382)</br><br>	at org.eclipse.jdt.internal.junit.runner.RemoteTestRunner.main(RemoteTestRunner.java:192)</br><br></br></td></tr><tr class="skipped"><td colspan="4" style="padding-left:20px"> <table width="100%"><tr class="skipped"><td><b>Given </b> I am an CFA user and Lands on shop page</td><td width="100">0.00s</td></tr><tr class="skipped"><td><b>And </b> navigate to PAYM SIMO page</td><td width="100">0.00s</td></tr><tr class="skipped"><td><b>And </b> Select &quot;Recommended&quot; Tariff in the displayed list of Tariffs under different 30 Days tab</td><td width="100">0.00s</td></tr><tr class="skipped"><td><b>And </b> I Land on the Plan included basket page and choose home delivery option</td><td width="100">0.00s</td></tr><tr class="skipped"><td><b>And </b> click on &quot;go to checkout&quot; button</td><td width="100">0.00s</td></tr><tr class="skipped"><td><b>And </b> input TEST and ACCEPTA and other valid details in Delivery page and Click on the 'Continue button'</td><td width="100">0.00s</td></tr><tr class="skipped"><td><b>And </b> land on the payment page and input TEST ACCEPTA and other details and click 'Continue on next step'</td><td width="100">0.00s</td></tr><tr class="skipped"><td><b>And </b> Continue to Review page and review the order</td><td width="100">0.00s</td></tr><tr class="skipped"><td><b>Then </b> order confirmation is displayed</td><td width="100">0.00s</td></tr></table></td></tr><tr class="passed"><td>After</td><td colspan="2"></td><td width="100">8.39s</td></tr><tr class="passed"><td colspan="4"><br></br></td></tr><tr><td colspan="5"><sup><a href="#top">Back to Table of Contents</a></sup></td></tr></table></td></tr><tr><td colspan="5"></td></tr><tr class="skipped"><td colspan="4"><b>Feature:</b> <a id="feature-smart-watches-only-e2e-journey">Smart Watches only E2E journey</a></td></tr><tr class="skipped_description"><td colspan="4"><br></br></td></tr><tr class="skipped"><td><small><b>Passed:</b> 0</small></td><td><small><b>Failed:</b> 0</small></td><td><small><b>Undefined:</b> 1</small></td><td><small>Duration: 101.43s</small></td></tr><tr class="skipped"><td colspan="4" style="padding-left:20px"> <table width="100%"><tr class="skipped"><td colspan="4"><b>Scenario Outline:</b> <a id="sc-smart-watches-only-e2e-journey;smart-watches-only-e2e-journey;;2">Smart Watches only E2E journey</a></td></tr><tr class="skipped_description"><td colspan="4"><br></br></td></tr><tr class="skipped"><td><small><b>Passed:</b> 0</small></td><td><small><b>Failed:</b> 0</small></td><td><small><b>Undefined:</b> 10</small></td><td><small>Duration: 101.43s</small></td></tr><tr class="failed"><td>Before</td><td colspan="2"></td><td width="100">89.64s</td></tr><tr class="failed"><td colspan="4"><br>org.openqa.selenium.WebDriverException: unknown error: cannot get automation extension
from timeout: cannot determine loading status
from timeout: Timed out receiving message from renderer: -33.950
  (Session info: chrome=57.0.2987.133)
  (Driver info: chromedriver=2.28.455520 (cc17746adff54984afff480136733114c6b3704b),platform=Windows NT 6.1.7601 SP1 x86) (WARNING: The server did not provide any stacktrace information)
Command duration or timeout: 45.81 seconds
Build info: version: '3.0.1', revision: '1969d75', time: '2016-10-18 09:49:13 -0700'
System info: host: 'LASST266393', ip: '192.168.1.4', os.name: 'Windows 7', os.arch: 'x86', os.version: '6.1', java.version: '1.8.0_121'
Driver info: org.openqa.selenium.chrome.ChromeDriver
Capabilities [{applicationCacheEnabled=false, rotatable=false, mobileEmulationEnabled=false, networkConnectionEnabled=false, chrome={chromedriverVersion=2.28.455520 (cc17746adff54984afff480136733114c6b3704b), userDataDir=C:UsersvMalalu1AppDataLocalTempscoped_dir12748_7343}, takesHeapSnapshot=true, pageLoadStrategy=normal, databaseEnabled=false, handlesAlerts=true, hasTouchScreen=false, version=57.0.2987.133, platform=XP, browserConnectionEnabled=false, nativeEvents=true, acceptSslCerts=true, locationContextEnabled=true, webStorageEnabled=true, browserName=chrome, takesScreenshot=true, javascriptEnabled=true, cssSelectorsEnabled=true, unexpectedAlertBehaviour=}]
Session ID: 56c3b91676a5a61ade56613c88c4dee4</br><br>	at sun.reflect.NativeConstructorAccessorImpl.newInstance0(Native Method)</br><br>	at sun.reflect.NativeConstructorAccessorImpl.newInstance(NativeConstructorAccessorImpl.java:62)</br><br>	at sun.reflect.DelegatingConstructorAccessorImpl.newInstance(DelegatingConstructorAccessorImpl.java:45)</br><br>	at java.lang.reflect.Constructor.newInstance(Constructor.java:423)</br><br>	at org.openqa.selenium.remote.ErrorHandler.createThrowable(ErrorHandler.java:216)</br><br>	at org.openqa.selenium.remote.ErrorHandler.throwIfResponseFailed(ErrorHandler.java:168)</br><br>	at org.openqa.selenium.remote.RemoteWebDriver.execute(RemoteWebDriver.java:635)</br><br>	at org.openqa.selenium.remote.RemoteWebDriver.execute(RemoteWebDriver.java:658)</br><br>	at org.openqa.selenium.remote.RemoteWebDriver&#36;RemoteWebDriverOptions&#36;RemoteWindow.maximize(RemoteWebDriver.java:882)</br><br>	at helpers.BrowserHelper.Invoke_browser(BrowserHelper.java:51)</br><br>	at steps.Hooks.openBrowser(Hooks.java:50)</br><br>	at sun.reflect.NativeMethodAccessorImpl.invoke0(Native Method)</br><br>	at sun.reflect.NativeMethodAccessorImpl.invoke(NativeMethodAccessorImpl.java:62)</br><br>	at sun.reflect.DelegatingMethodAccessorImpl.invoke(DelegatingMethodAccessorImpl.java:43)</br><br>	at java.lang.reflect.Method.invoke(Method.java:498)</br><br>	at cucumber.runtime.Utils&#36;1.call(Utils.java:40)</br><br>	at cucumber.runtime.Timeout.timeout(Timeout.java:16)</br><br>	at cucumber.runtime.Utils.invoke(Utils.java:34)</br><br>	at cucumber.runtime.java.JavaHookDefinition.execute(JavaHookDefinition.java:60)</br><br>	at cucumber.runtime.Runtime.runHookIfTagsMatch(Runtime.java:224)</br><br>	at cucumber.runtime.Runtime.runHooks(Runtime.java:212)</br><br>	at cucumber.runtime.Runtime.runBeforeHooks(Runtime.java:202)</br><br>	at cucumber.runtime.model.CucumberScenario.run(CucumberScenario.java:40)</br><br>	at cucumber.runtime.junit.ExecutionUnitRunner.run(ExecutionUnitRunner.java:102)</br><br>	at org.junit.runners.Suite.runChild(Suite.java:128)</br><br>	at org.junit.runners.Suite.runChild(Suite.java:27)</br><br>	at org.junit.runners.ParentRunner&#36;3.run(ParentRunner.java:290)</br><br>	at org.junit.runners.ParentRunner&#36;1.schedule(ParentRunner.java:71)</br><br>	at org.junit.runners.ParentRunner.runChildren(ParentRunner.java:288)</br><br>	at org.junit.runners.ParentRunner.access&#36;000(ParentRunner.java:58)</br><br>	at org.junit.runners.ParentRunner&#36;2.evaluate(ParentRunner.java:268)</br><br>	at org.junit.runners.ParentRunner.run(ParentRunner.java:363)</br><br>	at cucumber.runtime.junit.ExamplesRunner.run(ExamplesRunner.java:59)</br><br>	at org.junit.runners.Suite.runChild(Suite.java:128)</br><br>	at org.junit.runners.Suite.runChild(Suite.java:27)</br><br>	at org.junit.runners.ParentRunner&#36;3.run(ParentRunner.java:290)</br><br>	at org.junit.runners.ParentRunner&#36;1.schedule(ParentRunner.java:71)</br><br>	at org.junit.runners.ParentRunner.runChildren(ParentRunner.java:288)</br><br>	at org.junit.runners.ParentRunner.access&#36;000(ParentRunner.java:58)</br><br>	at org.junit.runners.ParentRunner&#36;2.evaluate(ParentRunner.java:268)</br><br>	at org.junit.runners.ParentRunner.run(ParentRunner.java:363)</br><br>	at cucumber.runtime.junit.ScenarioOutlineRunner.run(ScenarioOutlineRunner.java:53)</br><br>	at cucumber.runtime.junit.FeatureRunner.runChild(FeatureRunner.java:63)</br><br>	at cucumber.runtime.junit.FeatureRunner.runChild(FeatureRunner.java:18)</br><br>	at org.junit.runners.ParentRunner&#36;3.run(ParentRunner.java:290)</br><br>	at org.junit.runners.ParentRunner&#36;1.schedule(ParentRunner.java:71)</br><br>	at org.junit.runners.ParentRunner.runChildren(ParentRunner.java:288)</br><br>	at org.junit.runners.ParentRunner.access&#36;000(ParentRunner.java:58)</br><br>	at org.junit.runners.ParentRunner&#36;2.evaluate(ParentRunner.java:268)</br><br>	at org.junit.runners.ParentRunner.run(ParentRunner.java:363)</br><br>	at cucumber.runtime.junit.FeatureRunner.run(FeatureRunner.java:70)</br><br>	at cucumber.api.junit.Cucumber.runChild(Cucumber.java:95)</br><br>	at cucumber.api.junit.Cucumber.runChild(Cucumber.java:38)</br><br>	at org.junit.runners.ParentRunner&#36;3.run(ParentRunner.java:290)</br><br>	at org.junit.runners.ParentRunner&#36;1.schedule(ParentRunner.java:71)</br><br>	at org.junit.runners.ParentRunner.runChildren(ParentRunner.java:288)</br><br>	at org.junit.runners.ParentRunner.access&#36;000(ParentRunner.java:58)</br><br>	at org.junit.runners.ParentRunner&#36;2.evaluate(ParentRunner.java:268)</br><br>	at org.junit.internal.runners.statements.RunBefores.evaluate(RunBefores.java:26)</br><br>	at org.junit.runners.ParentRunner.run(ParentRunner.java:363)</br><br>	at cucumber.api.junit.Cucumber.run(Cucumber.java:100)</br><br>	at testRunner.CucumberRunner.run(CucumberRunner.java:64)</br><br>	at org.eclipse.jdt.internal.junit4.runner.JUnit4TestReference.run(JUnit4TestReference.java:86)</br><br>	at org.eclipse.jdt.internal.junit.runner.TestExecution.run(TestExecution.java:38)</br><br>	at org.eclipse.jdt.internal.junit.runner.RemoteTestRunner.runTests(RemoteTestRunner.java:459)</br><br>	at org.eclipse.jdt.internal.junit.runner.RemoteTestRunner.runTests(RemoteTestRunner.java:678)</br><br>	at org.eclipse.jdt.internal.junit.runner.RemoteTestRunner.run(RemoteTestRunner.java:382)</br><br>	at org.eclipse.jdt.internal.junit.runner.RemoteTestRunner.main(RemoteTestRunner.java:192)</br><br></br></td></tr><tr class="skipped"><td colspan="4" style="padding-left:20px"> <table width="100%"><tr class="skipped"><td><b>Given </b> I am an CFA user and Lands on shop page</td><td width="100">0.00s</td></tr><tr class="skipped"><td><b>And </b> Navigate to SmartWatches</td><td width="100">0.00s</td></tr><tr class="skipped"><td><b>And </b> select any available &quot;Random&quot; Smartwatch</td><td width="100">0.00s</td></tr><tr class="skipped"><td><b>And </b> add SmartWatch to basket within limit in details page and navigate to basket</td><td width="100">0.00s</td></tr><tr class="skipped"><td><b>And </b> I Land on the Non Phone related basket page and choose home delivery option</td><td width="100">0.00s</td></tr><tr class="skipped"><td><b>And </b> click on &quot;go to checkout&quot; button</td><td width="100">0.00s</td></tr><tr class="skipped"><td><b>And </b> input TEST and ACCEPTA and other valid details in Delivery page and Click on the 'Continue button'</td><td width="100">0.00s</td></tr><tr class="skipped"><td><b>And </b> land on the Non Credit check payment page and input TEST ACCEPTA and other details and click 'Continue on next step'</td><td width="100">0.00s</td></tr><tr class="skipped"><td><b>And </b> Continue to Review page and review the order</td><td width="100">0.00s</td></tr><tr class="skipped"><td><b>Then </b> order confirmation is displayed</td><td width="100">0.00s</td></tr></table></td></tr><tr class="passed"><td>After</td><td colspan="2"></td><td width="100">11.79s</td></tr><tr class="passed"><td colspan="4"><br></br></td></tr><tr><td colspan="5"><sup><a href="#top">Back to Table of Contents</a></sup></td></tr></table></td></tr><tr><td colspan="5"></td></tr><tr class="skipped"><td colspan="4"><b>Feature:</b> <a id="feature-cfa-paym-phones-click-and-collect-scenario-with-e2e-journey">CFA PayM Phones Click and collect scenario with E2E journey</a></td></tr><tr class="skipped_description"><td colspan="4"><br></br></td></tr><tr class="skipped"><td><small><b>Passed:</b> 0</small></td><td><small><b>Failed:</b> 0</small></td><td><small><b>Undefined:</b> 1</small></td><td><small>Duration: 89.34s</small></td></tr><tr class="skipped"><td colspan="4" style="padding-left:20px"> <table width="100%"><tr class="skipped"><td colspan="4"><b>Scenario Outline:</b> <a id="sc-cfa-paym-phones-click-and-collect-scenario-with-e2e-journey;cfa-paym-phones-click-and-collect-scenario-with-e2e-journey;;2">CFA PayM Phones Click and collect scenario with E2E journey</a></td></tr><tr class="skipped_description"><td colspan="4"><br></br></td></tr><tr class="skipped"><td><small><b>Passed:</b> 0</small></td><td><small><b>Failed:</b> 0</small></td><td><small><b>Undefined:</b> 12</small></td><td><small>Duration: 89.34s</small></td></tr><tr class="failed"><td>Before</td><td colspan="2"></td><td width="100">85.29s</td></tr><tr class="failed"><td colspan="4"><br>org.openqa.selenium.NoSuchSessionException: no such session
  (Driver info: chromedriver=2.28.455520 (cc17746adff54984afff480136733114c6b3704b),platform=Windows NT 6.1.7601 SP1 x86) (WARNING: The server did not provide any stacktrace information)
Command duration or timeout: 2.54 seconds
Build info: version: '3.0.1', revision: '1969d75', time: '2016-10-18 09:49:13 -0700'
System info: host: 'LASST266393', ip: '192.168.1.4', os.name: 'Windows 7', os.arch: 'x86', os.version: '6.1', java.version: '1.8.0_121'
Driver info: org.openqa.selenium.chrome.ChromeDriver
Capabilities [{message=chrome not reachable
  (Driver info: chromedriver=2.28.455520 (cc17746adff54984afff480136733114c6b3704b),platform=Windows NT 6.1.7601 SP1 x86), platform=ANY}]
Session ID: bbf8eac81c55d0ffd6068115092f8027</br><br>	at sun.reflect.NativeConstructorAccessorImpl.newInstance0(Native Method)</br><br>	at sun.reflect.NativeConstructorAccessorImpl.newInstance(NativeConstructorAccessorImpl.java:62)</br><br>	at sun.reflect.DelegatingConstructorAccessorImpl.newInstance(DelegatingConstructorAccessorImpl.java:45)</br><br>	at java.lang.reflect.Constructor.newInstance(Constructor.java:423)</br><br>	at org.openqa.selenium.remote.ErrorHandler.createThrowable(ErrorHandler.java:216)</br><br>	at org.openqa.selenium.remote.ErrorHandler.throwIfResponseFailed(ErrorHandler.java:168)</br><br>	at org.openqa.selenium.remote.RemoteWebDriver.execute(RemoteWebDriver.java:635)</br><br>	at org.openqa.selenium.remote.RemoteWebDriver&#36;RemoteWebDriverOptions&#36;RemoteTimeouts.implicitlyWait(RemoteWebDriver.java:822)</br><br>	at helpers.BrowserHelper.Invoke_browser(BrowserHelper.java:50)</br><br>	at steps.Hooks.openBrowser(Hooks.java:50)</br><br>	at sun.reflect.NativeMethodAccessorImpl.invoke0(Native Method)</br><br>	at sun.reflect.NativeMethodAccessorImpl.invoke(NativeMethodAccessorImpl.java:62)</br><br>	at sun.reflect.DelegatingMethodAccessorImpl.invoke(DelegatingMethodAccessorImpl.java:43)</br><br>	at java.lang.reflect.Method.invoke(Method.java:498)</br><br>	at cucumber.runtime.Utils&#36;1.call(Utils.java:40)</br><br>	at cucumber.runtime.Timeout.timeout(Timeout.java:16)</br><br>	at cucumber.runtime.Utils.invoke(Utils.java:34)</br><br>	at cucumber.runtime.java.JavaHookDefinition.execute(JavaHookDefinition.java:60)</br><br>	at cucumber.runtime.Runtime.runHookIfTagsMatch(Runtime.java:224)</br><br>	at cucumber.runtime.Runtime.runHooks(Runtime.java:212)</br><br>	at cucumber.runtime.Runtime.runBeforeHooks(Runtime.java:202)</br><br>	at cucumber.runtime.model.CucumberScenario.run(CucumberScenario.java:40)</br><br>	at cucumber.runtime.junit.ExecutionUnitRunner.run(ExecutionUnitRunner.java:102)</br><br>	at org.junit.runners.Suite.runChild(Suite.java:128)</br><br>	at org.junit.runners.Suite.runChild(Suite.java:27)</br><br>	at org.junit.runners.ParentRunner&#36;3.run(ParentRunner.java:290)</br><br>	at org.junit.runners.ParentRunner&#36;1.schedule(ParentRunner.java:71)</br><br>	at org.junit.runners.ParentRunner.runChildren(ParentRunner.java:288)</br><br>	at org.junit.runners.ParentRunner.access&#36;000(ParentRunner.java:58)</br><br>	at org.junit.runners.ParentRunner&#36;2.evaluate(ParentRunner.java:268)</br><br>	at org.junit.runners.ParentRunner.run(ParentRunner.java:363)</br><br>	at cucumber.runtime.junit.ExamplesRunner.run(ExamplesRunner.java:59)</br><br>	at org.junit.runners.Suite.runChild(Suite.java:128)</br><br>	at org.junit.runners.Suite.runChild(Suite.java:27)</br><br>	at org.junit.runners.ParentRunner&#36;3.run(ParentRunner.java:290)</br><br>	at org.junit.runners.ParentRunner&#36;1.schedule(ParentRunner.java:71)</br><br>	at org.junit.runners.ParentRunner.runChildren(ParentRunner.java:288)</br><br>	at org.junit.runners.ParentRunner.access&#36;000(ParentRunner.java:58)</br><br>	at org.junit.runners.ParentRunner&#36;2.evaluate(ParentRunner.java:268)</br><br>	at org.junit.runners.ParentRunner.run(ParentRunner.java:363)</br><br>	at cucumber.runtime.junit.ScenarioOutlineRunner.run(ScenarioOutlineRunner.java:53)</br><br>	at cucumber.runtime.junit.FeatureRunner.runChild(FeatureRunner.java:63)</br><br>	at cucumber.runtime.junit.FeatureRunner.runChild(FeatureRunner.java:18)</br><br>	at org.junit.runners.ParentRunner&#36;3.run(ParentRunner.java:290)</br><br>	at org.junit.runners.ParentRunner&#36;1.schedule(ParentRunner.java:71)</br><br>	at org.junit.runners.ParentRunner.runChildren(ParentRunner.java:288)</br><br>	at org.junit.runners.ParentRunner.access&#36;000(ParentRunner.java:58)</br><br>	at org.junit.runners.ParentRunner&#36;2.evaluate(ParentRunner.java:268)</br><br>	at org.junit.runners.ParentRunner.run(ParentRunner.java:363)</br><br>	at cucumber.runtime.junit.FeatureRunner.run(FeatureRunner.java:70)</br><br>	at cucumber.api.junit.Cucumber.runChild(Cucumber.java:95)</br><br>	at cucumber.api.junit.Cucumber.runChild(Cucumber.java:38)</br><br>	at org.junit.runners.ParentRunner&#36;3.run(ParentRunner.java:290)</br><br>	at org.junit.runners.ParentRunner&#36;1.schedule(ParentRunner.java:71)</br><br>	at org.junit.runners.ParentRunner.runChildren(ParentRunner.java:288)</br><br>	at org.junit.runners.ParentRunner.access&#36;000(ParentRunner.java:58)</br><br>	at org.junit.runners.ParentRunner&#36;2.evaluate(ParentRunner.java:268)</br><br>	at org.junit.internal.runners.statements.RunBefores.evaluate(RunBefores.java:26)</br><br>	at org.junit.runners.ParentRunner.run(ParentRunner.java:363)</br><br>	at cucumber.api.junit.Cucumber.run(Cucumber.java:100)</br><br>	at testRunner.CucumberRunner.run(CucumberRunner.java:64)</br><br>	at org.eclipse.jdt.internal.junit4.runner.JUnit4TestReference.run(JUnit4TestReference.java:86)</br><br>	at org.eclipse.jdt.internal.junit.runner.TestExecution.run(TestExecution.java:38)</br><br>	at org.eclipse.jdt.internal.junit.runner.RemoteTestRunner.runTests(RemoteTestRunner.java:459)</br><br>	at org.eclipse.jdt.internal.junit.runner.RemoteTestRunner.runTests(RemoteTestRunner.java:678)</br><br>	at org.eclipse.jdt.internal.junit.runner.RemoteTestRunner.run(RemoteTestRunner.java:382)</br><br>	at org.eclipse.jdt.internal.junit.runner.RemoteTestRunner.main(RemoteTestRunner.java:192)</br><br></br></td></tr><tr class="skipped"><td colspan="4" style="padding-left:20px"> <table width="100%"><tr class="skipped"><td><b>Given </b> I am an CFA user and Lands on shop page</td><td width="100">0.00s</td></tr><tr class="skipped"><td><b>And </b> navigate to PAYM Phones page</td><td width="100">0.00s</td></tr><tr class="skipped"><td><b>And </b> I choose PayM GalaxyS7</td><td width="100">0.00s</td></tr><tr class="skipped"><td><b>And </b> Navigate to device details page</td><td width="100">0.00s</td></tr><tr class="skipped"><td><b>And </b> Land on the 'Tariffs and extra' page</td><td width="100">0.00s</td></tr><tr class="skipped"><td><b>And </b> I Land on the basket page and choose to collect from store</td><td width="100">0.00s</td></tr><tr class="skipped"><td><b>And </b> click on &quot;go to checkout&quot; button</td><td width="100">0.00s</td></tr><tr class="skipped"><td><b>And </b> input TEST and ACCEPTA and other valid details in Delivery page for Click and collect and Click on the 'Continue button'</td><td width="100">0.00s</td></tr><tr class="skipped"><td><b>And </b> land on the payment page and input TEST ACCEPTA and other details for Click and collect order and click 'Continue on next step'</td><td width="100">0.00s</td></tr><tr class="skipped"><td><b>And </b> Continue to Agreements page and confirm all the agreement checks</td><td width="100">0.00s</td></tr><tr class="skipped"><td><b>And </b> Continue to Review page and review the order</td><td width="100">0.00s</td></tr><tr class="skipped"><td><b>Then </b> order confirmation is displayed</td><td width="100">0.00s</td></tr></table></td></tr><tr class="passed"><td>After</td><td colspan="2"></td><td width="100">4.05s</td></tr><tr class="passed"><td colspan="4"><br></br></td></tr><tr><td colspan="5"><sup><a href="#top">Back to Table of Contents</a></sup></td></tr></table></td></tr><tr><td colspan="5"></td></tr><tr class="skipped"><td colspan="4"><b>Feature:</b> <a id="feature-fnt-cfa-paym-phones-click-and-collect-scenario-for-more-than-max-transaction">FNT CFA PayM Phones Click and collect scenario for More than Max Transaction</a></td></tr><tr class="skipped_description"><td colspan="4"><br></br></td></tr><tr class="skipped"><td><small><b>Passed:</b> 0</small></td><td><small><b>Failed:</b> 0</small></td><td><small><b>Undefined:</b> 1</small></td><td><small>Duration: 85.03s</small></td></tr><tr class="skipped"><td colspan="4" style="padding-left:20px"> <table width="100%"><tr class="skipped"><td colspan="4"><b>Scenario Outline:</b> <a id="sc-fnt-cfa-paym-phones-click-and-collect-scenario-for-more-than-max-transaction;fnt-cfa-paym-phones-click-and-collect-scenario-for-more-than-max-transaction;;2">FNT CFA PayM Phones Click and collect scenario for More than Max Transaction</a></td></tr><tr class="skipped_description"><td colspan="4"><br></br></td></tr><tr class="skipped"><td><small><b>Passed:</b> 0</small></td><td><small><b>Failed:</b> 0</small></td><td><small><b>Undefined:</b> 12</small></td><td><small>Duration: 85.03s</small></td></tr><tr class="failed"><td>Before</td><td colspan="2"></td><td width="100">82.35s</td></tr><tr class="failed"><td colspan="4"><br>org.openqa.selenium.NoSuchSessionException: no such session
  (Driver info: chromedriver=2.28.455520 (cc17746adff54984afff480136733114c6b3704b),platform=Windows NT 6.1.7601 SP1 x86) (WARNING: The server did not provide any stacktrace information)
Command duration or timeout: 572 milliseconds
Build info: version: '3.0.1', revision: '1969d75', time: '2016-10-18 09:49:13 -0700'
System info: host: 'LASST266393', ip: '192.168.1.4', os.name: 'Windows 7', os.arch: 'x86', os.version: '6.1', java.version: '1.8.0_121'
Driver info: org.openqa.selenium.chrome.ChromeDriver
Capabilities [{message=chrome not reachable
  (Driver info: chromedriver=2.28.455520 (cc17746adff54984afff480136733114c6b3704b),platform=Windows NT 6.1.7601 SP1 x86), platform=ANY}]
Session ID: ee52391d8e49c36e86bd00dd84e6d548</br><br>	at sun.reflect.NativeConstructorAccessorImpl.newInstance0(Native Method)</br><br>	at sun.reflect.NativeConstructorAccessorImpl.newInstance(NativeConstructorAccessorImpl.java:62)</br><br>	at sun.reflect.DelegatingConstructorAccessorImpl.newInstance(DelegatingConstructorAccessorImpl.java:45)</br><br>	at java.lang.reflect.Constructor.newInstance(Constructor.java:423)</br><br>	at org.openqa.selenium.remote.ErrorHandler.createThrowable(ErrorHandler.java:216)</br><br>	at org.openqa.selenium.remote.ErrorHandler.throwIfResponseFailed(ErrorHandler.java:168)</br><br>	at org.openqa.selenium.remote.RemoteWebDriver.execute(RemoteWebDriver.java:635)</br><br>	at org.openqa.selenium.remote.RemoteWebDriver&#36;RemoteWebDriverOptions&#36;RemoteTimeouts.implicitlyWait(RemoteWebDriver.java:822)</br><br>	at helpers.BrowserHelper.Invoke_browser(BrowserHelper.java:50)</br><br>	at steps.Hooks.openBrowser(Hooks.java:50)</br><br>	at sun.reflect.NativeMethodAccessorImpl.invoke0(Native Method)</br><br>	at sun.reflect.NativeMethodAccessorImpl.invoke(NativeMethodAccessorImpl.java:62)</br><br>	at sun.reflect.DelegatingMethodAccessorImpl.invoke(DelegatingMethodAccessorImpl.java:43)</br><br>	at java.lang.reflect.Method.invoke(Method.java:498)</br><br>	at cucumber.runtime.Utils&#36;1.call(Utils.java:40)</br><br>	at cucumber.runtime.Timeout.timeout(Timeout.java:16)</br><br>	at cucumber.runtime.Utils.invoke(Utils.java:34)</br><br>	at cucumber.runtime.java.JavaHookDefinition.execute(JavaHookDefinition.java:60)</br><br>	at cucumber.runtime.Runtime.runHookIfTagsMatch(Runtime.java:224)</br><br>	at cucumber.runtime.Runtime.runHooks(Runtime.java:212)</br><br>	at cucumber.runtime.Runtime.runBeforeHooks(Runtime.java:202)</br><br>	at cucumber.runtime.model.CucumberScenario.run(CucumberScenario.java:40)</br><br>	at cucumber.runtime.junit.ExecutionUnitRunner.run(ExecutionUnitRunner.java:102)</br><br>	at org.junit.runners.Suite.runChild(Suite.java:128)</br><br>	at org.junit.runners.Suite.runChild(Suite.java:27)</br><br>	at org.junit.runners.ParentRunner&#36;3.run(ParentRunner.java:290)</br><br>	at org.junit.runners.ParentRunner&#36;1.schedule(ParentRunner.java:71)</br><br>	at org.junit.runners.ParentRunner.runChildren(ParentRunner.java:288)</br><br>	at org.junit.runners.ParentRunner.access&#36;000(ParentRunner.java:58)</br><br>	at org.junit.runners.ParentRunner&#36;2.evaluate(ParentRunner.java:268)</br><br>	at org.junit.runners.ParentRunner.run(ParentRunner.java:363)</br><br>	at cucumber.runtime.junit.ExamplesRunner.run(ExamplesRunner.java:59)</br><br>	at org.junit.runners.Suite.runChild(Suite.java:128)</br><br>	at org.junit.runners.Suite.runChild(Suite.java:27)</br><br>	at org.junit.runners.ParentRunner&#36;3.run(ParentRunner.java:290)</br><br>	at org.junit.runners.ParentRunner&#36;1.schedule(ParentRunner.java:71)</br><br>	at org.junit.runners.ParentRunner.runChildren(ParentRunner.java:288)</br><br>	at org.junit.runners.ParentRunner.access&#36;000(ParentRunner.java:58)</br><br>	at org.junit.runners.ParentRunner&#36;2.evaluate(ParentRunner.java:268)</br><br>	at org.junit.runners.ParentRunner.run(ParentRunner.java:363)</br><br>	at cucumber.runtime.junit.ScenarioOutlineRunner.run(ScenarioOutlineRunner.java:53)</br><br>	at cucumber.runtime.junit.FeatureRunner.runChild(FeatureRunner.java:63)</br><br>	at cucumber.runtime.junit.FeatureRunner.runChild(FeatureRunner.java:18)</br><br>	at org.junit.runners.ParentRunner&#36;3.run(ParentRunner.java:290)</br><br>	at org.junit.runners.ParentRunner&#36;1.schedule(ParentRunner.java:71)</br><br>	at org.junit.runners.ParentRunner.runChildren(ParentRunner.java:288)</br><br>	at org.junit.runners.ParentRunner.access&#36;000(ParentRunner.java:58)</br><br>	at org.junit.runners.ParentRunner&#36;2.evaluate(ParentRunner.java:268)</br><br>	at org.junit.runners.ParentRunner.run(ParentRunner.java:363)</br><br>	at cucumber.runtime.junit.FeatureRunner.run(FeatureRunner.java:70)</br><br>	at cucumber.api.junit.Cucumber.runChild(Cucumber.java:95)</br><br>	at cucumber.api.junit.Cucumber.runChild(Cucumber.java:38)</br><br>	at org.junit.runners.ParentRunner&#36;3.run(ParentRunner.java:290)</br><br>	at org.junit.runners.ParentRunner&#36;1.schedule(ParentRunner.java:71)</br><br>	at org.junit.runners.ParentRunner.runChildren(ParentRunner.java:288)</br><br>	at org.junit.runners.ParentRunner.access&#36;000(ParentRunner.java:58)</br><br>	at org.junit.runners.ParentRunner&#36;2.evaluate(ParentRunner.java:268)</br><br>	at org.junit.internal.runners.statements.RunBefores.evaluate(RunBefores.java:26)</br><br>	at org.junit.runners.ParentRunner.run(ParentRunner.java:363)</br><br>	at cucumber.api.junit.Cucumber.run(Cucumber.java:100)</br><br>	at testRunner.CucumberRunner.run(CucumberRunner.java:64)</br><br>	at org.eclipse.jdt.internal.junit4.runner.JUnit4TestReference.run(JUnit4TestReference.java:86)</br><br>	at org.eclipse.jdt.internal.junit.runner.TestExecution.run(TestExecution.java:38)</br><br>	at org.eclipse.jdt.internal.junit.runner.RemoteTestRunner.runTests(RemoteTestRunner.java:459)</br><br>	at org.eclipse.jdt.internal.junit.runner.RemoteTestRunner.runTests(RemoteTestRunner.java:678)</br><br>	at org.eclipse.jdt.internal.junit.runner.RemoteTestRunner.run(RemoteTestRunner.java:382)</br><br>	at org.eclipse.jdt.internal.junit.runner.RemoteTestRunner.main(RemoteTestRunner.java:192)</br><br></br></td></tr><tr class="skipped"><td colspan="4" style="padding-left:20px"> <table width="100%"><tr class="skipped"><td><b>Given </b> I am an CFA user and Lands on shop page</td><td width="100">0.00s</td></tr><tr class="skipped"><td><b>And </b> navigate to PAYM Phones page</td><td width="100">0.00s</td></tr><tr class="skipped"><td><b>And </b> I choose PayM Iphone7Plus</td><td width="100">0.00s</td></tr><tr class="skipped"><td><b>And </b> Navigate to device details page</td><td width="100">0.00s</td></tr><tr class="skipped"><td><b>And </b> Land on the 'Tariffs and extra' page selecting pay device in full</td><td width="100">0.00s</td></tr><tr class="skipped"><td><b>And </b> I Land on the basket page and choose to collect from store</td><td width="100">0.00s</td></tr><tr class="skipped"><td><b>And </b> click on &quot;go to checkout&quot; button</td><td width="100">0.00s</td></tr><tr class="skipped"><td><b>And </b> input TEST and ACCEPTA and other valid details in Delivery page for Click and collect and Click on the 'Continue button'</td><td width="100">0.00s</td></tr><tr class="skipped"><td><b>And </b> land on the payment page and input TEST ACCEPTA and other details for Click and collect order and click 'Continue on next step'</td><td width="100">0.00s</td></tr><tr class="skipped"><td><b>And </b> Continue to Agreements page and confirm all the agreement checks</td><td width="100">0.00s</td></tr><tr class="skipped"><td><b>And </b> Continue to Review page and review the order</td><td width="100">0.00s</td></tr><tr class="skipped"><td><b>Then </b> order confirmation is displayed</td><td width="100">0.00s</td></tr></table></td></tr><tr class="passed"><td>After</td><td colspan="2"></td><td width="100">2.68s</td></tr><tr class="passed"><td colspan="4"><br></br></td></tr><tr><td colspan="5"><sup><a href="#top">Back to Table of Contents</a></sup></td></tr></table></td></tr><tr><td colspan="5"></td></tr><tr class="undefined"><td colspan="4"><b>Feature:</b> <a id="feature-cfa-paym-phones-additional-information-and-order-confired">CFA PayM phones Additional information and Order confired</a></td></tr><tr class="undefined_description"><td colspan="4"><br></br></td></tr><tr class="undefined"><td><small><b>Passed:</b> 0</small></td><td><small><b>Failed:</b> 0</small></td><td><small><b>Undefined:</b> 1</small></td><td><small>Duration: 84.98s</small></td></tr><tr class="undefined"><td colspan="4" style="padding-left:20px"> <table width="100%"><tr class="undefined"><td colspan="4"><b>Scenario Outline:</b> <a id="sc-cfa-paym-phones-additional-information-and-order-confired;cfa-paym-phones-additional-information-and-order-confirmed;;2">CFA PayM phones Additional information and Order confirmed</a></td></tr><tr class="undefined_description"><td colspan="4"><br></br></td></tr><tr class="undefined"><td><small><b>Passed:</b> 0</small></td><td><small><b>Failed:</b> 0</small></td><td><small><b>Undefined:</b> 12</small></td><td><small>Duration: 84.98s</small></td></tr><tr class="failed"><td>Before</td><td colspan="2"></td><td width="100">81.76s</td></tr><tr class="failed"><td colspan="4"><br>org.openqa.selenium.NoSuchSessionException: no such session
  (Driver info: chromedriver=2.28.455520 (cc17746adff54984afff480136733114c6b3704b),platform=Windows NT 6.1.7601 SP1 x86) (WARNING: The server did not provide any stacktrace information)
Command duration or timeout: 1.12 seconds
Build info: version: '3.0.1', revision: '1969d75', time: '2016-10-18 09:49:13 -0700'
System info: host: 'LASST266393', ip: '192.168.1.4', os.name: 'Windows 7', os.arch: 'x86', os.version: '6.1', java.version: '1.8.0_121'
Driver info: org.openqa.selenium.chrome.ChromeDriver
Capabilities [{message=chrome not reachable
  (Driver info: chromedriver=2.28.455520 (cc17746adff54984afff480136733114c6b3704b),platform=Windows NT 6.1.7601 SP1 x86), platform=ANY}]
Session ID: 6585cadfb8be37c090570d829b44ee27</br><br>	at sun.reflect.NativeConstructorAccessorImpl.newInstance0(Native Method)</br><br>	at sun.reflect.NativeConstructorAccessorImpl.newInstance(NativeConstructorAccessorImpl.java:62)</br><br>	at sun.reflect.DelegatingConstructorAccessorImpl.newInstance(DelegatingConstructorAccessorImpl.java:45)</br><br>	at java.lang.reflect.Constructor.newInstance(Constructor.java:423)</br><br>	at org.openqa.selenium.remote.ErrorHandler.createThrowable(ErrorHandler.java:216)</br><br>	at org.openqa.selenium.remote.ErrorHandler.throwIfResponseFailed(ErrorHandler.java:168)</br><br>	at org.openqa.selenium.remote.RemoteWebDriver.execute(RemoteWebDriver.java:635)</br><br>	at org.openqa.selenium.remote.RemoteWebDriver&#36;RemoteWebDriverOptions&#36;RemoteTimeouts.implicitlyWait(RemoteWebDriver.java:822)</br><br>	at helpers.BrowserHelper.Invoke_browser(BrowserHelper.java:50)</br><br>	at steps.Hooks.openBrowser(Hooks.java:50)</br><br>	at sun.reflect.GeneratedMethodAccessor53.invoke(Unknown Source)</br><br>	at sun.reflect.DelegatingMethodAccessorImpl.invoke(DelegatingMethodAccessorImpl.java:43)</br><br>	at java.lang.reflect.Method.invoke(Method.java:498)</br><br>	at cucumber.runtime.Utils&#36;1.call(Utils.java:40)</br><br>	at cucumber.runtime.Timeout.timeout(Timeout.java:16)</br><br>	at cucumber.runtime.Utils.invoke(Utils.java:34)</br><br>	at cucumber.runtime.java.JavaHookDefinition.execute(JavaHookDefinition.java:60)</br><br>	at cucumber.runtime.Runtime.runHookIfTagsMatch(Runtime.java:224)</br><br>	at cucumber.runtime.Runtime.runHooks(Runtime.java:212)</br><br>	at cucumber.runtime.Runtime.runBeforeHooks(Runtime.java:202)</br><br>	at cucumber.runtime.model.CucumberScenario.run(CucumberScenario.java:40)</br><br>	at cucumber.runtime.junit.ExecutionUnitRunner.run(ExecutionUnitRunner.java:102)</br><br>	at org.junit.runners.Suite.runChild(Suite.java:128)</br><br>	at org.junit.runners.Suite.runChild(Suite.java:27)</br><br>	at org.junit.runners.ParentRunner&#36;3.run(ParentRunner.java:290)</br><br>	at org.junit.runners.ParentRunner&#36;1.schedule(ParentRunner.java:71)</br><br>	at org.junit.runners.ParentRunner.runChildren(ParentRunner.java:288)</br><br>	at org.junit.runners.ParentRunner.access&#36;000(ParentRunner.java:58)</br><br>	at org.junit.runners.ParentRunner&#36;2.evaluate(ParentRunner.java:268)</br><br>	at org.junit.runners.ParentRunner.run(ParentRunner.java:363)</br><br>	at cucumber.runtime.junit.ExamplesRunner.run(ExamplesRunner.java:59)</br><br>	at org.junit.runners.Suite.runChild(Suite.java:128)</br><br>	at org.junit.runners.Suite.runChild(Suite.java:27)</br><br>	at org.junit.runners.ParentRunner&#36;3.run(ParentRunner.java:290)</br><br>	at org.junit.runners.ParentRunner&#36;1.schedule(ParentRunner.java:71)</br><br>	at org.junit.runners.ParentRunner.runChildren(ParentRunner.java:288)</br><br>	at org.junit.runners.ParentRunner.access&#36;000(ParentRunner.java:58)</br><br>	at org.junit.runners.ParentRunner&#36;2.evaluate(ParentRunner.java:268)</br><br>	at org.junit.runners.ParentRunner.run(ParentRunner.java:363)</br><br>	at cucumber.runtime.junit.ScenarioOutlineRunner.run(ScenarioOutlineRunner.java:53)</br><br>	at cucumber.runtime.junit.FeatureRunner.runChild(FeatureRunner.java:63)</br><br>	at cucumber.runtime.junit.FeatureRunner.runChild(FeatureRunner.java:18)</br><br>	at org.junit.runners.ParentRunner&#36;3.run(ParentRunner.java:290)</br><br>	at org.junit.runners.ParentRunner&#36;1.schedule(ParentRunner.java:71)</br><br>	at org.junit.runners.ParentRunner.runChildren(ParentRunner.java:288)</br><br>	at org.junit.runners.ParentRunner.access&#36;000(ParentRunner.java:58)</br><br>	at org.junit.runners.ParentRunner&#36;2.evaluate(ParentRunner.java:268)</br><br>	at org.junit.runners.ParentRunner.run(ParentRunner.java:363)</br><br>	at cucumber.runtime.junit.FeatureRunner.run(FeatureRunner.java:70)</br><br>	at cucumber.api.junit.Cucumber.runChild(Cucumber.java:95)</br><br>	at cucumber.api.junit.Cucumber.runChild(Cucumber.java:38)</br><br>	at org.junit.runners.ParentRunner&#36;3.run(ParentRunner.java:290)</br><br>	at org.junit.runners.ParentRunner&#36;1.schedule(ParentRunner.java:71)</br><br>	at org.junit.runners.ParentRunner.runChildren(ParentRunner.java:288)</br><br>	at org.junit.runners.ParentRunner.access&#36;000(ParentRunner.java:58)</br><br>	at org.junit.runners.ParentRunner&#36;2.evaluate(ParentRunner.java:268)</br><br>	at org.junit.internal.runners.statements.RunBefores.evaluate(RunBefores.java:26)</br><br>	at org.junit.runners.ParentRunner.run(ParentRunner.java:363)</br><br>	at cucumber.api.junit.Cucumber.run(Cucumber.java:100)</br><br>	at testRunner.CucumberRunner.run(CucumberRunner.java:64)</br><br>	at org.eclipse.jdt.internal.junit4.runner.JUnit4TestReference.run(JUnit4TestReference.java:86)</br><br>	at org.eclipse.jdt.internal.junit.runner.TestExecution.run(TestExecution.java:38)</br><br>	at org.eclipse.jdt.internal.junit.runner.RemoteTestRunner.runTests(RemoteTestRunner.java:459)</br><br>	at org.eclipse.jdt.internal.junit.runner.RemoteTestRunner.runTests(RemoteTestRunner.java:678)</br><br>	at org.eclipse.jdt.internal.junit.runner.RemoteTestRunner.run(RemoteTestRunner.java:382)</br><br>	at org.eclipse.jdt.internal.junit.runner.RemoteTestRunner.main(RemoteTestRunner.java:192)</br><br></br></td></tr><tr class="undefined"><td colspan="4" style="padding-left:20px"> <table width="100%"><tr class="skipped"><td><b>Given </b> I am an CFA user and Lands on shop page</td><td width="100">0.00s</td></tr><tr class="skipped"><td><b>And </b> navigate to PAYM Phones page</td><td width="100">0.00s</td></tr><tr class="skipped"><td><b>And </b> I choose PayM GalaxyS7</td><td width="100">0.00s</td></tr><tr class="skipped"><td><b>And </b> Navigate to device details page</td><td width="100">0.00s</td></tr><tr class="skipped"><td><b>And </b> Land on the 'Tariffs and extra' page</td><td width="100">0.00s</td></tr><tr class="skipped"><td><b>And </b> I Land on the basket page and choose to collect from store</td><td width="100">0.00s</td></tr><tr class="skipped"><td><b>And </b> click on &quot;go to checkout&quot; button</td><td width="100">0.00s</td></tr><tr class="skipped"><td><b>And </b> input TEST and &lt;Surname&gt; and other valid details in Delivery page for Click and collect and Click on the 'Continue button'</td><td width="100">0.00s</td></tr><tr class="skipped"><td><b>And </b> land on the payment page and input &lt;Username&gt; and other details for Click and collect order and click 'Continue on next step'</td><td width="100">0.00s</td></tr><tr class="undefined"><td><b>Then </b> Additional information page should be displayed</td><td width="100">0.00s</td></tr><tr class="undefined"><td><b>And </b> upon entering Valid details</td><td width="100">0.00s</td></tr><tr class="skipped"><td><b>Then </b> order confirmation is displayed</td><td width="100">0.00s</td></tr></table></td></tr><tr class="passed"><td>After</td><td colspan="2"></td><td width="100">3.22s</td></tr><tr class="passed"><td colspan="4"><br></br></td></tr><tr><td colspan="5"><sup><a href="#top">Back to Table of Contents</a></sup></td></tr></table></td></tr><tr><td colspan="5"></td></tr><tr class="skipped"><td colspan="4"><b>Feature:</b> <a id="feature-cfa-paym-phones-click-and-collect-scenario-with-e2e-journey">CFA PayM Phones Click and collect scenario with E2E journey</a></td></tr><tr class="skipped_description"><td colspan="4"><br></br></td></tr><tr class="skipped"><td><small><b>Passed:</b> 0</small></td><td><small><b>Failed:</b> 0</small></td><td><small><b>Undefined:</b> 1</small></td><td><small>Duration: 22.41s</small></td></tr><tr class="skipped"><td colspan="4" style="padding-left:20px"> <table width="100%"><tr class="skipped"><td colspan="4"><b>Scenario Outline:</b> <a id="sc-cfa-paym-phones-click-and-collect-scenario-with-e2e-journey;cfa-paym-phones-click-and-collect-scenario-with-e2e-journey;;2">CFA PayM Phones Click and collect scenario with E2E journey</a></td></tr><tr class="skipped_description"><td colspan="4"><br></br></td></tr><tr class="skipped"><td><small><b>Passed:</b> 0</small></td><td><small><b>Failed:</b> 0</small></td><td><small><b>Undefined:</b> 12</small></td><td><small>Duration: 22.41s</small></td></tr><tr class="failed"><td>Before</td><td colspan="2"></td><td width="100">20.18s</td></tr><tr class="failed"><td colspan="4"><br>org.openqa.selenium.remote.UnreachableBrowserException: Could not start a new session. Possible causes are invalid address of the remote server or browser start-up failure.
Build info: version: '3.0.1', revision: '1969d75', time: '2016-10-18 09:49:13 -0700'
System info: host: 'LASST266393', ip: '192.168.1.4', os.name: 'Windows 7', os.arch: 'x86', os.version: '6.1', java.version: '1.8.0_121'
Driver info: driver.version: ChromeDriver</br><br>	at org.openqa.selenium.remote.RemoteWebDriver.execute(RemoteWebDriver.java:622)</br><br>	at org.openqa.selenium.remote.RemoteWebDriver.startSession(RemoteWebDriver.java:241)</br><br>	at org.openqa.selenium.remote.RemoteWebDriver.&lt;init&gt;(RemoteWebDriver.java:128)</br><br>	at org.openqa.selenium.remote.RemoteWebDriver.&lt;init&gt;(RemoteWebDriver.java:141)</br><br>	at org.openqa.selenium.chrome.ChromeDriver.&lt;init&gt;(ChromeDriver.java:174)</br><br>	at org.openqa.selenium.chrome.ChromeDriver.&lt;init&gt;(ChromeDriver.java:163)</br><br>	at org.openqa.selenium.chrome.ChromeDriver.&lt;init&gt;(ChromeDriver.java:120)</br><br>	at helpers.BrowserHelper.Invoke_browser(BrowserHelper.java:44)</br><br>	at steps.Hooks.openBrowser(Hooks.java:50)</br><br>	at sun.reflect.GeneratedMethodAccessor53.invoke(Unknown Source)</br><br>	at sun.reflect.DelegatingMethodAccessorImpl.invoke(DelegatingMethodAccessorImpl.java:43)</br><br>	at java.lang.reflect.Method.invoke(Method.java:498)</br><br>	at cucumber.runtime.Utils&#36;1.call(Utils.java:40)</br><br>	at cucumber.runtime.Timeout.timeout(Timeout.java:16)</br><br>	at cucumber.runtime.Utils.invoke(Utils.java:34)</br><br>	at cucumber.runtime.java.JavaHookDefinition.execute(JavaHookDefinition.java:60)</br><br>	at cucumber.runtime.Runtime.runHookIfTagsMatch(Runtime.java:224)</br><br>	at cucumber.runtime.Runtime.runHooks(Runtime.java:212)</br><br>	at cucumber.runtime.Runtime.runBeforeHooks(Runtime.java:202)</br><br>	at cucumber.runtime.model.CucumberScenario.run(CucumberScenario.java:40)</br><br>	at cucumber.runtime.junit.ExecutionUnitRunner.run(ExecutionUnitRunner.java:102)</br><br>	at org.junit.runners.Suite.runChild(Suite.java:128)</br><br>	at org.junit.runners.Suite.runChild(Suite.java:27)</br><br>	at org.junit.runners.ParentRunner&#36;3.run(ParentRunner.java:290)</br><br>	at org.junit.runners.ParentRunner&#36;1.schedule(ParentRunner.java:71)</br><br>	at org.junit.runners.ParentRunner.runChildren(ParentRunner.java:288)</br><br>	at org.junit.runners.ParentRunner.access&#36;000(ParentRunner.java:58)</br><br>	at org.junit.runners.ParentRunner&#36;2.evaluate(ParentRunner.java:268)</br><br>	at org.junit.runners.ParentRunner.run(ParentRunner.java:363)</br><br>	at cucumber.runtime.junit.ExamplesRunner.run(ExamplesRunner.java:59)</br><br>	at org.junit.runners.Suite.runChild(Suite.java:128)</br><br>	at org.junit.runners.Suite.runChild(Suite.java:27)</br><br>	at org.junit.runners.ParentRunner&#36;3.run(ParentRunner.java:290)</br><br>	at org.junit.runners.ParentRunner&#36;1.schedule(ParentRunner.java:71)</br><br>	at org.junit.runners.ParentRunner.runChildren(ParentRunner.java:288)</br><br>	at org.junit.runners.ParentRunner.access&#36;000(ParentRunner.java:58)</br><br>	at org.junit.runners.ParentRunner&#36;2.evaluate(ParentRunner.java:268)</br><br>	at org.junit.runners.ParentRunner.run(ParentRunner.java:363)</br><br>	at cucumber.runtime.junit.ScenarioOutlineRunner.run(ScenarioOutlineRunner.java:53)</br><br>	at cucumber.runtime.junit.FeatureRunner.runChild(FeatureRunner.java:63)</br><br>	at cucumber.runtime.junit.FeatureRunner.runChild(FeatureRunner.java:18)</br><br>	at org.junit.runners.ParentRunner&#36;3.run(ParentRunner.java:290)</br><br>	at org.junit.runners.ParentRunner&#36;1.schedule(ParentRunner.java:71)</br><br>	at org.junit.runners.ParentRunner.runChildren(ParentRunner.java:288)</br><br>	at org.junit.runners.ParentRunner.access&#36;000(ParentRunner.java:58)</br><br>	at org.junit.runners.ParentRunner&#36;2.evaluate(ParentRunner.java:268)</br><br>	at org.junit.runners.ParentRunner.run(ParentRunner.java:363)</br><br>	at cucumber.runtime.junit.FeatureRunner.run(FeatureRunner.java:70)</br><br>	at cucumber.api.junit.Cucumber.runChild(Cucumber.java:95)</br><br>	at cucumber.api.junit.Cucumber.runChild(Cucumber.java:38)</br><br>	at org.junit.runners.ParentRunner&#36;3.run(ParentRunner.java:290)</br><br>	at org.junit.runners.ParentRunner&#36;1.schedule(ParentRunner.java:71)</br><br>	at org.junit.runners.ParentRunner.runChildren(ParentRunner.java:288)</br><br>	at org.junit.runners.ParentRunner.access&#36;000(ParentRunner.java:58)</br><br>	at org.junit.runners.ParentRunner&#36;2.evaluate(ParentRunner.java:268)</br><br>	at org.junit.internal.runners.statements.RunBefores.evaluate(RunBefores.java:26)</br><br>	at org.junit.runners.ParentRunner.run(ParentRunner.java:363)</br><br>	at cucumber.api.junit.Cucumber.run(Cucumber.java:100)</br><br>	at testRunner.CucumberRunner.run(CucumberRunner.java:64)</br><br>	at org.eclipse.jdt.internal.junit4.runner.JUnit4TestReference.run(JUnit4TestReference.java:86)</br><br>	at org.eclipse.jdt.internal.junit.runner.TestExecution.run(TestExecution.java:38)</br><br>	at org.eclipse.jdt.internal.junit.runner.RemoteTestRunner.runTests(RemoteTestRunner.java:459)</br><br>	at org.eclipse.jdt.internal.junit.runner.RemoteTestRunner.runTests(RemoteTestRunner.java:678)</br><br>	at org.eclipse.jdt.internal.junit.runner.RemoteTestRunner.run(RemoteTestRunner.java:382)</br><br>	at org.eclipse.jdt.internal.junit.runner.RemoteTestRunner.main(RemoteTestRunner.java:192)</br><br>Caused by: java.lang.IllegalStateException: The process has not exited yet therefore no result is available ...</br><br>	at org.apache.commons.exec.DefaultExecuteResultHandler.getException(DefaultExecuteResultHandler.java:76)</br><br>	at org.openqa.selenium.os.UnixProcess.checkForError(UnixProcess.java:173)</br><br>	at org.openqa.selenium.os.CommandLine.checkForError(CommandLine.java:185)</br><br>	at org.openqa.selenium.remote.service.DriverService.waitUntilAvailable(DriverService.java:177)</br><br>	at org.openqa.selenium.remote.service.DriverService.start(DriverService.java:166)</br><br>	at org.openqa.selenium.remote.service.DriverCommandExecutor.execute(DriverCommandExecutor.java:78)</br><br>	at org.openqa.selenium.remote.RemoteWebDriver.execute(RemoteWebDriver.java:601)</br><br>	... 64 more</br><br></br></td></tr><tr class="skipped"><td colspan="4" style="padding-left:20px"> <table width="100%"><tr class="skipped"><td><b>Given </b> I am an CFA user and Lands on shop page</td><td width="100">0.00s</td></tr><tr class="skipped"><td><b>And </b> navigate to PAYM Phones page</td><td width="100">0.00s</td></tr><tr class="skipped"><td><b>And </b> I choose PayM GalaxyS7</td><td width="100">0.00s</td></tr><tr class="skipped"><td><b>And </b> Navigate to device details page</td><td width="100">0.00s</td></tr><tr class="skipped"><td><b>And </b> Land on the 'Tariffs and extra' page</td><td width="100">0.00s</td></tr><tr class="skipped"><td><b>And </b> I Land on the basket page and choose to collect from store</td><td width="100">0.00s</td></tr><tr class="skipped"><td><b>And </b> click on &quot;go to checkout&quot; button</td><td width="100">0.00s</td></tr><tr class="skipped"><td><b>And </b> input TEST and ACCEPTA and other valid details in Delivery page for Click and collect and Click on the 'Continue button'</td><td width="100">0.00s</td></tr><tr class="skipped"><td><b>And </b> land on the payment page and input TEST ACCEPTA and other details for Click and collect order and click 'Continue on next step'</td><td width="100">0.00s</td></tr><tr class="skipped"><td><b>And </b> Continue to Agreements page and confirm all the agreement checks</td><td width="100">0.00s</td></tr><tr class="skipped"><td><b>And </b> Continue to Review page and review the order</td><td width="100">0.00s</td></tr><tr class="skipped"><td><b>Then </b> order confirmation is displayed</td><td width="100">0.00s</td></tr></table></td></tr><tr class="passed"><td>After</td><td colspan="2"></td><td width="100">2.23s</td></tr><tr class="passed"><td colspan="4"><br></br></td></tr><tr><td colspan="5"><sup><a href="#top">Back to Table of Contents</a></sup></td></tr></table></td></tr><tr><td colspan="5"></td></tr><tr class="skipped"><td colspan="4"><b>Feature:</b> <a id="feature-cfa-paym-phones-straight-order-declined">CFA PayM phones Straight Order Declined</a></td></tr><tr class="skipped_description"><td colspan="4"><br></br></td></tr><tr class="skipped"><td><small><b>Passed:</b> 0</small></td><td><small><b>Failed:</b> 0</small></td><td><small><b>Undefined:</b> 1</small></td><td><small>Duration: 90.63s</small></td></tr><tr class="skipped"><td colspan="4" style="padding-left:20px"> <table width="100%"><tr class="skipped"><td colspan="4"><b>Scenario Outline:</b> <a id="sc-cfa-paym-phones-straight-order-declined;cfa-paym-phones-straight-order-declined;;2">CFA PayM phones Straight Order Declined</a></td></tr><tr class="skipped_description"><td colspan="4"><br></br></td></tr><tr class="skipped"><td><small><b>Passed:</b> 0</small></td><td><small><b>Failed:</b> 0</small></td><td><small><b>Undefined:</b> 10</small></td><td><small>Duration: 90.63s</small></td></tr><tr class="failed"><td>Before</td><td colspan="2"></td><td width="100">87.66s</td></tr><tr class="failed"><td colspan="4"><br>org.openqa.selenium.NoSuchSessionException: no such session
  (Driver info: chromedriver=2.28.455520 (cc17746adff54984afff480136733114c6b3704b),platform=Windows NT 6.1.7601 SP1 x86) (WARNING: The server did not provide any stacktrace information)
Command duration or timeout: 2.85 seconds
Build info: version: '3.0.1', revision: '1969d75', time: '2016-10-18 09:49:13 -0700'
System info: host: 'LASST266393', ip: '192.168.1.4', os.name: 'Windows 7', os.arch: 'x86', os.version: '6.1', java.version: '1.8.0_121'
Driver info: org.openqa.selenium.chrome.ChromeDriver
Capabilities [{message=chrome not reachable
  (Driver info: chromedriver=2.28.455520 (cc17746adff54984afff480136733114c6b3704b),platform=Windows NT 6.1.7601 SP1 x86), platform=ANY}]
Session ID: b2aad4d93d89b4bd1344deded0535a79</br><br>	at sun.reflect.NativeConstructorAccessorImpl.newInstance0(Native Method)</br><br>	at sun.reflect.NativeConstructorAccessorImpl.newInstance(NativeConstructorAccessorImpl.java:62)</br><br>	at sun.reflect.DelegatingConstructorAccessorImpl.newInstance(DelegatingConstructorAccessorImpl.java:45)</br><br>	at java.lang.reflect.Constructor.newInstance(Constructor.java:423)</br><br>	at org.openqa.selenium.remote.ErrorHandler.createThrowable(ErrorHandler.java:216)</br><br>	at org.openqa.selenium.remote.ErrorHandler.throwIfResponseFailed(ErrorHandler.java:168)</br><br>	at org.openqa.selenium.remote.RemoteWebDriver.execute(RemoteWebDriver.java:635)</br><br>	at org.openqa.selenium.remote.RemoteWebDriver&#36;RemoteWebDriverOptions&#36;RemoteTimeouts.implicitlyWait(RemoteWebDriver.java:822)</br><br>	at helpers.BrowserHelper.Invoke_browser(BrowserHelper.java:50)</br><br>	at steps.Hooks.openBrowser(Hooks.java:50)</br><br>	at sun.reflect.GeneratedMethodAccessor53.invoke(Unknown Source)</br><br>	at sun.reflect.DelegatingMethodAccessorImpl.invoke(DelegatingMethodAccessorImpl.java:43)</br><br>	at java.lang.reflect.Method.invoke(Method.java:498)</br><br>	at cucumber.runtime.Utils&#36;1.call(Utils.java:40)</br><br>	at cucumber.runtime.Timeout.timeout(Timeout.java:16)</br><br>	at cucumber.runtime.Utils.invoke(Utils.java:34)</br><br>	at cucumber.runtime.java.JavaHookDefinition.execute(JavaHookDefinition.java:60)</br><br>	at cucumber.runtime.Runtime.runHookIfTagsMatch(Runtime.java:224)</br><br>	at cucumber.runtime.Runtime.runHooks(Runtime.java:212)</br><br>	at cucumber.runtime.Runtime.runBeforeHooks(Runtime.java:202)</br><br>	at cucumber.runtime.model.CucumberScenario.run(CucumberScenario.java:40)</br><br>	at cucumber.runtime.junit.ExecutionUnitRunner.run(ExecutionUnitRunner.java:102)</br><br>	at org.junit.runners.Suite.runChild(Suite.java:128)</br><br>	at org.junit.runners.Suite.runChild(Suite.java:27)</br><br>	at org.junit.runners.ParentRunner&#36;3.run(ParentRunner.java:290)</br><br>	at org.junit.runners.ParentRunner&#36;1.schedule(ParentRunner.java:71)</br><br>	at org.junit.runners.ParentRunner.runChildren(ParentRunner.java:288)</br><br>	at org.junit.runners.ParentRunner.access&#36;000(ParentRunner.java:58)</br><br>	at org.junit.runners.ParentRunner&#36;2.evaluate(ParentRunner.java:268)</br><br>	at org.junit.runners.ParentRunner.run(ParentRunner.java:363)</br><br>	at cucumber.runtime.junit.ExamplesRunner.run(ExamplesRunner.java:59)</br><br>	at org.junit.runners.Suite.runChild(Suite.java:128)</br><br>	at org.junit.runners.Suite.runChild(Suite.java:27)</br><br>	at org.junit.runners.ParentRunner&#36;3.run(ParentRunner.java:290)</br><br>	at org.junit.runners.ParentRunner&#36;1.schedule(ParentRunner.java:71)</br><br>	at org.junit.runners.ParentRunner.runChildren(ParentRunner.java:288)</br><br>	at org.junit.runners.ParentRunner.access&#36;000(ParentRunner.java:58)</br><br>	at org.junit.runners.ParentRunner&#36;2.evaluate(ParentRunner.java:268)</br><br>	at org.junit.runners.ParentRunner.run(ParentRunner.java:363)</br><br>	at cucumber.runtime.junit.ScenarioOutlineRunner.run(ScenarioOutlineRunner.java:53)</br><br>	at cucumber.runtime.junit.FeatureRunner.runChild(FeatureRunner.java:63)</br><br>	at cucumber.runtime.junit.FeatureRunner.runChild(FeatureRunner.java:18)</br><br>	at org.junit.runners.ParentRunner&#36;3.run(ParentRunner.java:290)</br><br>	at org.junit.runners.ParentRunner&#36;1.schedule(ParentRunner.java:71)</br><br>	at org.junit.runners.ParentRunner.runChildren(ParentRunner.java:288)</br><br>	at org.junit.runners.ParentRunner.access&#36;000(ParentRunner.java:58)</br><br>	at org.junit.runners.ParentRunner&#36;2.evaluate(ParentRunner.java:268)</br><br>	at org.junit.runners.ParentRunner.run(ParentRunner.java:363)</br><br>	at cucumber.runtime.junit.FeatureRunner.run(FeatureRunner.java:70)</br><br>	at cucumber.api.junit.Cucumber.runChild(Cucumber.java:95)</br><br>	at cucumber.api.junit.Cucumber.runChild(Cucumber.java:38)</br><br>	at org.junit.runners.ParentRunner&#36;3.run(ParentRunner.java:290)</br><br>	at org.junit.runners.ParentRunner&#36;1.schedule(ParentRunner.java:71)</br><br>	at org.junit.runners.ParentRunner.runChildren(ParentRunner.java:288)</br><br>	at org.junit.runners.ParentRunner.access&#36;000(ParentRunner.java:58)</br><br>	at org.junit.runners.ParentRunner&#36;2.evaluate(ParentRunner.java:268)</br><br>	at org.junit.internal.runners.statements.RunBefores.evaluate(RunBefores.java:26)</br><br>	at org.junit.runners.ParentRunner.run(ParentRunner.java:363)</br><br>	at cucumber.api.junit.Cucumber.run(Cucumber.java:100)</br><br>	at testRunner.CucumberRunner.run(CucumberRunner.java:64)</br><br>	at org.eclipse.jdt.internal.junit4.runner.JUnit4TestReference.run(JUnit4TestReference.java:86)</br><br>	at org.eclipse.jdt.internal.junit.runner.TestExecution.run(TestExecution.java:38)</br><br>	at org.eclipse.jdt.internal.junit.runner.RemoteTestRunner.runTests(RemoteTestRunner.java:459)</br><br>	at org.eclipse.jdt.internal.junit.runner.RemoteTestRunner.runTests(RemoteTestRunner.java:678)</br><br>	at org.eclipse.jdt.internal.junit.runner.RemoteTestRunner.run(RemoteTestRunner.java:382)</br><br>	at org.eclipse.jdt.internal.junit.runner.RemoteTestRunner.main(RemoteTestRunner.java:192)</br><br></br></td></tr><tr class="skipped"><td colspan="4" style="padding-left:20px"> <table width="100%"><tr class="skipped"><td><b>Given </b> I am an CFA user and Lands on shop page</td><td width="100">0.00s</td></tr><tr class="skipped"><td><b>And </b> navigate to PAYM Phones page</td><td width="100">0.00s</td></tr><tr class="skipped"><td><b>And </b> I choose PayM GalaxyS7</td><td width="100">0.00s</td></tr><tr class="skipped"><td><b>And </b> Navigate to device details page</td><td width="100">0.00s</td></tr><tr class="skipped"><td><b>And </b> Land on the 'Tariffs and extra' page</td><td width="100">0.00s</td></tr><tr class="skipped"><td><b>And </b> I Land on the basket page and choose to collect from store</td><td width="100">0.00s</td></tr><tr class="skipped"><td><b>And </b> click on &quot;go to checkout&quot; button</td><td width="100">0.00s</td></tr><tr class="skipped"><td><b>And </b> input TEST and DECLINEA and other valid details in Delivery page for Click and collect and Click on the 'Continue button'</td><td width="100">0.00s</td></tr><tr class="skipped"><td><b>And </b> land on the payment page and input TEST DECLINEA and other details for Click and collect order and click 'Continue on next step'</td><td width="100">0.00s</td></tr><tr class="skipped"><td><b>Then </b> Order Decline page should be displayed</td><td width="100">0.00s</td></tr></table></td></tr><tr class="passed"><td>After</td><td colspan="2"></td><td width="100">2.97s</td></tr><tr class="passed"><td colspan="4"><br></br></td></tr><tr><td colspan="5"><sup><a href="#top">Back to Table of Contents</a></sup></td></tr></table></td></tr><tr><td colspan="5"></td></tr><tr class="skipped"><td colspan="4"><b>Feature:</b> <a id="feature-cfa-paym-phones-home-delivery-e2e-journey-with-accessory">CFA PayM Phones Home delivery E2E journey with Accessory</a></td></tr><tr class="skipped_description"><td colspan="4"><br></br></td></tr><tr class="skipped"><td><small><b>Passed:</b> 0</small></td><td><small><b>Failed:</b> 0</small></td><td><small><b>Undefined:</b> 1</small></td><td><small>Duration: 22.64s</small></td></tr><tr class="skipped"><td colspan="4" style="padding-left:20px"> <table width="100%"><tr class="skipped"><td colspan="4"><b>Scenario Outline:</b> <a id="sc-cfa-paym-phones-home-delivery-e2e-journey-with-accessory;cfa-paym-phones-home-delivery-e2e-journey-with-accessory;;2">CFA PayM Phones Home delivery E2E journey with Accessory</a></td></tr><tr class="skipped_description"><td colspan="4"><br></br></td></tr><tr class="skipped"><td><small><b>Passed:</b> 0</small></td><td><small><b>Failed:</b> 0</small></td><td><small><b>Undefined:</b> 13</small></td><td><small>Duration: 22.64s</small></td></tr><tr class="failed"><td>Before</td><td colspan="2"></td><td width="100">20.31s</td></tr><tr class="failed"><td colspan="4"><br>org.openqa.selenium.remote.UnreachableBrowserException: Could not start a new session. Possible causes are invalid address of the remote server or browser start-up failure.
Build info: version: '3.0.1', revision: '1969d75', time: '2016-10-18 09:49:13 -0700'
System info: host: 'LASST266393', ip: '192.168.1.4', os.name: 'Windows 7', os.arch: 'x86', os.version: '6.1', java.version: '1.8.0_121'
Driver info: driver.version: ChromeDriver</br><br>	at org.openqa.selenium.remote.RemoteWebDriver.execute(RemoteWebDriver.java:622)</br><br>	at org.openqa.selenium.remote.RemoteWebDriver.startSession(RemoteWebDriver.java:241)</br><br>	at org.openqa.selenium.remote.RemoteWebDriver.&lt;init&gt;(RemoteWebDriver.java:128)</br><br>	at org.openqa.selenium.remote.RemoteWebDriver.&lt;init&gt;(RemoteWebDriver.java:141)</br><br>	at org.openqa.selenium.chrome.ChromeDriver.&lt;init&gt;(ChromeDriver.java:174)</br><br>	at org.openqa.selenium.chrome.ChromeDriver.&lt;init&gt;(ChromeDriver.java:163)</br><br>	at org.openqa.selenium.chrome.ChromeDriver.&lt;init&gt;(ChromeDriver.java:120)</br><br>	at helpers.BrowserHelper.Invoke_browser(BrowserHelper.java:44)</br><br>	at steps.Hooks.openBrowser(Hooks.java:50)</br><br>	at sun.reflect.GeneratedMethodAccessor53.invoke(Unknown Source)</br><br>	at sun.reflect.DelegatingMethodAccessorImpl.invoke(DelegatingMethodAccessorImpl.java:43)</br><br>	at java.lang.reflect.Method.invoke(Method.java:498)</br><br>	at cucumber.runtime.Utils&#36;1.call(Utils.java:40)</br><br>	at cucumber.runtime.Timeout.timeout(Timeout.java:16)</br><br>	at cucumber.runtime.Utils.invoke(Utils.java:34)</br><br>	at cucumber.runtime.java.JavaHookDefinition.execute(JavaHookDefinition.java:60)</br><br>	at cucumber.runtime.Runtime.runHookIfTagsMatch(Runtime.java:224)</br><br>	at cucumber.runtime.Runtime.runHooks(Runtime.java:212)</br><br>	at cucumber.runtime.Runtime.runBeforeHooks(Runtime.java:202)</br><br>	at cucumber.runtime.model.CucumberScenario.run(CucumberScenario.java:40)</br><br>	at cucumber.runtime.junit.ExecutionUnitRunner.run(ExecutionUnitRunner.java:102)</br><br>	at org.junit.runners.Suite.runChild(Suite.java:128)</br><br>	at org.junit.runners.Suite.runChild(Suite.java:27)</br><br>	at org.junit.runners.ParentRunner&#36;3.run(ParentRunner.java:290)</br><br>	at org.junit.runners.ParentRunner&#36;1.schedule(ParentRunner.java:71)</br><br>	at org.junit.runners.ParentRunner.runChildren(ParentRunner.java:288)</br><br>	at org.junit.runners.ParentRunner.access&#36;000(ParentRunner.java:58)</br><br>	at org.junit.runners.ParentRunner&#36;2.evaluate(ParentRunner.java:268)</br><br>	at org.junit.runners.ParentRunner.run(ParentRunner.java:363)</br><br>	at cucumber.runtime.junit.ExamplesRunner.run(ExamplesRunner.java:59)</br><br>	at org.junit.runners.Suite.runChild(Suite.java:128)</br><br>	at org.junit.runners.Suite.runChild(Suite.java:27)</br><br>	at org.junit.runners.ParentRunner&#36;3.run(ParentRunner.java:290)</br><br>	at org.junit.runners.ParentRunner&#36;1.schedule(ParentRunner.java:71)</br><br>	at org.junit.runners.ParentRunner.runChildren(ParentRunner.java:288)</br><br>	at org.junit.runners.ParentRunner.access&#36;000(ParentRunner.java:58)</br><br>	at org.junit.runners.ParentRunner&#36;2.evaluate(ParentRunner.java:268)</br><br>	at org.junit.runners.ParentRunner.run(ParentRunner.java:363)</br><br>	at cucumber.runtime.junit.ScenarioOutlineRunner.run(ScenarioOutlineRunner.java:53)</br><br>	at cucumber.runtime.junit.FeatureRunner.runChild(FeatureRunner.java:63)</br><br>	at cucumber.runtime.junit.FeatureRunner.runChild(FeatureRunner.java:18)</br><br>	at org.junit.runners.ParentRunner&#36;3.run(ParentRunner.java:290)</br><br>	at org.junit.runners.ParentRunner&#36;1.schedule(ParentRunner.java:71)</br><br>	at org.junit.runners.ParentRunner.runChildren(ParentRunner.java:288)</br><br>	at org.junit.runners.ParentRunner.access&#36;000(ParentRunner.java:58)</br><br>	at org.junit.runners.ParentRunner&#36;2.evaluate(ParentRunner.java:268)</br><br>	at org.junit.runners.ParentRunner.run(ParentRunner.java:363)</br><br>	at cucumber.runtime.junit.FeatureRunner.run(FeatureRunner.java:70)</br><br>	at cucumber.api.junit.Cucumber.runChild(Cucumber.java:95)</br><br>	at cucumber.api.junit.Cucumber.runChild(Cucumber.java:38)</br><br>	at org.junit.runners.ParentRunner&#36;3.run(ParentRunner.java:290)</br><br>	at org.junit.runners.ParentRunner&#36;1.schedule(ParentRunner.java:71)</br><br>	at org.junit.runners.ParentRunner.runChildren(ParentRunner.java:288)</br><br>	at org.junit.runners.ParentRunner.access&#36;000(ParentRunner.java:58)</br><br>	at org.junit.runners.ParentRunner&#36;2.evaluate(ParentRunner.java:268)</br><br>	at org.junit.internal.runners.statements.RunBefores.evaluate(RunBefores.java:26)</br><br>	at org.junit.runners.ParentRunner.run(ParentRunner.java:363)</br><br>	at cucumber.api.junit.Cucumber.run(Cucumber.java:100)</br><br>	at testRunner.CucumberRunner.run(CucumberRunner.java:64)</br><br>	at org.eclipse.jdt.internal.junit4.runner.JUnit4TestReference.run(JUnit4TestReference.java:86)</br><br>	at org.eclipse.jdt.internal.junit.runner.TestExecution.run(TestExecution.java:38)</br><br>	at org.eclipse.jdt.internal.junit.runner.RemoteTestRunner.runTests(RemoteTestRunner.java:459)</br><br>	at org.eclipse.jdt.internal.junit.runner.RemoteTestRunner.runTests(RemoteTestRunner.java:678)</br><br>	at org.eclipse.jdt.internal.junit.runner.RemoteTestRunner.run(RemoteTestRunner.java:382)</br><br>	at org.eclipse.jdt.internal.junit.runner.RemoteTestRunner.main(RemoteTestRunner.java:192)</br><br>Caused by: java.lang.IllegalStateException: The process has not exited yet therefore no result is available ...</br><br>	at org.apache.commons.exec.DefaultExecuteResultHandler.getException(DefaultExecuteResultHandler.java:76)</br><br>	at org.openqa.selenium.os.UnixProcess.checkForError(UnixProcess.java:173)</br><br>	at org.openqa.selenium.os.CommandLine.checkForError(CommandLine.java:185)</br><br>	at org.openqa.selenium.remote.service.DriverService.waitUntilAvailable(DriverService.java:177)</br><br>	at org.openqa.selenium.remote.service.DriverService.start(DriverService.java:166)</br><br>	at org.openqa.selenium.remote.service.DriverCommandExecutor.execute(DriverCommandExecutor.java:78)</br><br>	at org.openqa.selenium.remote.RemoteWebDriver.execute(RemoteWebDriver.java:601)</br><br>	... 64 more</br><br></br></td></tr><tr class="skipped"><td colspan="4" style="padding-left:20px"> <table width="100%"><tr class="skipped"><td><b>Given </b> I am an CFA user and Lands on shop page</td><td width="100">0.00s</td></tr><tr class="skipped"><td><b>And </b> navigate to PAYM Phones page</td><td width="100">0.00s</td></tr><tr class="skipped"><td><b>And </b> I choose PayM GalaxyS7</td><td width="100">0.00s</td></tr><tr class="skipped"><td><b>And </b> Navigate to device details page</td><td width="100">0.00s</td></tr><tr class="skipped"><td><b>And </b> Land on the 'Tariffs and extra' page</td><td width="100">0.00s</td></tr><tr class="skipped"><td><b>And </b> Choose some Accesssory</td><td width="100">0.00s</td></tr><tr class="skipped"><td><b>And </b> I Land on the basket page and choose home delivery option</td><td width="100">0.00s</td></tr><tr class="skipped"><td><b>And </b> click on &quot;go to checkout&quot; button</td><td width="100">0.00s</td></tr><tr class="skipped"><td><b>And </b> input TEST and ACCEPTA and other valid details in Delivery page and Click on the 'Continue button'</td><td width="100">0.00s</td></tr><tr class="skipped"><td><b>And </b> land on the payment page and input TEST ACCEPTA and other details and click 'Continue on next step'</td><td width="100">0.00s</td></tr><tr class="skipped"><td><b>And </b> Continue to Agreements page and confirm all the agreement checks</td><td width="100">0.00s</td></tr><tr class="skipped"><td><b>And </b> Continue to Review page and review the order</td><td width="100">0.00s</td></tr><tr class="skipped"><td><b>Then </b> order confirmation is displayed</td><td width="100">0.00s</td></tr></table></td></tr><tr class="passed"><td>After</td><td colspan="2"></td><td width="100">2.33s</td></tr><tr class="passed"><td colspan="4"><br></br></td></tr><tr><td colspan="5"><sup><a href="#top">Back to Table of Contents</a></sup></td></tr></table></td></tr><tr><td colspan="5"></td></tr><tr class="skipped"><td colspan="4"><b>Feature:</b> <a id="feature-cfa-paym-phones-home-delivery-e2e-journey">CFA PayM Phones Home delivery E2E journey</a></td></tr><tr class="skipped_description"><td colspan="4"><br></br></td></tr><tr class="skipped"><td><small><b>Passed:</b> 0</small></td><td><small><b>Failed:</b> 0</small></td><td><small><b>Undefined:</b> 1</small></td><td><small>Duration: 81.65s</small></td></tr><tr class="skipped"><td colspan="4" style="padding-left:20px"> <table width="100%"><tr class="skipped"><td colspan="4"><b>Scenario Outline:</b> <a id="sc-cfa-paym-phones-home-delivery-e2e-journey;cfa-paym-phones-home-delivery-e2e-journey;;2">CFA PayM Phones Home delivery E2E journey</a></td></tr><tr class="skipped_description"><td colspan="4"><br></br></td></tr><tr class="skipped"><td><small><b>Passed:</b> 0</small></td><td><small><b>Failed:</b> 0</small></td><td><small><b>Undefined:</b> 12</small></td><td><small>Duration: 81.65s</small></td></tr><tr class="failed"><td>Before</td><td colspan="2"></td><td width="100">78.68s</td></tr><tr class="failed"><td colspan="4"><br>org.openqa.selenium.NoSuchSessionException: no such session
  (Driver info: chromedriver=2.28.455520 (cc17746adff54984afff480136733114c6b3704b),platform=Windows NT 6.1.7601 SP1 x86) (WARNING: The server did not provide any stacktrace information)
Command duration or timeout: 2.57 seconds
Build info: version: '3.0.1', revision: '1969d75', time: '2016-10-18 09:49:13 -0700'
System info: host: 'LASST266393', ip: '192.168.1.4', os.name: 'Windows 7', os.arch: 'x86', os.version: '6.1', java.version: '1.8.0_121'
Driver info: org.openqa.selenium.chrome.ChromeDriver
Capabilities [{message=chrome not reachable
  (Driver info: chromedriver=2.28.455520 (cc17746adff54984afff480136733114c6b3704b),platform=Windows NT 6.1.7601 SP1 x86), platform=ANY}]
Session ID: 611313f2a0b57f16e08ade534e3cf3b4</br><br>	at sun.reflect.NativeConstructorAccessorImpl.newInstance0(Native Method)</br><br>	at sun.reflect.NativeConstructorAccessorImpl.newInstance(NativeConstructorAccessorImpl.java:62)</br><br>	at sun.reflect.DelegatingConstructorAccessorImpl.newInstance(DelegatingConstructorAccessorImpl.java:45)</br><br>	at java.lang.reflect.Constructor.newInstance(Constructor.java:423)</br><br>	at org.openqa.selenium.remote.ErrorHandler.createThrowable(ErrorHandler.java:216)</br><br>	at org.openqa.selenium.remote.ErrorHandler.throwIfResponseFailed(ErrorHandler.java:168)</br><br>	at org.openqa.selenium.remote.RemoteWebDriver.execute(RemoteWebDriver.java:635)</br><br>	at org.openqa.selenium.remote.RemoteWebDriver&#36;RemoteWebDriverOptions&#36;RemoteTimeouts.implicitlyWait(RemoteWebDriver.java:822)</br><br>	at helpers.BrowserHelper.Invoke_browser(BrowserHelper.java:50)</br><br>	at steps.Hooks.openBrowser(Hooks.java:50)</br><br>	at sun.reflect.GeneratedMethodAccessor53.invoke(Unknown Source)</br><br>	at sun.reflect.DelegatingMethodAccessorImpl.invoke(DelegatingMethodAccessorImpl.java:43)</br><br>	at java.lang.reflect.Method.invoke(Method.java:498)</br><br>	at cucumber.runtime.Utils&#36;1.call(Utils.java:40)</br><br>	at cucumber.runtime.Timeout.timeout(Timeout.java:16)</br><br>	at cucumber.runtime.Utils.invoke(Utils.java:34)</br><br>	at cucumber.runtime.java.JavaHookDefinition.execute(JavaHookDefinition.java:60)</br><br>	at cucumber.runtime.Runtime.runHookIfTagsMatch(Runtime.java:224)</br><br>	at cucumber.runtime.Runtime.runHooks(Runtime.java:212)</br><br>	at cucumber.runtime.Runtime.runBeforeHooks(Runtime.java:202)</br><br>	at cucumber.runtime.model.CucumberScenario.run(CucumberScenario.java:40)</br><br>	at cucumber.runtime.junit.ExecutionUnitRunner.run(ExecutionUnitRunner.java:102)</br><br>	at org.junit.runners.Suite.runChild(Suite.java:128)</br><br>	at org.junit.runners.Suite.runChild(Suite.java:27)</br><br>	at org.junit.runners.ParentRunner&#36;3.run(ParentRunner.java:290)</br><br>	at org.junit.runners.ParentRunner&#36;1.schedule(ParentRunner.java:71)</br><br>	at org.junit.runners.ParentRunner.runChildren(ParentRunner.java:288)</br><br>	at org.junit.runners.ParentRunner.access&#36;000(ParentRunner.java:58)</br><br>	at org.junit.runners.ParentRunner&#36;2.evaluate(ParentRunner.java:268)</br><br>	at org.junit.runners.ParentRunner.run(ParentRunner.java:363)</br><br>	at cucumber.runtime.junit.ExamplesRunner.run(ExamplesRunner.java:59)</br><br>	at org.junit.runners.Suite.runChild(Suite.java:128)</br><br>	at org.junit.runners.Suite.runChild(Suite.java:27)</br><br>	at org.junit.runners.ParentRunner&#36;3.run(ParentRunner.java:290)</br><br>	at org.junit.runners.ParentRunner&#36;1.schedule(ParentRunner.java:71)</br><br>	at org.junit.runners.ParentRunner.runChildren(ParentRunner.java:288)</br><br>	at org.junit.runners.ParentRunner.access&#36;000(ParentRunner.java:58)</br><br>	at org.junit.runners.ParentRunner&#36;2.evaluate(ParentRunner.java:268)</br><br>	at org.junit.runners.ParentRunner.run(ParentRunner.java:363)</br><br>	at cucumber.runtime.junit.ScenarioOutlineRunner.run(ScenarioOutlineRunner.java:53)</br><br>	at cucumber.runtime.junit.FeatureRunner.runChild(FeatureRunner.java:63)</br><br>	at cucumber.runtime.junit.FeatureRunner.runChild(FeatureRunner.java:18)</br><br>	at org.junit.runners.ParentRunner&#36;3.run(ParentRunner.java:290)</br><br>	at org.junit.runners.ParentRunner&#36;1.schedule(ParentRunner.java:71)</br><br>	at org.junit.runners.ParentRunner.runChildren(ParentRunner.java:288)</br><br>	at org.junit.runners.ParentRunner.access&#36;000(ParentRunner.java:58)</br><br>	at org.junit.runners.ParentRunner&#36;2.evaluate(ParentRunner.java:268)</br><br>	at org.junit.runners.ParentRunner.run(ParentRunner.java:363)</br><br>	at cucumber.runtime.junit.FeatureRunner.run(FeatureRunner.java:70)</br><br>	at cucumber.api.junit.Cucumber.runChild(Cucumber.java:95)</br><br>	at cucumber.api.junit.Cucumber.runChild(Cucumber.java:38)</br><br>	at org.junit.runners.ParentRunner&#36;3.run(ParentRunner.java:290)</br><br>	at org.junit.runners.ParentRunner&#36;1.schedule(ParentRunner.java:71)</br><br>	at org.junit.runners.ParentRunner.runChildren(ParentRunner.java:288)</br><br>	at org.junit.runners.ParentRunner.access&#36;000(ParentRunner.java:58)</br><br>	at org.junit.runners.ParentRunner&#36;2.evaluate(ParentRunner.java:268)</br><br>	at org.junit.internal.runners.statements.RunBefores.evaluate(RunBefores.java:26)</br><br>	at org.junit.runners.ParentRunner.run(ParentRunner.java:363)</br><br>	at cucumber.api.junit.Cucumber.run(Cucumber.java:100)</br><br>	at testRunner.CucumberRunner.run(CucumberRunner.java:64)</br><br>	at org.eclipse.jdt.internal.junit4.runner.JUnit4TestReference.run(JUnit4TestReference.java:86)</br><br>	at org.eclipse.jdt.internal.junit.runner.TestExecution.run(TestExecution.java:38)</br><br>	at org.eclipse.jdt.internal.junit.runner.RemoteTestRunner.runTests(RemoteTestRunner.java:459)</br><br>	at org.eclipse.jdt.internal.junit.runner.RemoteTestRunner.runTests(RemoteTestRunner.java:678)</br><br>	at org.eclipse.jdt.internal.junit.runner.RemoteTestRunner.run(RemoteTestRunner.java:382)</br><br>	at org.eclipse.jdt.internal.junit.runner.RemoteTestRunner.main(RemoteTestRunner.java:192)</br><br></br></td></tr><tr class="skipped"><td colspan="4" style="padding-left:20px"> <table width="100%"><tr class="skipped"><td><b>Given </b> I am an CFA user and Lands on shop page</td><td width="100">0.00s</td></tr><tr class="skipped"><td><b>And </b> navigate to PAYM Phones page</td><td width="100">0.00s</td></tr><tr class="skipped"><td><b>And </b> I choose PayM GalaxyS7</td><td width="100">0.00s</td></tr><tr class="skipped"><td><b>And </b> Navigate to device details page</td><td width="100">0.00s</td></tr><tr class="skipped"><td><b>And </b> Land on the 'Tariffs and extra' page</td><td width="100">0.00s</td></tr><tr class="skipped"><td><b>And </b> I Land on the basket page and choose home delivery option</td><td width="100">0.00s</td></tr><tr class="skipped"><td><b>And </b> click on &quot;go to checkout&quot; button</td><td width="100">0.00s</td></tr><tr class="skipped"><td><b>And </b> input TEST and ACCEPTA and other valid details in Delivery page and Click on the 'Continue button'</td><td width="100">0.00s</td></tr><tr class="skipped"><td><b>And </b> land on the payment page and input TEST ACCEPTA and other details and click 'Continue on next step'</td><td width="100">0.00s</td></tr><tr class="skipped"><td><b>And </b> Continue to Agreements page and confirm all the agreement checks</td><td width="100">0.00s</td></tr><tr class="skipped"><td><b>And </b> Continue to Review page and review the order</td><td width="100">0.00s</td></tr><tr class="skipped"><td><b>Then </b> order confirmation is displayed</td><td width="100">0.00s</td></tr></table></td></tr><tr class="passed"><td>After</td><td colspan="2"></td><td width="100">2.98s</td></tr><tr class="passed"><td colspan="4"><br></br></td></tr><tr><td colspan="5"><sup><a href="#top">Back to Table of Contents</a></sup></td></tr></table></td></tr><tr><td colspan="5"></td></tr><tr class="skipped"><td colspan="4"><b>Feature:</b> <a id="feature-volte-paym-phones-click-and-collect-scenario-with-e2e-journey">Volte PayM Phones Click and collect scenario with E2E journey</a></td></tr><tr class="skipped_description"><td colspan="4"><br></br></td></tr><tr class="skipped"><td><small><b>Passed:</b> 0</small></td><td><small><b>Failed:</b> 0</small></td><td><small><b>Undefined:</b> 1</small></td><td><small>Duration: 89.19s</small></td></tr><tr class="skipped"><td colspan="4" style="padding-left:20px"> <table width="100%"><tr class="skipped"><td colspan="4"><b>Scenario Outline:</b> <a id="sc-volte-paym-phones-click-and-collect-scenario-with-e2e-journey;volte-paym-phones-click-and-collect-scenario-with-e2e-journey;;2">Volte PayM Phones Click and collect scenario with E2E journey</a></td></tr><tr class="skipped_description"><td colspan="4"><br></br></td></tr><tr class="skipped"><td><small><b>Passed:</b> 0</small></td><td><small><b>Failed:</b> 0</small></td><td><small><b>Undefined:</b> 11</small></td><td><small>Duration: 89.19s</small></td></tr><tr class="failed"><td>Before</td><td colspan="2"></td><td width="100">87.00s</td></tr><tr class="failed"><td colspan="4"><br>org.openqa.selenium.NoSuchSessionException: no such session
  (Driver info: chromedriver=2.28.455520 (cc17746adff54984afff480136733114c6b3704b),platform=Windows NT 6.1.7601 SP1 x86) (WARNING: The server did not provide any stacktrace information)
Command duration or timeout: 1.68 seconds
Build info: version: '3.0.1', revision: '1969d75', time: '2016-10-18 09:49:13 -0700'
System info: host: 'LASST266393', ip: '192.168.1.4', os.name: 'Windows 7', os.arch: 'x86', os.version: '6.1', java.version: '1.8.0_121'
Driver info: org.openqa.selenium.chrome.ChromeDriver
Capabilities [{message=chrome not reachable
  (Driver info: chromedriver=2.28.455520 (cc17746adff54984afff480136733114c6b3704b),platform=Windows NT 6.1.7601 SP1 x86), platform=ANY}]
Session ID: f07078b2adb369235fd24d0f93f170d0</br><br>	at sun.reflect.NativeConstructorAccessorImpl.newInstance0(Native Method)</br><br>	at sun.reflect.NativeConstructorAccessorImpl.newInstance(NativeConstructorAccessorImpl.java:62)</br><br>	at sun.reflect.DelegatingConstructorAccessorImpl.newInstance(DelegatingConstructorAccessorImpl.java:45)</br><br>	at java.lang.reflect.Constructor.newInstance(Constructor.java:423)</br><br>	at org.openqa.selenium.remote.ErrorHandler.createThrowable(ErrorHandler.java:216)</br><br>	at org.openqa.selenium.remote.ErrorHandler.throwIfResponseFailed(ErrorHandler.java:168)</br><br>	at org.openqa.selenium.remote.RemoteWebDriver.execute(RemoteWebDriver.java:635)</br><br>	at org.openqa.selenium.remote.RemoteWebDriver&#36;RemoteWebDriverOptions&#36;RemoteTimeouts.implicitlyWait(RemoteWebDriver.java:822)</br><br>	at helpers.BrowserHelper.Invoke_browser(BrowserHelper.java:50)</br><br>	at steps.Hooks.openBrowser(Hooks.java:50)</br><br>	at sun.reflect.GeneratedMethodAccessor53.invoke(Unknown Source)</br><br>	at sun.reflect.DelegatingMethodAccessorImpl.invoke(DelegatingMethodAccessorImpl.java:43)</br><br>	at java.lang.reflect.Method.invoke(Method.java:498)</br><br>	at cucumber.runtime.Utils&#36;1.call(Utils.java:40)</br><br>	at cucumber.runtime.Timeout.timeout(Timeout.java:16)</br><br>	at cucumber.runtime.Utils.invoke(Utils.java:34)</br><br>	at cucumber.runtime.java.JavaHookDefinition.execute(JavaHookDefinition.java:60)</br><br>	at cucumber.runtime.Runtime.runHookIfTagsMatch(Runtime.java:224)</br><br>	at cucumber.runtime.Runtime.runHooks(Runtime.java:212)</br><br>	at cucumber.runtime.Runtime.runBeforeHooks(Runtime.java:202)</br><br>	at cucumber.runtime.model.CucumberScenario.run(CucumberScenario.java:40)</br><br>	at cucumber.runtime.junit.ExecutionUnitRunner.run(ExecutionUnitRunner.java:102)</br><br>	at org.junit.runners.Suite.runChild(Suite.java:128)</br><br>	at org.junit.runners.Suite.runChild(Suite.java:27)</br><br>	at org.junit.runners.ParentRunner&#36;3.run(ParentRunner.java:290)</br><br>	at org.junit.runners.ParentRunner&#36;1.schedule(ParentRunner.java:71)</br><br>	at org.junit.runners.ParentRunner.runChildren(ParentRunner.java:288)</br><br>	at org.junit.runners.ParentRunner.access&#36;000(ParentRunner.java:58)</br><br>	at org.junit.runners.ParentRunner&#36;2.evaluate(ParentRunner.java:268)</br><br>	at org.junit.runners.ParentRunner.run(ParentRunner.java:363)</br><br>	at cucumber.runtime.junit.ExamplesRunner.run(ExamplesRunner.java:59)</br><br>	at org.junit.runners.Suite.runChild(Suite.java:128)</br><br>	at org.junit.runners.Suite.runChild(Suite.java:27)</br><br>	at org.junit.runners.ParentRunner&#36;3.run(ParentRunner.java:290)</br><br>	at org.junit.runners.ParentRunner&#36;1.schedule(ParentRunner.java:71)</br><br>	at org.junit.runners.ParentRunner.runChildren(ParentRunner.java:288)</br><br>	at org.junit.runners.ParentRunner.access&#36;000(ParentRunner.java:58)</br><br>	at org.junit.runners.ParentRunner&#36;2.evaluate(ParentRunner.java:268)</br><br>	at org.junit.runners.ParentRunner.run(ParentRunner.java:363)</br><br>	at cucumber.runtime.junit.ScenarioOutlineRunner.run(ScenarioOutlineRunner.java:53)</br><br>	at cucumber.runtime.junit.FeatureRunner.runChild(FeatureRunner.java:63)</br><br>	at cucumber.runtime.junit.FeatureRunner.runChild(FeatureRunner.java:18)</br><br>	at org.junit.runners.ParentRunner&#36;3.run(ParentRunner.java:290)</br><br>	at org.junit.runners.ParentRunner&#36;1.schedule(ParentRunner.java:71)</br><br>	at org.junit.runners.ParentRunner.runChildren(ParentRunner.java:288)</br><br>	at org.junit.runners.ParentRunner.access&#36;000(ParentRunner.java:58)</br><br>	at org.junit.runners.ParentRunner&#36;2.evaluate(ParentRunner.java:268)</br><br>	at org.junit.runners.ParentRunner.run(ParentRunner.java:363)</br><br>	at cucumber.runtime.junit.FeatureRunner.run(FeatureRunner.java:70)</br><br>	at cucumber.api.junit.Cucumber.runChild(Cucumber.java:95)</br><br>	at cucumber.api.junit.Cucumber.runChild(Cucumber.java:38)</br><br>	at org.junit.runners.ParentRunner&#36;3.run(ParentRunner.java:290)</br><br>	at org.junit.runners.ParentRunner&#36;1.schedule(ParentRunner.java:71)</br><br>	at org.junit.runners.ParentRunner.runChildren(ParentRunner.java:288)</br><br>	at org.junit.runners.ParentRunner.access&#36;000(ParentRunner.java:58)</br><br>	at org.junit.runners.ParentRunner&#36;2.evaluate(ParentRunner.java:268)</br><br>	at org.junit.internal.runners.statements.RunBefores.evaluate(RunBefores.java:26)</br><br>	at org.junit.runners.ParentRunner.run(ParentRunner.java:363)</br><br>	at cucumber.api.junit.Cucumber.run(Cucumber.java:100)</br><br>	at testRunner.CucumberRunner.run(CucumberRunner.java:64)</br><br>	at org.eclipse.jdt.internal.junit4.runner.JUnit4TestReference.run(JUnit4TestReference.java:86)</br><br>	at org.eclipse.jdt.internal.junit.runner.TestExecution.run(TestExecution.java:38)</br><br>	at org.eclipse.jdt.internal.junit.runner.RemoteTestRunner.runTests(RemoteTestRunner.java:459)</br><br>	at org.eclipse.jdt.internal.junit.runner.RemoteTestRunner.runTests(RemoteTestRunner.java:678)</br><br>	at org.eclipse.jdt.internal.junit.runner.RemoteTestRunner.run(RemoteTestRunner.java:382)</br><br>	at org.eclipse.jdt.internal.junit.runner.RemoteTestRunner.main(RemoteTestRunner.java:192)</br><br></br></td></tr><tr class="skipped"><td colspan="4" style="padding-left:20px"> <table width="100%"><tr class="skipped"><td><b>Given </b> I am an CFA user and Lands on shop page</td><td width="100">0.00s</td></tr><tr class="skipped"><td><b>And </b> navigate to PAYM Phones page</td><td width="100">0.00s</td></tr><tr class="skipped"><td><b>And </b> I choose PayM Iphone7</td><td width="100">0.00s</td></tr><tr class="skipped"><td><b>And </b> Navigate to device details page</td><td width="100">0.00s</td></tr><tr class="skipped"><td><b>And </b> Land on the 'Tariffs and extra' page</td><td width="100">0.00s</td></tr><tr class="skipped"><td><b>And </b> I Land on the basket page and choose to collect from store</td><td width="100">0.00s</td></tr><tr class="skipped"><td><b>And </b> click on &quot;go to checkout&quot; button</td><td width="100">0.00s</td></tr><tr class="skipped"><td><b>And </b> input TEST and ACCEPTA and other valid details in Delivery page for Click and collect and Click on the 'Continue button'</td><td width="100">0.00s</td></tr><tr class="skipped"><td><b>And </b> land on the payment page and input TEST ACCEPTA and other details for Click and collect order and click 'Continue on next step'</td><td width="100">0.00s</td></tr><tr class="skipped"><td><b>And </b> Continue to Review page and review the order</td><td width="100">0.00s</td></tr><tr class="skipped"><td><b>Then </b> order confirmation is displayed with Volte message</td><td width="100">0.00s</td></tr></table></td></tr><tr class="passed"><td>After</td><td colspan="2"></td><td width="100">2.19s</td></tr><tr class="passed"><td colspan="4"><br></br></td></tr><tr><td colspan="5"><sup><a href="#top">Back to Table of Contents</a></sup></td></tr></table></td></tr><tr><td colspan="5"></td></tr><tr class="skipped"><td colspan="4"><b>Feature:</b> <a id="feature-cfa-paym-phones-home-delivery-e2e-journey-with-accessory">CFA PayM Phones Home delivery E2E journey with Accessory</a></td></tr><tr class="skipped_description"><td colspan="4"><br></br></td></tr><tr class="skipped"><td><small><b>Passed:</b> 0</small></td><td><small><b>Failed:</b> 0</small></td><td><small><b>Undefined:</b> 1</small></td><td><small>Duration: 23.48s</small></td></tr><tr class="skipped"><td colspan="4" style="padding-left:20px"> <table width="100%"><tr class="skipped"><td colspan="4"><b>Scenario Outline:</b> <a id="sc-cfa-paym-phones-home-delivery-e2e-journey-with-accessory;cfa-paym-phones-home-delivery-e2e-journey-with-accessory;;2">CFA PayM Phones Home delivery E2E journey with Accessory</a></td></tr><tr class="skipped_description"><td colspan="4"><br></br></td></tr><tr class="skipped"><td><small><b>Passed:</b> 0</small></td><td><small><b>Failed:</b> 0</small></td><td><small><b>Undefined:</b> 13</small></td><td><small>Duration: 23.48s</small></td></tr><tr class="failed"><td>Before</td><td colspan="2"></td><td width="100">20.36s</td></tr><tr class="failed"><td colspan="4"><br>org.openqa.selenium.remote.UnreachableBrowserException: Could not start a new session. Possible causes are invalid address of the remote server or browser start-up failure.
Build info: version: '3.0.1', revision: '1969d75', time: '2016-10-18 09:49:13 -0700'
System info: host: 'LASST266393', ip: '192.168.1.4', os.name: 'Windows 7', os.arch: 'x86', os.version: '6.1', java.version: '1.8.0_121'
Driver info: driver.version: ChromeDriver</br><br>	at org.openqa.selenium.remote.RemoteWebDriver.execute(RemoteWebDriver.java:622)</br><br>	at org.openqa.selenium.remote.RemoteWebDriver.startSession(RemoteWebDriver.java:241)</br><br>	at org.openqa.selenium.remote.RemoteWebDriver.&lt;init&gt;(RemoteWebDriver.java:128)</br><br>	at org.openqa.selenium.remote.RemoteWebDriver.&lt;init&gt;(RemoteWebDriver.java:141)</br><br>	at org.openqa.selenium.chrome.ChromeDriver.&lt;init&gt;(ChromeDriver.java:174)</br><br>	at org.openqa.selenium.chrome.ChromeDriver.&lt;init&gt;(ChromeDriver.java:163)</br><br>	at org.openqa.selenium.chrome.ChromeDriver.&lt;init&gt;(ChromeDriver.java:120)</br><br>	at helpers.BrowserHelper.Invoke_browser(BrowserHelper.java:44)</br><br>	at steps.Hooks.openBrowser(Hooks.java:50)</br><br>	at sun.reflect.GeneratedMethodAccessor53.invoke(Unknown Source)</br><br>	at sun.reflect.DelegatingMethodAccessorImpl.invoke(DelegatingMethodAccessorImpl.java:43)</br><br>	at java.lang.reflect.Method.invoke(Method.java:498)</br><br>	at cucumber.runtime.Utils&#36;1.call(Utils.java:40)</br><br>	at cucumber.runtime.Timeout.timeout(Timeout.java:16)</br><br>	at cucumber.runtime.Utils.invoke(Utils.java:34)</br><br>	at cucumber.runtime.java.JavaHookDefinition.execute(JavaHookDefinition.java:60)</br><br>	at cucumber.runtime.Runtime.runHookIfTagsMatch(Runtime.java:224)</br><br>	at cucumber.runtime.Runtime.runHooks(Runtime.java:212)</br><br>	at cucumber.runtime.Runtime.runBeforeHooks(Runtime.java:202)</br><br>	at cucumber.runtime.model.CucumberScenario.run(CucumberScenario.java:40)</br><br>	at cucumber.runtime.junit.ExecutionUnitRunner.run(ExecutionUnitRunner.java:102)</br><br>	at org.junit.runners.Suite.runChild(Suite.java:128)</br><br>	at org.junit.runners.Suite.runChild(Suite.java:27)</br><br>	at org.junit.runners.ParentRunner&#36;3.run(ParentRunner.java:290)</br><br>	at org.junit.runners.ParentRunner&#36;1.schedule(ParentRunner.java:71)</br><br>	at org.junit.runners.ParentRunner.runChildren(ParentRunner.java:288)</br><br>	at org.junit.runners.ParentRunner.access&#36;000(ParentRunner.java:58)</br><br>	at org.junit.runners.ParentRunner&#36;2.evaluate(ParentRunner.java:268)</br><br>	at org.junit.runners.ParentRunner.run(ParentRunner.java:363)</br><br>	at cucumber.runtime.junit.ExamplesRunner.run(ExamplesRunner.java:59)</br><br>	at org.junit.runners.Suite.runChild(Suite.java:128)</br><br>	at org.junit.runners.Suite.runChild(Suite.java:27)</br><br>	at org.junit.runners.ParentRunner&#36;3.run(ParentRunner.java:290)</br><br>	at org.junit.runners.ParentRunner&#36;1.schedule(ParentRunner.java:71)</br><br>	at org.junit.runners.ParentRunner.runChildren(ParentRunner.java:288)</br><br>	at org.junit.runners.ParentRunner.access&#36;000(ParentRunner.java:58)</br><br>	at org.junit.runners.ParentRunner&#36;2.evaluate(ParentRunner.java:268)</br><br>	at org.junit.runners.ParentRunner.run(ParentRunner.java:363)</br><br>	at cucumber.runtime.junit.ScenarioOutlineRunner.run(ScenarioOutlineRunner.java:53)</br><br>	at cucumber.runtime.junit.FeatureRunner.runChild(FeatureRunner.java:63)</br><br>	at cucumber.runtime.junit.FeatureRunner.runChild(FeatureRunner.java:18)</br><br>	at org.junit.runners.ParentRunner&#36;3.run(ParentRunner.java:290)</br><br>	at org.junit.runners.ParentRunner&#36;1.schedule(ParentRunner.java:71)</br><br>	at org.junit.runners.ParentRunner.runChildren(ParentRunner.java:288)</br><br>	at org.junit.runners.ParentRunner.access&#36;000(ParentRunner.java:58)</br><br>	at org.junit.runners.ParentRunner&#36;2.evaluate(ParentRunner.java:268)</br><br>	at org.junit.runners.ParentRunner.run(ParentRunner.java:363)</br><br>	at cucumber.runtime.junit.FeatureRunner.run(FeatureRunner.java:70)</br><br>	at cucumber.api.junit.Cucumber.runChild(Cucumber.java:95)</br><br>	at cucumber.api.junit.Cucumber.runChild(Cucumber.java:38)</br><br>	at org.junit.runners.ParentRunner&#36;3.run(ParentRunner.java:290)</br><br>	at org.junit.runners.ParentRunner&#36;1.schedule(ParentRunner.java:71)</br><br>	at org.junit.runners.ParentRunner.runChildren(ParentRunner.java:288)</br><br>	at org.junit.runners.ParentRunner.access&#36;000(ParentRunner.java:58)</br><br>	at org.junit.runners.ParentRunner&#36;2.evaluate(ParentRunner.java:268)</br><br>	at org.junit.internal.runners.statements.RunBefores.evaluate(RunBefores.java:26)</br><br>	at org.junit.runners.ParentRunner.run(ParentRunner.java:363)</br><br>	at cucumber.api.junit.Cucumber.run(Cucumber.java:100)</br><br>	at testRunner.CucumberRunner.run(CucumberRunner.java:64)</br><br>	at org.eclipse.jdt.internal.junit4.runner.JUnit4TestReference.run(JUnit4TestReference.java:86)</br><br>	at org.eclipse.jdt.internal.junit.runner.TestExecution.run(TestExecution.java:38)</br><br>	at org.eclipse.jdt.internal.junit.runner.RemoteTestRunner.runTests(RemoteTestRunner.java:459)</br><br>	at org.eclipse.jdt.internal.junit.runner.RemoteTestRunner.runTests(RemoteTestRunner.java:678)</br><br>	at org.eclipse.jdt.internal.junit.runner.RemoteTestRunner.run(RemoteTestRunner.java:382)</br><br>	at org.eclipse.jdt.internal.junit.runner.RemoteTestRunner.main(RemoteTestRunner.java:192)</br><br>Caused by: java.lang.IllegalStateException: The process has not exited yet therefore no result is available ...</br><br>	at org.apache.commons.exec.DefaultExecuteResultHandler.getException(DefaultExecuteResultHandler.java:76)</br><br>	at org.openqa.selenium.os.UnixProcess.checkForError(UnixProcess.java:173)</br><br>	at org.openqa.selenium.os.CommandLine.checkForError(CommandLine.java:185)</br><br>	at org.openqa.selenium.remote.service.DriverService.waitUntilAvailable(DriverService.java:177)</br><br>	at org.openqa.selenium.remote.service.DriverService.start(DriverService.java:166)</br><br>	at org.openqa.selenium.remote.service.DriverCommandExecutor.execute(DriverCommandExecutor.java:78)</br><br>	at org.openqa.selenium.remote.RemoteWebDriver.execute(RemoteWebDriver.java:601)</br><br>	... 64 more</br><br></br></td></tr><tr class="skipped"><td colspan="4" style="padding-left:20px"> <table width="100%"><tr class="skipped"><td><b>Given </b> I am an CFA user and Lands on shop page</td><td width="100">0.00s</td></tr><tr class="skipped"><td><b>And </b> navigate to PAYM Phones page</td><td width="100">0.00s</td></tr><tr class="skipped"><td><b>And </b> I choose PayM Iphone7</td><td width="100">0.00s</td></tr><tr class="skipped"><td><b>And </b> Navigate to device details page</td><td width="100">0.00s</td></tr><tr class="skipped"><td><b>And </b> Land on the 'Tariffs and extra' page</td><td width="100">0.00s</td></tr><tr class="skipped"><td><b>And </b> Choose some Accesssory</td><td width="100">0.00s</td></tr><tr class="skipped"><td><b>And </b> I Land on the basket page and choose home delivery option</td><td width="100">0.00s</td></tr><tr class="skipped"><td><b>And </b> click on &quot;go to checkout&quot; button</td><td width="100">0.00s</td></tr><tr class="skipped"><td><b>And </b> input TEST and &lt;surname&gt; and other valid details in Delivery page and Click on the 'Continue button'</td><td width="100">0.00s</td></tr><tr class="skipped"><td><b>And </b> land on the payment page and input &lt;username&gt; and other details and click 'Continue on next step'</td><td width="100">0.00s</td></tr><tr class="skipped"><td><b>And </b> Continue to Agreements page and confirm all the agreement checks</td><td width="100">0.00s</td></tr><tr class="skipped"><td><b>And </b> Continue to Review page and review the order</td><td width="100">0.00s</td></tr><tr class="skipped"><td><b>Then </b> order confirmation is displayed with Volte message</td><td width="100">0.00s</td></tr></table></td></tr><tr class="passed"><td>After</td><td colspan="2"></td><td width="100">3.12s</td></tr><tr class="passed"><td colspan="4"><br></br></td></tr><tr><td colspan="5"><sup><a href="#top">Back to Table of Contents</a></sup></td></tr></table></td></tr><tr><td colspan="5"></td></tr><tr class="skipped"><td colspan="4"><b>Feature:</b> <a id="feature-cfa-paym-phones-home-delivery-e2e-journey">CFA PayM Phones Home delivery E2E journey</a></td></tr><tr class="skipped_description"><td colspan="4"><br></br></td></tr><tr class="skipped"><td><small><b>Passed:</b> 0</small></td><td><small><b>Failed:</b> 0</small></td><td><small><b>Undefined:</b> 1</small></td><td><small>Duration: 105.38s</small></td></tr><tr class="skipped"><td colspan="4" style="padding-left:20px"> <table width="100%"><tr class="skipped"><td colspan="4"><b>Scenario Outline:</b> <a id="sc-cfa-paym-phones-home-delivery-e2e-journey;cfa-paym-phones-home-delivery-e2e-journey;;2">CFA PayM Phones Home delivery E2E journey</a></td></tr><tr class="skipped_description"><td colspan="4"><br></br></td></tr><tr class="skipped"><td><small><b>Passed:</b> 0</small></td><td><small><b>Failed:</b> 0</small></td><td><small><b>Undefined:</b> 12</small></td><td><small>Duration: 105.38s</small></td></tr><tr class="failed"><td>Before</td><td colspan="2"></td><td width="100">102.77s</td></tr><tr class="failed"><td colspan="4"><br>org.openqa.selenium.NoSuchSessionException: no such session
  (Driver info: chromedriver=2.28.455520 (cc17746adff54984afff480136733114c6b3704b),platform=Windows NT 6.1.7601 SP1 x86) (WARNING: The server did not provide any stacktrace information)
Command duration or timeout: 2.08 seconds
Build info: version: '3.0.1', revision: '1969d75', time: '2016-10-18 09:49:13 -0700'
System info: host: 'LASST266393', ip: '192.168.1.4', os.name: 'Windows 7', os.arch: 'x86', os.version: '6.1', java.version: '1.8.0_121'
Driver info: org.openqa.selenium.chrome.ChromeDriver
Capabilities [{message=chrome not reachable
  (Driver info: chromedriver=2.28.455520 (cc17746adff54984afff480136733114c6b3704b),platform=Windows NT 6.1.7601 SP1 x86), platform=ANY}]
Session ID: 4321a21e97ff07e3b9ca195b3fc0d3b1</br><br>	at sun.reflect.NativeConstructorAccessorImpl.newInstance0(Native Method)</br><br>	at sun.reflect.NativeConstructorAccessorImpl.newInstance(NativeConstructorAccessorImpl.java:62)</br><br>	at sun.reflect.DelegatingConstructorAccessorImpl.newInstance(DelegatingConstructorAccessorImpl.java:45)</br><br>	at java.lang.reflect.Constructor.newInstance(Constructor.java:423)</br><br>	at org.openqa.selenium.remote.ErrorHandler.createThrowable(ErrorHandler.java:216)</br><br>	at org.openqa.selenium.remote.ErrorHandler.throwIfResponseFailed(ErrorHandler.java:168)</br><br>	at org.openqa.selenium.remote.RemoteWebDriver.execute(RemoteWebDriver.java:635)</br><br>	at org.openqa.selenium.remote.RemoteWebDriver&#36;RemoteWebDriverOptions&#36;RemoteTimeouts.implicitlyWait(RemoteWebDriver.java:822)</br><br>	at helpers.BrowserHelper.Invoke_browser(BrowserHelper.java:50)</br><br>	at steps.Hooks.openBrowser(Hooks.java:50)</br><br>	at sun.reflect.GeneratedMethodAccessor53.invoke(Unknown Source)</br><br>	at sun.reflect.DelegatingMethodAccessorImpl.invoke(DelegatingMethodAccessorImpl.java:43)</br><br>	at java.lang.reflect.Method.invoke(Method.java:498)</br><br>	at cucumber.runtime.Utils&#36;1.call(Utils.java:40)</br><br>	at cucumber.runtime.Timeout.timeout(Timeout.java:16)</br><br>	at cucumber.runtime.Utils.invoke(Utils.java:34)</br><br>	at cucumber.runtime.java.JavaHookDefinition.execute(JavaHookDefinition.java:60)</br><br>	at cucumber.runtime.Runtime.runHookIfTagsMatch(Runtime.java:224)</br><br>	at cucumber.runtime.Runtime.runHooks(Runtime.java:212)</br><br>	at cucumber.runtime.Runtime.runBeforeHooks(Runtime.java:202)</br><br>	at cucumber.runtime.model.CucumberScenario.run(CucumberScenario.java:40)</br><br>	at cucumber.runtime.junit.ExecutionUnitRunner.run(ExecutionUnitRunner.java:102)</br><br>	at org.junit.runners.Suite.runChild(Suite.java:128)</br><br>	at org.junit.runners.Suite.runChild(Suite.java:27)</br><br>	at org.junit.runners.ParentRunner&#36;3.run(ParentRunner.java:290)</br><br>	at org.junit.runners.ParentRunner&#36;1.schedule(ParentRunner.java:71)</br><br>	at org.junit.runners.ParentRunner.runChildren(ParentRunner.java:288)</br><br>	at org.junit.runners.ParentRunner.access&#36;000(ParentRunner.java:58)</br><br>	at org.junit.runners.ParentRunner&#36;2.evaluate(ParentRunner.java:268)</br><br>	at org.junit.runners.ParentRunner.run(ParentRunner.java:363)</br><br>	at cucumber.runtime.junit.ExamplesRunner.run(ExamplesRunner.java:59)</br><br>	at org.junit.runners.Suite.runChild(Suite.java:128)</br><br>	at org.junit.runners.Suite.runChild(Suite.java:27)</br><br>	at org.junit.runners.ParentRunner&#36;3.run(ParentRunner.java:290)</br><br>	at org.junit.runners.ParentRunner&#36;1.schedule(ParentRunner.java:71)</br><br>	at org.junit.runners.ParentRunner.runChildren(ParentRunner.java:288)</br><br>	at org.junit.runners.ParentRunner.access&#36;000(ParentRunner.java:58)</br><br>	at org.junit.runners.ParentRunner&#36;2.evaluate(ParentRunner.java:268)</br><br>	at org.junit.runners.ParentRunner.run(ParentRunner.java:363)</br><br>	at cucumber.runtime.junit.ScenarioOutlineRunner.run(ScenarioOutlineRunner.java:53)</br><br>	at cucumber.runtime.junit.FeatureRunner.runChild(FeatureRunner.java:63)</br><br>	at cucumber.runtime.junit.FeatureRunner.runChild(FeatureRunner.java:18)</br><br>	at org.junit.runners.ParentRunner&#36;3.run(ParentRunner.java:290)</br><br>	at org.junit.runners.ParentRunner&#36;1.schedule(ParentRunner.java:71)</br><br>	at org.junit.runners.ParentRunner.runChildren(ParentRunner.java:288)</br><br>	at org.junit.runners.ParentRunner.access&#36;000(ParentRunner.java:58)</br><br>	at org.junit.runners.ParentRunner&#36;2.evaluate(ParentRunner.java:268)</br><br>	at org.junit.runners.ParentRunner.run(ParentRunner.java:363)</br><br>	at cucumber.runtime.junit.FeatureRunner.run(FeatureRunner.java:70)</br><br>	at cucumber.api.junit.Cucumber.runChild(Cucumber.java:95)</br><br>	at cucumber.api.junit.Cucumber.runChild(Cucumber.java:38)</br><br>	at org.junit.runners.ParentRunner&#36;3.run(ParentRunner.java:290)</br><br>	at org.junit.runners.ParentRunner&#36;1.schedule(ParentRunner.java:71)</br><br>	at org.junit.runners.ParentRunner.runChildren(ParentRunner.java:288)</br><br>	at org.junit.runners.ParentRunner.access&#36;000(ParentRunner.java:58)</br><br>	at org.junit.runners.ParentRunner&#36;2.evaluate(ParentRunner.java:268)</br><br>	at org.junit.internal.runners.statements.RunBefores.evaluate(RunBefores.java:26)</br><br>	at org.junit.runners.ParentRunner.run(ParentRunner.java:363)</br><br>	at cucumber.api.junit.Cucumber.run(Cucumber.java:100)</br><br>	at testRunner.CucumberRunner.run(CucumberRunner.java:64)</br><br>	at org.eclipse.jdt.internal.junit4.runner.JUnit4TestReference.run(JUnit4TestReference.java:86)</br><br>	at org.eclipse.jdt.internal.junit.runner.TestExecution.run(TestExecution.java:38)</br><br>	at org.eclipse.jdt.internal.junit.runner.RemoteTestRunner.runTests(RemoteTestRunner.java:459)</br><br>	at org.eclipse.jdt.internal.junit.runner.RemoteTestRunner.runTests(RemoteTestRunner.java:678)</br><br>	at org.eclipse.jdt.internal.junit.runner.RemoteTestRunner.run(RemoteTestRunner.java:382)</br><br>	at org.eclipse.jdt.internal.junit.runner.RemoteTestRunner.main(RemoteTestRunner.java:192)</br><br></br></td></tr><tr class="skipped"><td colspan="4" style="padding-left:20px"> <table width="100%"><tr class="skipped"><td><b>Given </b> I am an CFA user and Lands on shop page</td><td width="100">0.00s</td></tr><tr class="skipped"><td><b>And </b> navigate to PAYM Phones page</td><td width="100">0.00s</td></tr><tr class="skipped"><td><b>And </b> I choose PayM Iphone7</td><td width="100">0.00s</td></tr><tr class="skipped"><td><b>And </b> Navigate to device details page</td><td width="100">0.00s</td></tr><tr class="skipped"><td><b>And </b> Land on the 'Tariffs and extra' page</td><td width="100">0.00s</td></tr><tr class="skipped"><td><b>And </b> I Land on the basket page and choose home delivery option</td><td width="100">0.00s</td></tr><tr class="skipped"><td><b>And </b> click on &quot;go to checkout&quot; button</td><td width="100">0.00s</td></tr><tr class="skipped"><td><b>And </b> input TEST and &lt;surname&gt; and other valid details in Delivery page and Click on the 'Continue button'</td><td width="100">0.00s</td></tr><tr class="skipped"><td><b>And </b> land on the payment page and input &lt;username&gt; and other details and click 'Continue on next step'</td><td width="100">0.00s</td></tr><tr class="skipped"><td><b>And </b> Continue to Agreements page and confirm all the agreement checks</td><td width="100">0.00s</td></tr><tr class="skipped"><td><b>And </b> Continue to Review page and review the order</td><td width="100">0.00s</td></tr><tr class="skipped"><td><b>Then </b> order confirmation is displayed with Volte message</td><td width="100">0.00s</td></tr></table></td></tr><tr class="passed"><td>After</td><td colspan="2"></td><td width="100">2.61s</td></tr><tr class="passed"><td colspan="4"><br></br></td></tr><tr><td colspan="5"><sup><a href="#top">Back to Table of Contents</a></sup></td></tr></table></td></tr><tr><td colspan="5"></td></tr></table>	
	</body>
</html>